	-> angsd version: 0.930 (htslib: 1.9) build(Mar 20 2020 16:59:13)
	-> [prep_sites.cpp] Reading binary representation of '../../../inputs/neutral_sites'
	-> [prep_sites.cpp] nChr: 1 loaded from binary filter file
	-> [abcFilter.cpp] -sites is still beta, use at own risk...
	-> Reading fasta: ../../../inputs/grasshopperRef.fasta
	-> Reading fasta: ../../../inputs/grasshopperRef.fasta
	-> SNP-filter using a pvalue: 1.000000e+00 correspond to 0.000000 likelihood units
[bammer_main] 5 samples in 5 input files
	-> Parsing 5 number of samples 
	-> Region lookup 1/1
[shared.cpp.changeChr():281] refid:0
Charnge chr:0
	-> Printing at chr: chr1 pos:74809 chunknumber 100 contains 251 sites
	-> Printing at chr: chr1 pos:140488 chunknumber 200 contains 519 sites
	-> Printing at chr: chr1 pos:192207 chunknumber 300 contains 768 sites
	-> Printing at chr: chr1 pos:276500 chunknumber 400 contains 750 sites
	-> Printing at chr: chr1 pos:365276 chunknumber 500 contains 586 sites
	-> Printing at chr: chr1 pos:418128 chunknumber 600 contains 251 sites
	-> Printing at chr: chr1 pos:483725 chunknumber 700 contains 304 sites
	-> Printing at chr: chr1 pos:541452 chunknumber 800 contains 606 sites
	-> Printing at chr: chr1 pos:585676 chunknumber 900 contains 350 sites
	-> Printing at chr: chr1 pos:623271 chunknumber 1000 contains 1864 sites
	-> Printing at chr: chr1 pos:679272 chunknumber 1100 contains 3626 sites
	-> Printing at chr: chr1 pos:738491 chunknumber 1200 contains 252 sites
	-> Printing at chr: chr1 pos:805945 chunknumber 1300 contains 380 sites
	-> Printing at chr: chr1 pos:891759 chunknumber 1400 contains 260 sites
	-> Printing at chr: chr1 pos:976734 chunknumber 1500 contains 390 sites
	-> Printing at chr: chr1 pos:1050817 chunknumber 1600 contains 752 sites
	-> Printing at chr: chr1 pos:1145517 chunknumber 1700 contains 252 sites
	-> Printing at chr: chr1 pos:1243415 chunknumber 1800 contains 852 sites
	-> Printing at chr: chr1 pos:1321958 chunknumber 1900 contains 251 sites
	-> Printing at chr: chr1 pos:1372588 chunknumber 2000 contains 476 sites
	-> Printing at chr: chr1 pos:1422280 chunknumber 2100 contains 337 sites
	-> Printing at chr: chr1 pos:1517007 chunknumber 2200 contains 469 sites
	-> Printing at chr: chr1 pos:1590258 chunknumber 2300 contains 252 sites
	-> Printing at chr: chr1 pos:1636993 chunknumber 2400 contains 1209 sites
	-> Printing at chr: chr1 pos:1691878 chunknumber 2500 contains 251 sites
	-> Printing at chr: chr1 pos:1745314 chunknumber 2600 contains 252 sites
	-> Printing at chr: chr1 pos:1794843 chunknumber 2700 contains 252 sites
	-> Printing at chr: chr1 pos:1851419 chunknumber 2800 contains 357 sites
	-> Printing at chr: chr1 pos:1914670 chunknumber 2900 contains 1243 sites
	-> Printing at chr: chr1 pos:1987236 chunknumber 3000 contains 1496 sites
	-> Printing at chr: chr1 pos:2047539 chunknumber 3100 contains 252 sites
	-> Printing at chr: chr1 pos:2126167 chunknumber 3200 contains 474 sites
	-> Printing at chr: chr1 pos:2189112 chunknumber 3300 contains 254 sites
	-> Printing at chr: chr1 pos:2254915 chunknumber 3400 contains 255 sites
	-> Printing at chr: chr1 pos:2332182 chunknumber 3500 contains 2523 sites
	-> Printing at chr: chr1 pos:2391936 chunknumber 3600 contains 256 sites
	-> Printing at chr: chr1 pos:2455618 chunknumber 3700 contains 427 sites
	-> Printing at chr: chr1 pos:2521142 chunknumber 3800 contains 251 sites
	-> Printing at chr: chr1 pos:2616556 chunknumber 3900 contains 407 sites
	-> Printing at chr: chr1 pos:2689014 chunknumber 4000 contains 251 sites
	-> Printing at chr: chr1 pos:2805357 chunknumber 4100 contains 255 sites
	-> Printing at chr: chr1 pos:2858107 chunknumber 4200 contains 251 sites
	-> Printing at chr: chr1 pos:2938240 chunknumber 4300 contains 850 sites
	-> Printing at chr: chr1 pos:3023781 chunknumber 4400 contains 787 sites
	-> Printing at chr: chr1 pos:3124715 chunknumber 4500 contains 636 sites
	-> Printing at chr: chr1 pos:3196975 chunknumber 4600 contains 251 sites
	-> Printing at chr: chr1 pos:3261360 chunknumber 4700 contains 820 sites
	-> Printing at chr: chr1 pos:3368702 chunknumber 4800 contains 2129 sites
	-> Printing at chr: chr1 pos:3454737 chunknumber 4900 contains 375 sites
	-> Printing at chr: chr1 pos:3555633 chunknumber 5000 contains 255 sites
	-> Printing at chr: chr1 pos:3615431 chunknumber 5100 contains 252 sites
	-> Printing at chr: chr1 pos:3681849 chunknumber 5200 contains 257 sites
	-> Printing at chr: chr1 pos:3744507 chunknumber 5300 contains 252 sites
	-> Printing at chr: chr1 pos:3807014 chunknumber 5400 contains 371 sites
	-> Printing at chr: chr1 pos:3860976 chunknumber 5500 contains 252 sites
	-> Printing at chr: chr1 pos:3906825 chunknumber 5600 contains 963 sites
	-> Printing at chr: chr1 pos:3967432 chunknumber 5700 contains 364 sites
	-> Printing at chr: chr1 pos:4023215 chunknumber 5800 contains 347 sites
	-> Printing at chr: chr1 pos:4107212 chunknumber 5900 contains 257 sites
	-> Printing at chr: chr1 pos:4158974 chunknumber 6000 contains 252 sites
	-> Printing at chr: chr1 pos:4222157 chunknumber 6100 contains 251 sites
	-> Printing at chr: chr1 pos:4294463 chunknumber 6200 contains 257 sites
	-> Printing at chr: chr1 pos:4337975 chunknumber 6300 contains 376 sites
	-> Printing at chr: chr1 pos:4384960 chunknumber 6400 contains 253 sites
	-> Printing at chr: chr1 pos:4429638 chunknumber 6500 contains 259 sites
	-> Printing at chr: chr1 pos:4498193 chunknumber 6600 contains 251 sites
	-> Printing at chr: chr1 pos:4553033 chunknumber 6700 contains 272 sites
	-> Printing at chr: chr1 pos:4605825 chunknumber 6800 contains 251 sites
	-> Printing at chr: chr1 pos:4676284 chunknumber 6900 contains 1582 sites
	-> Printing at chr: chr1 pos:4744463 chunknumber 7000 contains 257 sites
	-> Printing at chr: chr1 pos:4797883 chunknumber 7100 contains 253 sites
	-> Printing at chr: chr1 pos:4841407 chunknumber 7200 contains 259 sites
	-> Printing at chr: chr1 pos:4888763 chunknumber 7300 contains 276 sites
	-> Printing at chr: chr1 pos:4936459 chunknumber 7400 contains 906 sites
	-> Printing at chr: chr1 pos:4988447 chunknumber 7500 contains 254 sites
	-> Printing at chr: chr1 pos:5041111 chunknumber 7600 contains 252 sites
	-> Printing at chr: chr1 pos:5075234 chunknumber 7700 contains 292 sites
	-> Printing at chr: chr1 pos:5140867 chunknumber 7800 contains 395 sites
	-> Printing at chr: chr1 pos:5196308 chunknumber 7900 contains 260 sites
	-> Printing at chr: chr1 pos:5250731 chunknumber 8000 contains 298 sites
	-> Printing at chr: chr1 pos:5327238 chunknumber 8100 contains 1417 sites
	-> Printing at chr: chr1 pos:5416228 chunknumber 8200 contains 704 sites
	-> Printing at chr: chr1 pos:5484388 chunknumber 8300 contains 610 sites
	-> Printing at chr: chr1 pos:5528181 chunknumber 8400 contains 618 sites
	-> Printing at chr: chr1 pos:5587251 chunknumber 8500 contains 478 sites
	-> Printing at chr: chr1 pos:5636789 chunknumber 8600 contains 710 sites
	-> Printing at chr: chr1 pos:5683433 chunknumber 8700 contains 251 sites
	-> Printing at chr: chr1 pos:5747287 chunknumber 8800 contains 251 sites
	-> Printing at chr: chr1 pos:5817332 chunknumber 8900 contains 918 sites
	-> Printing at chr: chr1 pos:5879722 chunknumber 9000 contains 257 sites
	-> Printing at chr: chr1 pos:5923537 chunknumber 9100 contains 259 sites
	-> Printing at chr: chr1 pos:6046162 chunknumber 9200 contains 251 sites
	-> Printing at chr: chr1 pos:6085978 chunknumber 9300 contains 251 sites
	-> Printing at chr: chr1 pos:6146825 chunknumber 9400 contains 254 sites
	-> Printing at chr: chr1 pos:6192393 chunknumber 9500 contains 265 sites
	-> Printing at chr: chr1 pos:6246312 chunknumber 9600 contains 257 sites
	-> Printing at chr: chr1 pos:6306459 chunknumber 9700 contains 396 sites
	-> Printing at chr: chr1 pos:6354186 chunknumber 9800 contains 251 sites
	-> Printing at chr: chr1 pos:6415061 chunknumber 9900 contains 1156 sites
	-> Printing at chr: chr1 pos:6475371 chunknumber 10000 contains 443 sites
	-> Printing at chr: chr1 pos:6536660 chunknumber 10100 contains 251 sites
	-> Printing at chr: chr1 pos:6597241 chunknumber 10200 contains 658 sites
	-> Printing at chr: chr1 pos:6675874 chunknumber 10300 contains 404 sites
	-> Printing at chr: chr1 pos:6779469 chunknumber 10400 contains 259 sites
	-> Printing at chr: chr1 pos:6855194 chunknumber 10500 contains 253 sites
	-> Printing at chr: chr1 pos:6948182 chunknumber 10600 contains 260 sites
	-> Printing at chr: chr1 pos:7012657 chunknumber 10700 contains 253 sites
	-> Printing at chr: chr1 pos:7056077 chunknumber 10800 contains 849 sites
	-> Printing at chr: chr1 pos:7110218 chunknumber 10900 contains 255 sites
	-> Printing at chr: chr1 pos:7145396 chunknumber 11000 contains 272 sites
	-> Printing at chr: chr1 pos:7199215 chunknumber 11100 contains 1103 sites
	-> Printing at chr: chr1 pos:7242976 chunknumber 11200 contains 251 sites
	-> Printing at chr: chr1 pos:7305199 chunknumber 11300 contains 544 sites
	-> Printing at chr: chr1 pos:7390105 chunknumber 11400 contains 320 sites
	-> Printing at chr: chr1 pos:7461284 chunknumber 11500 contains 262 sites
	-> Printing at chr: chr1 pos:7531698 chunknumber 11600 contains 1490 sites
	-> Printing at chr: chr1 pos:7610557 chunknumber 11700 contains 2748 sites
	-> Printing at chr: chr1 pos:7684941 chunknumber 11800 contains 253 sites
	-> Printing at chr: chr1 pos:7749018 chunknumber 11900 contains 251 sites
	-> Printing at chr: chr1 pos:7815748 chunknumber 12000 contains 357 sites
	-> Printing at chr: chr1 pos:7875385 chunknumber 12100 contains 1838 sites
	-> Printing at chr: chr1 pos:7958005 chunknumber 12200 contains 251 sites
	-> Printing at chr: chr1 pos:8029301 chunknumber 12300 contains 1610 sites
	-> Printing at chr: chr1 pos:8086336 chunknumber 12400 contains 254 sites
	-> Printing at chr: chr1 pos:8135135 chunknumber 12500 contains 1731 sites
	-> Printing at chr: chr1 pos:8194843 chunknumber 12600 contains 251 sites
	-> Printing at chr: chr1 pos:8254131 chunknumber 12700 contains 468 sites
	-> Printing at chr: chr1 pos:8313347 chunknumber 12800 contains 603 sites
	-> Printing at chr: chr1 pos:8384598 chunknumber 12900 contains 2595 sites
	-> Printing at chr: chr1 pos:8432444 chunknumber 13000 contains 251 sites
	-> Printing at chr: chr1 pos:8504034 chunknumber 13100 contains 488 sites
	-> Printing at chr: chr1 pos:8571524 chunknumber 13200 contains 251 sites
	-> Printing at chr: chr1 pos:8630794 chunknumber 13300 contains 252 sites
	-> Printing at chr: chr1 pos:8689924 chunknumber 13400 contains 668 sites
	-> Printing at chr: chr1 pos:8731214 chunknumber 13500 contains 342 sites
	-> Printing at chr: chr1 pos:8785157 chunknumber 13600 contains 344 sites
	-> Printing at chr: chr1 pos:8834752 chunknumber 13700 contains 256 sites
	-> Printing at chr: chr1 pos:8877994 chunknumber 13800 contains 251 sites
	-> Printing at chr: chr1 pos:8937891 chunknumber 13900 contains 318 sites
	-> Printing at chr: chr1 pos:8986516 chunknumber 14000 contains 2967 sites
	-> Printing at chr: chr1 pos:9046095 chunknumber 14100 contains 251 sites
	-> Printing at chr: chr1 pos:9116946 chunknumber 14200 contains 1019 sites
	-> Printing at chr: chr1 pos:9169548 chunknumber 14300 contains 252 sites
	-> Printing at chr: chr1 pos:9208776 chunknumber 14400 contains 251 sites
	-> Printing at chr: chr1 pos:9276216 chunknumber 14500 contains 251 sites
	-> Printing at chr: chr1 pos:9354266 chunknumber 14600 contains 254 sites
	-> Printing at chr: chr1 pos:9402476 chunknumber 14700 contains 600 sites
	-> Printing at chr: chr1 pos:9452648 chunknumber 14800 contains 251 sites
	-> Printing at chr: chr1 pos:9502149 chunknumber 14900 contains 251 sites
	-> Printing at chr: chr1 pos:9552908 chunknumber 15000 contains 1001 sites
	-> Printing at chr: chr1 pos:9610704 chunknumber 15100 contains 377 sites
	-> Printing at chr: chr1 pos:9668795 chunknumber 15200 contains 948 sites
	-> Printing at chr: chr1 pos:9730863 chunknumber 15300 contains 251 sites
	-> Printing at chr: chr1 pos:9787873 chunknumber 15400 contains 1871 sites
	-> Printing at chr: chr1 pos:9834698 chunknumber 15500 contains 1039 sites
	-> Printing at chr: chr1 pos:9907069 chunknumber 15600 contains 351 sites
	-> Printing at chr: chr1 pos:10002302 chunknumber 15700 contains 488 sites
	-> Printing at chr: chr1 pos:10067593 chunknumber 15800 contains 262 sites
	-> Printing at chr: chr1 pos:10127590 chunknumber 15900 contains 451 sites
	-> Printing at chr: chr1 pos:10198372 chunknumber 16000 contains 251 sites
	-> Printing at chr: chr1 pos:10246240 chunknumber 16100 contains 1031 sites
	-> Printing at chr: chr1 pos:10306037 chunknumber 16200 contains 1190 sites
	-> Printing at chr: chr1 pos:10389447 chunknumber 16300 contains 369 sites
	-> Printing at chr: chr1 pos:10462593 chunknumber 16400 contains 256 sites
	-> Printing at chr: chr1 pos:10512758 chunknumber 16500 contains 347 sites
	-> Printing at chr: chr1 pos:10609678 chunknumber 16600 contains 251 sites
	-> Printing at chr: chr1 pos:10682574 chunknumber 16700 contains 251 sites
	-> Printing at chr: chr1 pos:10739425 chunknumber 16800 contains 258 sites
	-> Printing at chr: chr1 pos:10804705 chunknumber 16900 contains 265 sites
	-> Printing at chr: chr1 pos:10865871 chunknumber 17000 contains 387 sites
	-> Printing at chr: chr1 pos:10918168 chunknumber 17100 contains 254 sites
	-> Printing at chr: chr1 pos:11001373 chunknumber 17200 contains 1033 sites
	-> Printing at chr: chr1 pos:11085942 chunknumber 17300 contains 1935 sites
	-> Printing at chr: chr1 pos:11135281 chunknumber 17400 contains 421 sites
	-> Printing at chr: chr1 pos:11179930 chunknumber 17500 contains 255 sites
	-> Printing at chr: chr1 pos:11228372 chunknumber 17600 contains 1769 sites
	-> Printing at chr: chr1 pos:11309588 chunknumber 17700 contains 1681 sites
	-> Printing at chr: chr1 pos:11374847 chunknumber 17800 contains 385 sites
	-> Printing at chr: chr1 pos:11456471 chunknumber 17900 contains 253 sites
	-> Printing at chr: chr1 pos:11580913 chunknumber 18000 contains 254 sites
	-> Printing at chr: chr1 pos:11729916 chunknumber 18100 contains 282 sites
	-> Printing at chr: chr1 pos:11776720 chunknumber 18200 contains 1355 sites
	-> Printing at chr: chr1 pos:11837205 chunknumber 18300 contains 256 sites
	-> Printing at chr: chr1 pos:11886824 chunknumber 18400 contains 251 sites
	-> Printing at chr: chr1 pos:11928925 chunknumber 18500 contains 329 sites
	-> Printing at chr: chr1 pos:11978016 chunknumber 18600 contains 252 sites
	-> Printing at chr: chr1 pos:12029307 chunknumber 18700 contains 268 sites
	-> Printing at chr: chr1 pos:12071153 chunknumber 18800 contains 251 sites
	-> Printing at chr: chr1 pos:12118420 chunknumber 18900 contains 251 sites
	-> Printing at chr: chr1 pos:12154546 chunknumber 19000 contains 263 sites
	-> Printing at chr: chr1 pos:12196926 chunknumber 19100 contains 251 sites
	-> Printing at chr: chr1 pos:12234679 chunknumber 19200 contains 280 sites
	-> Printing at chr: chr1 pos:12266112 chunknumber 19300 contains 251 sites
	-> Printing at chr: chr1 pos:12305342 chunknumber 19400 contains 572 sites
	-> Printing at chr: chr1 pos:12343365 chunknumber 19500 contains 251 sites
	-> Printing at chr: chr1 pos:12383467 chunknumber 19600 contains 251 sites
	-> Printing at chr: chr1 pos:12427118 chunknumber 19700 contains 251 sites
	-> Printing at chr: chr1 pos:12462258 chunknumber 19800 contains 251 sites
	-> Printing at chr: chr1 pos:12507176 chunknumber 19900 contains 251 sites
	-> Printing at chr: chr1 pos:12553127 chunknumber 20000 contains 253 sites
	-> Printing at chr: chr1 pos:12590774 chunknumber 20100 contains 252 sites
	-> Printing at chr: chr1 pos:12638802 chunknumber 20200 contains 251 sites
	-> Printing at chr: chr1 pos:12685139 chunknumber 20300 contains 459 sites
	-> Printing at chr: chr1 pos:12725678 chunknumber 20400 contains 253 sites
	-> Printing at chr: chr1 pos:12768447 chunknumber 20500 contains 286 sites
	-> Printing at chr: chr1 pos:12817190 chunknumber 20600 contains 251 sites
	-> Printing at chr: chr1 pos:12868606 chunknumber 20700 contains 257 sites
	-> Printing at chr: chr1 pos:12919019 chunknumber 20800 contains 255 sites
	-> Printing at chr: chr1 pos:12966736 chunknumber 20900 contains 201 sites
	-> Printing at chr: chr1 pos:13015038 chunknumber 21000 contains 307 sites
	-> Printing at chr: chr1 pos:13069242 chunknumber 21100 contains 283 sites
	-> Printing at chr: chr1 pos:13112853 chunknumber 21200 contains 251 sites
	-> Printing at chr: chr1 pos:13157275 chunknumber 21300 contains 252 sites
	-> Printing at chr: chr1 pos:13199088 chunknumber 21400 contains 312 sites
	-> Printing at chr: chr1 pos:13244676 chunknumber 21500 contains 670 sites
	-> Printing at chr: chr1 pos:13289024 chunknumber 21600 contains 261 sites
	-> Printing at chr: chr1 pos:13342770 chunknumber 21700 contains 251 sites
	-> Printing at chr: chr1 pos:13402316 chunknumber 21800 contains 364 sites
	-> Printing at chr: chr1 pos:13462835 chunknumber 21900 contains 254 sites
	-> Printing at chr: chr1 pos:13517604 chunknumber 22000 contains 1110 sites
	-> Printing at chr: chr1 pos:13569874 chunknumber 22100 contains 510 sites
	-> Printing at chr: chr1 pos:13624117 chunknumber 22200 contains 253 sites
	-> Printing at chr: chr1 pos:13668640 chunknumber 22300 contains 261 sites
	-> Printing at chr: chr1 pos:13730797 chunknumber 22400 contains 266 sites
	-> Printing at chr: chr1 pos:13817496 chunknumber 22500 contains 251 sites
	-> Printing at chr: chr1 pos:13883348 chunknumber 22600 contains 253 sites
	-> Printing at chr: chr1 pos:13926170 chunknumber 22700 contains 255 sites
	-> Printing at chr: chr1 pos:13969694 chunknumber 22800 contains 252 sites
	-> Printing at chr: chr1 pos:14022892 chunknumber 22900 contains 473 sites
	-> Printing at chr: chr1 pos:14071843 chunknumber 23000 contains 251 sites
	-> Printing at chr: chr1 pos:14117499 chunknumber 23100 contains 598 sites
	-> Printing at chr: chr1 pos:14156842 chunknumber 23200 contains 251 sites
	-> Printing at chr: chr1 pos:14196758 chunknumber 23300 contains 312 sites
	-> Printing at chr: chr1 pos:14239167 chunknumber 23400 contains 578 sites
	-> Printing at chr: chr1 pos:14289973 chunknumber 23500 contains 253 sites
	-> Printing at chr: chr1 pos:14335446 chunknumber 23600 contains 251 sites
	-> Printing at chr: chr1 pos:14389321 chunknumber 23700 contains 262 sites
	-> Printing at chr: chr1 pos:14433224 chunknumber 23800 contains 253 sites
	-> Printing at chr: chr1 pos:14481233 chunknumber 23900 contains 310 sites
	-> Printing at chr: chr1 pos:14530621 chunknumber 24000 contains 251 sites
	-> Printing at chr: chr1 pos:14582696 chunknumber 24100 contains 252 sites
	-> Printing at chr: chr1 pos:14626715 chunknumber 24200 contains 254 sites
	-> Printing at chr: chr1 pos:14667661 chunknumber 24300 contains 251 sites
	-> Printing at chr: chr1 pos:14721297 chunknumber 24400 contains 609 sites
	-> Printing at chr: chr1 pos:14761285 chunknumber 24500 contains 251 sites
	-> Printing at chr: chr1 pos:14804155 chunknumber 24600 contains 341 sites
	-> Printing at chr: chr1 pos:14850238 chunknumber 24700 contains 261 sites
	-> Printing at chr: chr1 pos:14890088 chunknumber 24800 contains 733 sites
	-> Printing at chr: chr1 pos:14932059 chunknumber 24900 contains 251 sites
	-> Printing at chr: chr1 pos:14978473 chunknumber 25000 contains 251 sites
	-> Printing at chr: chr1 pos:15024883 chunknumber 25100 contains 698 sites
	-> Printing at chr: chr1 pos:15066163 chunknumber 25200 contains 252 sites
	-> Printing at chr: chr1 pos:15109458 chunknumber 25300 contains 340 sites
	-> Printing at chr: chr1 pos:15169468 chunknumber 25400 contains 731 sites
	-> Printing at chr: chr1 pos:15213725 chunknumber 25500 contains 259 sites
	-> Printing at chr: chr1 pos:15265741 chunknumber 25600 contains 253 sites
	-> Printing at chr: chr1 pos:15324928 chunknumber 25700 contains 255 sites
	-> Printing at chr: chr1 pos:15373688 chunknumber 25800 contains 283 sites
	-> Printing at chr: chr1 pos:15422460 chunknumber 25900 contains 262 sites
	-> Printing at chr: chr1 pos:15464832 chunknumber 26000 contains 251 sites
	-> Printing at chr: chr1 pos:15516281 chunknumber 26100 contains 1254 sites
	-> Printing at chr: chr1 pos:15567487 chunknumber 26200 contains 256 sites
	-> Printing at chr: chr1 pos:15612817 chunknumber 26300 contains 253 sites
	-> Printing at chr: chr1 pos:15655356 chunknumber 26400 contains 252 sites
	-> Printing at chr: chr1 pos:15698229 chunknumber 26500 contains 251 sites
	-> Printing at chr: chr1 pos:15748390 chunknumber 26600 contains 252 sites
	-> Printing at chr: chr1 pos:15785073 chunknumber 26700 contains 251 sites
	-> Printing at chr: chr1 pos:15831475 chunknumber 26800 contains 257 sites
	-> Printing at chr: chr1 pos:15880807 chunknumber 26900 contains 253 sites
	-> Printing at chr: chr1 pos:15935605 chunknumber 27000 contains 251 sites
	-> Printing at chr: chr1 pos:15996251 chunknumber 27100 contains 281 sites
	-> Printing at chr: chr1 pos:16046718 chunknumber 27200 contains 282 sites
	-> Printing at chr: chr1 pos:16093652 chunknumber 27300 contains 252 sites
	-> Printing at chr: chr1 pos:16140501 chunknumber 27400 contains 918 sites
	-> Printing at chr: chr1 pos:16186867 chunknumber 27500 contains 251 sites
	-> Printing at chr: chr1 pos:16226566 chunknumber 27600 contains 252 sites
	-> Printing at chr: chr1 pos:16277181 chunknumber 27700 contains 255 sites
	-> Printing at chr: chr1 pos:16335800 chunknumber 27800 contains 324 sites
	-> Printing at chr: chr1 pos:16390812 chunknumber 27900 contains 254 sites
	-> Printing at chr: chr1 pos:16441661 chunknumber 28000 contains 400 sites
	-> Printing at chr: chr1 pos:16484518 chunknumber 28100 contains 263 sites
	-> Printing at chr: chr1 pos:16538598 chunknumber 28200 contains 580 sites
	-> Printing at chr: chr1 pos:16597751 chunknumber 28300 contains 251 sites
	-> Printing at chr: chr1 pos:16652178 chunknumber 28400 contains 259 sites
	-> Printing at chr: chr1 pos:16718011 chunknumber 28500 contains 356 sites
	-> Printing at chr: chr1 pos:16801439 chunknumber 28600 contains 1905 sites
	-> Printing at chr: chr1 pos:16883982 chunknumber 28700 contains 251 sites
	-> Printing at chr: chr1 pos:16931292 chunknumber 28800 contains 130 sites
	-> Printing at chr: chr1 pos:16983702 chunknumber 28900 contains 258 sites
	-> Printing at chr: chr1 pos:17032247 chunknumber 29000 contains 294 sites
	-> Printing at chr: chr1 pos:17085030 chunknumber 29100 contains 257 sites
	-> Printing at chr: chr1 pos:17128825 chunknumber 29200 contains 404 sites
	-> Printing at chr: chr1 pos:17174172 chunknumber 29300 contains 402 sites
	-> Printing at chr: chr1 pos:17220494 chunknumber 29400 contains 256 sites
	-> Printing at chr: chr1 pos:17263563 chunknumber 29500 contains 252 sites
	-> Printing at chr: chr1 pos:17309862 chunknumber 29600 contains 252 sites
	-> Printing at chr: chr1 pos:17355066 chunknumber 29700 contains 857 sites
	-> Printing at chr: chr1 pos:17397807 chunknumber 29800 contains 742 sites
	-> Printing at chr: chr1 pos:17450358 chunknumber 29900 contains 251 sites
	-> Printing at chr: chr1 pos:17491813 chunknumber 30000 contains 254 sites
	-> Printing at chr: chr1 pos:17539043 chunknumber 30100 contains 251 sites
	-> Printing at chr: chr1 pos:17584960 chunknumber 30200 contains 258 sites
	-> Printing at chr: chr1 pos:17637745 chunknumber 30300 contains 254 sites
	-> Printing at chr: chr1 pos:17681187 chunknumber 30400 contains 477 sites
	-> Printing at chr: chr1 pos:17733614 chunknumber 30500 contains 277 sites
	-> Printing at chr: chr1 pos:17779998 chunknumber 30600 contains 251 sites
	-> Printing at chr: chr1 pos:17831343 chunknumber 30700 contains 251 sites
	-> Printing at chr: chr1 pos:17879550 chunknumber 30800 contains 253 sites
	-> Printing at chr: chr1 pos:17931016 chunknumber 30900 contains 251 sites
	-> Printing at chr: chr1 pos:17979959 chunknumber 31000 contains 252 sites
	-> Printing at chr: chr1 pos:18018807 chunknumber 31100 contains 254 sites
	-> Printing at chr: chr1 pos:18072298 chunknumber 31200 contains 256 sites
	-> Printing at chr: chr1 pos:18122498 chunknumber 31300 contains 597 sites
	-> Printing at chr: chr1 pos:18170308 chunknumber 31400 contains 251 sites
	-> Printing at chr: chr1 pos:18214147 chunknumber 31500 contains 251 sites
	-> Printing at chr: chr1 pos:18272908 chunknumber 31600 contains 252 sites
	-> Printing at chr: chr1 pos:18318121 chunknumber 31700 contains 371 sites
	-> Printing at chr: chr1 pos:18380147 chunknumber 31800 contains 251 sites
	-> Printing at chr: chr1 pos:18426095 chunknumber 31900 contains 256 sites
	-> Printing at chr: chr1 pos:18468544 chunknumber 32000 contains 264 sites
	-> Printing at chr: chr1 pos:18516172 chunknumber 32100 contains 252 sites
	-> Printing at chr: chr1 pos:18574039 chunknumber 32200 contains 295 sites
	-> Printing at chr: chr1 pos:18628346 chunknumber 32300 contains 252 sites
	-> Printing at chr: chr1 pos:18674093 chunknumber 32400 contains 371 sites
	-> Printing at chr: chr1 pos:18716771 chunknumber 32500 contains 1231 sites
	-> Printing at chr: chr1 pos:18769183 chunknumber 32600 contains 251 sites
	-> Printing at chr: chr1 pos:18824496 chunknumber 32700 contains 252 sites
	-> Printing at chr: chr1 pos:18872158 chunknumber 32800 contains 251 sites
	-> Printing at chr: chr1 pos:18914620 chunknumber 32900 contains 255 sites
	-> Printing at chr: chr1 pos:18959478 chunknumber 33000 contains 252 sites
	-> Printing at chr: chr1 pos:19008603 chunknumber 33100 contains 251 sites
	-> Printing at chr: chr1 pos:19058911 chunknumber 33200 contains 255 sites
	-> Printing at chr: chr1 pos:19102605 chunknumber 33300 contains 252 sites
	-> Printing at chr: chr1 pos:19150852 chunknumber 33400 contains 261 sites
	-> Printing at chr: chr1 pos:19192176 chunknumber 33500 contains 323 sites
	-> Printing at chr: chr1 pos:19235199 chunknumber 33600 contains 274 sites
	-> Printing at chr: chr1 pos:19282666 chunknumber 33700 contains 251 sites
	-> Printing at chr: chr1 pos:19322289 chunknumber 33800 contains 251 sites
	-> Printing at chr: chr1 pos:19367389 chunknumber 33900 contains 252 sites
	-> Printing at chr: chr1 pos:19422070 chunknumber 34000 contains 434 sites
	-> Printing at chr: chr1 pos:19480571 chunknumber 34100 contains 259 sites
	-> Printing at chr: chr1 pos:19534133 chunknumber 34200 contains 256 sites
	-> Printing at chr: chr1 pos:19585844 chunknumber 34300 contains 312 sites
	-> Printing at chr: chr1 pos:19628780 chunknumber 34400 contains 499 sites
	-> Printing at chr: chr1 pos:19678518 chunknumber 34500 contains 281 sites
	-> Printing at chr: chr1 pos:19731471 chunknumber 34600 contains 259 sites
	-> Printing at chr: chr1 pos:19788294 chunknumber 34700 contains 253 sites
	-> Printing at chr: chr1 pos:19844270 chunknumber 34800 contains 254 sites
	-> Printing at chr: chr1 pos:19893125 chunknumber 34900 contains 408 sites
	-> Printing at chr: chr1 pos:19950018 chunknumber 35000 contains 253 sites
	-> Printing at chr: chr1 pos:19991943 chunknumber 35100 contains 251 sites
	-> Printing at chr: chr1 pos:20047551 chunknumber 35200 contains 252 sites
	-> Printing at chr: chr1 pos:20095458 chunknumber 35300 contains 254 sites
	-> Printing at chr: chr1 pos:20151911 chunknumber 35400 contains 646 sites
	-> Printing at chr: chr1 pos:20222771 chunknumber 35500 contains 262 sites
	-> Printing at chr: chr1 pos:20293628 chunknumber 35600 contains 561 sites
	-> Printing at chr: chr1 pos:20380270 chunknumber 35700 contains 258 sites
	-> Printing at chr: chr1 pos:20433825 chunknumber 35800 contains 270 sites
	-> Printing at chr: chr1 pos:20485180 chunknumber 35900 contains 247 sites
	-> Printing at chr: chr1 pos:20546869 chunknumber 36000 contains 254 sites
	-> Printing at chr: chr1 pos:20599010 chunknumber 36100 contains 297 sites
	-> Printing at chr: chr1 pos:20664248 chunknumber 36200 contains 251 sites
	-> Printing at chr: chr1 pos:20713082 chunknumber 36300 contains 251 sites
	-> Printing at chr: chr1 pos:20784417 chunknumber 36400 contains 260 sites
	-> Printing at chr: chr1 pos:20846230 chunknumber 36500 contains 944 sites
	-> Printing at chr: chr1 pos:20910387 chunknumber 36600 contains 251 sites
	-> Printing at chr: chr1 pos:20954766 chunknumber 36700 contains 253 sites
	-> Printing at chr: chr1 pos:21008391 chunknumber 36800 contains 251 sites
	-> Printing at chr: chr1 pos:21051105 chunknumber 36900 contains 251 sites
	-> Printing at chr: chr1 pos:21099515 chunknumber 37000 contains 256 sites
	-> Printing at chr: chr1 pos:21144283 chunknumber 37100 contains 252 sites
	-> Printing at chr: chr1 pos:21195303 chunknumber 37200 contains 256 sites
	-> Printing at chr: chr1 pos:21250021 chunknumber 37300 contains 251 sites
	-> Printing at chr: chr1 pos:21293653 chunknumber 37400 contains 251 sites
	-> Printing at chr: chr1 pos:21346650 chunknumber 37500 contains 260 sites
	-> Printing at chr: chr1 pos:21391301 chunknumber 37600 contains 256 sites
	-> Printing at chr: chr1 pos:21442035 chunknumber 37700 contains 471 sites
	-> Printing at chr: chr1 pos:21488336 chunknumber 37800 contains 321 sites
	-> Printing at chr: chr1 pos:21538907 chunknumber 37900 contains 255 sites
	-> Printing at chr: chr1 pos:21586838 chunknumber 38000 contains 346 sites
	-> Printing at chr: chr1 pos:21628093 chunknumber 38100 contains 273 sites
	-> Printing at chr: chr1 pos:21676018 chunknumber 38200 contains 423 sites
	-> Printing at chr: chr1 pos:21718596 chunknumber 38300 contains 259 sites
	-> Printing at chr: chr1 pos:21770067 chunknumber 38400 contains 251 sites
	-> Printing at chr: chr1 pos:21811294 chunknumber 38500 contains 251 sites
	-> Printing at chr: chr1 pos:21863994 chunknumber 38600 contains 405 sites
	-> Printing at chr: chr1 pos:21912457 chunknumber 38700 contains 252 sites
	-> Printing at chr: chr1 pos:21966178 chunknumber 38800 contains 251 sites
	-> Printing at chr: chr1 pos:22020257 chunknumber 38900 contains 1352 sites
	-> Printing at chr: chr1 pos:22062383 chunknumber 39000 contains 252 sites
	-> Printing at chr: chr1 pos:22104140 chunknumber 39100 contains 436 sites
	-> Printing at chr: chr1 pos:22145348 chunknumber 39200 contains 251 sites
	-> Printing at chr: chr1 pos:22184339 chunknumber 39300 contains 1294 sites
	-> Printing at chr: chr1 pos:22223668 chunknumber 39400 contains 251 sites
	-> Printing at chr: chr1 pos:22289795 chunknumber 39500 contains 301 sites
	-> Printing at chr: chr1 pos:22331812 chunknumber 39600 contains 251 sites
	-> Printing at chr: chr1 pos:22383130 chunknumber 39700 contains 254 sites
	-> Printing at chr: chr1 pos:22437106 chunknumber 39800 contains 253 sites
	-> Printing at chr: chr1 pos:22483143 chunknumber 39900 contains 253 sites
	-> Printing at chr: chr1 pos:22526113 chunknumber 40000 contains 252 sites
	-> Printing at chr: chr1 pos:22574691 chunknumber 40100 contains 257 sites
	-> Printing at chr: chr1 pos:22627878 chunknumber 40200 contains 251 sites
	-> Printing at chr: chr1 pos:22669768 chunknumber 40300 contains 252 sites
	-> Printing at chr: chr1 pos:22719476 chunknumber 40400 contains 252 sites
	-> Printing at chr: chr1 pos:22763755 chunknumber 40500 contains 258 sites
	-> Printing at chr: chr1 pos:22801836 chunknumber 40600 contains 260 sites
	-> Printing at chr: chr1 pos:22851012 chunknumber 40700 contains 262 sites
	-> Printing at chr: chr1 pos:22891548 chunknumber 40800 contains 308 sites
	-> Printing at chr: chr1 pos:22940444 chunknumber 40900 contains 255 sites
	-> Printing at chr: chr1 pos:22988086 chunknumber 41000 contains 252 sites
	-> Printing at chr: chr1 pos:23028968 chunknumber 41100 contains 252 sites
	-> Printing at chr: chr1 pos:23078997 chunknumber 41200 contains 251 sites
	-> Printing at chr: chr1 pos:23120997 chunknumber 41300 contains 251 sites
	-> Printing at chr: chr1 pos:23172846 chunknumber 41400 contains 440 sites
	-> Printing at chr: chr1 pos:23220880 chunknumber 41500 contains 471 sites
	-> Printing at chr: chr1 pos:23263876 chunknumber 41600 contains 251 sites
	-> Printing at chr: chr1 pos:23314530 chunknumber 41700 contains 251 sites
	-> Printing at chr: chr1 pos:23371229 chunknumber 41800 contains 611 sites
	-> Printing at chr: chr1 pos:23420713 chunknumber 41900 contains 349 sites
	-> Printing at chr: chr1 pos:23470006 chunknumber 42000 contains 549 sites
	-> Printing at chr: chr1 pos:23541195 chunknumber 42100 contains 251 sites
	-> Printing at chr: chr1 pos:23601032 chunknumber 42200 contains 263 sites
	-> Printing at chr: chr1 pos:23676037 chunknumber 42300 contains 259 sites
	-> Printing at chr: chr1 pos:23751453 chunknumber 42400 contains 3488 sites
	-> Printing at chr: chr1 pos:23817056 chunknumber 42500 contains 658 sites
	-> Printing at chr: chr1 pos:23882667 chunknumber 42600 contains 265 sites
	-> Printing at chr: chr1 pos:23933334 chunknumber 42700 contains 253 sites
	-> Printing at chr: chr1 pos:23998786 chunknumber 42800 contains 853 sites
	-> Printing at chr: chr1 pos:24071844 chunknumber 42900 contains 251 sites
	-> Printing at chr: chr1 pos:24149382 chunknumber 43000 contains 251 sites
	-> Printing at chr: chr1 pos:24226998 chunknumber 43100 contains 261 sites
	-> Printing at chr: chr1 pos:24307923 chunknumber 43200 contains 251 sites
	-> Printing at chr: chr1 pos:24385611 chunknumber 43300 contains 259 sites
	-> Printing at chr: chr1 pos:24470818 chunknumber 43400 contains 473 sites
	-> Printing at chr: chr1 pos:24579558 chunknumber 43500 contains 789 sites
	-> Printing at chr: chr1 pos:24684860 chunknumber 43600 contains 404 sites
	-> Printing at chr: chr1 pos:24760618 chunknumber 43700 contains 253 sites
	-> Printing at chr: chr1 pos:24819989 chunknumber 43800 contains 408 sites
	-> Printing at chr: chr1 pos:24920420 chunknumber 43900 contains 545 sites
	-> Printing at chr: chr1 pos:24991117 chunknumber 44000 contains 310 sites
	-> Printing at chr: chr1 pos:25041892 chunknumber 44100 contains 253 sites
	-> Printing at chr: chr1 pos:25102296 chunknumber 44200 contains 258 sites
	-> Printing at chr: chr1 pos:25149349 chunknumber 44300 contains 251 sites
	-> Printing at chr: chr1 pos:25203306 chunknumber 44400 contains 251 sites
	-> Printing at chr: chr1 pos:25256384 chunknumber 44500 contains 252 sites
	-> Printing at chr: chr1 pos:25295572 chunknumber 44600 contains 251 sites
	-> Printing at chr: chr1 pos:25336031 chunknumber 44700 contains 357 sites
	-> Printing at chr: chr1 pos:25385684 chunknumber 44800 contains 251 sites
	-> Printing at chr: chr1 pos:25433478 chunknumber 44900 contains 757 sites
	-> Printing at chr: chr1 pos:25485404 chunknumber 45000 contains 258 sites
	-> Printing at chr: chr1 pos:25545199 chunknumber 45100 contains 251 sites
	-> Printing at chr: chr1 pos:25597708 chunknumber 45200 contains 622 sites
	-> Printing at chr: chr1 pos:25648943 chunknumber 45300 contains 252 sites
	-> Printing at chr: chr1 pos:25689039 chunknumber 45400 contains 263 sites
	-> Printing at chr: chr1 pos:25736046 chunknumber 45500 contains 377 sites
	-> Printing at chr: chr1 pos:25789963 chunknumber 45600 contains 254 sites
	-> Printing at chr: chr1 pos:25840245 chunknumber 45700 contains 475 sites
	-> Printing at chr: chr1 pos:25889527 chunknumber 45800 contains 252 sites
	-> Printing at chr: chr1 pos:25938246 chunknumber 45900 contains 251 sites
	-> Printing at chr: chr1 pos:25981023 chunknumber 46000 contains 393 sites
	-> Printing at chr: chr1 pos:26037108 chunknumber 46100 contains 724 sites
	-> Printing at chr: chr1 pos:26105249 chunknumber 46200 contains 252 sites
	-> Printing at chr: chr1 pos:26156268 chunknumber 46300 contains 251 sites
	-> Printing at chr: chr1 pos:26206850 chunknumber 46400 contains 251 sites
	-> Printing at chr: chr1 pos:26249763 chunknumber 46500 contains 313 sites
	-> Printing at chr: chr1 pos:26292845 chunknumber 46600 contains 251 sites
	-> Printing at chr: chr1 pos:26336152 chunknumber 46700 contains 253 sites
	-> Printing at chr: chr1 pos:26392805 chunknumber 46800 contains 425 sites
	-> Printing at chr: chr1 pos:26439983 chunknumber 46900 contains 256 sites
	-> Printing at chr: chr1 pos:26485126 chunknumber 47000 contains 321 sites
	-> Printing at chr: chr1 pos:26527544 chunknumber 47100 contains 252 sites
	-> Printing at chr: chr1 pos:26579720 chunknumber 47200 contains 253 sites
	-> Printing at chr: chr1 pos:26621567 chunknumber 47300 contains 205 sites
	-> Printing at chr: chr1 pos:26662818 chunknumber 47400 contains 251 sites
	-> Printing at chr: chr1 pos:26719980 chunknumber 47500 contains 253 sites
	-> Printing at chr: chr1 pos:26777881 chunknumber 47600 contains 251 sites
	-> Printing at chr: chr1 pos:26830201 chunknumber 47700 contains 395 sites
	-> Printing at chr: chr1 pos:26878038 chunknumber 47800 contains 251 sites
	-> Printing at chr: chr1 pos:26918891 chunknumber 47900 contains 253 sites
	-> Printing at chr: chr1 pos:26972144 chunknumber 48000 contains 251 sites
	-> Printing at chr: chr1 pos:27032163 chunknumber 48100 contains 334 sites
	-> Printing at chr: chr1 pos:27076652 chunknumber 48200 contains 271 sites
	-> Printing at chr: chr1 pos:27122876 chunknumber 48300 contains 272 sites
	-> Printing at chr: chr1 pos:27171885 chunknumber 48400 contains 342 sites
	-> Printing at chr: chr1 pos:27208672 chunknumber 48500 contains 251 sites
	-> Printing at chr: chr1 pos:27248792 chunknumber 48600 contains 251 sites
	-> Printing at chr: chr1 pos:27294367 chunknumber 48700 contains 252 sites
	-> Printing at chr: chr1 pos:27340697 chunknumber 48800 contains 416 sites
	-> Printing at chr: chr1 pos:27381913 chunknumber 48900 contains 881 sites
	-> Printing at chr: chr1 pos:27429374 chunknumber 49000 contains 251 sites
	-> Printing at chr: chr1 pos:27471401 chunknumber 49100 contains 256 sites
	-> Printing at chr: chr1 pos:27525097 chunknumber 49200 contains 179 sites
	-> Printing at chr: chr1 pos:27574341 chunknumber 49300 contains 255 sites
	-> Printing at chr: chr1 pos:27634923 chunknumber 49400 contains 255 sites
	-> Printing at chr: chr1 pos:27678745 chunknumber 49500 contains 352 sites
	-> Printing at chr: chr1 pos:27789005 chunknumber 49600 contains 252 sites
	-> Printing at chr: chr1 pos:27842660 chunknumber 49700 contains 253 sites
	-> Printing at chr: chr1 pos:27903649 chunknumber 49800 contains 395 sites
	-> Printing at chr: chr1 pos:28011536 chunknumber 49900 contains 251 sites
	-> Printing at chr: chr1 pos:28080853 chunknumber 50000 contains 251 sites
	-> Printing at chr: chr1 pos:28172879 chunknumber 50100 contains 428 sites
	-> Printing at chr: chr1 pos:28262382 chunknumber 50200 contains 324 sites
	-> Printing at chr: chr1 pos:28336386 chunknumber 50300 contains 401 sites
	-> Printing at chr: chr1 pos:28398999 chunknumber 50400 contains 324 sites
	-> Printing at chr: chr1 pos:28502879 chunknumber 50500 contains 251 sites
	-> Printing at chr: chr1 pos:28605295 chunknumber 50600 contains 306 sites
	-> Printing at chr: chr1 pos:28685887 chunknumber 50700 contains 285 sites
	-> Printing at chr: chr1 pos:28781585 chunknumber 50800 contains 254 sites
	-> Printing at chr: chr1 pos:28860754 chunknumber 50900 contains 252 sites
	-> Printing at chr: chr1 pos:28955424 chunknumber 51000 contains 257 sites
	-> Printing at chr: chr1 pos:29122386 chunknumber 51100 contains 977 sites
	-> Printing at chr: chr1 pos:29253538 chunknumber 51200 contains 254 sites
	-> Printing at chr: chr1 pos:29349255 chunknumber 51300 contains 1284 sites
	-> Printing at chr: chr1 pos:29466345 chunknumber 51400 contains 251 sites
	-> Printing at chr: chr1 pos:29574465 chunknumber 51500 contains 251 sites
	-> Printing at chr: chr1 pos:29640294 chunknumber 51600 contains 412 sites
	-> Printing at chr: chr1 pos:29716320 chunknumber 51700 contains 1070 sites
	-> Printing at chr: chr1 pos:29793738 chunknumber 51800 contains 292 sites
	-> Printing at chr: chr1 pos:29886068 chunknumber 51900 contains 251 sites
	-> Printing at chr: chr1 pos:29962405 chunknumber 52000 contains 253 sites
	-> Printing at chr: chr1 pos:30049402 chunknumber 52100 contains 568 sites
	-> Printing at chr: chr1 pos:30151901 chunknumber 52200 contains 259 sites
	-> Printing at chr: chr1 pos:30260402 chunknumber 52300 contains 218 sites
	-> Printing at chr: chr1 pos:30386130 chunknumber 52400 contains 265 sites
	-> Printing at chr: chr1 pos:30494178 chunknumber 52500 contains 565 sites
	-> Printing at chr: chr1 pos:30604213 chunknumber 52600 contains 251 sites
	-> Printing at chr: chr1 pos:30677648 chunknumber 52700 contains 253 sites
	-> Printing at chr: chr1 pos:30793811 chunknumber 52800 contains 253 sites
	-> Printing at chr: chr1 pos:30886730 chunknumber 52900 contains 260 sites
	-> Printing at chr: chr1 pos:30998571 chunknumber 53000 contains 332 sites
	-> Printing at chr: chr1 pos:31118669 chunknumber 53100 contains 290 sites
	-> Printing at chr: chr1 pos:31191753 chunknumber 53200 contains 254 sites
	-> Printing at chr: chr1 pos:31278106 chunknumber 53300 contains 253 sites
	-> Printing at chr: chr1 pos:31370765 chunknumber 53400 contains 254 sites
	-> Printing at chr: chr1 pos:31423988 chunknumber 53500 contains 251 sites
	-> Printing at chr: chr1 pos:31482300 chunknumber 53600 contains 251 sites
	-> Printing at chr: chr1 pos:31530103 chunknumber 53700 contains 251 sites
	-> Printing at chr: chr1 pos:31612903 chunknumber 53800 contains 253 sites
	-> Printing at chr: chr1 pos:31696559 chunknumber 53900 contains 543 sites
	-> Printing at chr: chr1 pos:31761550 chunknumber 54000 contains 327 sites
	-> Printing at chr: chr1 pos:31814663 chunknumber 54100 contains 2949 sites
	-> Printing at chr: chr1 pos:31872816 chunknumber 54200 contains 686 sites
	-> Printing at chr: chr1 pos:31942952 chunknumber 54300 contains 2194 sites
	-> Printing at chr: chr1 pos:32038094 chunknumber 54400 contains 252 sites
	-> Printing at chr: chr1 pos:32118289 chunknumber 54500 contains 259 sites
	-> Printing at chr: chr1 pos:32197076 chunknumber 54600 contains 252 sites
	-> Printing at chr: chr1 pos:32264796 chunknumber 54700 contains 316 sites
	-> Printing at chr: chr1 pos:32330631 chunknumber 54800 contains 1069 sites
	-> Printing at chr: chr1 pos:32381993 chunknumber 54900 contains 251 sites
	-> Printing at chr: chr1 pos:32445938 chunknumber 55000 contains 251 sites
	-> Printing at chr: chr1 pos:32498503 chunknumber 55100 contains 260 sites
	-> Printing at chr: chr1 pos:32552049 chunknumber 55200 contains 253 sites
	-> Printing at chr: chr1 pos:32613661 chunknumber 55300 contains 1401 sites
	-> Printing at chr: chr1 pos:32716714 chunknumber 55400 contains 251 sites
	-> Printing at chr: chr1 pos:32806544 chunknumber 55500 contains 257 sites
	-> Printing at chr: chr1 pos:32881126 chunknumber 55600 contains 264 sites
	-> Printing at chr: chr1 pos:32960297 chunknumber 55700 contains 272 sites
	-> Printing at chr: chr1 pos:33031634 chunknumber 55800 contains 253 sites
	-> Printing at chr: chr1 pos:33090080 chunknumber 55900 contains 829 sites
	-> Printing at chr: chr1 pos:33143697 chunknumber 56000 contains 251 sites
	-> Printing at chr: chr1 pos:33249162 chunknumber 56100 contains 1923 sites
	-> Printing at chr: chr1 pos:33334842 chunknumber 56200 contains 1187 sites
	-> Printing at chr: chr1 pos:33440162 chunknumber 56300 contains 2263 sites
	-> Printing at chr: chr1 pos:33536592 chunknumber 56400 contains 251 sites
	-> Printing at chr: chr1 pos:33625688 chunknumber 56500 contains 586 sites
	-> Printing at chr: chr1 pos:33698342 chunknumber 56600 contains 255 sites
	-> Printing at chr: chr1 pos:33761868 chunknumber 56700 contains 1350 sites
	-> Printing at chr: chr1 pos:33821667 chunknumber 56800 contains 251 sites
	-> Printing at chr: chr1 pos:33925863 chunknumber 56900 contains 1183 sites
	-> Printing at chr: chr1 pos:33985260 chunknumber 57000 contains 259 sites
	-> Printing at chr: chr1 pos:34042787 chunknumber 57100 contains 252 sites
	-> Printing at chr: chr1 pos:34145565 chunknumber 57200 contains 258 sites
	-> Printing at chr: chr1 pos:34263256 chunknumber 57300 contains 254 sites
	-> Printing at chr: chr1 pos:34319113 chunknumber 57400 contains 6110 sites
	-> Printing at chr: chr1 pos:34366344 chunknumber 57500 contains 256 sites
	-> Printing at chr: chr1 pos:34408633 chunknumber 57600 contains 641 sites
	-> Printing at chr: chr1 pos:34449224 chunknumber 57700 contains 252 sites
	-> Printing at chr: chr1 pos:34503253 chunknumber 57800 contains 255 sites
	-> Printing at chr: chr1 pos:34543715 chunknumber 57900 contains 252 sites
	-> Printing at chr: chr1 pos:34608181 chunknumber 58000 contains 253 sites
	-> Printing at chr: chr1 pos:34645818 chunknumber 58100 contains 253 sites
	-> Printing at chr: chr1 pos:34690500 chunknumber 58200 contains 1206 sites
	-> Printing at chr: chr1 pos:34745628 chunknumber 58300 contains 274 sites
	-> Printing at chr: chr1 pos:34798875 chunknumber 58400 contains 252 sites
	-> Printing at chr: chr1 pos:34839872 chunknumber 58500 contains 253 sites
	-> Printing at chr: chr1 pos:34875313 chunknumber 58600 contains 252 sites
	-> Printing at chr: chr1 pos:34914670 chunknumber 58700 contains 252 sites
	-> Printing at chr: chr1 pos:34965754 chunknumber 58800 contains 256 sites
	-> Printing at chr: chr1 pos:35020734 chunknumber 58900 contains 1829 sites
	-> Printing at chr: chr1 pos:35061220 chunknumber 59000 contains 252 sites
	-> Printing at chr: chr1 pos:35106062 chunknumber 59100 contains 2163 sites
	-> Printing at chr: chr1 pos:35151379 chunknumber 59200 contains 254 sites
	-> Printing at chr: chr1 pos:35191726 chunknumber 59300 contains 283 sites
	-> Printing at chr: chr1 pos:35244842 chunknumber 59400 contains 253 sites
	-> Printing at chr: chr1 pos:35292068 chunknumber 59500 contains 732 sites
	-> Printing at chr: chr1 pos:35335308 chunknumber 59600 contains 256 sites
	-> Printing at chr: chr1 pos:35390105 chunknumber 59700 contains 259 sites
	-> Printing at chr: chr1 pos:35434184 chunknumber 59800 contains 251 sites
	-> Printing at chr: chr1 pos:35480448 chunknumber 59900 contains 602 sites
	-> Printing at chr: chr1 pos:35519853 chunknumber 60000 contains 1478 sites
	-> Printing at chr: chr1 pos:35578994 chunknumber 60100 contains 252 sites
	-> Printing at chr: chr1 pos:35626403 chunknumber 60200 contains 252 sites
	-> Printing at chr: chr1 pos:35661694 chunknumber 60300 contains 253 sites
	-> Printing at chr: chr1 pos:35704567 chunknumber 60400 contains 252 sites
	-> Printing at chr: chr1 pos:35744576 chunknumber 60500 contains 252 sites
	-> Printing at chr: chr1 pos:35796754 chunknumber 60600 contains 696 sites
	-> Printing at chr: chr1 pos:35860111 chunknumber 60700 contains 268 sites
	-> Printing at chr: chr1 pos:35896322 chunknumber 60800 contains 253 sites
	-> Printing at chr: chr1 pos:35945861 chunknumber 60900 contains 251 sites
	-> Printing at chr: chr1 pos:35987292 chunknumber 61000 contains 252 sites
	-> Printing at chr: chr1 pos:36037537 chunknumber 61100 contains 521 sites
	-> Printing at chr: chr1 pos:36091840 chunknumber 61200 contains 252 sites
	-> Printing at chr: chr1 pos:36134926 chunknumber 61300 contains 253 sites
	-> Printing at chr: chr1 pos:36182825 chunknumber 61400 contains 265 sites
	-> Printing at chr: chr1 pos:36220427 chunknumber 61500 contains 283 sites
	-> Printing at chr: chr1 pos:36259676 chunknumber 61600 contains 251 sites
	-> Printing at chr: chr1 pos:36304467 chunknumber 61700 contains 983 sites
	-> Printing at chr: chr1 pos:36351255 chunknumber 61800 contains 260 sites
	-> Printing at chr: chr1 pos:36401879 chunknumber 61900 contains 420 sites
	-> Printing at chr: chr1 pos:36444716 chunknumber 62000 contains 345 sites
	-> Printing at chr: chr1 pos:36483156 chunknumber 62100 contains 251 sites
	-> Printing at chr: chr1 pos:36524053 chunknumber 62200 contains 260 sites
	-> Printing at chr: chr1 pos:36564183 chunknumber 62300 contains 252 sites
	-> Printing at chr: chr1 pos:36599481 chunknumber 62400 contains 251 sites
	-> Printing at chr: chr1 pos:36650199 chunknumber 62500 contains 255 sites
	-> Printing at chr: chr1 pos:36697347 chunknumber 62600 contains 494 sites
	-> Printing at chr: chr1 pos:36752175 chunknumber 62700 contains 252 sites
	-> Printing at chr: chr1 pos:36802890 chunknumber 62800 contains 489 sites
	-> Printing at chr: chr1 pos:36867484 chunknumber 62900 contains 251 sites
	-> Printing at chr: chr1 pos:36919649 chunknumber 63000 contains 253 sites
	-> Printing at chr: chr1 pos:36964702 chunknumber 63100 contains 252 sites
	-> Printing at chr: chr1 pos:37012684 chunknumber 63200 contains 251 sites
	-> Printing at chr: chr1 pos:37050206 chunknumber 63300 contains 254 sites
	-> Printing at chr: chr1 pos:37093246 chunknumber 63400 contains 251 sites
	-> Printing at chr: chr1 pos:37132333 chunknumber 63500 contains 251 sites
	-> Printing at chr: chr1 pos:37172326 chunknumber 63600 contains 252 sites
	-> Printing at chr: chr1 pos:37239194 chunknumber 63700 contains 423 sites
	-> Printing at chr: chr1 pos:37280216 chunknumber 63800 contains 251 sites
	-> Printing at chr: chr1 pos:37327216 chunknumber 63900 contains 254 sites
	-> Printing at chr: chr1 pos:37372825 chunknumber 64000 contains 256 sites
	-> Printing at chr: chr1 pos:37410279 chunknumber 64100 contains 252 sites
	-> Printing at chr: chr1 pos:37446564 chunknumber 64200 contains 253 sites
	-> Printing at chr: chr1 pos:37490618 chunknumber 64300 contains 541 sites
	-> Printing at chr: chr1 pos:37531311 chunknumber 64400 contains 251 sites
	-> Printing at chr: chr1 pos:37571692 chunknumber 64500 contains 255 sites
	-> Printing at chr: chr1 pos:37615707 chunknumber 64600 contains 868 sites
	-> Printing at chr: chr1 pos:37665898 chunknumber 64700 contains 255 sites
	-> Printing at chr: chr1 pos:37715538 chunknumber 64800 contains 350 sites
	-> Printing at chr: chr1 pos:37764829 chunknumber 64900 contains 252 sites
	-> Printing at chr: chr1 pos:37818415 chunknumber 65000 contains 879 sites
	-> Printing at chr: chr1 pos:37872272 chunknumber 65100 contains 255 sites
	-> Printing at chr: chr1 pos:37928745 chunknumber 65200 contains 589 sites
	-> Printing at chr: chr1 pos:37988463 chunknumber 65300 contains 253 sites
	-> Printing at chr: chr1 pos:38029229 chunknumber 65400 contains 251 sites
	-> Printing at chr: chr1 pos:38074599 chunknumber 65500 contains 251 sites
	-> Printing at chr: chr1 pos:38116538 chunknumber 65600 contains 251 sites
	-> Printing at chr: chr1 pos:38158121 chunknumber 65700 contains 254 sites
	-> Printing at chr: chr1 pos:38201594 chunknumber 65800 contains 251 sites
	-> Printing at chr: chr1 pos:38247603 chunknumber 65900 contains 265 sites
	-> Printing at chr: chr1 pos:38296705 chunknumber 66000 contains 256 sites
	-> Printing at chr: chr1 pos:38343705 chunknumber 66100 contains 369 sites
	-> Printing at chr: chr1 pos:38383857 chunknumber 66200 contains 349 sites
	-> Printing at chr: chr1 pos:38432717 chunknumber 66300 contains 251 sites
	-> Printing at chr: chr1 pos:38477897 chunknumber 66400 contains 252 sites
	-> Printing at chr: chr1 pos:38517954 chunknumber 66500 contains 251 sites
	-> Printing at chr: chr1 pos:38561843 chunknumber 66600 contains 254 sites
	-> Printing at chr: chr1 pos:38610892 chunknumber 66700 contains 251 sites
	-> Printing at chr: chr1 pos:38653430 chunknumber 66800 contains 251 sites
	-> Printing at chr: chr1 pos:38700202 chunknumber 66900 contains 255 sites
	-> Printing at chr: chr1 pos:38737397 chunknumber 67000 contains 307 sites
	-> Printing at chr: chr1 pos:38780085 chunknumber 67100 contains 251 sites
	-> Printing at chr: chr1 pos:38826697 chunknumber 67200 contains 251 sites
	-> Printing at chr: chr1 pos:38872050 chunknumber 67300 contains 252 sites
	-> Printing at chr: chr1 pos:38921721 chunknumber 67400 contains 681 sites
	-> Printing at chr: chr1 pos:38985504 chunknumber 67500 contains 253 sites
	-> Printing at chr: chr1 pos:39038239 chunknumber 67600 contains 267 sites
	-> Printing at chr: chr1 pos:39101428 chunknumber 67700 contains 291 sites
	-> Printing at chr: chr1 pos:39165854 chunknumber 67800 contains 1092 sites
	-> Printing at chr: chr1 pos:39214546 chunknumber 67900 contains 388 sites
	-> Printing at chr: chr1 pos:39251441 chunknumber 68000 contains 256 sites
	-> Printing at chr: chr1 pos:39296636 chunknumber 68100 contains 252 sites
	-> Printing at chr: chr1 pos:39340182 chunknumber 68200 contains 251 sites
	-> Printing at chr: chr1 pos:39379295 chunknumber 68300 contains 251 sites
	-> Printing at chr: chr1 pos:39412730 chunknumber 68400 contains 251 sites
	-> Printing at chr: chr1 pos:39454492 chunknumber 68500 contains 259 sites
	-> Printing at chr: chr1 pos:39496422 chunknumber 68600 contains 342 sites
	-> Printing at chr: chr1 pos:39542937 chunknumber 68700 contains 252 sites
	-> Printing at chr: chr1 pos:39588339 chunknumber 68800 contains 281 sites
	-> Printing at chr: chr1 pos:39636534 chunknumber 68900 contains 258 sites
	-> Printing at chr: chr1 pos:39680219 chunknumber 69000 contains 543 sites
	-> Printing at chr: chr1 pos:39723975 chunknumber 69100 contains 365 sites
	-> Printing at chr: chr1 pos:39777892 chunknumber 69200 contains 256 sites
	-> Printing at chr: chr1 pos:39822383 chunknumber 69300 contains 1438 sites
	-> Printing at chr: chr1 pos:39866321 chunknumber 69400 contains 253 sites
	-> Printing at chr: chr1 pos:39915413 chunknumber 69500 contains 443 sites
	-> Printing at chr: chr1 pos:39958556 chunknumber 69600 contains 252 sites
	-> Printing at chr: chr1 pos:40010818 chunknumber 69700 contains 346 sites
	-> Printing at chr: chr1 pos:40052538 chunknumber 69800 contains 265 sites
	-> Printing at chr: chr1 pos:40096337 chunknumber 69900 contains 2421 sites
	-> Printing at chr: chr1 pos:40148920 chunknumber 70000 contains 252 sites
	-> Printing at chr: chr1 pos:40200676 chunknumber 70100 contains 948 sites
	-> Printing at chr: chr1 pos:40250860 chunknumber 70200 contains 553 sites
	-> Printing at chr: chr1 pos:40304130 chunknumber 70300 contains 252 sites
	-> Printing at chr: chr1 pos:40365240 chunknumber 70400 contains 583 sites
	-> Printing at chr: chr1 pos:40409104 chunknumber 70500 contains 254 sites
	-> Printing at chr: chr1 pos:40478230 chunknumber 70600 contains 258 sites
	-> Printing at chr: chr1 pos:40535022 chunknumber 70700 contains 254 sites
	-> Printing at chr: chr1 pos:40581119 chunknumber 70800 contains 544 sites
	-> Printing at chr: chr1 pos:40616797 chunknumber 70900 contains 277 sites
	-> Printing at chr: chr1 pos:40658275 chunknumber 71000 contains 252 sites
	-> Printing at chr: chr1 pos:40702001 chunknumber 71100 contains 253 sites
	-> Printing at chr: chr1 pos:40750674 chunknumber 71200 contains 252 sites
	-> Printing at chr: chr1 pos:40796781 chunknumber 71300 contains 254 sites
	-> Printing at chr: chr1 pos:40829903 chunknumber 71400 contains 268 sites
	-> Printing at chr: chr1 pos:40879035 chunknumber 71500 contains 252 sites
	-> Printing at chr: chr1 pos:40926270 chunknumber 71600 contains 262 sites
	-> Printing at chr: chr1 pos:40973526 chunknumber 71700 contains 256 sites
	-> Printing at chr: chr1 pos:41020531 chunknumber 71800 contains 574 sites
	-> Printing at chr: chr1 pos:41063427 chunknumber 71900 contains 251 sites
	-> Printing at chr: chr1 pos:41112812 chunknumber 72000 contains 251 sites
	-> Printing at chr: chr1 pos:41160849 chunknumber 72100 contains 308 sites
	-> Printing at chr: chr1 pos:41201480 chunknumber 72200 contains 251 sites
	-> Printing at chr: chr1 pos:41248699 chunknumber 72300 contains 251 sites
	-> Printing at chr: chr1 pos:41301036 chunknumber 72400 contains 252 sites
	-> Printing at chr: chr1 pos:41341515 chunknumber 72500 contains 251 sites
	-> Printing at chr: chr1 pos:41388786 chunknumber 72600 contains 575 sites
	-> Printing at chr: chr1 pos:41431104 chunknumber 72700 contains 258 sites
	-> Printing at chr: chr1 pos:41469117 chunknumber 72800 contains 254 sites
	-> Printing at chr: chr1 pos:41516119 chunknumber 72900 contains 251 sites
	-> Printing at chr: chr1 pos:41548805 chunknumber 73000 contains 526 sites
	-> Printing at chr: chr1 pos:41595671 chunknumber 73100 contains 256 sites
	-> Printing at chr: chr1 pos:41645966 chunknumber 73200 contains 254 sites
	-> Printing at chr: chr1 pos:41686774 chunknumber 73300 contains 248 sites
	-> Printing at chr: chr1 pos:41723635 chunknumber 73400 contains 863 sites
	-> Printing at chr: chr1 pos:41780499 chunknumber 73500 contains 251 sites
	-> Printing at chr: chr1 pos:41840621 chunknumber 73600 contains 263 sites
	-> Printing at chr: chr1 pos:41887188 chunknumber 73700 contains 255 sites
	-> Printing at chr: chr1 pos:41937004 chunknumber 73800 contains 271 sites
	-> Printing at chr: chr1 pos:41983841 chunknumber 73900 contains 251 sites
	-> Printing at chr: chr1 pos:42039341 chunknumber 74000 contains 253 sites
	-> Printing at chr: chr1 pos:42085706 chunknumber 74100 contains 251 sites
	-> Printing at chr: chr1 pos:42125590 chunknumber 74200 contains 251 sites
	-> Printing at chr: chr1 pos:42179263 chunknumber 74300 contains 253 sites
	-> Printing at chr: chr1 pos:42236267 chunknumber 74400 contains 252 sites
	-> Printing at chr: chr1 pos:42287987 chunknumber 74500 contains 1713 sites
	-> Printing at chr: chr1 pos:42349596 chunknumber 74600 contains 252 sites
	-> Printing at chr: chr1 pos:42405634 chunknumber 74700 contains 252 sites
	-> Printing at chr: chr1 pos:42452164 chunknumber 74800 contains 260 sites
	-> Printing at chr: chr1 pos:42495306 chunknumber 74900 contains 356 sites
	-> Printing at chr: chr1 pos:42545088 chunknumber 75000 contains 252 sites
	-> Printing at chr: chr1 pos:42591574 chunknumber 75100 contains 255 sites
	-> Printing at chr: chr1 pos:42635905 chunknumber 75200 contains 265 sites
	-> Printing at chr: chr1 pos:42683940 chunknumber 75300 contains 257 sites
	-> Printing at chr: chr1 pos:42732233 chunknumber 75400 contains 251 sites
	-> Printing at chr: chr1 pos:42782390 chunknumber 75500 contains 304 sites
	-> Printing at chr: chr1 pos:42832391 chunknumber 75600 contains 256 sites
	-> Printing at chr: chr1 pos:42880017 chunknumber 75700 contains 251 sites
	-> Printing at chr: chr1 pos:42925033 chunknumber 75800 contains 654 sites
	-> Printing at chr: chr1 pos:42963986 chunknumber 75900 contains 303 sites
	-> Printing at chr: chr1 pos:43012740 chunknumber 76000 contains 251 sites
	-> Printing at chr: chr1 pos:43050185 chunknumber 76100 contains 251 sites
	-> Printing at chr: chr1 pos:43101636 chunknumber 76200 contains 1172 sites
	-> Printing at chr: chr1 pos:43154770 chunknumber 76300 contains 251 sites
	-> Printing at chr: chr1 pos:43201710 chunknumber 76400 contains 252 sites
	-> Printing at chr: chr1 pos:43238784 chunknumber 76500 contains 251 sites
	-> Printing at chr: chr1 pos:43288564 chunknumber 76600 contains 246 sites
	-> Printing at chr: chr1 pos:43335361 chunknumber 76700 contains 252 sites
	-> Printing at chr: chr1 pos:43375907 chunknumber 76800 contains 252 sites
	-> Printing at chr: chr1 pos:43424345 chunknumber 76900 contains 362 sites
	-> Printing at chr: chr1 pos:43469679 chunknumber 77000 contains 257 sites
	-> Printing at chr: chr1 pos:43513665 chunknumber 77100 contains 307 sites
	-> Printing at chr: chr1 pos:43565023 chunknumber 77200 contains 254 sites
	-> Printing at chr: chr1 pos:43614759 chunknumber 77300 contains 271 sites
	-> Printing at chr: chr1 pos:43675445 chunknumber 77400 contains 251 sites
	-> Printing at chr: chr1 pos:43719535 chunknumber 77500 contains 254 sites
	-> Printing at chr: chr1 pos:43760872 chunknumber 77600 contains 324 sites
	-> Printing at chr: chr1 pos:43829950 chunknumber 77700 contains 253 sites
	-> Printing at chr: chr1 pos:43876409 chunknumber 77800 contains 252 sites
	-> Printing at chr: chr1 pos:43918778 chunknumber 77900 contains 251 sites
	-> Printing at chr: chr1 pos:43972782 chunknumber 78000 contains 255 sites
	-> Printing at chr: chr1 pos:44029078 chunknumber 78100 contains 261 sites
	-> Printing at chr: chr1 pos:44074741 chunknumber 78200 contains 1249 sites
	-> Printing at chr: chr1 pos:44123337 chunknumber 78300 contains 291 sites
	-> Printing at chr: chr1 pos:44169804 chunknumber 78400 contains 378 sites
	-> Printing at chr: chr1 pos:44215433 chunknumber 78500 contains 253 sites
	-> Printing at chr: chr1 pos:44284006 chunknumber 78600 contains 295 sites
	-> Printing at chr: chr1 pos:44350413 chunknumber 78700 contains 835 sites
	-> Printing at chr: chr1 pos:44405877 chunknumber 78800 contains 251 sites
	-> Printing at chr: chr1 pos:44488211 chunknumber 78900 contains 486 sites
	-> Printing at chr: chr1 pos:44540612 chunknumber 79000 contains 274 sites
	-> Printing at chr: chr1 pos:44583577 chunknumber 79100 contains 271 sites
	-> Printing at chr: chr1 pos:44628445 chunknumber 79200 contains 504 sites
	-> Printing at chr: chr1 pos:44669956 chunknumber 79300 contains 262 sites
	-> Printing at chr: chr1 pos:44715594 chunknumber 79400 contains 251 sites
	-> Printing at chr: chr1 pos:44754732 chunknumber 79500 contains 252 sites
	-> Printing at chr: chr1 pos:44795542 chunknumber 79600 contains 251 sites
	-> Printing at chr: chr1 pos:44854977 chunknumber 79700 contains 342 sites
	-> Printing at chr: chr1 pos:44900893 chunknumber 79800 contains 675 sites
	-> Printing at chr: chr1 pos:44957263 chunknumber 79900 contains 426 sites
	-> Printing at chr: chr1 pos:44995428 chunknumber 80000 contains 252 sites
	-> Printing at chr: chr1 pos:45042999 chunknumber 80100 contains 2005 sites
	-> Printing at chr: chr1 pos:45091188 chunknumber 80200 contains 265 sites
	-> Printing at chr: chr1 pos:45146646 chunknumber 80300 contains 251 sites
	-> Printing at chr: chr1 pos:45194563 chunknumber 80400 contains 253 sites
	-> Printing at chr: chr1 pos:45236643 chunknumber 80500 contains 260 sites
	-> Printing at chr: chr1 pos:45272489 chunknumber 80600 contains 252 sites
	-> Printing at chr: chr1 pos:45324289 chunknumber 80700 contains 267 sites
	-> Printing at chr: chr1 pos:45369589 chunknumber 80800 contains 256 sites
	-> Printing at chr: chr1 pos:45419585 chunknumber 80900 contains 254 sites
	-> Printing at chr: chr1 pos:45456875 chunknumber 81000 contains 378 sites
	-> Printing at chr: chr1 pos:45510134 chunknumber 81100 contains 329 sites
	-> Printing at chr: chr1 pos:45550692 chunknumber 81200 contains 256 sites
	-> Printing at chr: chr1 pos:45595635 chunknumber 81300 contains 326 sites
	-> Printing at chr: chr1 pos:45633378 chunknumber 81400 contains 525 sites
	-> Printing at chr: chr1 pos:45680278 chunknumber 81500 contains 253 sites
	-> Printing at chr: chr1 pos:45714357 chunknumber 81600 contains 282 sites
	-> Printing at chr: chr1 pos:45760683 chunknumber 81700 contains 473 sites
	-> Printing at chr: chr1 pos:45798516 chunknumber 81800 contains 262 sites
	-> Printing at chr: chr1 pos:45860401 chunknumber 81900 contains 255 sites
	-> Printing at chr: chr1 pos:45909274 chunknumber 82000 contains 257 sites
	-> Printing at chr: chr1 pos:45957070 chunknumber 82100 contains 251 sites
	-> Printing at chr: chr1 pos:46009224 chunknumber 82200 contains 846 sites
	-> Printing at chr: chr1 pos:46059784 chunknumber 82300 contains 253 sites
	-> Printing at chr: chr1 pos:46130332 chunknumber 82400 contains 1130 sites
	-> Printing at chr: chr1 pos:46175664 chunknumber 82500 contains 251 sites
	-> Printing at chr: chr1 pos:46216819 chunknumber 82600 contains 251 sites
	-> Printing at chr: chr1 pos:46264566 chunknumber 82700 contains 256 sites
	-> Printing at chr: chr1 pos:46306097 chunknumber 82800 contains 268 sites
	-> Printing at chr: chr1 pos:46347648 chunknumber 82900 contains 252 sites
	-> Printing at chr: chr1 pos:46393527 chunknumber 83000 contains 576 sites
	-> Printing at chr: chr1 pos:46436389 chunknumber 83100 contains 470 sites
	-> Printing at chr: chr1 pos:46479759 chunknumber 83200 contains 253 sites
	-> Printing at chr: chr1 pos:46527308 chunknumber 83300 contains 1214 sites
	-> Printing at chr: chr1 pos:46578503 chunknumber 83400 contains 2478 sites
	-> Printing at chr: chr1 pos:46644507 chunknumber 83500 contains 251 sites
	-> Printing at chr: chr1 pos:46701261 chunknumber 83600 contains 2646 sites
	-> Printing at chr: chr1 pos:46758645 chunknumber 83700 contains 442 sites
	-> Printing at chr: chr1 pos:46817472 chunknumber 83800 contains 1140 sites
	-> Printing at chr: chr1 pos:46881058 chunknumber 83900 contains 261 sites
	-> Printing at chr: chr1 pos:46929803 chunknumber 84000 contains 252 sites
	-> Printing at chr: chr1 pos:46974822 chunknumber 84100 contains 254 sites
	-> Printing at chr: chr1 pos:47014164 chunknumber 84200 contains 393 sites
	-> Printing at chr: chr1 pos:47056779 chunknumber 84300 contains 252 sites
	-> Printing at chr: chr1 pos:47103967 chunknumber 84400 contains 251 sites
	-> Printing at chr: chr1 pos:47153945 chunknumber 84500 contains 1399 sites
	-> Printing at chr: chr1 pos:47209321 chunknumber 84600 contains 990 sites
	-> Printing at chr: chr1 pos:47256097 chunknumber 84700 contains 252 sites
	-> Printing at chr: chr1 pos:47295669 chunknumber 84800 contains 290 sites
	-> Printing at chr: chr1 pos:47333616 chunknumber 84900 contains 252 sites
	-> Printing at chr: chr1 pos:47379559 chunknumber 85000 contains 294 sites
	-> Printing at chr: chr1 pos:47435283 chunknumber 85100 contains 252 sites

	-> Done reading data waiting for calculations to finish
	-> Done waiting for threads
	-> Output filenames:
		->"../03.output/saf_AHZ.arg"
		->"../03.output/saf_AHZ.mafs.gz"
		->"../03.output/saf_AHZ.saf.gz"
		->"../03.output/saf_AHZ.saf.pos.gz"
		->"../03.output/saf_AHZ.saf.idx"
	-> Sat Mar 27 12:13:46 2021
	-> Arguments and parameters for all analysis are located in .arg file
	-> Total number of sites analyzed: 37123091
	-> Number of sites retained after filtering: 16157077 
	[ALL done] cpu-time used =  8376.45 sec
	[ALL done] walltime used =  8413.00 sec
