	-> angsd version: 0.930 (htslib: 1.9) build(Mar 20 2020 16:59:13)
	-> [prep_sites.cpp] Reading binary representation of '../../../inputs/neutral_sites'
	-> [prep_sites.cpp] nChr: 1 loaded from binary filter file
	-> [abcFilter.cpp] -sites is still beta, use at own risk...
	-> Reading fasta: ../../../inputs/grasshopperRef.fasta
	-> Reading fasta: ../../../inputs/grasshopperRef.fasta
	-> SNP-filter using a pvalue: 1.000000e+00 correspond to 0.000000 likelihood units
[bammer_main] 5 samples in 5 input files
	-> Parsing 5 number of samples 
	-> Region lookup 1/1
[shared.cpp.changeChr():281] refid:0
Charnge chr:0
	-> Printing at chr: chr1 pos:71021 chunknumber 100 contains 1500 sites
	-> Printing at chr: chr1 pos:128410 chunknumber 200 contains 251 sites
	-> Printing at chr: chr1 pos:171091 chunknumber 300 contains 612 sites
	-> Printing at chr: chr1 pos:227307 chunknumber 400 contains 251 sites
	-> Printing at chr: chr1 pos:279439 chunknumber 500 contains 259 sites
	-> Printing at chr: chr1 pos:345840 chunknumber 600 contains 2684 sites
	-> Printing at chr: chr1 pos:404297 chunknumber 700 contains 805 sites
	-> Printing at chr: chr1 pos:451321 chunknumber 800 contains 251 sites
	-> Printing at chr: chr1 pos:505557 chunknumber 900 contains 251 sites
	-> Printing at chr: chr1 pos:546064 chunknumber 1000 contains 255 sites
	-> Printing at chr: chr1 pos:585122 chunknumber 1100 contains 338 sites
	-> Printing at chr: chr1 pos:620550 chunknumber 1200 contains 1277 sites
	-> Printing at chr: chr1 pos:678090 chunknumber 1300 contains 256 sites
	-> Printing at chr: chr1 pos:733394 chunknumber 1400 contains 626 sites
	-> Printing at chr: chr1 pos:776936 chunknumber 1500 contains 1596 sites
	-> Printing at chr: chr1 pos:837537 chunknumber 1600 contains 514 sites
	-> Printing at chr: chr1 pos:900812 chunknumber 1700 contains 1219 sites
	-> Printing at chr: chr1 pos:974075 chunknumber 1800 contains 962 sites
	-> Printing at chr: chr1 pos:1037040 chunknumber 1900 contains 253 sites
	-> Printing at chr: chr1 pos:1110054 chunknumber 2000 contains 251 sites
	-> Printing at chr: chr1 pos:1192112 chunknumber 2100 contains 277 sites
	-> Printing at chr: chr1 pos:1263851 chunknumber 2200 contains 251 sites
	-> Printing at chr: chr1 pos:1318034 chunknumber 2300 contains 301 sites
	-> Printing at chr: chr1 pos:1368608 chunknumber 2400 contains 321 sites
	-> Printing at chr: chr1 pos:1416304 chunknumber 2500 contains 311 sites
	-> Printing at chr: chr1 pos:1492683 chunknumber 2600 contains 262 sites
	-> Printing at chr: chr1 pos:1554112 chunknumber 2700 contains 253 sites
	-> Printing at chr: chr1 pos:1608146 chunknumber 2800 contains 289 sites
	-> Printing at chr: chr1 pos:1660632 chunknumber 2900 contains 257 sites
	-> Printing at chr: chr1 pos:1702090 chunknumber 3000 contains 251 sites
	-> Printing at chr: chr1 pos:1756588 chunknumber 3100 contains 251 sites
	-> Printing at chr: chr1 pos:1804545 chunknumber 3200 contains 264 sites
	-> Printing at chr: chr1 pos:1860325 chunknumber 3300 contains 748 sites
	-> Printing at chr: chr1 pos:1923952 chunknumber 3400 contains 272 sites
	-> Printing at chr: chr1 pos:1976330 chunknumber 3500 contains 2028 sites
	-> Printing at chr: chr1 pos:2035425 chunknumber 3600 contains 251 sites
	-> Printing at chr: chr1 pos:2106187 chunknumber 3700 contains 254 sites
	-> Printing at chr: chr1 pos:2148178 chunknumber 3800 contains 272 sites
	-> Printing at chr: chr1 pos:2215410 chunknumber 3900 contains 254 sites
	-> Printing at chr: chr1 pos:2279206 chunknumber 4000 contains 768 sites
	-> Printing at chr: chr1 pos:2343006 chunknumber 4100 contains 251 sites
	-> Printing at chr: chr1 pos:2399598 chunknumber 4200 contains 253 sites
	-> Printing at chr: chr1 pos:2456425 chunknumber 4300 contains 304 sites
	-> Printing at chr: chr1 pos:2510086 chunknumber 4400 contains 512 sites
	-> Printing at chr: chr1 pos:2570610 chunknumber 4500 contains 1818 sites
	-> Printing at chr: chr1 pos:2645313 chunknumber 4600 contains 378 sites
	-> Printing at chr: chr1 pos:2715407 chunknumber 4700 contains 289 sites
	-> Printing at chr: chr1 pos:2788421 chunknumber 4800 contains 251 sites
	-> Printing at chr: chr1 pos:2843629 chunknumber 4900 contains 251 sites
	-> Printing at chr: chr1 pos:2916523 chunknumber 5000 contains 251 sites
	-> Printing at chr: chr1 pos:2996510 chunknumber 5100 contains 556 sites
	-> Printing at chr: chr1 pos:3047766 chunknumber 5200 contains 255 sites
	-> Printing at chr: chr1 pos:3118891 chunknumber 5300 contains 1732 sites
	-> Printing at chr: chr1 pos:3187219 chunknumber 5400 contains 687 sites
	-> Printing at chr: chr1 pos:3234930 chunknumber 5500 contains 387 sites
	-> Printing at chr: chr1 pos:3307252 chunknumber 5600 contains 256 sites
	-> Printing at chr: chr1 pos:3400793 chunknumber 5700 contains 1348 sites
	-> Printing at chr: chr1 pos:3496673 chunknumber 5800 contains 257 sites
	-> Printing at chr: chr1 pos:3556298 chunknumber 5900 contains 253 sites
	-> Printing at chr: chr1 pos:3615215 chunknumber 6000 contains 253 sites
	-> Printing at chr: chr1 pos:3685808 chunknumber 6100 contains 3464 sites
	-> Printing at chr: chr1 pos:3743068 chunknumber 6200 contains 357 sites
	-> Printing at chr: chr1 pos:3800232 chunknumber 6300 contains 993 sites
	-> Printing at chr: chr1 pos:3841018 chunknumber 6400 contains 287 sites
	-> Printing at chr: chr1 pos:3891431 chunknumber 6500 contains 258 sites
	-> Printing at chr: chr1 pos:3930156 chunknumber 6600 contains 300 sites
	-> Printing at chr: chr1 pos:3988913 chunknumber 6700 contains 403 sites
	-> Printing at chr: chr1 pos:4039267 chunknumber 6800 contains 388 sites
	-> Printing at chr: chr1 pos:4100811 chunknumber 6900 contains 432 sites
	-> Printing at chr: chr1 pos:4141762 chunknumber 7000 contains 1292 sites
	-> Printing at chr: chr1 pos:4191125 chunknumber 7100 contains 2149 sites
	-> Printing at chr: chr1 pos:4244302 chunknumber 7200 contains 655 sites
	-> Printing at chr: chr1 pos:4299122 chunknumber 7300 contains 252 sites
	-> Printing at chr: chr1 pos:4352230 chunknumber 7400 contains 289 sites
	-> Printing at chr: chr1 pos:4389879 chunknumber 7500 contains 253 sites
	-> Printing at chr: chr1 pos:4442961 chunknumber 7600 contains 827 sites
	-> Printing at chr: chr1 pos:4508920 chunknumber 7700 contains 538 sites
	-> Printing at chr: chr1 pos:4549118 chunknumber 7800 contains 640 sites
	-> Printing at chr: chr1 pos:4596558 chunknumber 7900 contains 254 sites
	-> Printing at chr: chr1 pos:4653989 chunknumber 8000 contains 253 sites
	-> Printing at chr: chr1 pos:4724464 chunknumber 8100 contains 254 sites
	-> Printing at chr: chr1 pos:4782876 chunknumber 8200 contains 253 sites
	-> Printing at chr: chr1 pos:4825681 chunknumber 8300 contains 252 sites
	-> Printing at chr: chr1 pos:4876291 chunknumber 8400 contains 255 sites
	-> Printing at chr: chr1 pos:4914201 chunknumber 8500 contains 257 sites
	-> Printing at chr: chr1 pos:4960389 chunknumber 8600 contains 361 sites
	-> Printing at chr: chr1 pos:5002456 chunknumber 8700 contains 252 sites
	-> Printing at chr: chr1 pos:5050990 chunknumber 8800 contains 282 sites
	-> Printing at chr: chr1 pos:5089496 chunknumber 8900 contains 263 sites
	-> Printing at chr: chr1 pos:5155087 chunknumber 9000 contains 252 sites
	-> Printing at chr: chr1 pos:5204137 chunknumber 9100 contains 251 sites
	-> Printing at chr: chr1 pos:5259717 chunknumber 9200 contains 252 sites
	-> Printing at chr: chr1 pos:5330828 chunknumber 9300 contains 1338 sites
	-> Printing at chr: chr1 pos:5406968 chunknumber 9400 contains 626 sites
	-> Printing at chr: chr1 pos:5476733 chunknumber 9500 contains 284 sites
	-> Printing at chr: chr1 pos:5508824 chunknumber 9600 contains 251 sites
	-> Printing at chr: chr1 pos:5562362 chunknumber 9700 contains 252 sites
	-> Printing at chr: chr1 pos:5614642 chunknumber 9800 contains 260 sites
	-> Printing at chr: chr1 pos:5663577 chunknumber 9900 contains 251 sites
	-> Printing at chr: chr1 pos:5715826 chunknumber 10000 contains 508 sites
	-> Printing at chr: chr1 pos:5788040 chunknumber 10100 contains 251 sites
	-> Printing at chr: chr1 pos:5853896 chunknumber 10200 contains 251 sites
	-> Printing at chr: chr1 pos:5899304 chunknumber 10300 contains 852 sites
	-> Printing at chr: chr1 pos:5965951 chunknumber 10400 contains 345 sites
	-> Printing at chr: chr1 pos:6053757 chunknumber 10500 contains 252 sites
	-> Printing at chr: chr1 pos:6095137 chunknumber 10600 contains 251 sites
	-> Printing at chr: chr1 pos:6146334 chunknumber 10700 contains 255 sites
	-> Printing at chr: chr1 pos:6189751 chunknumber 10800 contains 251 sites
	-> Printing at chr: chr1 pos:6232162 chunknumber 10900 contains 252 sites
	-> Printing at chr: chr1 pos:6282182 chunknumber 11000 contains 252 sites
	-> Printing at chr: chr1 pos:6322622 chunknumber 11100 contains 1239 sites
	-> Printing at chr: chr1 pos:6373286 chunknumber 11200 contains 251 sites
	-> Printing at chr: chr1 pos:6433960 chunknumber 11300 contains 962 sites
	-> Printing at chr: chr1 pos:6490570 chunknumber 11400 contains 401 sites
	-> Printing at chr: chr1 pos:6540726 chunknumber 11500 contains 251 sites
	-> Printing at chr: chr1 pos:6610814 chunknumber 11600 contains 254 sites
	-> Printing at chr: chr1 pos:6679873 chunknumber 11700 contains 359 sites
	-> Printing at chr: chr1 pos:6778620 chunknumber 11800 contains 251 sites
	-> Printing at chr: chr1 pos:6858955 chunknumber 11900 contains 463 sites
	-> Printing at chr: chr1 pos:6947423 chunknumber 12000 contains 252 sites
	-> Printing at chr: chr1 pos:6996462 chunknumber 12100 contains 632 sites
	-> Printing at chr: chr1 pos:7045415 chunknumber 12200 contains 252 sites
	-> Printing at chr: chr1 pos:7088297 chunknumber 12300 contains 251 sites
	-> Printing at chr: chr1 pos:7130147 chunknumber 12400 contains 251 sites
	-> Printing at chr: chr1 pos:7177372 chunknumber 12500 contains 251 sites
	-> Printing at chr: chr1 pos:7212429 chunknumber 12600 contains 253 sites
	-> Printing at chr: chr1 pos:7256092 chunknumber 12700 contains 252 sites
	-> Printing at chr: chr1 pos:7320206 chunknumber 12800 contains 2219 sites
	-> Printing at chr: chr1 pos:7394643 chunknumber 12900 contains 251 sites
	-> Printing at chr: chr1 pos:7456804 chunknumber 13000 contains 254 sites
	-> Printing at chr: chr1 pos:7514693 chunknumber 13100 contains 255 sites
	-> Printing at chr: chr1 pos:7570558 chunknumber 13200 contains 259 sites
	-> Printing at chr: chr1 pos:7633249 chunknumber 13300 contains 259 sites
	-> Printing at chr: chr1 pos:7719906 chunknumber 13400 contains 2515 sites
	-> Printing at chr: chr1 pos:7773716 chunknumber 13500 contains 251 sites
	-> Printing at chr: chr1 pos:7834568 chunknumber 13600 contains 269 sites
	-> Printing at chr: chr1 pos:7900784 chunknumber 13700 contains 536 sites
	-> Printing at chr: chr1 pos:7978458 chunknumber 13800 contains 255 sites
	-> Printing at chr: chr1 pos:8044359 chunknumber 13900 contains 379 sites
	-> Printing at chr: chr1 pos:8103947 chunknumber 14000 contains 251 sites
	-> Printing at chr: chr1 pos:8148692 chunknumber 14100 contains 251 sites
	-> Printing at chr: chr1 pos:8199637 chunknumber 14200 contains 252 sites
	-> Printing at chr: chr1 pos:8260251 chunknumber 14300 contains 251 sites
	-> Printing at chr: chr1 pos:8315370 chunknumber 14400 contains 251 sites
	-> Printing at chr: chr1 pos:8383116 chunknumber 14500 contains 590 sites
	-> Printing at chr: chr1 pos:8428899 chunknumber 14600 contains 262 sites
	-> Printing at chr: chr1 pos:8498245 chunknumber 14700 contains 255 sites
	-> Printing at chr: chr1 pos:8564327 chunknumber 14800 contains 982 sites
	-> Printing at chr: chr1 pos:8608846 chunknumber 14900 contains 252 sites
	-> Printing at chr: chr1 pos:8660716 chunknumber 15000 contains 251 sites
	-> Printing at chr: chr1 pos:8701999 chunknumber 15100 contains 251 sites
	-> Printing at chr: chr1 pos:8743218 chunknumber 15200 contains 472 sites
	-> Printing at chr: chr1 pos:8791311 chunknumber 15300 contains 259 sites
	-> Printing at chr: chr1 pos:8832082 chunknumber 15400 contains 264 sites
	-> Printing at chr: chr1 pos:8876213 chunknumber 15500 contains 254 sites
	-> Printing at chr: chr1 pos:8926903 chunknumber 15600 contains 255 sites
	-> Printing at chr: chr1 pos:8968002 chunknumber 15700 contains 257 sites
	-> Printing at chr: chr1 pos:9018327 chunknumber 15800 contains 605 sites
	-> Printing at chr: chr1 pos:9075208 chunknumber 15900 contains 1415 sites
	-> Printing at chr: chr1 pos:9140815 chunknumber 16000 contains 257 sites
	-> Printing at chr: chr1 pos:9187405 chunknumber 16100 contains 1667 sites
	-> Printing at chr: chr1 pos:9226776 chunknumber 16200 contains 251 sites
	-> Printing at chr: chr1 pos:9300079 chunknumber 16300 contains 251 sites
	-> Printing at chr: chr1 pos:9357600 chunknumber 16400 contains 255 sites
	-> Printing at chr: chr1 pos:9396322 chunknumber 16500 contains 252 sites
	-> Printing at chr: chr1 pos:9446658 chunknumber 16600 contains 321 sites
	-> Printing at chr: chr1 pos:9483082 chunknumber 16700 contains 255 sites
	-> Printing at chr: chr1 pos:9517891 chunknumber 16800 contains 450 sites
	-> Printing at chr: chr1 pos:9567193 chunknumber 16900 contains 275 sites
	-> Printing at chr: chr1 pos:9618488 chunknumber 17000 contains 335 sites
	-> Printing at chr: chr1 pos:9657735 chunknumber 17100 contains 251 sites
	-> Printing at chr: chr1 pos:9716778 chunknumber 17200 contains 255 sites
	-> Printing at chr: chr1 pos:9760134 chunknumber 17300 contains 252 sites
	-> Printing at chr: chr1 pos:9815003 chunknumber 17400 contains 255 sites
	-> Printing at chr: chr1 pos:9860825 chunknumber 17500 contains 251 sites
	-> Printing at chr: chr1 pos:9913050 chunknumber 17600 contains 251 sites
	-> Printing at chr: chr1 pos:9971002 chunknumber 17700 contains 364 sites
	-> Printing at chr: chr1 pos:10052693 chunknumber 17800 contains 251 sites
	-> Printing at chr: chr1 pos:10096271 chunknumber 17900 contains 251 sites
	-> Printing at chr: chr1 pos:10165487 chunknumber 18000 contains 588 sites
	-> Printing at chr: chr1 pos:10208565 chunknumber 18100 contains 253 sites
	-> Printing at chr: chr1 pos:10262906 chunknumber 18200 contains 702 sites
	-> Printing at chr: chr1 pos:10319398 chunknumber 18300 contains 356 sites
	-> Printing at chr: chr1 pos:10386686 chunknumber 18400 contains 254 sites
	-> Printing at chr: chr1 pos:10447514 chunknumber 18500 contains 251 sites
	-> Printing at chr: chr1 pos:10504867 chunknumber 18600 contains 290 sites
	-> Printing at chr: chr1 pos:10569746 chunknumber 18700 contains 251 sites
	-> Printing at chr: chr1 pos:10636749 chunknumber 18800 contains 379 sites
	-> Printing at chr: chr1 pos:10694419 chunknumber 18900 contains 255 sites
	-> Printing at chr: chr1 pos:10746360 chunknumber 19000 contains 252 sites
	-> Printing at chr: chr1 pos:10805310 chunknumber 19100 contains 258 sites
	-> Printing at chr: chr1 pos:10864703 chunknumber 19200 contains 413 sites
	-> Printing at chr: chr1 pos:10905433 chunknumber 19300 contains 736 sites
	-> Printing at chr: chr1 pos:10975010 chunknumber 19400 contains 1245 sites
	-> Printing at chr: chr1 pos:11029998 chunknumber 19500 contains 864 sites
	-> Printing at chr: chr1 pos:11093226 chunknumber 19600 contains 436 sites
	-> Printing at chr: chr1 pos:11127439 chunknumber 19700 contains 266 sites
	-> Printing at chr: chr1 pos:11168330 chunknumber 19800 contains 517 sites
	-> Printing at chr: chr1 pos:11217251 chunknumber 19900 contains 254 sites
	-> Printing at chr: chr1 pos:11279406 chunknumber 20000 contains 458 sites
	-> Printing at chr: chr1 pos:11337983 chunknumber 20100 contains 252 sites
	-> Printing at chr: chr1 pos:11408521 chunknumber 20200 contains 252 sites
	-> Printing at chr: chr1 pos:11471286 chunknumber 20300 contains 972 sites
	-> Printing at chr: chr1 pos:11591487 chunknumber 20400 contains 252 sites
	-> Printing at chr: chr1 pos:11734499 chunknumber 20500 contains 253 sites
	-> Printing at chr: chr1 pos:11784746 chunknumber 20600 contains 251 sites
	-> Printing at chr: chr1 pos:11836660 chunknumber 20700 contains 259 sites
	-> Printing at chr: chr1 pos:11885517 chunknumber 20800 contains 258 sites
	-> Printing at chr: chr1 pos:11928911 chunknumber 20900 contains 324 sites
	-> Printing at chr: chr1 pos:11977363 chunknumber 21000 contains 259 sites
	-> Printing at chr: chr1 pos:12026379 chunknumber 21100 contains 290 sites
	-> Printing at chr: chr1 pos:12067578 chunknumber 21200 contains 251 sites
	-> Printing at chr: chr1 pos:12110935 chunknumber 21300 contains 2545 sites
	-> Printing at chr: chr1 pos:12151445 chunknumber 21400 contains 347 sites
	-> Printing at chr: chr1 pos:12190557 chunknumber 21500 contains 259 sites
	-> Printing at chr: chr1 pos:12227235 chunknumber 21600 contains 277 sites
	-> Printing at chr: chr1 pos:12259222 chunknumber 21700 contains 252 sites
	-> Printing at chr: chr1 pos:12297545 chunknumber 21800 contains 251 sites
	-> Printing at chr: chr1 pos:12332729 chunknumber 21900 contains 359 sites
	-> Printing at chr: chr1 pos:12371765 chunknumber 22000 contains 251 sites
	-> Printing at chr: chr1 pos:12411804 chunknumber 22100 contains 251 sites
	-> Printing at chr: chr1 pos:12451904 chunknumber 22200 contains 252 sites
	-> Printing at chr: chr1 pos:12492901 chunknumber 22300 contains 252 sites
	-> Printing at chr: chr1 pos:12538634 chunknumber 22400 contains 251 sites
	-> Printing at chr: chr1 pos:12578674 chunknumber 22500 contains 256 sites
	-> Printing at chr: chr1 pos:12616244 chunknumber 22600 contains 252 sites
	-> Printing at chr: chr1 pos:12658314 chunknumber 22700 contains 285 sites
	-> Printing at chr: chr1 pos:12709636 chunknumber 22800 contains 289 sites
	-> Printing at chr: chr1 pos:12753877 chunknumber 22900 contains 251 sites
	-> Printing at chr: chr1 pos:12801818 chunknumber 23000 contains 257 sites
	-> Printing at chr: chr1 pos:12847219 chunknumber 23100 contains 256 sites
	-> Printing at chr: chr1 pos:12896429 chunknumber 23200 contains 252 sites
	-> Printing at chr: chr1 pos:12940360 chunknumber 23300 contains 480 sites
	-> Printing at chr: chr1 pos:12987961 chunknumber 23400 contains 811 sites
	-> Printing at chr: chr1 pos:13036191 chunknumber 23500 contains 259 sites
	-> Printing at chr: chr1 pos:13087766 chunknumber 23600 contains 287 sites
	-> Printing at chr: chr1 pos:13139300 chunknumber 23700 contains 253 sites
	-> Printing at chr: chr1 pos:13180675 chunknumber 23800 contains 252 sites
	-> Printing at chr: chr1 pos:13225606 chunknumber 23900 contains 444 sites
	-> Printing at chr: chr1 pos:13269059 chunknumber 24000 contains 251 sites
	-> Printing at chr: chr1 pos:13310359 chunknumber 24100 contains 251 sites
	-> Printing at chr: chr1 pos:13360867 chunknumber 24200 contains 254 sites
	-> Printing at chr: chr1 pos:13417884 chunknumber 24300 contains 252 sites
	-> Printing at chr: chr1 pos:13476596 chunknumber 24400 contains 251 sites
	-> Printing at chr: chr1 pos:13522381 chunknumber 24500 contains 251 sites
	-> Printing at chr: chr1 pos:13572806 chunknumber 24600 contains 206 sites
	-> Printing at chr: chr1 pos:13623473 chunknumber 24700 contains 277 sites
	-> Printing at chr: chr1 pos:13668265 chunknumber 24800 contains 254 sites
	-> Printing at chr: chr1 pos:13724969 chunknumber 24900 contains 2846 sites
	-> Printing at chr: chr1 pos:13788411 chunknumber 25000 contains 252 sites
	-> Printing at chr: chr1 pos:13862482 chunknumber 25100 contains 251 sites
	-> Printing at chr: chr1 pos:13902188 chunknumber 25200 contains 251 sites
	-> Printing at chr: chr1 pos:13951331 chunknumber 25300 contains 251 sites
	-> Printing at chr: chr1 pos:14000272 chunknumber 25400 contains 251 sites
	-> Printing at chr: chr1 pos:14047146 chunknumber 25500 contains 361 sites
	-> Printing at chr: chr1 pos:14093693 chunknumber 25600 contains 694 sites
	-> Printing at chr: chr1 pos:14140578 chunknumber 25700 contains 251 sites
	-> Printing at chr: chr1 pos:14179654 chunknumber 25800 contains 251 sites
	-> Printing at chr: chr1 pos:14219041 chunknumber 25900 contains 419 sites
	-> Printing at chr: chr1 pos:14254216 chunknumber 26000 contains 648 sites
	-> Printing at chr: chr1 pos:14298841 chunknumber 26100 contains 407 sites
	-> Printing at chr: chr1 pos:14348290 chunknumber 26200 contains 253 sites
	-> Printing at chr: chr1 pos:14400660 chunknumber 26300 contains 534 sites
	-> Printing at chr: chr1 pos:14450631 chunknumber 26400 contains 252 sites
	-> Printing at chr: chr1 pos:14491795 chunknumber 26500 contains 255 sites
	-> Printing at chr: chr1 pos:14536762 chunknumber 26600 contains 722 sites
	-> Printing at chr: chr1 pos:14581567 chunknumber 26700 contains 251 sites
	-> Printing at chr: chr1 pos:14627914 chunknumber 26800 contains 254 sites
	-> Printing at chr: chr1 pos:14667406 chunknumber 26900 contains 251 sites
	-> Printing at chr: chr1 pos:14717559 chunknumber 27000 contains 249 sites
	-> Printing at chr: chr1 pos:14751836 chunknumber 27100 contains 251 sites
	-> Printing at chr: chr1 pos:14789911 chunknumber 27200 contains 251 sites
	-> Printing at chr: chr1 pos:14832114 chunknumber 27300 contains 251 sites
	-> Printing at chr: chr1 pos:14873816 chunknumber 27400 contains 252 sites
	-> Printing at chr: chr1 pos:14918007 chunknumber 27500 contains 251 sites
	-> Printing at chr: chr1 pos:14958558 chunknumber 27600 contains 347 sites
	-> Printing at chr: chr1 pos:15010794 chunknumber 27700 contains 265 sites
	-> Printing at chr: chr1 pos:15054445 chunknumber 27800 contains 195 sites
	-> Printing at chr: chr1 pos:15097131 chunknumber 27900 contains 253 sites
	-> Printing at chr: chr1 pos:15138933 chunknumber 28000 contains 311 sites
	-> Printing at chr: chr1 pos:15188377 chunknumber 28100 contains 252 sites
	-> Printing at chr: chr1 pos:15235961 chunknumber 28200 contains 255 sites
	-> Printing at chr: chr1 pos:15279321 chunknumber 28300 contains 1035 sites
	-> Printing at chr: chr1 pos:15338604 chunknumber 28400 contains 364 sites
	-> Printing at chr: chr1 pos:15382675 chunknumber 28500 contains 369 sites
	-> Printing at chr: chr1 pos:15425369 chunknumber 28600 contains 251 sites
	-> Printing at chr: chr1 pos:15465083 chunknumber 28700 contains 251 sites
	-> Printing at chr: chr1 pos:15511690 chunknumber 28800 contains 377 sites
	-> Printing at chr: chr1 pos:15564729 chunknumber 28900 contains 252 sites
	-> Printing at chr: chr1 pos:15608476 chunknumber 29000 contains 251 sites
	-> Printing at chr: chr1 pos:15647833 chunknumber 29100 contains 259 sites
	-> Printing at chr: chr1 pos:15689408 chunknumber 29200 contains 252 sites
	-> Printing at chr: chr1 pos:15732063 chunknumber 29300 contains 1289 sites
	-> Printing at chr: chr1 pos:15773837 chunknumber 29400 contains 251 sites
	-> Printing at chr: chr1 pos:15820686 chunknumber 29500 contains 251 sites
	-> Printing at chr: chr1 pos:15859393 chunknumber 29600 contains 333 sites
	-> Printing at chr: chr1 pos:15911426 chunknumber 29700 contains 1468 sites
	-> Printing at chr: chr1 pos:15970980 chunknumber 29800 contains 251 sites
	-> Printing at chr: chr1 pos:16017418 chunknumber 29900 contains 255 sites
	-> Printing at chr: chr1 pos:16056255 chunknumber 30000 contains 251 sites
	-> Printing at chr: chr1 pos:16099495 chunknumber 30100 contains 272 sites
	-> Printing at chr: chr1 pos:16141999 chunknumber 30200 contains 256 sites
	-> Printing at chr: chr1 pos:16191542 chunknumber 30300 contains 322 sites
	-> Printing at chr: chr1 pos:16233534 chunknumber 30400 contains 252 sites
	-> Printing at chr: chr1 pos:16279799 chunknumber 30500 contains 251 sites
	-> Printing at chr: chr1 pos:16339777 chunknumber 30600 contains 256 sites
	-> Printing at chr: chr1 pos:16390615 chunknumber 30700 contains 266 sites
	-> Printing at chr: chr1 pos:16436581 chunknumber 30800 contains 1800 sites
	-> Printing at chr: chr1 pos:16482641 chunknumber 30900 contains 870 sites
	-> Printing at chr: chr1 pos:16531395 chunknumber 31000 contains 258 sites
	-> Printing at chr: chr1 pos:16583889 chunknumber 31100 contains 2567 sites
	-> Printing at chr: chr1 pos:16635624 chunknumber 31200 contains 251 sites
	-> Printing at chr: chr1 pos:16694768 chunknumber 31300 contains 884 sites
	-> Printing at chr: chr1 pos:16762974 chunknumber 31400 contains 1028 sites
	-> Printing at chr: chr1 pos:16838601 chunknumber 31500 contains 252 sites
	-> Printing at chr: chr1 pos:16907063 chunknumber 31600 contains 255 sites
	-> Printing at chr: chr1 pos:16956415 chunknumber 31700 contains 252 sites
	-> Printing at chr: chr1 pos:17008647 chunknumber 31800 contains 720 sites
	-> Printing at chr: chr1 pos:17062617 chunknumber 31900 contains 253 sites
	-> Printing at chr: chr1 pos:17104087 chunknumber 32000 contains 251 sites
	-> Printing at chr: chr1 pos:17139617 chunknumber 32100 contains 251 sites
	-> Printing at chr: chr1 pos:17193209 chunknumber 32200 contains 259 sites
	-> Printing at chr: chr1 pos:17236581 chunknumber 32300 contains 252 sites
	-> Printing at chr: chr1 pos:17272240 chunknumber 32400 contains 253 sites
	-> Printing at chr: chr1 pos:17315926 chunknumber 32500 contains 252 sites
	-> Printing at chr: chr1 pos:17354180 chunknumber 32600 contains 264 sites
	-> Printing at chr: chr1 pos:17397556 chunknumber 32700 contains 251 sites
	-> Printing at chr: chr1 pos:17449240 chunknumber 32800 contains 252 sites
	-> Printing at chr: chr1 pos:17491657 chunknumber 32900 contains 253 sites
	-> Printing at chr: chr1 pos:17535501 chunknumber 33000 contains 253 sites
	-> Printing at chr: chr1 pos:17578363 chunknumber 33100 contains 381 sites
	-> Printing at chr: chr1 pos:17628506 chunknumber 33200 contains 251 sites
	-> Printing at chr: chr1 pos:17671796 chunknumber 33300 contains 279 sites
	-> Printing at chr: chr1 pos:17719489 chunknumber 33400 contains 251 sites
	-> Printing at chr: chr1 pos:17765612 chunknumber 33500 contains 609 sites
	-> Printing at chr: chr1 pos:17807444 chunknumber 33600 contains 289 sites
	-> Printing at chr: chr1 pos:17860902 chunknumber 33700 contains 252 sites
	-> Printing at chr: chr1 pos:17904176 chunknumber 33800 contains 258 sites
	-> Printing at chr: chr1 pos:17953691 chunknumber 33900 contains 253 sites
	-> Printing at chr: chr1 pos:17994225 chunknumber 34000 contains 257 sites
	-> Printing at chr: chr1 pos:18037901 chunknumber 34100 contains 716 sites
	-> Printing at chr: chr1 pos:18090833 chunknumber 34200 contains 380 sites
	-> Printing at chr: chr1 pos:18138552 chunknumber 34300 contains 265 sites
	-> Printing at chr: chr1 pos:18181886 chunknumber 34400 contains 252 sites
	-> Printing at chr: chr1 pos:18231966 chunknumber 34500 contains 328 sites
	-> Printing at chr: chr1 pos:18278895 chunknumber 34600 contains 251 sites
	-> Printing at chr: chr1 pos:18319199 chunknumber 34700 contains 253 sites
	-> Printing at chr: chr1 pos:18379135 chunknumber 34800 contains 252 sites
	-> Printing at chr: chr1 pos:18421931 chunknumber 34900 contains 599 sites
	-> Printing at chr: chr1 pos:18469068 chunknumber 35000 contains 405 sites
	-> Printing at chr: chr1 pos:18513188 chunknumber 35100 contains 255 sites
	-> Printing at chr: chr1 pos:18560440 chunknumber 35200 contains 933 sites
	-> Printing at chr: chr1 pos:18614571 chunknumber 35300 contains 259 sites
	-> Printing at chr: chr1 pos:18659000 chunknumber 35400 contains 251 sites
	-> Printing at chr: chr1 pos:18703840 chunknumber 35500 contains 260 sites
	-> Printing at chr: chr1 pos:18746622 chunknumber 35600 contains 252 sites
	-> Printing at chr: chr1 pos:18800538 chunknumber 35700 contains 251 sites
	-> Printing at chr: chr1 pos:18848837 chunknumber 35800 contains 259 sites
	-> Printing at chr: chr1 pos:18890827 chunknumber 35900 contains 680 sites
	-> Printing at chr: chr1 pos:18931038 chunknumber 36000 contains 253 sites
	-> Printing at chr: chr1 pos:18975503 chunknumber 36100 contains 268 sites
	-> Printing at chr: chr1 pos:19014865 chunknumber 36200 contains 201 sites
	-> Printing at chr: chr1 pos:19069022 chunknumber 36300 contains 252 sites
	-> Printing at chr: chr1 pos:19110442 chunknumber 36400 contains 252 sites
	-> Printing at chr: chr1 pos:19161310 chunknumber 36500 contains 254 sites
	-> Printing at chr: chr1 pos:19202317 chunknumber 36600 contains 1093 sites
	-> Printing at chr: chr1 pos:19249299 chunknumber 36700 contains 159 sites
	-> Printing at chr: chr1 pos:19287825 chunknumber 36800 contains 251 sites
	-> Printing at chr: chr1 pos:19326642 chunknumber 36900 contains 251 sites
	-> Printing at chr: chr1 pos:19370434 chunknumber 37000 contains 318 sites
	-> Printing at chr: chr1 pos:19425125 chunknumber 37100 contains 261 sites
	-> Printing at chr: chr1 pos:19481040 chunknumber 37200 contains 263 sites
	-> Printing at chr: chr1 pos:19531088 chunknumber 37300 contains 1092 sites
	-> Printing at chr: chr1 pos:19580015 chunknumber 37400 contains 370 sites
	-> Printing at chr: chr1 pos:19623045 chunknumber 37500 contains 258 sites
	-> Printing at chr: chr1 pos:19669426 chunknumber 37600 contains 267 sites
	-> Printing at chr: chr1 pos:19713691 chunknumber 37700 contains 254 sites
	-> Printing at chr: chr1 pos:19769062 chunknumber 37800 contains 281 sites
	-> Printing at chr: chr1 pos:19815647 chunknumber 37900 contains 264 sites
	-> Printing at chr: chr1 pos:19862530 chunknumber 38000 contains 253 sites
	-> Printing at chr: chr1 pos:19913179 chunknumber 38100 contains 253 sites
	-> Printing at chr: chr1 pos:19960871 chunknumber 38200 contains 449 sites
	-> Printing at chr: chr1 pos:20008067 chunknumber 38300 contains 567 sites
	-> Printing at chr: chr1 pos:20049175 chunknumber 38400 contains 258 sites
	-> Printing at chr: chr1 pos:20095443 chunknumber 38500 contains 251 sites
	-> Printing at chr: chr1 pos:20137864 chunknumber 38600 contains 332 sites
	-> Printing at chr: chr1 pos:20207222 chunknumber 38700 contains 973 sites
	-> Printing at chr: chr1 pos:20288693 chunknumber 38800 contains 252 sites
	-> Printing at chr: chr1 pos:20361331 chunknumber 38900 contains 394 sites
	-> Printing at chr: chr1 pos:20422891 chunknumber 39000 contains 262 sites
	-> Printing at chr: chr1 pos:20474356 chunknumber 39100 contains 219 sites
	-> Printing at chr: chr1 pos:20523796 chunknumber 39200 contains 255 sites
	-> Printing at chr: chr1 pos:20585100 chunknumber 39300 contains 251 sites
	-> Printing at chr: chr1 pos:20639477 chunknumber 39400 contains 253 sites
	-> Printing at chr: chr1 pos:20698224 chunknumber 39500 contains 251 sites
	-> Printing at chr: chr1 pos:20747265 chunknumber 39600 contains 256 sites
	-> Printing at chr: chr1 pos:20811027 chunknumber 39700 contains 252 sites
	-> Printing at chr: chr1 pos:20863836 chunknumber 39800 contains 326 sites
	-> Printing at chr: chr1 pos:20920119 chunknumber 39900 contains 262 sites
	-> Printing at chr: chr1 pos:20960314 chunknumber 40000 contains 256 sites
	-> Printing at chr: chr1 pos:21014232 chunknumber 40100 contains 252 sites
	-> Printing at chr: chr1 pos:21060384 chunknumber 40200 contains 367 sites
	-> Printing at chr: chr1 pos:21106857 chunknumber 40300 contains 357 sites
	-> Printing at chr: chr1 pos:21152001 chunknumber 40400 contains 265 sites
	-> Printing at chr: chr1 pos:21206263 chunknumber 40500 contains 489 sites
	-> Printing at chr: chr1 pos:21254014 chunknumber 40600 contains 254 sites
	-> Printing at chr: chr1 pos:21298206 chunknumber 40700 contains 257 sites
	-> Printing at chr: chr1 pos:21352617 chunknumber 40800 contains 256 sites
	-> Printing at chr: chr1 pos:21397733 chunknumber 40900 contains 815 sites
	-> Printing at chr: chr1 pos:21450918 chunknumber 41000 contains 253 sites
	-> Printing at chr: chr1 pos:21500649 chunknumber 41100 contains 328 sites
	-> Printing at chr: chr1 pos:21544633 chunknumber 41200 contains 869 sites
	-> Printing at chr: chr1 pos:21592015 chunknumber 41300 contains 381 sites
	-> Printing at chr: chr1 pos:21636075 chunknumber 41400 contains 255 sites
	-> Printing at chr: chr1 pos:21680814 chunknumber 41500 contains 253 sites
	-> Printing at chr: chr1 pos:21724122 chunknumber 41600 contains 251 sites
	-> Printing at chr: chr1 pos:21772916 chunknumber 41700 contains 253 sites
	-> Printing at chr: chr1 pos:21813871 chunknumber 41800 contains 258 sites
	-> Printing at chr: chr1 pos:21869737 chunknumber 41900 contains 261 sites
	-> Printing at chr: chr1 pos:21920640 chunknumber 42000 contains 252 sites
	-> Printing at chr: chr1 pos:21970118 chunknumber 42100 contains 251 sites
	-> Printing at chr: chr1 pos:22031680 chunknumber 42200 contains 251 sites
	-> Printing at chr: chr1 pos:22064794 chunknumber 42300 contains 256 sites
	-> Printing at chr: chr1 pos:22110221 chunknumber 42400 contains 254 sites
	-> Printing at chr: chr1 pos:22150054 chunknumber 42500 contains 258 sites
	-> Printing at chr: chr1 pos:22190743 chunknumber 42600 contains 567 sites
	-> Printing at chr: chr1 pos:22227185 chunknumber 42700 contains 251 sites
	-> Printing at chr: chr1 pos:22289783 chunknumber 42800 contains 707 sites
	-> Printing at chr: chr1 pos:22331036 chunknumber 42900 contains 253 sites
	-> Printing at chr: chr1 pos:22383198 chunknumber 43000 contains 251 sites
	-> Printing at chr: chr1 pos:22431306 chunknumber 43100 contains 253 sites
	-> Printing at chr: chr1 pos:22479192 chunknumber 43200 contains 254 sites
	-> Printing at chr: chr1 pos:22517796 chunknumber 43300 contains 253 sites
	-> Printing at chr: chr1 pos:22567124 chunknumber 43400 contains 253 sites
	-> Printing at chr: chr1 pos:22611067 chunknumber 43500 contains 253 sites
	-> Printing at chr: chr1 pos:22653374 chunknumber 43600 contains 297 sites
	-> Printing at chr: chr1 pos:22699889 chunknumber 43700 contains 365 sites
	-> Printing at chr: chr1 pos:22743699 chunknumber 43800 contains 262 sites
	-> Printing at chr: chr1 pos:22780346 chunknumber 43900 contains 281 sites
	-> Printing at chr: chr1 pos:22828858 chunknumber 44000 contains 253 sites
	-> Printing at chr: chr1 pos:22872127 chunknumber 44100 contains 251 sites
	-> Printing at chr: chr1 pos:22913591 chunknumber 44200 contains 977 sites
	-> Printing at chr: chr1 pos:22960941 chunknumber 44300 contains 253 sites
	-> Printing at chr: chr1 pos:23006010 chunknumber 44400 contains 252 sites
	-> Printing at chr: chr1 pos:23048339 chunknumber 44500 contains 569 sites
	-> Printing at chr: chr1 pos:23094738 chunknumber 44600 contains 252 sites
	-> Printing at chr: chr1 pos:23137886 chunknumber 44700 contains 730 sites
	-> Printing at chr: chr1 pos:23185647 chunknumber 44800 contains 252 sites
	-> Printing at chr: chr1 pos:23233058 chunknumber 44900 contains 252 sites
	-> Printing at chr: chr1 pos:23271625 chunknumber 45000 contains 252 sites
	-> Printing at chr: chr1 pos:23329441 chunknumber 45100 contains 255 sites
	-> Printing at chr: chr1 pos:23378344 chunknumber 45200 contains 1005 sites
	-> Printing at chr: chr1 pos:23424872 chunknumber 45300 contains 251 sites
	-> Printing at chr: chr1 pos:23472453 chunknumber 45400 contains 251 sites
	-> Printing at chr: chr1 pos:23542149 chunknumber 45500 contains 258 sites
	-> Printing at chr: chr1 pos:23595697 chunknumber 45600 contains 256 sites
	-> Printing at chr: chr1 pos:23657389 chunknumber 45700 contains 457 sites
	-> Printing at chr: chr1 pos:23734967 chunknumber 45800 contains 782 sites
	-> Printing at chr: chr1 pos:23809261 chunknumber 45900 contains 959 sites
	-> Printing at chr: chr1 pos:23876077 chunknumber 46000 contains 795 sites
	-> Printing at chr: chr1 pos:23917041 chunknumber 46100 contains 266 sites
	-> Printing at chr: chr1 pos:23980604 chunknumber 46200 contains 356 sites
	-> Printing at chr: chr1 pos:24044845 chunknumber 46300 contains 341 sites
	-> Printing at chr: chr1 pos:24118316 chunknumber 46400 contains 251 sites
	-> Printing at chr: chr1 pos:24181742 chunknumber 46500 contains 1027 sites
	-> Printing at chr: chr1 pos:24260771 chunknumber 46600 contains 257 sites
	-> Printing at chr: chr1 pos:24346919 chunknumber 46700 contains 265 sites
	-> Printing at chr: chr1 pos:24428434 chunknumber 46800 contains 281 sites
	-> Printing at chr: chr1 pos:24505056 chunknumber 46900 contains 2041 sites
	-> Printing at chr: chr1 pos:24621109 chunknumber 47000 contains 354 sites
	-> Printing at chr: chr1 pos:24712599 chunknumber 47100 contains 409 sites
	-> Printing at chr: chr1 pos:24784564 chunknumber 47200 contains 253 sites
	-> Printing at chr: chr1 pos:24863260 chunknumber 47300 contains 2025 sites
	-> Printing at chr: chr1 pos:24955993 chunknumber 47400 contains 1927 sites
	-> Printing at chr: chr1 pos:25014749 chunknumber 47500 contains 320 sites
	-> Printing at chr: chr1 pos:25067024 chunknumber 47600 contains 251 sites
	-> Printing at chr: chr1 pos:25123729 chunknumber 47700 contains 647 sites
	-> Printing at chr: chr1 pos:25173236 chunknumber 47800 contains 255 sites
	-> Printing at chr: chr1 pos:25225828 chunknumber 47900 contains 251 sites
	-> Printing at chr: chr1 pos:25277324 chunknumber 48000 contains 254 sites
	-> Printing at chr: chr1 pos:25313699 chunknumber 48100 contains 252 sites
	-> Printing at chr: chr1 pos:25356681 chunknumber 48200 contains 252 sites
	-> Printing at chr: chr1 pos:25400091 chunknumber 48300 contains 251 sites
	-> Printing at chr: chr1 pos:25450342 chunknumber 48400 contains 254 sites
	-> Printing at chr: chr1 pos:25499159 chunknumber 48500 contains 251 sites
	-> Printing at chr: chr1 pos:25557564 chunknumber 48600 contains 385 sites
	-> Printing at chr: chr1 pos:25598840 chunknumber 48700 contains 672 sites
	-> Printing at chr: chr1 pos:25649906 chunknumber 48800 contains 356 sites
	-> Printing at chr: chr1 pos:25690355 chunknumber 48900 contains 251 sites
	-> Printing at chr: chr1 pos:25738678 chunknumber 49000 contains 251 sites
	-> Printing at chr: chr1 pos:25792007 chunknumber 49100 contains 461 sites
	-> Printing at chr: chr1 pos:25850799 chunknumber 49200 contains 253 sites
	-> Printing at chr: chr1 pos:25900657 chunknumber 49300 contains 256 sites
	-> Printing at chr: chr1 pos:25946225 chunknumber 49400 contains 251 sites
	-> Printing at chr: chr1 pos:25992086 chunknumber 49500 contains 1218 sites
	-> Printing at chr: chr1 pos:26042013 chunknumber 49600 contains 946 sites
	-> Printing at chr: chr1 pos:26107502 chunknumber 49700 contains 259 sites
	-> Printing at chr: chr1 pos:26159318 chunknumber 49800 contains 378 sites
	-> Printing at chr: chr1 pos:26207949 chunknumber 49900 contains 497 sites
	-> Printing at chr: chr1 pos:26250308 chunknumber 50000 contains 257 sites
	-> Printing at chr: chr1 pos:26292894 chunknumber 50100 contains 252 sites
	-> Printing at chr: chr1 pos:26338838 chunknumber 50200 contains 218 sites
	-> Printing at chr: chr1 pos:26392417 chunknumber 50300 contains 265 sites
	-> Printing at chr: chr1 pos:26433955 chunknumber 50400 contains 315 sites
	-> Printing at chr: chr1 pos:26473693 chunknumber 50500 contains 871 sites
	-> Printing at chr: chr1 pos:26515248 chunknumber 50600 contains 252 sites
	-> Printing at chr: chr1 pos:26563431 chunknumber 50700 contains 254 sites
	-> Printing at chr: chr1 pos:26600359 chunknumber 50800 contains 370 sites
	-> Printing at chr: chr1 pos:26642413 chunknumber 50900 contains 251 sites
	-> Printing at chr: chr1 pos:26690096 chunknumber 51000 contains 425 sites
	-> Printing at chr: chr1 pos:26744806 chunknumber 51100 contains 251 sites
	-> Printing at chr: chr1 pos:26794421 chunknumber 51200 contains 252 sites
	-> Printing at chr: chr1 pos:26845059 chunknumber 51300 contains 251 sites
	-> Printing at chr: chr1 pos:26890025 chunknumber 51400 contains 251 sites
	-> Printing at chr: chr1 pos:26931812 chunknumber 51500 contains 1036 sites
	-> Printing at chr: chr1 pos:26984836 chunknumber 51600 contains 253 sites
	-> Printing at chr: chr1 pos:27033777 chunknumber 51700 contains 253 sites
	-> Printing at chr: chr1 pos:27075924 chunknumber 51800 contains 251 sites
	-> Printing at chr: chr1 pos:27118451 chunknumber 51900 contains 277 sites
	-> Printing at chr: chr1 pos:27165844 chunknumber 52000 contains 331 sites
	-> Printing at chr: chr1 pos:27201649 chunknumber 52100 contains 251 sites
	-> Printing at chr: chr1 pos:27243582 chunknumber 52200 contains 251 sites
	-> Printing at chr: chr1 pos:27290008 chunknumber 52300 contains 251 sites
	-> Printing at chr: chr1 pos:27334445 chunknumber 52400 contains 1044 sites
	-> Printing at chr: chr1 pos:27379656 chunknumber 52500 contains 495 sites
	-> Printing at chr: chr1 pos:27428557 chunknumber 52600 contains 305 sites
	-> Printing at chr: chr1 pos:27470919 chunknumber 52700 contains 251 sites
	-> Printing at chr: chr1 pos:27524730 chunknumber 52800 contains 252 sites
	-> Printing at chr: chr1 pos:27573833 chunknumber 52900 contains 260 sites
	-> Printing at chr: chr1 pos:27633414 chunknumber 53000 contains 314 sites
	-> Printing at chr: chr1 pos:27675232 chunknumber 53100 contains 258 sites
	-> Printing at chr: chr1 pos:27781850 chunknumber 53200 contains 361 sites
	-> Printing at chr: chr1 pos:27843412 chunknumber 53300 contains 252 sites
	-> Printing at chr: chr1 pos:27925564 chunknumber 53400 contains 300 sites
	-> Printing at chr: chr1 pos:28017741 chunknumber 53500 contains 262 sites
	-> Printing at chr: chr1 pos:28081102 chunknumber 53600 contains 251 sites
	-> Printing at chr: chr1 pos:28168210 chunknumber 53700 contains 401 sites
	-> Printing at chr: chr1 pos:28255793 chunknumber 53800 contains 264 sites
	-> Printing at chr: chr1 pos:28341308 chunknumber 53900 contains 251 sites
	-> Printing at chr: chr1 pos:28412245 chunknumber 54000 contains 251 sites
	-> Printing at chr: chr1 pos:28507391 chunknumber 54100 contains 577 sites
	-> Printing at chr: chr1 pos:28605259 chunknumber 54200 contains 304 sites
	-> Printing at chr: chr1 pos:28681925 chunknumber 54300 contains 1912 sites
	-> Printing at chr: chr1 pos:28780840 chunknumber 54400 contains 251 sites
	-> Printing at chr: chr1 pos:28853535 chunknumber 54500 contains 252 sites
	-> Printing at chr: chr1 pos:28919032 chunknumber 54600 contains 858 sites
	-> Printing at chr: chr1 pos:29044400 chunknumber 54700 contains 368 sites
	-> Printing at chr: chr1 pos:29183112 chunknumber 54800 contains 1535 sites
	-> Printing at chr: chr1 pos:29294078 chunknumber 54900 contains 1755 sites
	-> Printing at chr: chr1 pos:29405144 chunknumber 55000 contains 255 sites
	-> Printing at chr: chr1 pos:29528489 chunknumber 55100 contains 254 sites
	-> Printing at chr: chr1 pos:29610736 chunknumber 55200 contains 254 sites
	-> Printing at chr: chr1 pos:29675798 chunknumber 55300 contains 252 sites
	-> Printing at chr: chr1 pos:29742313 chunknumber 55400 contains 257 sites
	-> Printing at chr: chr1 pos:29817920 chunknumber 55500 contains 251 sites
	-> Printing at chr: chr1 pos:29893013 chunknumber 55600 contains 273 sites
	-> Printing at chr: chr1 pos:29977913 chunknumber 55700 contains 252 sites
	-> Printing at chr: chr1 pos:30061494 chunknumber 55800 contains 279 sites
	-> Printing at chr: chr1 pos:30153353 chunknumber 55900 contains 327 sites
	-> Printing at chr: chr1 pos:30259068 chunknumber 56000 contains 698 sites
	-> Printing at chr: chr1 pos:30375698 chunknumber 56100 contains 3193 sites
	-> Printing at chr: chr1 pos:30461495 chunknumber 56200 contains 444 sites
	-> Printing at chr: chr1 pos:30559893 chunknumber 56300 contains 251 sites
	-> Printing at chr: chr1 pos:30648355 chunknumber 56400 contains 350 sites
	-> Printing at chr: chr1 pos:30745639 chunknumber 56500 contains 251 sites
	-> Printing at chr: chr1 pos:30845140 chunknumber 56600 contains 313 sites
	-> Printing at chr: chr1 pos:30941575 chunknumber 56700 contains 1459 sites
	-> Printing at chr: chr1 pos:31068187 chunknumber 56800 contains 255 sites
	-> Printing at chr: chr1 pos:31144039 chunknumber 56900 contains 2484 sites
	-> Printing at chr: chr1 pos:31219774 chunknumber 57000 contains 254 sites
	-> Printing at chr: chr1 pos:31279915 chunknumber 57100 contains 254 sites
	-> Printing at chr: chr1 pos:31360310 chunknumber 57200 contains 791 sites
	-> Printing at chr: chr1 pos:31421009 chunknumber 57300 contains 255 sites
	-> Printing at chr: chr1 pos:31472039 chunknumber 57400 contains 257 sites
	-> Printing at chr: chr1 pos:31518582 chunknumber 57500 contains 251 sites
	-> Printing at chr: chr1 pos:31594294 chunknumber 57600 contains 258 sites
	-> Printing at chr: chr1 pos:31666948 chunknumber 57700 contains 255 sites
	-> Printing at chr: chr1 pos:31728261 chunknumber 57800 contains 254 sites
	-> Printing at chr: chr1 pos:31791567 chunknumber 57900 contains 257 sites
	-> Printing at chr: chr1 pos:31838366 chunknumber 58000 contains 251 sites
	-> Printing at chr: chr1 pos:31899632 chunknumber 58100 contains 255 sites
	-> Printing at chr: chr1 pos:31963469 chunknumber 58200 contains 515 sites
	-> Printing at chr: chr1 pos:32053888 chunknumber 58300 contains 275 sites
	-> Printing at chr: chr1 pos:32117824 chunknumber 58400 contains 252 sites
	-> Printing at chr: chr1 pos:32189135 chunknumber 58500 contains 257 sites
	-> Printing at chr: chr1 pos:32248768 chunknumber 58600 contains 257 sites
	-> Printing at chr: chr1 pos:32314869 chunknumber 58700 contains 253 sites
	-> Printing at chr: chr1 pos:32376806 chunknumber 58800 contains 362 sites
	-> Printing at chr: chr1 pos:32443613 chunknumber 58900 contains 252 sites
	-> Printing at chr: chr1 pos:32496962 chunknumber 59000 contains 252 sites
	-> Printing at chr: chr1 pos:32552817 chunknumber 59100 contains 254 sites
	-> Printing at chr: chr1 pos:32602658 chunknumber 59200 contains 253 sites
	-> Printing at chr: chr1 pos:32692491 chunknumber 59300 contains 253 sites
	-> Printing at chr: chr1 pos:32776448 chunknumber 59400 contains 1558 sites
	-> Printing at chr: chr1 pos:32845776 chunknumber 59500 contains 540 sites
	-> Printing at chr: chr1 pos:32913285 chunknumber 59600 contains 302 sites
	-> Printing at chr: chr1 pos:32997238 chunknumber 59700 contains 777 sites
	-> Printing at chr: chr1 pos:33060617 chunknumber 59800 contains 251 sites
	-> Printing at chr: chr1 pos:33105427 chunknumber 59900 contains 251 sites
	-> Printing at chr: chr1 pos:33159718 chunknumber 60000 contains 251 sites
	-> Printing at chr: chr1 pos:33254182 chunknumber 60100 contains 251 sites
	-> Printing at chr: chr1 pos:33337274 chunknumber 60200 contains 252 sites
	-> Printing at chr: chr1 pos:33458106 chunknumber 60300 contains 251 sites
	-> Printing at chr: chr1 pos:33534827 chunknumber 60400 contains 252 sites
	-> Printing at chr: chr1 pos:33604866 chunknumber 60500 contains 251 sites
	-> Printing at chr: chr1 pos:33665643 chunknumber 60600 contains 251 sites
	-> Printing at chr: chr1 pos:33741441 chunknumber 60700 contains 252 sites
	-> Printing at chr: chr1 pos:33808753 chunknumber 60800 contains 251 sites
	-> Printing at chr: chr1 pos:33887983 chunknumber 60900 contains 252 sites
	-> Printing at chr: chr1 pos:33960377 chunknumber 61000 contains 987 sites
	-> Printing at chr: chr1 pos:34006602 chunknumber 61100 contains 251 sites
	-> Printing at chr: chr1 pos:34066950 chunknumber 61200 contains 251 sites
	-> Printing at chr: chr1 pos:34194295 chunknumber 61300 contains 638 sites
	-> Printing at chr: chr1 pos:34266279 chunknumber 61400 contains 255 sites
	-> Printing at chr: chr1 pos:34334382 chunknumber 61500 contains 425 sites
	-> Printing at chr: chr1 pos:34368473 chunknumber 61600 contains 365 sites
	-> Printing at chr: chr1 pos:34410323 chunknumber 61700 contains 1815 sites
	-> Printing at chr: chr1 pos:34447849 chunknumber 61800 contains 207 sites
	-> Printing at chr: chr1 pos:34492827 chunknumber 61900 contains 251 sites
	-> Printing at chr: chr1 pos:34530520 chunknumber 62000 contains 413 sites
	-> Printing at chr: chr1 pos:34573395 chunknumber 62100 contains 252 sites
	-> Printing at chr: chr1 pos:34620931 chunknumber 62200 contains 255 sites
	-> Printing at chr: chr1 pos:34657779 chunknumber 62300 contains 251 sites
	-> Printing at chr: chr1 pos:34706262 chunknumber 62400 contains 971 sites
	-> Printing at chr: chr1 pos:34764901 chunknumber 62500 contains 257 sites
	-> Printing at chr: chr1 pos:34808248 chunknumber 62600 contains 382 sites
	-> Printing at chr: chr1 pos:34848912 chunknumber 62700 contains 253 sites
	-> Printing at chr: chr1 pos:34885647 chunknumber 62800 contains 252 sites
	-> Printing at chr: chr1 pos:34919976 chunknumber 62900 contains 251 sites
	-> Printing at chr: chr1 pos:34966876 chunknumber 63000 contains 251 sites
	-> Printing at chr: chr1 pos:35016562 chunknumber 63100 contains 256 sites
	-> Printing at chr: chr1 pos:35053733 chunknumber 63200 contains 251 sites
	-> Printing at chr: chr1 pos:35096354 chunknumber 63300 contains 253 sites
	-> Printing at chr: chr1 pos:35141310 chunknumber 63400 contains 478 sites
	-> Printing at chr: chr1 pos:35177199 chunknumber 63500 contains 502 sites
	-> Printing at chr: chr1 pos:35222676 chunknumber 63600 contains 252 sites
	-> Printing at chr: chr1 pos:35270031 chunknumber 63700 contains 1345 sites
	-> Printing at chr: chr1 pos:35325413 chunknumber 63800 contains 252 sites
	-> Printing at chr: chr1 pos:35376009 chunknumber 63900 contains 285 sites
	-> Printing at chr: chr1 pos:35414580 chunknumber 64000 contains 251 sites
	-> Printing at chr: chr1 pos:35454654 chunknumber 64100 contains 251 sites
	-> Printing at chr: chr1 pos:35493761 chunknumber 64200 contains 251 sites
	-> Printing at chr: chr1 pos:35529250 chunknumber 64300 contains 695 sites
	-> Printing at chr: chr1 pos:35582653 chunknumber 64400 contains 251 sites
	-> Printing at chr: chr1 pos:35628882 chunknumber 64500 contains 266 sites
	-> Printing at chr: chr1 pos:35663203 chunknumber 64600 contains 115 sites
	-> Printing at chr: chr1 pos:35705816 chunknumber 64700 contains 251 sites
	-> Printing at chr: chr1 pos:35744828 chunknumber 64800 contains 273 sites
	-> Printing at chr: chr1 pos:35790701 chunknumber 64900 contains 257 sites
	-> Printing at chr: chr1 pos:35835122 chunknumber 65000 contains 322 sites
	-> Printing at chr: chr1 pos:35881857 chunknumber 65100 contains 251 sites
	-> Printing at chr: chr1 pos:35923492 chunknumber 65200 contains 251 sites
	-> Printing at chr: chr1 pos:35965987 chunknumber 65300 contains 251 sites
	-> Printing at chr: chr1 pos:36012925 chunknumber 65400 contains 257 sites
	-> Printing at chr: chr1 pos:36056177 chunknumber 65500 contains 402 sites
	-> Printing at chr: chr1 pos:36103873 chunknumber 65600 contains 252 sites
	-> Printing at chr: chr1 pos:36146063 chunknumber 65700 contains 851 sites
	-> Printing at chr: chr1 pos:36185505 chunknumber 65800 contains 256 sites
	-> Printing at chr: chr1 pos:36220550 chunknumber 65900 contains 252 sites
	-> Printing at chr: chr1 pos:36254317 chunknumber 66000 contains 251 sites
	-> Printing at chr: chr1 pos:36296697 chunknumber 66100 contains 254 sites
	-> Printing at chr: chr1 pos:36344137 chunknumber 66200 contains 253 sites
	-> Printing at chr: chr1 pos:36381404 chunknumber 66300 contains 256 sites
	-> Printing at chr: chr1 pos:36417044 chunknumber 66400 contains 251 sites
	-> Printing at chr: chr1 pos:36457464 chunknumber 66500 contains 350 sites
	-> Printing at chr: chr1 pos:36495752 chunknumber 66600 contains 253 sites
	-> Printing at chr: chr1 pos:36542221 chunknumber 66700 contains 252 sites
	-> Printing at chr: chr1 pos:36572891 chunknumber 66800 contains 319 sites
	-> Printing at chr: chr1 pos:36611202 chunknumber 66900 contains 251 sites
	-> Printing at chr: chr1 pos:36654194 chunknumber 67000 contains 2199 sites
	-> Printing at chr: chr1 pos:36705510 chunknumber 67100 contains 487 sites
	-> Printing at chr: chr1 pos:36751468 chunknumber 67200 contains 252 sites
	-> Printing at chr: chr1 pos:36792460 chunknumber 67300 contains 315 sites
	-> Printing at chr: chr1 pos:36851096 chunknumber 67400 contains 291 sites
	-> Printing at chr: chr1 pos:36893298 chunknumber 67500 contains 251 sites
	-> Printing at chr: chr1 pos:36937209 chunknumber 67600 contains 251 sites
	-> Printing at chr: chr1 pos:36982791 chunknumber 67700 contains 564 sites
	-> Printing at chr: chr1 pos:37021715 chunknumber 67800 contains 243 sites
	-> Printing at chr: chr1 pos:37058540 chunknumber 67900 contains 254 sites
	-> Printing at chr: chr1 pos:37095873 chunknumber 68000 contains 252 sites
	-> Printing at chr: chr1 pos:37131440 chunknumber 68100 contains 367 sites
	-> Printing at chr: chr1 pos:37167796 chunknumber 68200 contains 251 sites
	-> Printing at chr: chr1 pos:37224216 chunknumber 68300 contains 702 sites
	-> Printing at chr: chr1 pos:37270169 chunknumber 68400 contains 252 sites
	-> Printing at chr: chr1 pos:37310228 chunknumber 68500 contains 469 sites
	-> Printing at chr: chr1 pos:37359607 chunknumber 68600 contains 252 sites
	-> Printing at chr: chr1 pos:37398344 chunknumber 68700 contains 251 sites
	-> Printing at chr: chr1 pos:37433875 chunknumber 68800 contains 261 sites
	-> Printing at chr: chr1 pos:37470709 chunknumber 68900 contains 765 sites
	-> Printing at chr: chr1 pos:37510283 chunknumber 69000 contains 276 sites
	-> Printing at chr: chr1 pos:37548505 chunknumber 69100 contains 251 sites
	-> Printing at chr: chr1 pos:37589740 chunknumber 69200 contains 252 sites
	-> Printing at chr: chr1 pos:37625686 chunknumber 69300 contains 254 sites
	-> Printing at chr: chr1 pos:37667201 chunknumber 69400 contains 851 sites
	-> Printing at chr: chr1 pos:37712570 chunknumber 69500 contains 252 sites
	-> Printing at chr: chr1 pos:37757097 chunknumber 69600 contains 259 sites
	-> Printing at chr: chr1 pos:37801046 chunknumber 69700 contains 259 sites
	-> Printing at chr: chr1 pos:37842706 chunknumber 69800 contains 251 sites
	-> Printing at chr: chr1 pos:37888074 chunknumber 69900 contains 254 sites
	-> Printing at chr: chr1 pos:37933185 chunknumber 70000 contains 822 sites
	-> Printing at chr: chr1 pos:37985508 chunknumber 70100 contains 252 sites
	-> Printing at chr: chr1 pos:38026064 chunknumber 70200 contains 252 sites
	-> Printing at chr: chr1 pos:38071436 chunknumber 70300 contains 251 sites
	-> Printing at chr: chr1 pos:38111314 chunknumber 70400 contains 256 sites
	-> Printing at chr: chr1 pos:38154235 chunknumber 70500 contains 255 sites
	-> Printing at chr: chr1 pos:38193150 chunknumber 70600 contains 252 sites
	-> Printing at chr: chr1 pos:38234443 chunknumber 70700 contains 259 sites
	-> Printing at chr: chr1 pos:38280314 chunknumber 70800 contains 332 sites
	-> Printing at chr: chr1 pos:38324381 chunknumber 70900 contains 386 sites
	-> Printing at chr: chr1 pos:38367025 chunknumber 71000 contains 251 sites
	-> Printing at chr: chr1 pos:38408933 chunknumber 71100 contains 253 sites
	-> Printing at chr: chr1 pos:38451087 chunknumber 71200 contains 251 sites
	-> Printing at chr: chr1 pos:38494863 chunknumber 71300 contains 822 sites
	-> Printing at chr: chr1 pos:38539717 chunknumber 71400 contains 264 sites
	-> Printing at chr: chr1 pos:38574283 chunknumber 71500 contains 256 sites
	-> Printing at chr: chr1 pos:38616429 chunknumber 71600 contains 252 sites
	-> Printing at chr: chr1 pos:38653969 chunknumber 71700 contains 251 sites
	-> Printing at chr: chr1 pos:38694187 chunknumber 71800 contains 251 sites
	-> Printing at chr: chr1 pos:38733285 chunknumber 71900 contains 367 sites
	-> Printing at chr: chr1 pos:38775173 chunknumber 72000 contains 251 sites
	-> Printing at chr: chr1 pos:38816520 chunknumber 72100 contains 376 sites
	-> Printing at chr: chr1 pos:38857350 chunknumber 72200 contains 464 sites
	-> Printing at chr: chr1 pos:38908369 chunknumber 72300 contains 497 sites
	-> Printing at chr: chr1 pos:38954997 chunknumber 72400 contains 254 sites
	-> Printing at chr: chr1 pos:38993901 chunknumber 72500 contains 251 sites
	-> Printing at chr: chr1 pos:39044276 chunknumber 72600 contains 688 sites
	-> Printing at chr: chr1 pos:39095075 chunknumber 72700 contains 266 sites
	-> Printing at chr: chr1 pos:39149124 chunknumber 72800 contains 450 sites
	-> Printing at chr: chr1 pos:39190800 chunknumber 72900 contains 251 sites
	-> Printing at chr: chr1 pos:39231491 chunknumber 73000 contains 251 sites
	-> Printing at chr: chr1 pos:39278470 chunknumber 73100 contains 251 sites
	-> Printing at chr: chr1 pos:39320052 chunknumber 73200 contains 252 sites
	-> Printing at chr: chr1 pos:39356266 chunknumber 73300 contains 307 sites
	-> Printing at chr: chr1 pos:39392844 chunknumber 73400 contains 498 sites
	-> Printing at chr: chr1 pos:39428941 chunknumber 73500 contains 251 sites
	-> Printing at chr: chr1 pos:39470759 chunknumber 73600 contains 399 sites
	-> Printing at chr: chr1 pos:39514648 chunknumber 73700 contains 258 sites
	-> Printing at chr: chr1 pos:39553129 chunknumber 73800 contains 251 sites
	-> Printing at chr: chr1 pos:39598517 chunknumber 73900 contains 251 sites
	-> Printing at chr: chr1 pos:39639479 chunknumber 74000 contains 251 sites
	-> Printing at chr: chr1 pos:39681463 chunknumber 74100 contains 262 sites
	-> Printing at chr: chr1 pos:39723875 chunknumber 74200 contains 259 sites
	-> Printing at chr: chr1 pos:39769768 chunknumber 74300 contains 251 sites
	-> Printing at chr: chr1 pos:39810578 chunknumber 74400 contains 286 sites
	-> Printing at chr: chr1 pos:39857604 chunknumber 74500 contains 252 sites
	-> Printing at chr: chr1 pos:39895277 chunknumber 74600 contains 859 sites
	-> Printing at chr: chr1 pos:39939409 chunknumber 74700 contains 253 sites
	-> Printing at chr: chr1 pos:39983384 chunknumber 74800 contains 729 sites
	-> Printing at chr: chr1 pos:40027166 chunknumber 74900 contains 801 sites
	-> Printing at chr: chr1 pos:40067350 chunknumber 75000 contains 253 sites
	-> Printing at chr: chr1 pos:40111936 chunknumber 75100 contains 399 sites
	-> Printing at chr: chr1 pos:40158351 chunknumber 75200 contains 631 sites
	-> Printing at chr: chr1 pos:40209866 chunknumber 75300 contains 251 sites
	-> Printing at chr: chr1 pos:40260451 chunknumber 75400 contains 326 sites
	-> Printing at chr: chr1 pos:40302980 chunknumber 75500 contains 355 sites
	-> Printing at chr: chr1 pos:40354714 chunknumber 75600 contains 509 sites
	-> Printing at chr: chr1 pos:40396449 chunknumber 75700 contains 350 sites
	-> Printing at chr: chr1 pos:40457460 chunknumber 75800 contains 295 sites
	-> Printing at chr: chr1 pos:40517190 chunknumber 75900 contains 251 sites
	-> Printing at chr: chr1 pos:40560367 chunknumber 76000 contains 256 sites
	-> Printing at chr: chr1 pos:40605232 chunknumber 76100 contains 252 sites
	-> Printing at chr: chr1 pos:40641841 chunknumber 76200 contains 251 sites
	-> Printing at chr: chr1 pos:40686233 chunknumber 76300 contains 258 sites
	-> Printing at chr: chr1 pos:40724464 chunknumber 76400 contains 251 sites
	-> Printing at chr: chr1 pos:40768604 chunknumber 76500 contains 253 sites
	-> Printing at chr: chr1 pos:40816404 chunknumber 76600 contains 323 sites
	-> Printing at chr: chr1 pos:40855990 chunknumber 76700 contains 299 sites
	-> Printing at chr: chr1 pos:40905299 chunknumber 76800 contains 345 sites
	-> Printing at chr: chr1 pos:40950204 chunknumber 76900 contains 295 sites
	-> Printing at chr: chr1 pos:40989467 chunknumber 77000 contains 251 sites
	-> Printing at chr: chr1 pos:41031340 chunknumber 77100 contains 253 sites
	-> Printing at chr: chr1 pos:41070884 chunknumber 77200 contains 336 sites
	-> Printing at chr: chr1 pos:41120556 chunknumber 77300 contains 257 sites
	-> Printing at chr: chr1 pos:41168144 chunknumber 77400 contains 251 sites
	-> Printing at chr: chr1 pos:41205527 chunknumber 77500 contains 252 sites
	-> Printing at chr: chr1 pos:41250501 chunknumber 77600 contains 253 sites
	-> Printing at chr: chr1 pos:41294504 chunknumber 77700 contains 251 sites
	-> Printing at chr: chr1 pos:41337734 chunknumber 77800 contains 251 sites
	-> Printing at chr: chr1 pos:41381161 chunknumber 77900 contains 252 sites
	-> Printing at chr: chr1 pos:41418048 chunknumber 78000 contains 254 sites
	-> Printing at chr: chr1 pos:41453413 chunknumber 78100 contains 251 sites
	-> Printing at chr: chr1 pos:41489428 chunknumber 78200 contains 251 sites
	-> Printing at chr: chr1 pos:41531256 chunknumber 78300 contains 252 sites
	-> Printing at chr: chr1 pos:41564683 chunknumber 78400 contains 251 sites
	-> Printing at chr: chr1 pos:41618005 chunknumber 78500 contains 247 sites
	-> Printing at chr: chr1 pos:41663612 chunknumber 78600 contains 251 sites
	-> Printing at chr: chr1 pos:41699376 chunknumber 78700 contains 267 sites
	-> Printing at chr: chr1 pos:41735717 chunknumber 78800 contains 251 sites
	-> Printing at chr: chr1 pos:41794690 chunknumber 78900 contains 252 sites
	-> Printing at chr: chr1 pos:41844038 chunknumber 79000 contains 254 sites
	-> Printing at chr: chr1 pos:41882312 chunknumber 79100 contains 251 sites
	-> Printing at chr: chr1 pos:41932675 chunknumber 79200 contains 278 sites
	-> Printing at chr: chr1 pos:41972191 chunknumber 79300 contains 253 sites
	-> Printing at chr: chr1 pos:42020209 chunknumber 79400 contains 310 sites
	-> Printing at chr: chr1 pos:42061415 chunknumber 79500 contains 251 sites
	-> Printing at chr: chr1 pos:42104807 chunknumber 79600 contains 572 sites
	-> Printing at chr: chr1 pos:42141041 chunknumber 79700 contains 259 sites
	-> Printing at chr: chr1 pos:42190074 chunknumber 79800 contains 376 sites
	-> Printing at chr: chr1 pos:42236814 chunknumber 79900 contains 253 sites
	-> Printing at chr: chr1 pos:42278676 chunknumber 80000 contains 394 sites
	-> Printing at chr: chr1 pos:42341367 chunknumber 80100 contains 253 sites
	-> Printing at chr: chr1 pos:42383812 chunknumber 80200 contains 288 sites
	-> Printing at chr: chr1 pos:42438490 chunknumber 80300 contains 255 sites
	-> Printing at chr: chr1 pos:42486504 chunknumber 80400 contains 253 sites
	-> Printing at chr: chr1 pos:42524314 chunknumber 80500 contains 259 sites
	-> Printing at chr: chr1 pos:42568443 chunknumber 80600 contains 251 sites
	-> Printing at chr: chr1 pos:42609988 chunknumber 80700 contains 695 sites
	-> Printing at chr: chr1 pos:42652901 chunknumber 80800 contains 283 sites
	-> Printing at chr: chr1 pos:42702406 chunknumber 80900 contains 251 sites
	-> Printing at chr: chr1 pos:42743034 chunknumber 81000 contains 265 sites
	-> Printing at chr: chr1 pos:42791314 chunknumber 81100 contains 255 sites
	-> Printing at chr: chr1 pos:42837542 chunknumber 81200 contains 790 sites
	-> Printing at chr: chr1 pos:42882156 chunknumber 81300 contains 253 sites
	-> Printing at chr: chr1 pos:42927585 chunknumber 81400 contains 255 sites
	-> Printing at chr: chr1 pos:42964307 chunknumber 81500 contains 280 sites
	-> Printing at chr: chr1 pos:43012873 chunknumber 81600 contains 251 sites
	-> Printing at chr: chr1 pos:43048757 chunknumber 81700 contains 257 sites
	-> Printing at chr: chr1 pos:43095541 chunknumber 81800 contains 252 sites
	-> Printing at chr: chr1 pos:43146530 chunknumber 81900 contains 254 sites
	-> Printing at chr: chr1 pos:43194671 chunknumber 82000 contains 358 sites
	-> Printing at chr: chr1 pos:43232221 chunknumber 82100 contains 258 sites
	-> Printing at chr: chr1 pos:43282477 chunknumber 82200 contains 315 sites
	-> Printing at chr: chr1 pos:43319364 chunknumber 82300 contains 335 sites
	-> Printing at chr: chr1 pos:43365360 chunknumber 82400 contains 256 sites
	-> Printing at chr: chr1 pos:43406820 chunknumber 82500 contains 259 sites
	-> Printing at chr: chr1 pos:43449506 chunknumber 82600 contains 385 sites
	-> Printing at chr: chr1 pos:43491373 chunknumber 82700 contains 251 sites
	-> Printing at chr: chr1 pos:43540514 chunknumber 82800 contains 1007 sites
	-> Printing at chr: chr1 pos:43591841 chunknumber 82900 contains 330 sites
	-> Printing at chr: chr1 pos:43640589 chunknumber 83000 contains 335 sites
	-> Printing at chr: chr1 pos:43684283 chunknumber 83100 contains 253 sites
	-> Printing at chr: chr1 pos:43721154 chunknumber 83200 contains 328 sites
	-> Printing at chr: chr1 pos:43761055 chunknumber 83300 contains 486 sites
	-> Printing at chr: chr1 pos:43830243 chunknumber 83400 contains 1840 sites
	-> Printing at chr: chr1 pos:43876982 chunknumber 83500 contains 253 sites
	-> Printing at chr: chr1 pos:43919807 chunknumber 83600 contains 257 sites
	-> Printing at chr: chr1 pos:43962459 chunknumber 83700 contains 324 sites
	-> Printing at chr: chr1 pos:44006224 chunknumber 83800 contains 251 sites
	-> Printing at chr: chr1 pos:44060547 chunknumber 83900 contains 254 sites
	-> Printing at chr: chr1 pos:44115986 chunknumber 84000 contains 580 sites
	-> Printing at chr: chr1 pos:44157405 chunknumber 84100 contains 253 sites
	-> Printing at chr: chr1 pos:44201102 chunknumber 84200 contains 349 sites
	-> Printing at chr: chr1 pos:44239785 chunknumber 84300 contains 1306 sites
	-> Printing at chr: chr1 pos:44296750 chunknumber 84400 contains 260 sites
	-> Printing at chr: chr1 pos:44361421 chunknumber 84500 contains 251 sites
	-> Printing at chr: chr1 pos:44413866 chunknumber 84600 contains 258 sites
	-> Printing at chr: chr1 pos:44472222 chunknumber 84700 contains 253 sites
	-> Printing at chr: chr1 pos:44527256 chunknumber 84800 contains 270 sites
	-> Printing at chr: chr1 pos:44578930 chunknumber 84900 contains 256 sites
	-> Printing at chr: chr1 pos:44619513 chunknumber 85000 contains 251 sites
	-> Printing at chr: chr1 pos:44665982 chunknumber 85100 contains 251 sites
	-> Printing at chr: chr1 pos:44710237 chunknumber 85200 contains 251 sites
	-> Printing at chr: chr1 pos:44749229 chunknumber 85300 contains 251 sites
	-> Printing at chr: chr1 pos:44789112 chunknumber 85400 contains 269 sites
	-> Printing at chr: chr1 pos:44836453 chunknumber 85500 contains 255 sites
	-> Printing at chr: chr1 pos:44876963 chunknumber 85600 contains 252 sites
	-> Printing at chr: chr1 pos:44927977 chunknumber 85700 contains 251 sites
	-> Printing at chr: chr1 pos:44976139 chunknumber 85800 contains 251 sites
	-> Printing at chr: chr1 pos:45013691 chunknumber 85900 contains 257 sites
	-> Printing at chr: chr1 pos:45066317 chunknumber 86000 contains 449 sites
	-> Printing at chr: chr1 pos:45111291 chunknumber 86100 contains 1672 sites
	-> Printing at chr: chr1 pos:45153295 chunknumber 86200 contains 259 sites
	-> Printing at chr: chr1 pos:45197347 chunknumber 86300 contains 251 sites
	-> Printing at chr: chr1 pos:45235955 chunknumber 86400 contains 253 sites
	-> Printing at chr: chr1 pos:45272107 chunknumber 86500 contains 325 sites
	-> Printing at chr: chr1 pos:45317810 chunknumber 86600 contains 893 sites
	-> Printing at chr: chr1 pos:45366134 chunknumber 86700 contains 419 sites
	-> Printing at chr: chr1 pos:45416399 chunknumber 86800 contains 252 sites
	-> Printing at chr: chr1 pos:45451114 chunknumber 86900 contains 355 sites
	-> Printing at chr: chr1 pos:45504335 chunknumber 87000 contains 253 sites
	-> Printing at chr: chr1 pos:45540503 chunknumber 87100 contains 252 sites
	-> Printing at chr: chr1 pos:45583951 chunknumber 87200 contains 252 sites
	-> Printing at chr: chr1 pos:45625568 chunknumber 87300 contains 251 sites
	-> Printing at chr: chr1 pos:45661404 chunknumber 87400 contains 251 sites
	-> Printing at chr: chr1 pos:45701372 chunknumber 87500 contains 267 sites
	-> Printing at chr: chr1 pos:45743107 chunknumber 87600 contains 251 sites
	-> Printing at chr: chr1 pos:45783685 chunknumber 87700 contains 251 sites
	-> Printing at chr: chr1 pos:45828746 chunknumber 87800 contains 251 sites
	-> Printing at chr: chr1 pos:45874975 chunknumber 87900 contains 261 sites
	-> Printing at chr: chr1 pos:45919799 chunknumber 88000 contains 305 sites
	-> Printing at chr: chr1 pos:45964523 chunknumber 88100 contains 530 sites
	-> Printing at chr: chr1 pos:46019421 chunknumber 88200 contains 257 sites
	-> Printing at chr: chr1 pos:46068426 chunknumber 88300 contains 313 sites
	-> Printing at chr: chr1 pos:46132075 chunknumber 88400 contains 251 sites
	-> Printing at chr: chr1 pos:46174601 chunknumber 88500 contains 254 sites
	-> Printing at chr: chr1 pos:46218727 chunknumber 88600 contains 251 sites
	-> Printing at chr: chr1 pos:46268373 chunknumber 88700 contains 282 sites
	-> Printing at chr: chr1 pos:46309198 chunknumber 88800 contains 298 sites
	-> Printing at chr: chr1 pos:46349360 chunknumber 88900 contains 252 sites
	-> Printing at chr: chr1 pos:46389382 chunknumber 89000 contains 255 sites
	-> Printing at chr: chr1 pos:46430939 chunknumber 89100 contains 582 sites
	-> Printing at chr: chr1 pos:46473096 chunknumber 89200 contains 252 sites
	-> Printing at chr: chr1 pos:46514322 chunknumber 89300 contains 345 sites
	-> Printing at chr: chr1 pos:46556606 chunknumber 89400 contains 253 sites
	-> Printing at chr: chr1 pos:46611917 chunknumber 89500 contains 252 sites
	-> Printing at chr: chr1 pos:46664607 chunknumber 89600 contains 263 sites
	-> Printing at chr: chr1 pos:46717142 chunknumber 89700 contains 256 sites
	-> Printing at chr: chr1 pos:46764501 chunknumber 89800 contains 252 sites
	-> Printing at chr: chr1 pos:46822965 chunknumber 89900 contains 278 sites
	-> Printing at chr: chr1 pos:46881547 chunknumber 90000 contains 725 sites
	-> Printing at chr: chr1 pos:46929555 chunknumber 90100 contains 260 sites
	-> Printing at chr: chr1 pos:46974570 chunknumber 90200 contains 252 sites
	-> Printing at chr: chr1 pos:47015376 chunknumber 90300 contains 251 sites
	-> Printing at chr: chr1 pos:47056652 chunknumber 90400 contains 254 sites
	-> Printing at chr: chr1 pos:47099433 chunknumber 90500 contains 254 sites
	-> Printing at chr: chr1 pos:47143955 chunknumber 90600 contains 858 sites
	-> Printing at chr: chr1 pos:47194668 chunknumber 90700 contains 255 sites
	-> Printing at chr: chr1 pos:47252208 chunknumber 90800 contains 734 sites
	-> Printing at chr: chr1 pos:47292410 chunknumber 90900 contains 169 sites
	-> Printing at chr: chr1 pos:47324927 chunknumber 91000 contains 258 sites
	-> Printing at chr: chr1 pos:47363443 chunknumber 91100 contains 291 sites
	-> Printing at chr: chr1 pos:47417777 chunknumber 91200 contains 213 sites

	-> Done reading data waiting for calculations to finish
	-> Done waiting for threads
	-> Output filenames:
		->"../03.output/saf_CSY.arg"
		->"../03.output/saf_CSY.mafs.gz"
		->"../03.output/saf_CSY.saf.gz"
		->"../03.output/saf_CSY.saf.pos.gz"
		->"../03.output/saf_CSY.saf.idx"
	-> Sat Mar 27 12:11:10 2021
	-> Arguments and parameters for all analysis are located in .arg file
	-> Total number of sites analyzed: 37067355
	-> Number of sites retained after filtering: 15977819 
	[ALL done] cpu-time used =  8220.59 sec
	[ALL done] walltime used =  8257.00 sec
