	-> angsd version: 0.930 (htslib: 1.9) build(Mar 20 2020 16:59:13)
	-> [prep_sites.cpp] Reading binary representation of '../../../inputs/neutral_sites'
	-> [prep_sites.cpp] nChr: 1 loaded from binary filter file
	-> [abcFilter.cpp] -sites is still beta, use at own risk...
	-> Reading fasta: ../../../inputs/grasshopperRef.fasta
	-> Reading fasta: ../../../inputs/grasshopperRef.fasta
	-> SNP-filter using a pvalue: 1.000000e+00 correspond to 0.000000 likelihood units
[bammer_main] 5 samples in 5 input files
	-> Parsing 5 number of samples 
	-> Region lookup 1/1
[shared.cpp.changeChr():281] refid:0
Charnge chr:0
	-> Printing at chr: chr1 pos:75955 chunknumber 100 contains 257 sites
	-> Printing at chr: chr1 pos:147023 chunknumber 200 contains 259 sites
	-> Printing at chr: chr1 pos:210317 chunknumber 300 contains 251 sites
	-> Printing at chr: chr1 pos:311924 chunknumber 400 contains 897 sites
	-> Printing at chr: chr1 pos:407876 chunknumber 500 contains 865 sites
	-> Printing at chr: chr1 pos:462644 chunknumber 600 contains 713 sites
	-> Printing at chr: chr1 pos:542344 chunknumber 700 contains 259 sites
	-> Printing at chr: chr1 pos:597447 chunknumber 800 contains 554 sites
	-> Printing at chr: chr1 pos:654038 chunknumber 900 contains 252 sites
	-> Printing at chr: chr1 pos:723554 chunknumber 1000 contains 1239 sites
	-> Printing at chr: chr1 pos:789700 chunknumber 1100 contains 252 sites
	-> Printing at chr: chr1 pos:880716 chunknumber 1200 contains 256 sites
	-> Printing at chr: chr1 pos:962321 chunknumber 1300 contains 1704 sites
	-> Printing at chr: chr1 pos:1064442 chunknumber 1400 contains 251 sites
	-> Printing at chr: chr1 pos:1191460 chunknumber 1500 contains 1111 sites
	-> Printing at chr: chr1 pos:1293182 chunknumber 1600 contains 272 sites
	-> Printing at chr: chr1 pos:1365938 chunknumber 1700 contains 253 sites
	-> Printing at chr: chr1 pos:1428747 chunknumber 1800 contains 2007 sites
	-> Printing at chr: chr1 pos:1546251 chunknumber 1900 contains 1081 sites
	-> Printing at chr: chr1 pos:1609386 chunknumber 2000 contains 258 sites
	-> Printing at chr: chr1 pos:1666927 chunknumber 2100 contains 251 sites
	-> Printing at chr: chr1 pos:1729092 chunknumber 2200 contains 461 sites
	-> Printing at chr: chr1 pos:1792165 chunknumber 2300 contains 252 sites
	-> Printing at chr: chr1 pos:1857391 chunknumber 2400 contains 366 sites
	-> Printing at chr: chr1 pos:1947009 chunknumber 2500 contains 431 sites
	-> Printing at chr: chr1 pos:2025926 chunknumber 2600 contains 251 sites
	-> Printing at chr: chr1 pos:2105929 chunknumber 2700 contains 251 sites
	-> Printing at chr: chr1 pos:2178414 chunknumber 2800 contains 326 sites
	-> Printing at chr: chr1 pos:2259291 chunknumber 2900 contains 2709 sites
	-> Printing at chr: chr1 pos:2361426 chunknumber 3000 contains 554 sites
	-> Printing at chr: chr1 pos:2438329 chunknumber 3100 contains 581 sites
	-> Printing at chr: chr1 pos:2528423 chunknumber 3200 contains 445 sites
	-> Printing at chr: chr1 pos:2631042 chunknumber 3300 contains 2413 sites
	-> Printing at chr: chr1 pos:2729485 chunknumber 3400 contains 355 sites
	-> Printing at chr: chr1 pos:2836289 chunknumber 3500 contains 252 sites
	-> Printing at chr: chr1 pos:2927436 chunknumber 3600 contains 2179 sites
	-> Printing at chr: chr1 pos:3033308 chunknumber 3700 contains 545 sites
	-> Printing at chr: chr1 pos:3130215 chunknumber 3800 contains 254 sites
	-> Printing at chr: chr1 pos:3208586 chunknumber 3900 contains 310 sites
	-> Printing at chr: chr1 pos:3308815 chunknumber 4000 contains 837 sites
	-> Printing at chr: chr1 pos:3437445 chunknumber 4100 contains 379 sites
	-> Printing at chr: chr1 pos:3544667 chunknumber 4200 contains 524 sites
	-> Printing at chr: chr1 pos:3621042 chunknumber 4300 contains 348 sites
	-> Printing at chr: chr1 pos:3708778 chunknumber 4400 contains 564 sites
	-> Printing at chr: chr1 pos:3784720 chunknumber 4500 contains 469 sites
	-> Printing at chr: chr1 pos:3853893 chunknumber 4600 contains 1083 sites
	-> Printing at chr: chr1 pos:3907368 chunknumber 4700 contains 406 sites
	-> Printing at chr: chr1 pos:3981405 chunknumber 4800 contains 251 sites
	-> Printing at chr: chr1 pos:4051518 chunknumber 4900 contains 257 sites
	-> Printing at chr: chr1 pos:4127810 chunknumber 5000 contains 251 sites
	-> Printing at chr: chr1 pos:4203428 chunknumber 5100 contains 255 sites
	-> Printing at chr: chr1 pos:4276338 chunknumber 5200 contains 254 sites
	-> Printing at chr: chr1 pos:4341378 chunknumber 5300 contains 442 sites
	-> Printing at chr: chr1 pos:4390526 chunknumber 5400 contains 254 sites
	-> Printing at chr: chr1 pos:4451833 chunknumber 5500 contains 251 sites
	-> Printing at chr: chr1 pos:4534632 chunknumber 5600 contains 251 sites
	-> Printing at chr: chr1 pos:4588783 chunknumber 5700 contains 251 sites
	-> Printing at chr: chr1 pos:4660677 chunknumber 5800 contains 872 sites
	-> Printing at chr: chr1 pos:4744677 chunknumber 5900 contains 435 sites
	-> Printing at chr: chr1 pos:4809436 chunknumber 6000 contains 251 sites
	-> Printing at chr: chr1 pos:4857840 chunknumber 6100 contains 263 sites
	-> Printing at chr: chr1 pos:4915659 chunknumber 6200 contains 323 sites
	-> Printing at chr: chr1 pos:4978617 chunknumber 6300 contains 253 sites
	-> Printing at chr: chr1 pos:5039636 chunknumber 6400 contains 251 sites
	-> Printing at chr: chr1 pos:5080708 chunknumber 6500 contains 421 sites
	-> Printing at chr: chr1 pos:5166859 chunknumber 6600 contains 726 sites
	-> Printing at chr: chr1 pos:5232738 chunknumber 6700 contains 469 sites
	-> Printing at chr: chr1 pos:5315185 chunknumber 6800 contains 635 sites
	-> Printing at chr: chr1 pos:5428810 chunknumber 6900 contains 583 sites
	-> Printing at chr: chr1 pos:5495851 chunknumber 7000 contains 255 sites
	-> Printing at chr: chr1 pos:5561341 chunknumber 7100 contains 252 sites
	-> Printing at chr: chr1 pos:5619134 chunknumber 7200 contains 251 sites
	-> Printing at chr: chr1 pos:5670480 chunknumber 7300 contains 251 sites
	-> Printing at chr: chr1 pos:5731907 chunknumber 7400 contains 265 sites
	-> Printing at chr: chr1 pos:5821178 chunknumber 7500 contains 252 sites
	-> Printing at chr: chr1 pos:5887941 chunknumber 7600 contains 251 sites
	-> Printing at chr: chr1 pos:5969965 chunknumber 7700 contains 1943 sites
	-> Printing at chr: chr1 pos:6062017 chunknumber 7800 contains 252 sites
	-> Printing at chr: chr1 pos:6124350 chunknumber 7900 contains 252 sites
	-> Printing at chr: chr1 pos:6183069 chunknumber 8000 contains 1035 sites
	-> Printing at chr: chr1 pos:6238590 chunknumber 8100 contains 251 sites
	-> Printing at chr: chr1 pos:6304565 chunknumber 8200 contains 305 sites
	-> Printing at chr: chr1 pos:6354445 chunknumber 8300 contains 251 sites
	-> Printing at chr: chr1 pos:6421772 chunknumber 8400 contains 617 sites
	-> Printing at chr: chr1 pos:6492872 chunknumber 8500 contains 698 sites
	-> Printing at chr: chr1 pos:6567162 chunknumber 8600 contains 254 sites
	-> Printing at chr: chr1 pos:6666054 chunknumber 8700 contains 1315 sites
	-> Printing at chr: chr1 pos:6799166 chunknumber 8800 contains 252 sites
	-> Printing at chr: chr1 pos:6904020 chunknumber 8900 contains 1905 sites
	-> Printing at chr: chr1 pos:6974585 chunknumber 9000 contains 2349 sites
	-> Printing at chr: chr1 pos:7045118 chunknumber 9100 contains 252 sites
	-> Printing at chr: chr1 pos:7102001 chunknumber 9200 contains 253 sites
	-> Printing at chr: chr1 pos:7147434 chunknumber 9300 contains 1338 sites
	-> Printing at chr: chr1 pos:7209141 chunknumber 9400 contains 251 sites
	-> Printing at chr: chr1 pos:7266508 chunknumber 9500 contains 337 sites
	-> Printing at chr: chr1 pos:7356200 chunknumber 9600 contains 1719 sites
	-> Printing at chr: chr1 pos:7439349 chunknumber 9700 contains 251 sites
	-> Printing at chr: chr1 pos:7522019 chunknumber 9800 contains 2979 sites
	-> Printing at chr: chr1 pos:7614593 chunknumber 9900 contains 290 sites
	-> Printing at chr: chr1 pos:7709360 chunknumber 10000 contains 4609 sites
	-> Printing at chr: chr1 pos:7785862 chunknumber 10100 contains 252 sites
	-> Printing at chr: chr1 pos:7857594 chunknumber 10200 contains 1220 sites
	-> Printing at chr: chr1 pos:7958544 chunknumber 10300 contains 253 sites
	-> Printing at chr: chr1 pos:8055174 chunknumber 10400 contains 611 sites
	-> Printing at chr: chr1 pos:8107503 chunknumber 10500 contains 252 sites
	-> Printing at chr: chr1 pos:8158752 chunknumber 10600 contains 1762 sites
	-> Printing at chr: chr1 pos:8208467 chunknumber 10700 contains 324 sites
	-> Printing at chr: chr1 pos:8294344 chunknumber 10800 contains 251 sites
	-> Printing at chr: chr1 pos:8368802 chunknumber 10900 contains 262 sites
	-> Printing at chr: chr1 pos:8434125 chunknumber 11000 contains 252 sites
	-> Printing at chr: chr1 pos:8535243 chunknumber 11100 contains 251 sites
	-> Printing at chr: chr1 pos:8591682 chunknumber 11200 contains 252 sites
	-> Printing at chr: chr1 pos:8647638 chunknumber 11300 contains 452 sites
	-> Printing at chr: chr1 pos:8701060 chunknumber 11400 contains 253 sites
	-> Printing at chr: chr1 pos:8750128 chunknumber 11500 contains 251 sites
	-> Printing at chr: chr1 pos:8813734 chunknumber 11600 contains 681 sites
	-> Printing at chr: chr1 pos:8864933 chunknumber 11700 contains 2660 sites
	-> Printing at chr: chr1 pos:8934814 chunknumber 11800 contains 253 sites
	-> Printing at chr: chr1 pos:8998989 chunknumber 11900 contains 372 sites
	-> Printing at chr: chr1 pos:9063630 chunknumber 12000 contains 254 sites
	-> Printing at chr: chr1 pos:9139789 chunknumber 12100 contains 251 sites
	-> Printing at chr: chr1 pos:9197416 chunknumber 12200 contains 817 sites
	-> Printing at chr: chr1 pos:9241863 chunknumber 12300 contains 372 sites
	-> Printing at chr: chr1 pos:9338935 chunknumber 12400 contains 1742 sites
	-> Printing at chr: chr1 pos:9399655 chunknumber 12500 contains 570 sites
	-> Printing at chr: chr1 pos:9462982 chunknumber 12600 contains 257 sites
	-> Printing at chr: chr1 pos:9507168 chunknumber 12700 contains 251 sites
	-> Printing at chr: chr1 pos:9566094 chunknumber 12800 contains 365 sites
	-> Printing at chr: chr1 pos:9626330 chunknumber 12900 contains 470 sites
	-> Printing at chr: chr1 pos:9700264 chunknumber 13000 contains 1033 sites
	-> Printing at chr: chr1 pos:9757344 chunknumber 13100 contains 408 sites
	-> Printing at chr: chr1 pos:9819026 chunknumber 13200 contains 251 sites
	-> Printing at chr: chr1 pos:9885672 chunknumber 13300 contains 1067 sites
	-> Printing at chr: chr1 pos:10019464 chunknumber 13400 contains 365 sites
	-> Printing at chr: chr1 pos:10083708 chunknumber 13500 contains 965 sites
	-> Printing at chr: chr1 pos:10167377 chunknumber 13600 contains 1435 sites
	-> Printing at chr: chr1 pos:10218201 chunknumber 13700 contains 251 sites
	-> Printing at chr: chr1 pos:10284100 chunknumber 13800 contains 252 sites
	-> Printing at chr: chr1 pos:10375670 chunknumber 13900 contains 2404 sites
	-> Printing at chr: chr1 pos:10465504 chunknumber 14000 contains 404 sites
	-> Printing at chr: chr1 pos:10520414 chunknumber 14100 contains 254 sites
	-> Printing at chr: chr1 pos:10611723 chunknumber 14200 contains 251 sites
	-> Printing at chr: chr1 pos:10691739 chunknumber 14300 contains 371 sites
	-> Printing at chr: chr1 pos:10758366 chunknumber 14400 contains 297 sites
	-> Printing at chr: chr1 pos:10847837 chunknumber 14500 contains 252 sites
	-> Printing at chr: chr1 pos:10901432 chunknumber 14600 contains 529 sites
	-> Printing at chr: chr1 pos:10999799 chunknumber 14700 contains 264 sites
	-> Printing at chr: chr1 pos:11093942 chunknumber 14800 contains 415 sites
	-> Printing at chr: chr1 pos:11150663 chunknumber 14900 contains 383 sites
	-> Printing at chr: chr1 pos:11201111 chunknumber 15000 contains 1571 sites
	-> Printing at chr: chr1 pos:11266611 chunknumber 15100 contains 252 sites
	-> Printing at chr: chr1 pos:11340448 chunknumber 15200 contains 253 sites
	-> Printing at chr: chr1 pos:11429560 chunknumber 15300 contains 1165 sites
	-> Printing at chr: chr1 pos:11538442 chunknumber 15400 contains 252 sites
	-> Printing at chr: chr1 pos:11719212 chunknumber 15500 contains 252 sites
	-> Printing at chr: chr1 pos:11768908 chunknumber 15600 contains 251 sites
	-> Printing at chr: chr1 pos:11836292 chunknumber 15700 contains 252 sites
	-> Printing at chr: chr1 pos:11884847 chunknumber 15800 contains 251 sites
	-> Printing at chr: chr1 pos:11932783 chunknumber 15900 contains 294 sites
	-> Printing at chr: chr1 pos:11985621 chunknumber 16000 contains 706 sites
	-> Printing at chr: chr1 pos:12045244 chunknumber 16100 contains 345 sites
	-> Printing at chr: chr1 pos:12086512 chunknumber 16200 contains 252 sites
	-> Printing at chr: chr1 pos:12129634 chunknumber 16300 contains 252 sites
	-> Printing at chr: chr1 pos:12179392 chunknumber 16400 contains 253 sites
	-> Printing at chr: chr1 pos:12223572 chunknumber 16500 contains 512 sites
	-> Printing at chr: chr1 pos:12261325 chunknumber 16600 contains 790 sites
	-> Printing at chr: chr1 pos:12302162 chunknumber 16700 contains 256 sites
	-> Printing at chr: chr1 pos:12347443 chunknumber 16800 contains 253 sites
	-> Printing at chr: chr1 pos:12392603 chunknumber 16900 contains 251 sites
	-> Printing at chr: chr1 pos:12443106 chunknumber 17000 contains 1071 sites
	-> Printing at chr: chr1 pos:12486249 chunknumber 17100 contains 252 sites
	-> Printing at chr: chr1 pos:12530430 chunknumber 17200 contains 252 sites
	-> Printing at chr: chr1 pos:12574521 chunknumber 17300 contains 253 sites
	-> Printing at chr: chr1 pos:12617338 chunknumber 17400 contains 253 sites
	-> Printing at chr: chr1 pos:12672255 chunknumber 17500 contains 252 sites
	-> Printing at chr: chr1 pos:12723190 chunknumber 17600 contains 255 sites
	-> Printing at chr: chr1 pos:12773077 chunknumber 17700 contains 532 sites
	-> Printing at chr: chr1 pos:12832391 chunknumber 17800 contains 357 sites
	-> Printing at chr: chr1 pos:12895005 chunknumber 17900 contains 153 sites
	-> Printing at chr: chr1 pos:12945788 chunknumber 18000 contains 251 sites
	-> Printing at chr: chr1 pos:13000850 chunknumber 18100 contains 253 sites
	-> Printing at chr: chr1 pos:13052257 chunknumber 18200 contains 261 sites
	-> Printing at chr: chr1 pos:13107800 chunknumber 18300 contains 939 sites
	-> Printing at chr: chr1 pos:13158028 chunknumber 18400 contains 252 sites
	-> Printing at chr: chr1 pos:13206524 chunknumber 18500 contains 689 sites
	-> Printing at chr: chr1 pos:13259759 chunknumber 18600 contains 607 sites
	-> Printing at chr: chr1 pos:13309436 chunknumber 18700 contains 261 sites
	-> Printing at chr: chr1 pos:13365018 chunknumber 18800 contains 251 sites
	-> Printing at chr: chr1 pos:13443723 chunknumber 18900 contains 403 sites
	-> Printing at chr: chr1 pos:13498609 chunknumber 19000 contains 604 sites
	-> Printing at chr: chr1 pos:13553464 chunknumber 19100 contains 251 sites
	-> Printing at chr: chr1 pos:13608675 chunknumber 19200 contains 251 sites
	-> Printing at chr: chr1 pos:13661665 chunknumber 19300 contains 223 sites
	-> Printing at chr: chr1 pos:13733267 chunknumber 19400 contains 777 sites
	-> Printing at chr: chr1 pos:13824845 chunknumber 19500 contains 1256 sites
	-> Printing at chr: chr1 pos:13886634 chunknumber 19600 contains 251 sites
	-> Printing at chr: chr1 pos:13931415 chunknumber 19700 contains 251 sites
	-> Printing at chr: chr1 pos:13972618 chunknumber 19800 contains 1880 sites
	-> Printing at chr: chr1 pos:14027942 chunknumber 19900 contains 627 sites
	-> Printing at chr: chr1 pos:14082419 chunknumber 20000 contains 251 sites
	-> Printing at chr: chr1 pos:14137430 chunknumber 20100 contains 257 sites
	-> Printing at chr: chr1 pos:14179653 chunknumber 20200 contains 252 sites
	-> Printing at chr: chr1 pos:14225172 chunknumber 20300 contains 277 sites
	-> Printing at chr: chr1 pos:14269459 chunknumber 20400 contains 249 sites
	-> Printing at chr: chr1 pos:14322975 chunknumber 20500 contains 251 sites
	-> Printing at chr: chr1 pos:14382360 chunknumber 20600 contains 251 sites
	-> Printing at chr: chr1 pos:14429013 chunknumber 20700 contains 314 sites
	-> Printing at chr: chr1 pos:14479783 chunknumber 20800 contains 251 sites
	-> Printing at chr: chr1 pos:14530852 chunknumber 20900 contains 251 sites
	-> Printing at chr: chr1 pos:14584211 chunknumber 21000 contains 252 sites
	-> Printing at chr: chr1 pos:14630419 chunknumber 21100 contains 1179 sites
	-> Printing at chr: chr1 pos:14674961 chunknumber 21200 contains 251 sites
	-> Printing at chr: chr1 pos:14726653 chunknumber 21300 contains 3400 sites
	-> Printing at chr: chr1 pos:14772219 chunknumber 21400 contains 286 sites
	-> Printing at chr: chr1 pos:14812605 chunknumber 21500 contains 252 sites
	-> Printing at chr: chr1 pos:14863187 chunknumber 21600 contains 256 sites
	-> Printing at chr: chr1 pos:14906128 chunknumber 21700 contains 258 sites
	-> Printing at chr: chr1 pos:14942384 chunknumber 21800 contains 251 sites
	-> Printing at chr: chr1 pos:14992158 chunknumber 21900 contains 258 sites
	-> Printing at chr: chr1 pos:15046590 chunknumber 22000 contains 560 sites
	-> Printing at chr: chr1 pos:15085841 chunknumber 22100 contains 256 sites
	-> Printing at chr: chr1 pos:15131613 chunknumber 22200 contains 272 sites
	-> Printing at chr: chr1 pos:15194320 chunknumber 22300 contains 252 sites
	-> Printing at chr: chr1 pos:15240903 chunknumber 22400 contains 299 sites
	-> Printing at chr: chr1 pos:15295382 chunknumber 22500 contains 251 sites
	-> Printing at chr: chr1 pos:15364214 chunknumber 22600 contains 311 sites
	-> Printing at chr: chr1 pos:15419912 chunknumber 22700 contains 252 sites
	-> Printing at chr: chr1 pos:15465585 chunknumber 22800 contains 251 sites
	-> Printing at chr: chr1 pos:15521665 chunknumber 22900 contains 382 sites
	-> Printing at chr: chr1 pos:15579376 chunknumber 23000 contains 256 sites
	-> Printing at chr: chr1 pos:15621387 chunknumber 23100 contains 251 sites
	-> Printing at chr: chr1 pos:15666033 chunknumber 23200 contains 251 sites
	-> Printing at chr: chr1 pos:15712457 chunknumber 23300 contains 251 sites
	-> Printing at chr: chr1 pos:15765868 chunknumber 23400 contains 437 sites
	-> Printing at chr: chr1 pos:15818031 chunknumber 23500 contains 251 sites
	-> Printing at chr: chr1 pos:15861656 chunknumber 23600 contains 458 sites
	-> Printing at chr: chr1 pos:15919637 chunknumber 23700 contains 264 sites
	-> Printing at chr: chr1 pos:15985827 chunknumber 23800 contains 251 sites
	-> Printing at chr: chr1 pos:16035143 chunknumber 23900 contains 256 sites
	-> Printing at chr: chr1 pos:16078356 chunknumber 24000 contains 269 sites
	-> Printing at chr: chr1 pos:16133823 chunknumber 24100 contains 253 sites
	-> Printing at chr: chr1 pos:16187440 chunknumber 24200 contains 253 sites
	-> Printing at chr: chr1 pos:16229529 chunknumber 24300 contains 1438 sites
	-> Printing at chr: chr1 pos:16280696 chunknumber 24400 contains 257 sites
	-> Printing at chr: chr1 pos:16349761 chunknumber 24500 contains 330 sites
	-> Printing at chr: chr1 pos:16412111 chunknumber 24600 contains 257 sites
	-> Printing at chr: chr1 pos:16465065 chunknumber 24700 contains 251 sites
	-> Printing at chr: chr1 pos:16511980 chunknumber 24800 contains 346 sites
	-> Printing at chr: chr1 pos:16591534 chunknumber 24900 contains 401 sites
	-> Printing at chr: chr1 pos:16644277 chunknumber 25000 contains 271 sites
	-> Printing at chr: chr1 pos:16716708 chunknumber 25100 contains 252 sites
	-> Printing at chr: chr1 pos:16805332 chunknumber 25200 contains 253 sites
	-> Printing at chr: chr1 pos:16899041 chunknumber 25300 contains 253 sites
	-> Printing at chr: chr1 pos:16942999 chunknumber 25400 contains 1277 sites
	-> Printing at chr: chr1 pos:17000461 chunknumber 25500 contains 429 sites
	-> Printing at chr: chr1 pos:17062471 chunknumber 25600 contains 251 sites
	-> Printing at chr: chr1 pos:17109686 chunknumber 25700 contains 254 sites
	-> Printing at chr: chr1 pos:17158234 chunknumber 25800 contains 252 sites
	-> Printing at chr: chr1 pos:17210744 chunknumber 25900 contains 388 sites
	-> Printing at chr: chr1 pos:17254616 chunknumber 26000 contains 253 sites
	-> Printing at chr: chr1 pos:17305933 chunknumber 26100 contains 1055 sites
	-> Printing at chr: chr1 pos:17352331 chunknumber 26200 contains 281 sites
	-> Printing at chr: chr1 pos:17397551 chunknumber 26300 contains 252 sites
	-> Printing at chr: chr1 pos:17456361 chunknumber 26400 contains 254 sites
	-> Printing at chr: chr1 pos:17498793 chunknumber 26500 contains 252 sites
	-> Printing at chr: chr1 pos:17544482 chunknumber 26600 contains 251 sites
	-> Printing at chr: chr1 pos:17595747 chunknumber 26700 contains 844 sites
	-> Printing at chr: chr1 pos:17653964 chunknumber 26800 contains 264 sites
	-> Printing at chr: chr1 pos:17712142 chunknumber 26900 contains 251 sites
	-> Printing at chr: chr1 pos:17759910 chunknumber 27000 contains 967 sites
	-> Printing at chr: chr1 pos:17818629 chunknumber 27100 contains 251 sites
	-> Printing at chr: chr1 pos:17871034 chunknumber 27200 contains 2301 sites
	-> Printing at chr: chr1 pos:17924784 chunknumber 27300 contains 289 sites
	-> Printing at chr: chr1 pos:17979711 chunknumber 27400 contains 251 sites
	-> Printing at chr: chr1 pos:18020014 chunknumber 27500 contains 252 sites
	-> Printing at chr: chr1 pos:18081869 chunknumber 27600 contains 286 sites
	-> Printing at chr: chr1 pos:18143503 chunknumber 27700 contains 603 sites
	-> Printing at chr: chr1 pos:18195779 chunknumber 27800 contains 2045 sites
	-> Printing at chr: chr1 pos:18258200 chunknumber 27900 contains 264 sites
	-> Printing at chr: chr1 pos:18303797 chunknumber 28000 contains 256 sites
	-> Printing at chr: chr1 pos:18356944 chunknumber 28100 contains 252 sites
	-> Printing at chr: chr1 pos:18413997 chunknumber 28200 contains 253 sites
	-> Printing at chr: chr1 pos:18468278 chunknumber 28300 contains 251 sites
	-> Printing at chr: chr1 pos:18517614 chunknumber 28400 contains 258 sites
	-> Printing at chr: chr1 pos:18589742 chunknumber 28500 contains 340 sites
	-> Printing at chr: chr1 pos:18634351 chunknumber 28600 contains 539 sites
	-> Printing at chr: chr1 pos:18686628 chunknumber 28700 contains 251 sites
	-> Printing at chr: chr1 pos:18731482 chunknumber 28800 contains 357 sites
	-> Printing at chr: chr1 pos:18787767 chunknumber 28900 contains 251 sites
	-> Printing at chr: chr1 pos:18841285 chunknumber 29000 contains 312 sites
	-> Printing at chr: chr1 pos:18888639 chunknumber 29100 contains 554 sites
	-> Printing at chr: chr1 pos:18931455 chunknumber 29200 contains 260 sites
	-> Printing at chr: chr1 pos:18983297 chunknumber 29300 contains 355 sites
	-> Printing at chr: chr1 pos:19024287 chunknumber 29400 contains 257 sites
	-> Printing at chr: chr1 pos:19075637 chunknumber 29500 contains 251 sites
	-> Printing at chr: chr1 pos:19125860 chunknumber 29600 contains 252 sites
	-> Printing at chr: chr1 pos:19168876 chunknumber 29700 contains 259 sites
	-> Printing at chr: chr1 pos:19221389 chunknumber 29800 contains 256 sites
	-> Printing at chr: chr1 pos:19268482 chunknumber 29900 contains 495 sites
	-> Printing at chr: chr1 pos:19313224 chunknumber 30000 contains 251 sites
	-> Printing at chr: chr1 pos:19356903 chunknumber 30100 contains 251 sites
	-> Printing at chr: chr1 pos:19413291 chunknumber 30200 contains 251 sites
	-> Printing at chr: chr1 pos:19476618 chunknumber 30300 contains 263 sites
	-> Printing at chr: chr1 pos:19530538 chunknumber 30400 contains 251 sites
	-> Printing at chr: chr1 pos:19585495 chunknumber 30500 contains 269 sites
	-> Printing at chr: chr1 pos:19630955 chunknumber 30600 contains 258 sites
	-> Printing at chr: chr1 pos:19689302 chunknumber 30700 contains 251 sites
	-> Printing at chr: chr1 pos:19749074 chunknumber 30800 contains 276 sites
	-> Printing at chr: chr1 pos:19805205 chunknumber 30900 contains 512 sites
	-> Printing at chr: chr1 pos:19862328 chunknumber 31000 contains 254 sites
	-> Printing at chr: chr1 pos:19926364 chunknumber 31100 contains 253 sites
	-> Printing at chr: chr1 pos:19975352 chunknumber 31200 contains 251 sites
	-> Printing at chr: chr1 pos:20029569 chunknumber 31300 contains 254 sites
	-> Printing at chr: chr1 pos:20073060 chunknumber 31400 contains 254 sites
	-> Printing at chr: chr1 pos:20140899 chunknumber 31500 contains 1070 sites
	-> Printing at chr: chr1 pos:20232079 chunknumber 31600 contains 526 sites
	-> Printing at chr: chr1 pos:20336423 chunknumber 31700 contains 251 sites
	-> Printing at chr: chr1 pos:20409594 chunknumber 31800 contains 276 sites
	-> Printing at chr: chr1 pos:20464522 chunknumber 31900 contains 266 sites
	-> Printing at chr: chr1 pos:20517666 chunknumber 32000 contains 252 sites
	-> Printing at chr: chr1 pos:20580808 chunknumber 32100 contains 252 sites
	-> Printing at chr: chr1 pos:20640210 chunknumber 32200 contains 411 sites
	-> Printing at chr: chr1 pos:20703176 chunknumber 32300 contains 513 sites
	-> Printing at chr: chr1 pos:20762388 chunknumber 32400 contains 378 sites
	-> Printing at chr: chr1 pos:20829688 chunknumber 32500 contains 251 sites
	-> Printing at chr: chr1 pos:20893022 chunknumber 32600 contains 306 sites
	-> Printing at chr: chr1 pos:20948096 chunknumber 32700 contains 256 sites
	-> Printing at chr: chr1 pos:21008897 chunknumber 32800 contains 728 sites
	-> Printing at chr: chr1 pos:21055445 chunknumber 32900 contains 517 sites
	-> Printing at chr: chr1 pos:21105489 chunknumber 33000 contains 252 sites
	-> Printing at chr: chr1 pos:21153612 chunknumber 33100 contains 259 sites
	-> Printing at chr: chr1 pos:21208545 chunknumber 33200 contains 419 sites
	-> Printing at chr: chr1 pos:21262828 chunknumber 33300 contains 263 sites
	-> Printing at chr: chr1 pos:21320663 chunknumber 33400 contains 460 sites
	-> Printing at chr: chr1 pos:21362356 chunknumber 33500 contains 400 sites
	-> Printing at chr: chr1 pos:21420494 chunknumber 33600 contains 251 sites
	-> Printing at chr: chr1 pos:21475646 chunknumber 33700 contains 331 sites
	-> Printing at chr: chr1 pos:21529012 chunknumber 33800 contains 881 sites
	-> Printing at chr: chr1 pos:21586339 chunknumber 33900 contains 253 sites
	-> Printing at chr: chr1 pos:21628234 chunknumber 34000 contains 280 sites
	-> Printing at chr: chr1 pos:21676950 chunknumber 34100 contains 255 sites
	-> Printing at chr: chr1 pos:21721760 chunknumber 34200 contains 264 sites
	-> Printing at chr: chr1 pos:21779467 chunknumber 34300 contains 252 sites
	-> Printing at chr: chr1 pos:21820147 chunknumber 34400 contains 251 sites
	-> Printing at chr: chr1 pos:21879501 chunknumber 34500 contains 251 sites
	-> Printing at chr: chr1 pos:21936416 chunknumber 34600 contains 251 sites
	-> Printing at chr: chr1 pos:21994274 chunknumber 34700 contains 252 sites
	-> Printing at chr: chr1 pos:22048474 chunknumber 34800 contains 256 sites
	-> Printing at chr: chr1 pos:22089160 chunknumber 34900 contains 796 sites
	-> Printing at chr: chr1 pos:22136433 chunknumber 35000 contains 252 sites
	-> Printing at chr: chr1 pos:22178675 chunknumber 35100 contains 351 sites
	-> Printing at chr: chr1 pos:22218510 chunknumber 35200 contains 252 sites
	-> Printing at chr: chr1 pos:22287274 chunknumber 35300 contains 254 sites
	-> Printing at chr: chr1 pos:22329933 chunknumber 35400 contains 255 sites
	-> Printing at chr: chr1 pos:22378245 chunknumber 35500 contains 251 sites
	-> Printing at chr: chr1 pos:22438409 chunknumber 35600 contains 281 sites
	-> Printing at chr: chr1 pos:22493259 chunknumber 35700 contains 252 sites
	-> Printing at chr: chr1 pos:22541601 chunknumber 35800 contains 252 sites
	-> Printing at chr: chr1 pos:22601395 chunknumber 35900 contains 251 sites
	-> Printing at chr: chr1 pos:22642321 chunknumber 36000 contains 557 sites
	-> Printing at chr: chr1 pos:22693058 chunknumber 36100 contains 251 sites
	-> Printing at chr: chr1 pos:22742099 chunknumber 36200 contains 302 sites
	-> Printing at chr: chr1 pos:22780386 chunknumber 36300 contains 365 sites
	-> Printing at chr: chr1 pos:22832461 chunknumber 36400 contains 251 sites
	-> Printing at chr: chr1 pos:22879072 chunknumber 36500 contains 606 sites
	-> Printing at chr: chr1 pos:22937694 chunknumber 36600 contains 251 sites
	-> Printing at chr: chr1 pos:22985341 chunknumber 36700 contains 714 sites
	-> Printing at chr: chr1 pos:23027712 chunknumber 36800 contains 251 sites
	-> Printing at chr: chr1 pos:23078578 chunknumber 36900 contains 251 sites
	-> Printing at chr: chr1 pos:23120989 chunknumber 37000 contains 252 sites
	-> Printing at chr: chr1 pos:23180724 chunknumber 37100 contains 252 sites
	-> Printing at chr: chr1 pos:23227666 chunknumber 37200 contains 371 sites
	-> Printing at chr: chr1 pos:23266094 chunknumber 37300 contains 262 sites
	-> Printing at chr: chr1 pos:23326986 chunknumber 37400 contains 432 sites
	-> Printing at chr: chr1 pos:23381728 chunknumber 37500 contains 277 sites
	-> Printing at chr: chr1 pos:23435213 chunknumber 37600 contains 252 sites
	-> Printing at chr: chr1 pos:23490198 chunknumber 37700 contains 399 sites
	-> Printing at chr: chr1 pos:23574802 chunknumber 37800 contains 567 sites
	-> Printing at chr: chr1 pos:23639122 chunknumber 37900 contains 251 sites
	-> Printing at chr: chr1 pos:23721120 chunknumber 38000 contains 985 sites
	-> Printing at chr: chr1 pos:23817919 chunknumber 38100 contains 710 sites
	-> Printing at chr: chr1 pos:23888702 chunknumber 38200 contains 252 sites
	-> Printing at chr: chr1 pos:23950872 chunknumber 38300 contains 1352 sites
	-> Printing at chr: chr1 pos:24014997 chunknumber 38400 contains 251 sites
	-> Printing at chr: chr1 pos:24115971 chunknumber 38500 contains 251 sites
	-> Printing at chr: chr1 pos:24210468 chunknumber 38600 contains 895 sites
	-> Printing at chr: chr1 pos:24306962 chunknumber 38700 contains 260 sites
	-> Printing at chr: chr1 pos:24433412 chunknumber 38800 contains 253 sites
	-> Printing at chr: chr1 pos:24543186 chunknumber 38900 contains 680 sites
	-> Printing at chr: chr1 pos:24663357 chunknumber 39000 contains 770 sites
	-> Printing at chr: chr1 pos:24782743 chunknumber 39100 contains 423 sites
	-> Printing at chr: chr1 pos:24870819 chunknumber 39200 contains 1679 sites
	-> Printing at chr: chr1 pos:24975146 chunknumber 39300 contains 256 sites
	-> Printing at chr: chr1 pos:25033398 chunknumber 39400 contains 251 sites
	-> Printing at chr: chr1 pos:25097383 chunknumber 39500 contains 253 sites
	-> Printing at chr: chr1 pos:25145327 chunknumber 39600 contains 255 sites
	-> Printing at chr: chr1 pos:25204597 chunknumber 39700 contains 251 sites
	-> Printing at chr: chr1 pos:25259650 chunknumber 39800 contains 590 sites
	-> Printing at chr: chr1 pos:25304528 chunknumber 39900 contains 252 sites
	-> Printing at chr: chr1 pos:25352522 chunknumber 40000 contains 257 sites
	-> Printing at chr: chr1 pos:25395133 chunknumber 40100 contains 289 sites
	-> Printing at chr: chr1 pos:25449568 chunknumber 40200 contains 255 sites
	-> Printing at chr: chr1 pos:25500745 chunknumber 40300 contains 292 sites
	-> Printing at chr: chr1 pos:25576463 chunknumber 40400 contains 252 sites
	-> Printing at chr: chr1 pos:25620986 chunknumber 40500 contains 269 sites
	-> Printing at chr: chr1 pos:25668571 chunknumber 40600 contains 251 sites
	-> Printing at chr: chr1 pos:25709099 chunknumber 40700 contains 556 sites
	-> Printing at chr: chr1 pos:25761977 chunknumber 40800 contains 251 sites
	-> Printing at chr: chr1 pos:25826123 chunknumber 40900 contains 251 sites
	-> Printing at chr: chr1 pos:25878232 chunknumber 41000 contains 294 sites
	-> Printing at chr: chr1 pos:25932522 chunknumber 41100 contains 251 sites
	-> Printing at chr: chr1 pos:25974213 chunknumber 41200 contains 659 sites
	-> Printing at chr: chr1 pos:26033503 chunknumber 41300 contains 254 sites
	-> Printing at chr: chr1 pos:26099901 chunknumber 41400 contains 2280 sites
	-> Printing at chr: chr1 pos:26160393 chunknumber 41500 contains 251 sites
	-> Printing at chr: chr1 pos:26210379 chunknumber 41600 contains 252 sites
	-> Printing at chr: chr1 pos:26257575 chunknumber 41700 contains 274 sites
	-> Printing at chr: chr1 pos:26302322 chunknumber 41800 contains 251 sites
	-> Printing at chr: chr1 pos:26368999 chunknumber 41900 contains 306 sites
	-> Printing at chr: chr1 pos:26415642 chunknumber 42000 contains 251 sites
	-> Printing at chr: chr1 pos:26460311 chunknumber 42100 contains 256 sites
	-> Printing at chr: chr1 pos:26505484 chunknumber 42200 contains 317 sites
	-> Printing at chr: chr1 pos:26556228 chunknumber 42300 contains 263 sites
	-> Printing at chr: chr1 pos:26603209 chunknumber 42400 contains 251 sites
	-> Printing at chr: chr1 pos:26651449 chunknumber 42500 contains 521 sites
	-> Printing at chr: chr1 pos:26699058 chunknumber 42600 contains 263 sites
	-> Printing at chr: chr1 pos:26768617 chunknumber 42700 contains 835 sites
	-> Printing at chr: chr1 pos:26822168 chunknumber 42800 contains 253 sites
	-> Printing at chr: chr1 pos:26872400 chunknumber 42900 contains 271 sites
	-> Printing at chr: chr1 pos:26918863 chunknumber 43000 contains 257 sites
	-> Printing at chr: chr1 pos:26972985 chunknumber 43100 contains 1210 sites
	-> Printing at chr: chr1 pos:27034929 chunknumber 43200 contains 257 sites
	-> Printing at chr: chr1 pos:27085121 chunknumber 43300 contains 583 sites
	-> Printing at chr: chr1 pos:27131344 chunknumber 43400 contains 340 sites
	-> Printing at chr: chr1 pos:27174268 chunknumber 43500 contains 257 sites
	-> Printing at chr: chr1 pos:27212945 chunknumber 43600 contains 251 sites
	-> Printing at chr: chr1 pos:27264968 chunknumber 43700 contains 663 sites
	-> Printing at chr: chr1 pos:27314752 chunknumber 43800 contains 251 sites
	-> Printing at chr: chr1 pos:27360195 chunknumber 43900 contains 253 sites
	-> Printing at chr: chr1 pos:27402376 chunknumber 44000 contains 358 sites
	-> Printing at chr: chr1 pos:27458234 chunknumber 44100 contains 643 sites
	-> Printing at chr: chr1 pos:27512698 chunknumber 44200 contains 435 sites
	-> Printing at chr: chr1 pos:27564575 chunknumber 44300 contains 665 sites
	-> Printing at chr: chr1 pos:27631685 chunknumber 44400 contains 251 sites
	-> Printing at chr: chr1 pos:27673186 chunknumber 44500 contains 278 sites
	-> Printing at chr: chr1 pos:27790727 chunknumber 44600 contains 268 sites
	-> Printing at chr: chr1 pos:27854012 chunknumber 44700 contains 251 sites
	-> Printing at chr: chr1 pos:27990496 chunknumber 44800 contains 280 sites
	-> Printing at chr: chr1 pos:28064366 chunknumber 44900 contains 251 sites
	-> Printing at chr: chr1 pos:28169210 chunknumber 45000 contains 321 sites
	-> Printing at chr: chr1 pos:28291939 chunknumber 45100 contains 690 sites
	-> Printing at chr: chr1 pos:28384199 chunknumber 45200 contains 251 sites
	-> Printing at chr: chr1 pos:28458726 chunknumber 45300 contains 378 sites
	-> Printing at chr: chr1 pos:28597267 chunknumber 45400 contains 271 sites
	-> Printing at chr: chr1 pos:28676717 chunknumber 45500 contains 251 sites
	-> Printing at chr: chr1 pos:28783372 chunknumber 45600 contains 259 sites
	-> Printing at chr: chr1 pos:28880796 chunknumber 45700 contains 252 sites
	-> Printing at chr: chr1 pos:29002808 chunknumber 45800 contains 266 sites
	-> Printing at chr: chr1 pos:29212673 chunknumber 45900 contains 848 sites
	-> Printing at chr: chr1 pos:29321824 chunknumber 46000 contains 253 sites
	-> Printing at chr: chr1 pos:29465691 chunknumber 46100 contains 251 sites
	-> Printing at chr: chr1 pos:29580845 chunknumber 46200 contains 1269 sites
	-> Printing at chr: chr1 pos:29674827 chunknumber 46300 contains 254 sites
	-> Printing at chr: chr1 pos:29751674 chunknumber 46400 contains 252 sites
	-> Printing at chr: chr1 pos:29846353 chunknumber 46500 contains 3146 sites
	-> Printing at chr: chr1 pos:29947989 chunknumber 46600 contains 676 sites
	-> Printing at chr: chr1 pos:30048535 chunknumber 46700 contains 1224 sites
	-> Printing at chr: chr1 pos:30164224 chunknumber 46800 contains 1361 sites
	-> Printing at chr: chr1 pos:30280000 chunknumber 46900 contains 251 sites
	-> Printing at chr: chr1 pos:30451640 chunknumber 47000 contains 253 sites
	-> Printing at chr: chr1 pos:30574971 chunknumber 47100 contains 253 sites
	-> Printing at chr: chr1 pos:30685393 chunknumber 47200 contains 276 sites
	-> Printing at chr: chr1 pos:30811774 chunknumber 47300 contains 1240 sites
	-> Printing at chr: chr1 pos:30909438 chunknumber 47400 contains 257 sites
	-> Printing at chr: chr1 pos:31042901 chunknumber 47500 contains 251 sites
	-> Printing at chr: chr1 pos:31155548 chunknumber 47600 contains 266 sites
	-> Printing at chr: chr1 pos:31243013 chunknumber 47700 contains 253 sites
	-> Printing at chr: chr1 pos:31336216 chunknumber 47800 contains 257 sites
	-> Printing at chr: chr1 pos:31406606 chunknumber 47900 contains 257 sites
	-> Printing at chr: chr1 pos:31470114 chunknumber 48000 contains 807 sites
	-> Printing at chr: chr1 pos:31535373 chunknumber 48100 contains 255 sites
	-> Printing at chr: chr1 pos:31636519 chunknumber 48200 contains 512 sites
	-> Printing at chr: chr1 pos:31721418 chunknumber 48300 contains 251 sites
	-> Printing at chr: chr1 pos:31786192 chunknumber 48400 contains 252 sites
	-> Printing at chr: chr1 pos:31840696 chunknumber 48500 contains 308 sites
	-> Printing at chr: chr1 pos:31919972 chunknumber 48600 contains 281 sites
	-> Printing at chr: chr1 pos:32026202 chunknumber 48700 contains 252 sites
	-> Printing at chr: chr1 pos:32116564 chunknumber 48800 contains 262 sites
	-> Printing at chr: chr1 pos:32212638 chunknumber 48900 contains 251 sites
	-> Printing at chr: chr1 pos:32287642 chunknumber 49000 contains 251 sites
	-> Printing at chr: chr1 pos:32359873 chunknumber 49100 contains 254 sites
	-> Printing at chr: chr1 pos:32422168 chunknumber 49200 contains 252 sites
	-> Printing at chr: chr1 pos:32494732 chunknumber 49300 contains 252 sites
	-> Printing at chr: chr1 pos:32551266 chunknumber 49400 contains 251 sites
	-> Printing at chr: chr1 pos:32617800 chunknumber 49500 contains 469 sites
	-> Printing at chr: chr1 pos:32731768 chunknumber 49600 contains 4270 sites
	-> Printing at chr: chr1 pos:32850305 chunknumber 49700 contains 252 sites
	-> Printing at chr: chr1 pos:32948988 chunknumber 49800 contains 642 sites
	-> Printing at chr: chr1 pos:33026713 chunknumber 49900 contains 253 sites
	-> Printing at chr: chr1 pos:33094067 chunknumber 50000 contains 252 sites
	-> Printing at chr: chr1 pos:33155317 chunknumber 50100 contains 997 sites
	-> Printing at chr: chr1 pos:33255362 chunknumber 50200 contains 251 sites
	-> Printing at chr: chr1 pos:33339999 chunknumber 50300 contains 251 sites
	-> Printing at chr: chr1 pos:33475444 chunknumber 50400 contains 889 sites
	-> Printing at chr: chr1 pos:33574409 chunknumber 50500 contains 451 sites
	-> Printing at chr: chr1 pos:33660135 chunknumber 50600 contains 251 sites
	-> Printing at chr: chr1 pos:33741666 chunknumber 50700 contains 256 sites
	-> Printing at chr: chr1 pos:33809701 chunknumber 50800 contains 251 sites
	-> Printing at chr: chr1 pos:33892765 chunknumber 50900 contains 266 sites
	-> Printing at chr: chr1 pos:33974139 chunknumber 51000 contains 251 sites
	-> Printing at chr: chr1 pos:34039404 chunknumber 51100 contains 306 sites
	-> Printing at chr: chr1 pos:34121228 chunknumber 51200 contains 253 sites
	-> Printing at chr: chr1 pos:34260691 chunknumber 51300 contains 255 sites
	-> Printing at chr: chr1 pos:34338381 chunknumber 51400 contains 252 sites
	-> Printing at chr: chr1 pos:34376102 chunknumber 51500 contains 258 sites
	-> Printing at chr: chr1 pos:34425254 chunknumber 51600 contains 1116 sites
	-> Printing at chr: chr1 pos:34481086 chunknumber 51700 contains 255 sites
	-> Printing at chr: chr1 pos:34529722 chunknumber 51800 contains 255 sites
	-> Printing at chr: chr1 pos:34591620 chunknumber 51900 contains 535 sites
	-> Printing at chr: chr1 pos:34636528 chunknumber 52000 contains 251 sites
	-> Printing at chr: chr1 pos:34694393 chunknumber 52100 contains 934 sites
	-> Printing at chr: chr1 pos:34752748 chunknumber 52200 contains 251 sites
	-> Printing at chr: chr1 pos:34807839 chunknumber 52300 contains 251 sites
	-> Printing at chr: chr1 pos:34851941 chunknumber 52400 contains 254 sites
	-> Printing at chr: chr1 pos:34897681 chunknumber 52500 contains 251 sites
	-> Printing at chr: chr1 pos:34945505 chunknumber 52600 contains 255 sites
	-> Printing at chr: chr1 pos:35014731 chunknumber 52700 contains 251 sites
	-> Printing at chr: chr1 pos:35058937 chunknumber 52800 contains 255 sites
	-> Printing at chr: chr1 pos:35104738 chunknumber 52900 contains 854 sites
	-> Printing at chr: chr1 pos:35153123 chunknumber 53000 contains 254 sites
	-> Printing at chr: chr1 pos:35197150 chunknumber 53100 contains 255 sites
	-> Printing at chr: chr1 pos:35250229 chunknumber 53200 contains 260 sites
	-> Printing at chr: chr1 pos:35309403 chunknumber 53300 contains 256 sites
	-> Printing at chr: chr1 pos:35360867 chunknumber 53400 contains 487 sites
	-> Printing at chr: chr1 pos:35412059 chunknumber 53500 contains 252 sites
	-> Printing at chr: chr1 pos:35466751 chunknumber 53600 contains 396 sites
	-> Printing at chr: chr1 pos:35514322 chunknumber 53700 contains 251 sites
	-> Printing at chr: chr1 pos:35579028 chunknumber 53800 contains 253 sites
	-> Printing at chr: chr1 pos:35631848 chunknumber 53900 contains 259 sites
	-> Printing at chr: chr1 pos:35671778 chunknumber 54000 contains 270 sites
	-> Printing at chr: chr1 pos:35721256 chunknumber 54100 contains 273 sites
	-> Printing at chr: chr1 pos:35759446 chunknumber 54200 contains 264 sites
	-> Printing at chr: chr1 pos:35829577 chunknumber 54300 contains 281 sites
	-> Printing at chr: chr1 pos:35888586 chunknumber 54400 contains 676 sites
	-> Printing at chr: chr1 pos:35943324 chunknumber 54500 contains 254 sites
	-> Printing at chr: chr1 pos:35986503 chunknumber 54600 contains 295 sites
	-> Printing at chr: chr1 pos:36040051 chunknumber 54700 contains 382 sites
	-> Printing at chr: chr1 pos:36096735 chunknumber 54800 contains 1735 sites
	-> Printing at chr: chr1 pos:36154497 chunknumber 54900 contains 268 sites
	-> Printing at chr: chr1 pos:36194491 chunknumber 55000 contains 270 sites
	-> Printing at chr: chr1 pos:36233726 chunknumber 55100 contains 253 sites
	-> Printing at chr: chr1 pos:36275967 chunknumber 55200 contains 145 sites
	-> Printing at chr: chr1 pos:36329030 chunknumber 55300 contains 941 sites
	-> Printing at chr: chr1 pos:36368982 chunknumber 55400 contains 251 sites
	-> Printing at chr: chr1 pos:36413547 chunknumber 55500 contains 410 sites
	-> Printing at chr: chr1 pos:36458928 chunknumber 55600 contains 251 sites
	-> Printing at chr: chr1 pos:36503514 chunknumber 55700 contains 555 sites
	-> Printing at chr: chr1 pos:36548211 chunknumber 55800 contains 251 sites
	-> Printing at chr: chr1 pos:36584612 chunknumber 55900 contains 664 sites
	-> Printing at chr: chr1 pos:36633087 chunknumber 56000 contains 254 sites
	-> Printing at chr: chr1 pos:36676345 chunknumber 56100 contains 253 sites
	-> Printing at chr: chr1 pos:36742967 chunknumber 56200 contains 259 sites
	-> Printing at chr: chr1 pos:36797480 chunknumber 56300 contains 258 sites
	-> Printing at chr: chr1 pos:36868204 chunknumber 56400 contains 255 sites
	-> Printing at chr: chr1 pos:36923419 chunknumber 56500 contains 399 sites
	-> Printing at chr: chr1 pos:36967054 chunknumber 56600 contains 252 sites
	-> Printing at chr: chr1 pos:37019710 chunknumber 56700 contains 251 sites
	-> Printing at chr: chr1 pos:37061264 chunknumber 56800 contains 936 sites
	-> Printing at chr: chr1 pos:37102591 chunknumber 56900 contains 265 sites
	-> Printing at chr: chr1 pos:37142071 chunknumber 57000 contains 253 sites
	-> Printing at chr: chr1 pos:37199611 chunknumber 57100 contains 441 sites
	-> Printing at chr: chr1 pos:37260234 chunknumber 57200 contains 251 sites
	-> Printing at chr: chr1 pos:37306156 chunknumber 57300 contains 254 sites
	-> Printing at chr: chr1 pos:37360953 chunknumber 57400 contains 254 sites
	-> Printing at chr: chr1 pos:37405522 chunknumber 57500 contains 254 sites
	-> Printing at chr: chr1 pos:37448435 chunknumber 57600 contains 254 sites
	-> Printing at chr: chr1 pos:37498888 chunknumber 57700 contains 393 sites
	-> Printing at chr: chr1 pos:37541612 chunknumber 57800 contains 251 sites
	-> Printing at chr: chr1 pos:37587831 chunknumber 57900 contains 257 sites
	-> Printing at chr: chr1 pos:37635342 chunknumber 58000 contains 386 sites
	-> Printing at chr: chr1 pos:37683525 chunknumber 58100 contains 252 sites
	-> Printing at chr: chr1 pos:37741371 chunknumber 58200 contains 2239 sites
	-> Printing at chr: chr1 pos:37808988 chunknumber 58300 contains 254 sites
	-> Printing at chr: chr1 pos:37857157 chunknumber 58400 contains 255 sites
	-> Printing at chr: chr1 pos:37917549 chunknumber 58500 contains 256 sites
	-> Printing at chr: chr1 pos:37983109 chunknumber 58600 contains 740 sites
	-> Printing at chr: chr1 pos:38028306 chunknumber 58700 contains 1080 sites
	-> Printing at chr: chr1 pos:38082741 chunknumber 58800 contains 419 sites
	-> Printing at chr: chr1 pos:38133959 chunknumber 58900 contains 346 sites
	-> Printing at chr: chr1 pos:38180506 chunknumber 59000 contains 253 sites
	-> Printing at chr: chr1 pos:38227025 chunknumber 59100 contains 602 sites
	-> Printing at chr: chr1 pos:38276449 chunknumber 59200 contains 458 sites
	-> Printing at chr: chr1 pos:38331375 chunknumber 59300 contains 676 sites
	-> Printing at chr: chr1 pos:38382944 chunknumber 59400 contains 255 sites
	-> Printing at chr: chr1 pos:38438119 chunknumber 59500 contains 447 sites
	-> Printing at chr: chr1 pos:38482938 chunknumber 59600 contains 270 sites
	-> Printing at chr: chr1 pos:38535095 chunknumber 59700 contains 256 sites
	-> Printing at chr: chr1 pos:38576307 chunknumber 59800 contains 251 sites
	-> Printing at chr: chr1 pos:38620881 chunknumber 59900 contains 253 sites
	-> Printing at chr: chr1 pos:38671393 chunknumber 60000 contains 1851 sites
	-> Printing at chr: chr1 pos:38718857 chunknumber 60100 contains 252 sites
	-> Printing at chr: chr1 pos:38767667 chunknumber 60200 contains 253 sites
	-> Printing at chr: chr1 pos:38812880 chunknumber 60300 contains 252 sites
	-> Printing at chr: chr1 pos:38860859 chunknumber 60400 contains 251 sites
	-> Printing at chr: chr1 pos:38915465 chunknumber 60500 contains 251 sites
	-> Printing at chr: chr1 pos:38972990 chunknumber 60600 contains 781 sites
	-> Printing at chr: chr1 pos:39026721 chunknumber 60700 contains 253 sites
	-> Printing at chr: chr1 pos:39092809 chunknumber 60800 contains 251 sites
	-> Printing at chr: chr1 pos:39169640 chunknumber 60900 contains 275 sites
	-> Printing at chr: chr1 pos:39215969 chunknumber 61000 contains 254 sites
	-> Printing at chr: chr1 pos:39257286 chunknumber 61100 contains 256 sites
	-> Printing at chr: chr1 pos:39311088 chunknumber 61200 contains 251 sites
	-> Printing at chr: chr1 pos:39350985 chunknumber 61300 contains 253 sites
	-> Printing at chr: chr1 pos:39391915 chunknumber 61400 contains 252 sites
	-> Printing at chr: chr1 pos:39434998 chunknumber 61500 contains 252 sites
	-> Printing at chr: chr1 pos:39484429 chunknumber 61600 contains 917 sites
	-> Printing at chr: chr1 pos:39537462 chunknumber 61700 contains 252 sites
	-> Printing at chr: chr1 pos:39583260 chunknumber 61800 contains 191 sites
	-> Printing at chr: chr1 pos:39629065 chunknumber 61900 contains 253 sites
	-> Printing at chr: chr1 pos:39681484 chunknumber 62000 contains 253 sites
	-> Printing at chr: chr1 pos:39728472 chunknumber 62100 contains 253 sites
	-> Printing at chr: chr1 pos:39785148 chunknumber 62200 contains 253 sites
	-> Printing at chr: chr1 pos:39830086 chunknumber 62300 contains 251 sites
	-> Printing at chr: chr1 pos:39872875 chunknumber 62400 contains 251 sites
	-> Printing at chr: chr1 pos:39927726 chunknumber 62500 contains 251 sites
	-> Printing at chr: chr1 pos:39975467 chunknumber 62600 contains 495 sites
	-> Printing at chr: chr1 pos:40032345 chunknumber 62700 contains 349 sites
	-> Printing at chr: chr1 pos:40076620 chunknumber 62800 contains 2883 sites
	-> Printing at chr: chr1 pos:40132694 chunknumber 62900 contains 260 sites
	-> Printing at chr: chr1 pos:40189318 chunknumber 63000 contains 251 sites
	-> Printing at chr: chr1 pos:40251816 chunknumber 63100 contains 538 sites
	-> Printing at chr: chr1 pos:40303709 chunknumber 63200 contains 254 sites
	-> Printing at chr: chr1 pos:40368834 chunknumber 63300 contains 251 sites
	-> Printing at chr: chr1 pos:40416936 chunknumber 63400 contains 255 sites
	-> Printing at chr: chr1 pos:40507912 chunknumber 63500 contains 262 sites
	-> Printing at chr: chr1 pos:40553934 chunknumber 63600 contains 252 sites
	-> Printing at chr: chr1 pos:40601487 chunknumber 63700 contains 251 sites
	-> Printing at chr: chr1 pos:40639906 chunknumber 63800 contains 490 sites
	-> Printing at chr: chr1 pos:40692244 chunknumber 63900 contains 251 sites
	-> Printing at chr: chr1 pos:40743263 chunknumber 64000 contains 251 sites
	-> Printing at chr: chr1 pos:40792726 chunknumber 64100 contains 726 sites
	-> Printing at chr: chr1 pos:40835517 chunknumber 64200 contains 1605 sites
	-> Printing at chr: chr1 pos:40886378 chunknumber 64300 contains 1139 sites
	-> Printing at chr: chr1 pos:40934455 chunknumber 64400 contains 252 sites
	-> Printing at chr: chr1 pos:40982241 chunknumber 64500 contains 495 sites
	-> Printing at chr: chr1 pos:41028392 chunknumber 64600 contains 251 sites
	-> Printing at chr: chr1 pos:41069464 chunknumber 64700 contains 886 sites
	-> Printing at chr: chr1 pos:41128725 chunknumber 64800 contains 251 sites
	-> Printing at chr: chr1 pos:41181420 chunknumber 64900 contains 252 sites
	-> Printing at chr: chr1 pos:41228206 chunknumber 65000 contains 501 sites
	-> Printing at chr: chr1 pos:41281861 chunknumber 65100 contains 252 sites
	-> Printing at chr: chr1 pos:41327917 chunknumber 65200 contains 253 sites
	-> Printing at chr: chr1 pos:41380902 chunknumber 65300 contains 251 sites
	-> Printing at chr: chr1 pos:41426098 chunknumber 65400 contains 252 sites
	-> Printing at chr: chr1 pos:41466063 chunknumber 65500 contains 266 sites
	-> Printing at chr: chr1 pos:41516108 chunknumber 65600 contains 257 sites
	-> Printing at chr: chr1 pos:41553213 chunknumber 65700 contains 251 sites
	-> Printing at chr: chr1 pos:41597704 chunknumber 65800 contains 253 sites
	-> Printing at chr: chr1 pos:41656617 chunknumber 65900 contains 487 sites
	-> Printing at chr: chr1 pos:41699882 chunknumber 66000 contains 502 sites
	-> Printing at chr: chr1 pos:41750542 chunknumber 66100 contains 259 sites
	-> Printing at chr: chr1 pos:41814919 chunknumber 66200 contains 1216 sites
	-> Printing at chr: chr1 pos:41863897 chunknumber 66300 contains 256 sites
	-> Printing at chr: chr1 pos:41933019 chunknumber 66400 contains 648 sites
	-> Printing at chr: chr1 pos:41980110 chunknumber 66500 contains 258 sites
	-> Printing at chr: chr1 pos:42038080 chunknumber 66600 contains 252 sites
	-> Printing at chr: chr1 pos:42085735 chunknumber 66700 contains 253 sites
	-> Printing at chr: chr1 pos:42133518 chunknumber 66800 contains 1228 sites
	-> Printing at chr: chr1 pos:42189579 chunknumber 66900 contains 252 sites
	-> Printing at chr: chr1 pos:42241864 chunknumber 67000 contains 251 sites
	-> Printing at chr: chr1 pos:42301357 chunknumber 67100 contains 417 sites
	-> Printing at chr: chr1 pos:42374406 chunknumber 67200 contains 253 sites
	-> Printing at chr: chr1 pos:42434688 chunknumber 67300 contains 251 sites
	-> Printing at chr: chr1 pos:42485364 chunknumber 67400 contains 352 sites
	-> Printing at chr: chr1 pos:42532245 chunknumber 67500 contains 993 sites
	-> Printing at chr: chr1 pos:42577514 chunknumber 67600 contains 252 sites
	-> Printing at chr: chr1 pos:42628397 chunknumber 67700 contains 307 sites
	-> Printing at chr: chr1 pos:42683433 chunknumber 67800 contains 273 sites
	-> Printing at chr: chr1 pos:42735614 chunknumber 67900 contains 600 sites
	-> Printing at chr: chr1 pos:42785527 chunknumber 68000 contains 515 sites
	-> Printing at chr: chr1 pos:42840739 chunknumber 68100 contains 253 sites
	-> Printing at chr: chr1 pos:42892407 chunknumber 68200 contains 274 sites
	-> Printing at chr: chr1 pos:42940597 chunknumber 68300 contains 322 sites
	-> Printing at chr: chr1 pos:42987127 chunknumber 68400 contains 963 sites
	-> Printing at chr: chr1 pos:43032995 chunknumber 68500 contains 315 sites
	-> Printing at chr: chr1 pos:43083710 chunknumber 68600 contains 202 sites
	-> Printing at chr: chr1 pos:43141346 chunknumber 68700 contains 304 sites
	-> Printing at chr: chr1 pos:43200247 chunknumber 68800 contains 252 sites
	-> Printing at chr: chr1 pos:43238124 chunknumber 68900 contains 253 sites
	-> Printing at chr: chr1 pos:43299344 chunknumber 69000 contains 342 sites
	-> Printing at chr: chr1 pos:43340164 chunknumber 69100 contains 251 sites
	-> Printing at chr: chr1 pos:43385397 chunknumber 69200 contains 1564 sites
	-> Printing at chr: chr1 pos:43448276 chunknumber 69300 contains 251 sites
	-> Printing at chr: chr1 pos:43491628 chunknumber 69400 contains 251 sites
	-> Printing at chr: chr1 pos:43547473 chunknumber 69500 contains 243 sites
	-> Printing at chr: chr1 pos:43601135 chunknumber 69600 contains 309 sites
	-> Printing at chr: chr1 pos:43662303 chunknumber 69700 contains 253 sites
	-> Printing at chr: chr1 pos:43710275 chunknumber 69800 contains 251 sites
	-> Printing at chr: chr1 pos:43753888 chunknumber 69900 contains 272 sites
	-> Printing at chr: chr1 pos:43826086 chunknumber 70000 contains 268 sites
	-> Printing at chr: chr1 pos:43880818 chunknumber 70100 contains 430 sites
	-> Printing at chr: chr1 pos:43930311 chunknumber 70200 contains 255 sites
	-> Printing at chr: chr1 pos:43988030 chunknumber 70300 contains 259 sites
	-> Printing at chr: chr1 pos:44054839 chunknumber 70400 contains 699 sites
	-> Printing at chr: chr1 pos:44118492 chunknumber 70500 contains 377 sites
	-> Printing at chr: chr1 pos:44162282 chunknumber 70600 contains 761 sites
	-> Printing at chr: chr1 pos:44215189 chunknumber 70700 contains 252 sites
	-> Printing at chr: chr1 pos:44284496 chunknumber 70800 contains 364 sites
	-> Printing at chr: chr1 pos:44345495 chunknumber 70900 contains 251 sites
	-> Printing at chr: chr1 pos:44413929 chunknumber 71000 contains 256 sites
	-> Printing at chr: chr1 pos:44504673 chunknumber 71100 contains 253 sites
	-> Printing at chr: chr1 pos:44558318 chunknumber 71200 contains 307 sites
	-> Printing at chr: chr1 pos:44607461 chunknumber 71300 contains 252 sites
	-> Printing at chr: chr1 pos:44654078 chunknumber 71400 contains 344 sites
	-> Printing at chr: chr1 pos:44709494 chunknumber 71500 contains 251 sites
	-> Printing at chr: chr1 pos:44753374 chunknumber 71600 contains 260 sites
	-> Printing at chr: chr1 pos:44795466 chunknumber 71700 contains 251 sites
	-> Printing at chr: chr1 pos:44857125 chunknumber 71800 contains 253 sites
	-> Printing at chr: chr1 pos:44901681 chunknumber 71900 contains 1548 sites
	-> Printing at chr: chr1 pos:44961847 chunknumber 72000 contains 251 sites
	-> Printing at chr: chr1 pos:45001098 chunknumber 72100 contains 341 sites
	-> Printing at chr: chr1 pos:45059375 chunknumber 72200 contains 943 sites
	-> Printing at chr: chr1 pos:45111362 chunknumber 72300 contains 2148 sites
	-> Printing at chr: chr1 pos:45166112 chunknumber 72400 contains 478 sites
	-> Printing at chr: chr1 pos:45208018 chunknumber 72500 contains 216 sites
	-> Printing at chr: chr1 pos:45251793 chunknumber 72600 contains 251 sites
	-> Printing at chr: chr1 pos:45297510 chunknumber 72700 contains 261 sites
	-> Printing at chr: chr1 pos:45350157 chunknumber 72800 contains 251 sites
	-> Printing at chr: chr1 pos:45413472 chunknumber 72900 contains 271 sites
	-> Printing at chr: chr1 pos:45456523 chunknumber 73000 contains 404 sites
	-> Printing at chr: chr1 pos:45515119 chunknumber 73100 contains 255 sites
	-> Printing at chr: chr1 pos:45560636 chunknumber 73200 contains 252 sites
	-> Printing at chr: chr1 pos:45613179 chunknumber 73300 contains 264 sites
	-> Printing at chr: chr1 pos:45653573 chunknumber 73400 contains 251 sites
	-> Printing at chr: chr1 pos:45699373 chunknumber 73500 contains 251 sites
	-> Printing at chr: chr1 pos:45753403 chunknumber 73600 contains 254 sites
	-> Printing at chr: chr1 pos:45797264 chunknumber 73700 contains 251 sites
	-> Printing at chr: chr1 pos:45860412 chunknumber 73800 contains 252 sites
	-> Printing at chr: chr1 pos:45910822 chunknumber 73900 contains 951 sites
	-> Printing at chr: chr1 pos:45961849 chunknumber 74000 contains 251 sites
	-> Printing at chr: chr1 pos:46019272 chunknumber 74100 contains 473 sites
	-> Printing at chr: chr1 pos:46086126 chunknumber 74200 contains 253 sites
	-> Printing at chr: chr1 pos:46157350 chunknumber 74300 contains 599 sites
	-> Printing at chr: chr1 pos:46204512 chunknumber 74400 contains 251 sites
	-> Printing at chr: chr1 pos:46257531 chunknumber 74500 contains 251 sites
	-> Printing at chr: chr1 pos:46300675 chunknumber 74600 contains 255 sites
	-> Printing at chr: chr1 pos:46350142 chunknumber 74700 contains 251 sites
	-> Printing at chr: chr1 pos:46403450 chunknumber 74800 contains 1536 sites
	-> Printing at chr: chr1 pos:46454769 chunknumber 74900 contains 251 sites
	-> Printing at chr: chr1 pos:46498613 chunknumber 75000 contains 256 sites
	-> Printing at chr: chr1 pos:46556596 chunknumber 75100 contains 252 sites
	-> Printing at chr: chr1 pos:46618103 chunknumber 75200 contains 328 sites
	-> Printing at chr: chr1 pos:46678515 chunknumber 75300 contains 256 sites
	-> Printing at chr: chr1 pos:46742651 chunknumber 75400 contains 255 sites
	-> Printing at chr: chr1 pos:46801338 chunknumber 75500 contains 254 sites
	-> Printing at chr: chr1 pos:46874754 chunknumber 75600 contains 522 sites
	-> Printing at chr: chr1 pos:46927896 chunknumber 75700 contains 366 sites
	-> Printing at chr: chr1 pos:46974122 chunknumber 75800 contains 339 sites
	-> Printing at chr: chr1 pos:47018272 chunknumber 75900 contains 511 sites
	-> Printing at chr: chr1 pos:47059704 chunknumber 76000 contains 615 sites
	-> Printing at chr: chr1 pos:47106842 chunknumber 76100 contains 167 sites
	-> Printing at chr: chr1 pos:47166978 chunknumber 76200 contains 373 sites
	-> Printing at chr: chr1 pos:47228383 chunknumber 76300 contains 253 sites
	-> Printing at chr: chr1 pos:47275990 chunknumber 76400 contains 252 sites
	-> Printing at chr: chr1 pos:47319268 chunknumber 76500 contains 253 sites
	-> Printing at chr: chr1 pos:47365544 chunknumber 76600 contains 253 sites
	-> Printing at chr: chr1 pos:47421972 chunknumber 76700 contains 253 sites

	-> Done reading data waiting for calculations to finish
	-> Done waiting for threads
	-> Output filenames:
		->"../03.output/saf_POR.arg"
		->"../03.output/saf_POR.mafs.gz"
		->"../03.output/saf_POR.saf.gz"
		->"../03.output/saf_POR.saf.pos.gz"
		->"../03.output/saf_POR.saf.idx"
	-> Sat Mar 27 12:13:57 2021
	-> Arguments and parameters for all analysis are located in .arg file
	-> Total number of sites analyzed: 36986469
	-> Number of sites retained after filtering: 15812465 
	[ALL done] cpu-time used =  8388.15 sec
	[ALL done] walltime used =  8424.00 sec
