	-> angsd version: 0.930 (htslib: 1.9) build(Mar 20 2020 16:59:13)
	-> [prep_sites.cpp] Reading binary representation of '../../../inputs/neutral_sites'
	-> [prep_sites.cpp] nChr: 1 loaded from binary filter file
	-> [abcFilter.cpp] -sites is still beta, use at own risk...
	-> Reading fasta: ../../../inputs/grasshopperRef.fasta
	-> Reading fasta: ../../../inputs/grasshopperRef.fasta
	-> SNP-filter using a pvalue: 1.000000e+00 correspond to 0.000000 likelihood units
[bammer_main] 5 samples in 5 input files
	-> Parsing 5 number of samples 
	-> Region lookup 1/1
[shared.cpp.changeChr():281] refid:0
Charnge chr:0
	-> Printing at chr: chr1 pos:63366 chunknumber 100 contains 261 sites
	-> Printing at chr: chr1 pos:128183 chunknumber 200 contains 251 sites
	-> Printing at chr: chr1 pos:167765 chunknumber 300 contains 368 sites
	-> Printing at chr: chr1 pos:234220 chunknumber 400 contains 442 sites
	-> Printing at chr: chr1 pos:318325 chunknumber 500 contains 773 sites
	-> Printing at chr: chr1 pos:388128 chunknumber 600 contains 363 sites
	-> Printing at chr: chr1 pos:439417 chunknumber 700 contains 251 sites
	-> Printing at chr: chr1 pos:496840 chunknumber 800 contains 2087 sites
	-> Printing at chr: chr1 pos:545907 chunknumber 900 contains 258 sites
	-> Printing at chr: chr1 pos:587172 chunknumber 1000 contains 270 sites
	-> Printing at chr: chr1 pos:614531 chunknumber 1100 contains 251 sites
	-> Printing at chr: chr1 pos:663937 chunknumber 1200 contains 542 sites
	-> Printing at chr: chr1 pos:728298 chunknumber 1300 contains 252 sites
	-> Printing at chr: chr1 pos:772246 chunknumber 1400 contains 386 sites
	-> Printing at chr: chr1 pos:828274 chunknumber 1500 contains 585 sites
	-> Printing at chr: chr1 pos:892681 chunknumber 1600 contains 278 sites
	-> Printing at chr: chr1 pos:960355 chunknumber 1700 contains 1346 sites
	-> Printing at chr: chr1 pos:1029521 chunknumber 1800 contains 259 sites
	-> Printing at chr: chr1 pos:1103484 chunknumber 1900 contains 251 sites
	-> Printing at chr: chr1 pos:1197766 chunknumber 2000 contains 948 sites
	-> Printing at chr: chr1 pos:1280018 chunknumber 2100 contains 550 sites
	-> Printing at chr: chr1 pos:1341890 chunknumber 2200 contains 255 sites
	-> Printing at chr: chr1 pos:1397038 chunknumber 2300 contains 253 sites
	-> Printing at chr: chr1 pos:1449102 chunknumber 2400 contains 314 sites
	-> Printing at chr: chr1 pos:1511042 chunknumber 2500 contains 2470 sites
	-> Printing at chr: chr1 pos:1564751 chunknumber 2600 contains 1105 sites
	-> Printing at chr: chr1 pos:1613506 chunknumber 2700 contains 587 sites
	-> Printing at chr: chr1 pos:1668476 chunknumber 2800 contains 267 sites
	-> Printing at chr: chr1 pos:1717739 chunknumber 2900 contains 321 sites
	-> Printing at chr: chr1 pos:1770285 chunknumber 3000 contains 251 sites
	-> Printing at chr: chr1 pos:1823196 chunknumber 3100 contains 254 sites
	-> Printing at chr: chr1 pos:1871054 chunknumber 3200 contains 374 sites
	-> Printing at chr: chr1 pos:1933913 chunknumber 3300 contains 251 sites
	-> Printing at chr: chr1 pos:2001448 chunknumber 3400 contains 1680 sites
	-> Printing at chr: chr1 pos:2049331 chunknumber 3500 contains 251 sites
	-> Printing at chr: chr1 pos:2115220 chunknumber 3600 contains 253 sites
	-> Printing at chr: chr1 pos:2170078 chunknumber 3700 contains 742 sites
	-> Printing at chr: chr1 pos:2241091 chunknumber 3800 contains 322 sites
	-> Printing at chr: chr1 pos:2316442 chunknumber 3900 contains 266 sites
	-> Printing at chr: chr1 pos:2384093 chunknumber 4000 contains 438 sites
	-> Printing at chr: chr1 pos:2443486 chunknumber 4100 contains 1018 sites
	-> Printing at chr: chr1 pos:2510077 chunknumber 4200 contains 1146 sites
	-> Printing at chr: chr1 pos:2572315 chunknumber 4300 contains 665 sites
	-> Printing at chr: chr1 pos:2668165 chunknumber 4400 contains 548 sites
	-> Printing at chr: chr1 pos:2729419 chunknumber 4500 contains 251 sites
	-> Printing at chr: chr1 pos:2812930 chunknumber 4600 contains 350 sites
	-> Printing at chr: chr1 pos:2856582 chunknumber 4700 contains 346 sites
	-> Printing at chr: chr1 pos:2926169 chunknumber 4800 contains 445 sites
	-> Printing at chr: chr1 pos:2989276 chunknumber 4900 contains 977 sites
	-> Printing at chr: chr1 pos:3045137 chunknumber 5000 contains 1127 sites
	-> Printing at chr: chr1 pos:3125768 chunknumber 5100 contains 457 sites
	-> Printing at chr: chr1 pos:3195853 chunknumber 5200 contains 629 sites
	-> Printing at chr: chr1 pos:3256072 chunknumber 5300 contains 261 sites
	-> Printing at chr: chr1 pos:3353993 chunknumber 5400 contains 351 sites
	-> Printing at chr: chr1 pos:3446419 chunknumber 5500 contains 252 sites
	-> Printing at chr: chr1 pos:3527015 chunknumber 5600 contains 252 sites
	-> Printing at chr: chr1 pos:3586962 chunknumber 5700 contains 252 sites
	-> Printing at chr: chr1 pos:3633177 chunknumber 5800 contains 577 sites
	-> Printing at chr: chr1 pos:3708687 chunknumber 5900 contains 272 sites
	-> Printing at chr: chr1 pos:3766918 chunknumber 6000 contains 254 sites
	-> Printing at chr: chr1 pos:3814519 chunknumber 6100 contains 253 sites
	-> Printing at chr: chr1 pos:3867340 chunknumber 6200 contains 257 sites
	-> Printing at chr: chr1 pos:3912832 chunknumber 6300 contains 1207 sites
	-> Printing at chr: chr1 pos:3957055 chunknumber 6400 contains 261 sites
	-> Printing at chr: chr1 pos:4017711 chunknumber 6500 contains 557 sites
	-> Printing at chr: chr1 pos:4087578 chunknumber 6600 contains 366 sites
	-> Printing at chr: chr1 pos:4129268 chunknumber 6700 contains 253 sites
	-> Printing at chr: chr1 pos:4178530 chunknumber 6800 contains 443 sites
	-> Printing at chr: chr1 pos:4229135 chunknumber 6900 contains 319 sites
	-> Printing at chr: chr1 pos:4281483 chunknumber 7000 contains 433 sites
	-> Printing at chr: chr1 pos:4327678 chunknumber 7100 contains 262 sites
	-> Printing at chr: chr1 pos:4378534 chunknumber 7200 contains 267 sites
	-> Printing at chr: chr1 pos:4422277 chunknumber 7300 contains 270 sites
	-> Printing at chr: chr1 pos:4490430 chunknumber 7400 contains 951 sites
	-> Printing at chr: chr1 pos:4539152 chunknumber 7500 contains 254 sites
	-> Printing at chr: chr1 pos:4570940 chunknumber 7600 contains 251 sites
	-> Printing at chr: chr1 pos:4617588 chunknumber 7700 contains 412 sites
	-> Printing at chr: chr1 pos:4683713 chunknumber 7800 contains 746 sites
	-> Printing at chr: chr1 pos:4769385 chunknumber 7900 contains 483 sites
	-> Printing at chr: chr1 pos:4812968 chunknumber 8000 contains 361 sites
	-> Printing at chr: chr1 pos:4855502 chunknumber 8100 contains 256 sites
	-> Printing at chr: chr1 pos:4898122 chunknumber 8200 contains 260 sites
	-> Printing at chr: chr1 pos:4957649 chunknumber 8300 contains 1371 sites
	-> Printing at chr: chr1 pos:5002243 chunknumber 8400 contains 257 sites
	-> Printing at chr: chr1 pos:5047958 chunknumber 8500 contains 254 sites
	-> Printing at chr: chr1 pos:5092852 chunknumber 8600 contains 1160 sites
	-> Printing at chr: chr1 pos:5160731 chunknumber 8700 contains 609 sites
	-> Printing at chr: chr1 pos:5205934 chunknumber 8800 contains 212 sites
	-> Printing at chr: chr1 pos:5274459 chunknumber 8900 contains 456 sites
	-> Printing at chr: chr1 pos:5383111 chunknumber 9000 contains 448 sites
	-> Printing at chr: chr1 pos:5437602 chunknumber 9100 contains 252 sites
	-> Printing at chr: chr1 pos:5489692 chunknumber 9200 contains 254 sites
	-> Printing at chr: chr1 pos:5532634 chunknumber 9300 contains 2157 sites
	-> Printing at chr: chr1 pos:5591418 chunknumber 9400 contains 277 sites
	-> Printing at chr: chr1 pos:5633676 chunknumber 9500 contains 253 sites
	-> Printing at chr: chr1 pos:5681704 chunknumber 9600 contains 486 sites
	-> Printing at chr: chr1 pos:5748225 chunknumber 9700 contains 286 sites
	-> Printing at chr: chr1 pos:5818359 chunknumber 9800 contains 1571 sites
	-> Printing at chr: chr1 pos:5880129 chunknumber 9900 contains 443 sites
	-> Printing at chr: chr1 pos:5945417 chunknumber 10000 contains 1523 sites
	-> Printing at chr: chr1 pos:6048070 chunknumber 10100 contains 262 sites
	-> Printing at chr: chr1 pos:6084399 chunknumber 10200 contains 269 sites
	-> Printing at chr: chr1 pos:6135256 chunknumber 10300 contains 251 sites
	-> Printing at chr: chr1 pos:6181396 chunknumber 10400 contains 251 sites
	-> Printing at chr: chr1 pos:6226723 chunknumber 10500 contains 262 sites
	-> Printing at chr: chr1 pos:6280115 chunknumber 10600 contains 628 sites
	-> Printing at chr: chr1 pos:6328542 chunknumber 10700 contains 3206 sites
	-> Printing at chr: chr1 pos:6387579 chunknumber 10800 contains 458 sites
	-> Printing at chr: chr1 pos:6449070 chunknumber 10900 contains 256 sites
	-> Printing at chr: chr1 pos:6506487 chunknumber 11000 contains 252 sites
	-> Printing at chr: chr1 pos:6559557 chunknumber 11100 contains 253 sites
	-> Printing at chr: chr1 pos:6644548 chunknumber 11200 contains 1731 sites
	-> Printing at chr: chr1 pos:6729129 chunknumber 11300 contains 268 sites
	-> Printing at chr: chr1 pos:6799371 chunknumber 11400 contains 251 sites
	-> Printing at chr: chr1 pos:6876545 chunknumber 11500 contains 377 sites
	-> Printing at chr: chr1 pos:6957018 chunknumber 11600 contains 497 sites
	-> Printing at chr: chr1 pos:7021464 chunknumber 11700 contains 277 sites
	-> Printing at chr: chr1 pos:7069259 chunknumber 11800 contains 275 sites
	-> Printing at chr: chr1 pos:7121896 chunknumber 11900 contains 265 sites
	-> Printing at chr: chr1 pos:7155721 chunknumber 12000 contains 251 sites
	-> Printing at chr: chr1 pos:7204909 chunknumber 12100 contains 251 sites
	-> Printing at chr: chr1 pos:7242224 chunknumber 12200 contains 253 sites
	-> Printing at chr: chr1 pos:7297496 chunknumber 12300 contains 2067 sites
	-> Printing at chr: chr1 pos:7362040 chunknumber 12400 contains 1341 sites
	-> Printing at chr: chr1 pos:7439336 chunknumber 12500 contains 266 sites
	-> Printing at chr: chr1 pos:7512922 chunknumber 12600 contains 253 sites
	-> Printing at chr: chr1 pos:7572034 chunknumber 12700 contains 602 sites
	-> Printing at chr: chr1 pos:7653530 chunknumber 12800 contains 880 sites
	-> Printing at chr: chr1 pos:7735364 chunknumber 12900 contains 378 sites
	-> Printing at chr: chr1 pos:7787631 chunknumber 13000 contains 265 sites
	-> Printing at chr: chr1 pos:7845402 chunknumber 13100 contains 436 sites
	-> Printing at chr: chr1 pos:7920222 chunknumber 13200 contains 255 sites
	-> Printing at chr: chr1 pos:7992537 chunknumber 13300 contains 262 sites
	-> Printing at chr: chr1 pos:8055536 chunknumber 13400 contains 264 sites
	-> Printing at chr: chr1 pos:8107768 chunknumber 13500 contains 254 sites
	-> Printing at chr: chr1 pos:8149909 chunknumber 13600 contains 1619 sites
	-> Printing at chr: chr1 pos:8199878 chunknumber 13700 contains 259 sites
	-> Printing at chr: chr1 pos:8261262 chunknumber 13800 contains 252 sites
	-> Printing at chr: chr1 pos:8315815 chunknumber 13900 contains 255 sites
	-> Printing at chr: chr1 pos:8387115 chunknumber 14000 contains 574 sites
	-> Printing at chr: chr1 pos:8432666 chunknumber 14100 contains 253 sites
	-> Printing at chr: chr1 pos:8499270 chunknumber 14200 contains 1066 sites
	-> Printing at chr: chr1 pos:8558533 chunknumber 14300 contains 253 sites
	-> Printing at chr: chr1 pos:8605632 chunknumber 14400 contains 346 sites
	-> Printing at chr: chr1 pos:8655598 chunknumber 14500 contains 751 sites
	-> Printing at chr: chr1 pos:8700560 chunknumber 14600 contains 252 sites
	-> Printing at chr: chr1 pos:8742344 chunknumber 14700 contains 325 sites
	-> Printing at chr: chr1 pos:8790747 chunknumber 14800 contains 251 sites
	-> Printing at chr: chr1 pos:8834919 chunknumber 14900 contains 252 sites
	-> Printing at chr: chr1 pos:8876212 chunknumber 15000 contains 252 sites
	-> Printing at chr: chr1 pos:8930793 chunknumber 15100 contains 691 sites
	-> Printing at chr: chr1 pos:8975355 chunknumber 15200 contains 585 sites
	-> Printing at chr: chr1 pos:9029409 chunknumber 15300 contains 279 sites
	-> Printing at chr: chr1 pos:9096186 chunknumber 15400 contains 2272 sites
	-> Printing at chr: chr1 pos:9154761 chunknumber 15500 contains 330 sites
	-> Printing at chr: chr1 pos:9198316 chunknumber 15600 contains 258 sites
	-> Printing at chr: chr1 pos:9244650 chunknumber 15700 contains 581 sites
	-> Printing at chr: chr1 pos:9315671 chunknumber 15800 contains 256 sites
	-> Printing at chr: chr1 pos:9374663 chunknumber 15900 contains 251 sites
	-> Printing at chr: chr1 pos:9434353 chunknumber 16000 contains 251 sites
	-> Printing at chr: chr1 pos:9474652 chunknumber 16100 contains 277 sites
	-> Printing at chr: chr1 pos:9508915 chunknumber 16200 contains 251 sites
	-> Printing at chr: chr1 pos:9559842 chunknumber 16300 contains 253 sites
	-> Printing at chr: chr1 pos:9614926 chunknumber 16400 contains 252 sites
	-> Printing at chr: chr1 pos:9668283 chunknumber 16500 contains 970 sites
	-> Printing at chr: chr1 pos:9724208 chunknumber 16600 contains 585 sites
	-> Printing at chr: chr1 pos:9770538 chunknumber 16700 contains 791 sites
	-> Printing at chr: chr1 pos:9820295 chunknumber 16800 contains 253 sites
	-> Printing at chr: chr1 pos:9871625 chunknumber 16900 contains 389 sites
	-> Printing at chr: chr1 pos:9926853 chunknumber 17000 contains 495 sites
	-> Printing at chr: chr1 pos:10007395 chunknumber 17100 contains 251 sites
	-> Printing at chr: chr1 pos:10062067 chunknumber 17200 contains 253 sites
	-> Printing at chr: chr1 pos:10102483 chunknumber 17300 contains 620 sites
	-> Printing at chr: chr1 pos:10174648 chunknumber 17400 contains 268 sites
	-> Printing at chr: chr1 pos:10213951 chunknumber 17500 contains 912 sites
	-> Printing at chr: chr1 pos:10271187 chunknumber 17600 contains 345 sites
	-> Printing at chr: chr1 pos:10331139 chunknumber 17700 contains 329 sites
	-> Printing at chr: chr1 pos:10393206 chunknumber 17800 contains 2054 sites
	-> Printing at chr: chr1 pos:10475369 chunknumber 17900 contains 256 sites
	-> Printing at chr: chr1 pos:10551865 chunknumber 18000 contains 550 sites
	-> Printing at chr: chr1 pos:10619270 chunknumber 18100 contains 1242 sites
	-> Printing at chr: chr1 pos:10688782 chunknumber 18200 contains 259 sites
	-> Printing at chr: chr1 pos:10745589 chunknumber 18300 contains 999 sites
	-> Printing at chr: chr1 pos:10810323 chunknumber 18400 contains 1272 sites
	-> Printing at chr: chr1 pos:10873126 chunknumber 18500 contains 823 sites
	-> Printing at chr: chr1 pos:10918609 chunknumber 18600 contains 697 sites
	-> Printing at chr: chr1 pos:10987965 chunknumber 18700 contains 321 sites
	-> Printing at chr: chr1 pos:11072104 chunknumber 18800 contains 828 sites
	-> Printing at chr: chr1 pos:11116719 chunknumber 18900 contains 251 sites
	-> Printing at chr: chr1 pos:11156616 chunknumber 19000 contains 444 sites
	-> Printing at chr: chr1 pos:11210245 chunknumber 19100 contains 251 sites
	-> Printing at chr: chr1 pos:11269755 chunknumber 19200 contains 251 sites
	-> Printing at chr: chr1 pos:11339303 chunknumber 19300 contains 253 sites
	-> Printing at chr: chr1 pos:11410827 chunknumber 19400 contains 1364 sites
	-> Printing at chr: chr1 pos:11481648 chunknumber 19500 contains 251 sites
	-> Printing at chr: chr1 pos:11645780 chunknumber 19600 contains 4323 sites
	-> Printing at chr: chr1 pos:11747824 chunknumber 19700 contains 354 sites
	-> Printing at chr: chr1 pos:11801444 chunknumber 19800 contains 354 sites
	-> Printing at chr: chr1 pos:11845974 chunknumber 19900 contains 302 sites
	-> Printing at chr: chr1 pos:11892527 chunknumber 20000 contains 324 sites
	-> Printing at chr: chr1 pos:11935862 chunknumber 20100 contains 252 sites
	-> Printing at chr: chr1 pos:11982062 chunknumber 20200 contains 1205 sites
	-> Printing at chr: chr1 pos:12029582 chunknumber 20300 contains 254 sites
	-> Printing at chr: chr1 pos:12070635 chunknumber 20400 contains 256 sites
	-> Printing at chr: chr1 pos:12116045 chunknumber 20500 contains 352 sites
	-> Printing at chr: chr1 pos:12153373 chunknumber 20600 contains 444 sites
	-> Printing at chr: chr1 pos:12195289 chunknumber 20700 contains 253 sites
	-> Printing at chr: chr1 pos:12233003 chunknumber 20800 contains 261 sites
	-> Printing at chr: chr1 pos:12266606 chunknumber 20900 contains 268 sites
	-> Printing at chr: chr1 pos:12304152 chunknumber 21000 contains 255 sites
	-> Printing at chr: chr1 pos:12342869 chunknumber 21100 contains 251 sites
	-> Printing at chr: chr1 pos:12381491 chunknumber 21200 contains 256 sites
	-> Printing at chr: chr1 pos:12418638 chunknumber 21300 contains 3803 sites
	-> Printing at chr: chr1 pos:12460009 chunknumber 21400 contains 251 sites
	-> Printing at chr: chr1 pos:12498937 chunknumber 21500 contains 251 sites
	-> Printing at chr: chr1 pos:12548186 chunknumber 21600 contains 251 sites
	-> Printing at chr: chr1 pos:12586056 chunknumber 21700 contains 402 sites
	-> Printing at chr: chr1 pos:12624644 chunknumber 21800 contains 293 sites
	-> Printing at chr: chr1 pos:12672407 chunknumber 21900 contains 252 sites
	-> Printing at chr: chr1 pos:12720833 chunknumber 22000 contains 267 sites
	-> Printing at chr: chr1 pos:12764500 chunknumber 22100 contains 318 sites
	-> Printing at chr: chr1 pos:12816564 chunknumber 22200 contains 254 sites
	-> Printing at chr: chr1 pos:12864153 chunknumber 22300 contains 339 sites
	-> Printing at chr: chr1 pos:12920303 chunknumber 22400 contains 301 sites
	-> Printing at chr: chr1 pos:12975198 chunknumber 22500 contains 261 sites
	-> Printing at chr: chr1 pos:13022212 chunknumber 22600 contains 251 sites
	-> Printing at chr: chr1 pos:13073246 chunknumber 22700 contains 252 sites
	-> Printing at chr: chr1 pos:13127939 chunknumber 22800 contains 394 sites
	-> Printing at chr: chr1 pos:13171169 chunknumber 22900 contains 251 sites
	-> Printing at chr: chr1 pos:13213246 chunknumber 23000 contains 263 sites
	-> Printing at chr: chr1 pos:13257596 chunknumber 23100 contains 252 sites
	-> Printing at chr: chr1 pos:13302642 chunknumber 23200 contains 378 sites
	-> Printing at chr: chr1 pos:13352487 chunknumber 23300 contains 2043 sites
	-> Printing at chr: chr1 pos:13413047 chunknumber 23400 contains 517 sites
	-> Printing at chr: chr1 pos:13474451 chunknumber 23500 contains 251 sites
	-> Printing at chr: chr1 pos:13521552 chunknumber 23600 contains 252 sites
	-> Printing at chr: chr1 pos:13572807 chunknumber 23700 contains 238 sites
	-> Printing at chr: chr1 pos:13621834 chunknumber 23800 contains 307 sites
	-> Printing at chr: chr1 pos:13667896 chunknumber 23900 contains 254 sites
	-> Printing at chr: chr1 pos:13722829 chunknumber 24000 contains 258 sites
	-> Printing at chr: chr1 pos:13803841 chunknumber 24100 contains 261 sites
	-> Printing at chr: chr1 pos:13878787 chunknumber 24200 contains 835 sites
	-> Printing at chr: chr1 pos:13920803 chunknumber 24300 contains 251 sites
	-> Printing at chr: chr1 pos:13968432 chunknumber 24400 contains 251 sites
	-> Printing at chr: chr1 pos:14021078 chunknumber 24500 contains 260 sites
	-> Printing at chr: chr1 pos:14070199 chunknumber 24600 contains 256 sites
	-> Printing at chr: chr1 pos:14112702 chunknumber 24700 contains 251 sites
	-> Printing at chr: chr1 pos:14157003 chunknumber 24800 contains 253 sites
	-> Printing at chr: chr1 pos:14197594 chunknumber 24900 contains 316 sites
	-> Printing at chr: chr1 pos:14239218 chunknumber 25000 contains 295 sites
	-> Printing at chr: chr1 pos:14279162 chunknumber 25100 contains 1629 sites
	-> Printing at chr: chr1 pos:14324236 chunknumber 25200 contains 271 sites
	-> Printing at chr: chr1 pos:14383499 chunknumber 25300 contains 266 sites
	-> Printing at chr: chr1 pos:14431024 chunknumber 25400 contains 256 sites
	-> Printing at chr: chr1 pos:14471840 chunknumber 25500 contains 252 sites
	-> Printing at chr: chr1 pos:14527988 chunknumber 25600 contains 344 sites
	-> Printing at chr: chr1 pos:14579583 chunknumber 25700 contains 268 sites
	-> Printing at chr: chr1 pos:14626373 chunknumber 25800 contains 255 sites
	-> Printing at chr: chr1 pos:14667908 chunknumber 25900 contains 254 sites
	-> Printing at chr: chr1 pos:14719066 chunknumber 26000 contains 343 sites
	-> Printing at chr: chr1 pos:14754670 chunknumber 26100 contains 251 sites
	-> Printing at chr: chr1 pos:14793328 chunknumber 26200 contains 254 sites
	-> Printing at chr: chr1 pos:14842290 chunknumber 26300 contains 251 sites
	-> Printing at chr: chr1 pos:14880944 chunknumber 26400 contains 259 sites
	-> Printing at chr: chr1 pos:14926041 chunknumber 26500 contains 252 sites
	-> Printing at chr: chr1 pos:14970508 chunknumber 26600 contains 254 sites
	-> Printing at chr: chr1 pos:15015730 chunknumber 26700 contains 253 sites
	-> Printing at chr: chr1 pos:15060751 chunknumber 26800 contains 215 sites
	-> Printing at chr: chr1 pos:15105705 chunknumber 26900 contains 628 sites
	-> Printing at chr: chr1 pos:15156593 chunknumber 27000 contains 322 sites
	-> Printing at chr: chr1 pos:15202385 chunknumber 27100 contains 431 sites
	-> Printing at chr: chr1 pos:15256236 chunknumber 27200 contains 258 sites
	-> Printing at chr: chr1 pos:15298075 chunknumber 27300 contains 256 sites
	-> Printing at chr: chr1 pos:15350246 chunknumber 27400 contains 279 sites
	-> Printing at chr: chr1 pos:15395883 chunknumber 27500 contains 254 sites
	-> Printing at chr: chr1 pos:15436904 chunknumber 27600 contains 252 sites
	-> Printing at chr: chr1 pos:15485976 chunknumber 27700 contains 251 sites
	-> Printing at chr: chr1 pos:15531937 chunknumber 27800 contains 269 sites
	-> Printing at chr: chr1 pos:15579491 chunknumber 27900 contains 254 sites
	-> Printing at chr: chr1 pos:15619398 chunknumber 28000 contains 305 sites
	-> Printing at chr: chr1 pos:15663036 chunknumber 28100 contains 270 sites
	-> Printing at chr: chr1 pos:15704342 chunknumber 28200 contains 251 sites
	-> Printing at chr: chr1 pos:15750319 chunknumber 28300 contains 438 sites
	-> Printing at chr: chr1 pos:15786560 chunknumber 28400 contains 252 sites
	-> Printing at chr: chr1 pos:15835497 chunknumber 28500 contains 503 sites
	-> Printing at chr: chr1 pos:15881023 chunknumber 28600 contains 252 sites
	-> Printing at chr: chr1 pos:15934575 chunknumber 28700 contains 251 sites
	-> Printing at chr: chr1 pos:15990432 chunknumber 28800 contains 251 sites
	-> Printing at chr: chr1 pos:16032720 chunknumber 28900 contains 303 sites
	-> Printing at chr: chr1 pos:16074295 chunknumber 29000 contains 251 sites
	-> Printing at chr: chr1 pos:16121075 chunknumber 29100 contains 638 sites
	-> Printing at chr: chr1 pos:16176399 chunknumber 29200 contains 254 sites
	-> Printing at chr: chr1 pos:16212191 chunknumber 29300 contains 251 sites
	-> Printing at chr: chr1 pos:16259851 chunknumber 29400 contains 252 sites
	-> Printing at chr: chr1 pos:16322206 chunknumber 29500 contains 255 sites
	-> Printing at chr: chr1 pos:16374574 chunknumber 29600 contains 251 sites
	-> Printing at chr: chr1 pos:16424969 chunknumber 29700 contains 259 sites
	-> Printing at chr: chr1 pos:16475511 chunknumber 29800 contains 251 sites
	-> Printing at chr: chr1 pos:16534269 chunknumber 29900 contains 740 sites
	-> Printing at chr: chr1 pos:16599870 chunknumber 30000 contains 251 sites
	-> Printing at chr: chr1 pos:16654426 chunknumber 30100 contains 1663 sites
	-> Printing at chr: chr1 pos:16724232 chunknumber 30200 contains 256 sites
	-> Printing at chr: chr1 pos:16807207 chunknumber 30300 contains 264 sites
	-> Printing at chr: chr1 pos:16894987 chunknumber 30400 contains 574 sites
	-> Printing at chr: chr1 pos:16938504 chunknumber 30500 contains 251 sites
	-> Printing at chr: chr1 pos:16989422 chunknumber 30600 contains 257 sites
	-> Printing at chr: chr1 pos:17046418 chunknumber 30700 contains 256 sites
	-> Printing at chr: chr1 pos:17095295 chunknumber 30800 contains 344 sites
	-> Printing at chr: chr1 pos:17131892 chunknumber 30900 contains 251 sites
	-> Printing at chr: chr1 pos:17181978 chunknumber 31000 contains 865 sites
	-> Printing at chr: chr1 pos:17231097 chunknumber 31100 contains 1242 sites
	-> Printing at chr: chr1 pos:17269526 chunknumber 31200 contains 317 sites
	-> Printing at chr: chr1 pos:17317145 chunknumber 31300 contains 1231 sites
	-> Printing at chr: chr1 pos:17362667 chunknumber 31400 contains 252 sites
	-> Printing at chr: chr1 pos:17413061 chunknumber 31500 contains 255 sites
	-> Printing at chr: chr1 pos:17461043 chunknumber 31600 contains 252 sites
	-> Printing at chr: chr1 pos:17506760 chunknumber 31700 contains 252 sites
	-> Printing at chr: chr1 pos:17556769 chunknumber 31800 contains 251 sites
	-> Printing at chr: chr1 pos:17610021 chunknumber 31900 contains 259 sites
	-> Printing at chr: chr1 pos:17656181 chunknumber 32000 contains 252 sites
	-> Printing at chr: chr1 pos:17702794 chunknumber 32100 contains 536 sites
	-> Printing at chr: chr1 pos:17752350 chunknumber 32200 contains 254 sites
	-> Printing at chr: chr1 pos:17796476 chunknumber 32300 contains 379 sites
	-> Printing at chr: chr1 pos:17843892 chunknumber 32400 contains 252 sites
	-> Printing at chr: chr1 pos:17892329 chunknumber 32500 contains 448 sites
	-> Printing at chr: chr1 pos:17944566 chunknumber 32600 contains 253 sites
	-> Printing at chr: chr1 pos:17990066 chunknumber 32700 contains 251 sites
	-> Printing at chr: chr1 pos:18031217 chunknumber 32800 contains 511 sites
	-> Printing at chr: chr1 pos:18089125 chunknumber 32900 contains 1801 sites
	-> Printing at chr: chr1 pos:18137154 chunknumber 33000 contains 253 sites
	-> Printing at chr: chr1 pos:18182491 chunknumber 33100 contains 251 sites
	-> Printing at chr: chr1 pos:18234783 chunknumber 33200 contains 251 sites
	-> Printing at chr: chr1 pos:18281321 chunknumber 33300 contains 252 sites
	-> Printing at chr: chr1 pos:18322271 chunknumber 33400 contains 253 sites
	-> Printing at chr: chr1 pos:18381601 chunknumber 33500 contains 281 sites
	-> Printing at chr: chr1 pos:18432191 chunknumber 33600 contains 251 sites
	-> Printing at chr: chr1 pos:18479706 chunknumber 33700 contains 427 sites
	-> Printing at chr: chr1 pos:18524177 chunknumber 33800 contains 265 sites
	-> Printing at chr: chr1 pos:18585287 chunknumber 33900 contains 257 sites
	-> Printing at chr: chr1 pos:18631700 chunknumber 34000 contains 254 sites
	-> Printing at chr: chr1 pos:18683714 chunknumber 34100 contains 255 sites
	-> Printing at chr: chr1 pos:18728611 chunknumber 34200 contains 251 sites
	-> Printing at chr: chr1 pos:18780398 chunknumber 34300 contains 251 sites
	-> Printing at chr: chr1 pos:18831048 chunknumber 34400 contains 460 sites
	-> Printing at chr: chr1 pos:18884423 chunknumber 34500 contains 251 sites
	-> Printing at chr: chr1 pos:18928782 chunknumber 34600 contains 583 sites
	-> Printing at chr: chr1 pos:18975089 chunknumber 34700 contains 256 sites
	-> Printing at chr: chr1 pos:19017480 chunknumber 34800 contains 254 sites
	-> Printing at chr: chr1 pos:19075650 chunknumber 34900 contains 257 sites
	-> Printing at chr: chr1 pos:19120290 chunknumber 35000 contains 421 sites
	-> Printing at chr: chr1 pos:19165133 chunknumber 35100 contains 252 sites
	-> Printing at chr: chr1 pos:19210056 chunknumber 35200 contains 437 sites
	-> Printing at chr: chr1 pos:19255219 chunknumber 35300 contains 251 sites
	-> Printing at chr: chr1 pos:19297202 chunknumber 35400 contains 254 sites
	-> Printing at chr: chr1 pos:19341653 chunknumber 35500 contains 252 sites
	-> Printing at chr: chr1 pos:19388151 chunknumber 35600 contains 294 sites
	-> Printing at chr: chr1 pos:19444875 chunknumber 35700 contains 423 sites
	-> Printing at chr: chr1 pos:19493101 chunknumber 35800 contains 422 sites
	-> Printing at chr: chr1 pos:19543994 chunknumber 35900 contains 258 sites
	-> Printing at chr: chr1 pos:19589365 chunknumber 36000 contains 534 sites
	-> Printing at chr: chr1 pos:19628565 chunknumber 36100 contains 547 sites
	-> Printing at chr: chr1 pos:19684242 chunknumber 36200 contains 252 sites
	-> Printing at chr: chr1 pos:19732725 chunknumber 36300 contains 728 sites
	-> Printing at chr: chr1 pos:19782839 chunknumber 36400 contains 1285 sites
	-> Printing at chr: chr1 pos:19835736 chunknumber 36500 contains 251 sites
	-> Printing at chr: chr1 pos:19887787 chunknumber 36600 contains 251 sites
	-> Printing at chr: chr1 pos:19947553 chunknumber 36700 contains 256 sites
	-> Printing at chr: chr1 pos:19990927 chunknumber 36800 contains 251 sites
	-> Printing at chr: chr1 pos:20041570 chunknumber 36900 contains 405 sites
	-> Printing at chr: chr1 pos:20086162 chunknumber 37000 contains 251 sites
	-> Printing at chr: chr1 pos:20136705 chunknumber 37100 contains 255 sites
	-> Printing at chr: chr1 pos:20208267 chunknumber 37200 contains 863 sites
	-> Printing at chr: chr1 pos:20298562 chunknumber 37300 contains 565 sites
	-> Printing at chr: chr1 pos:20380339 chunknumber 37400 contains 265 sites
	-> Printing at chr: chr1 pos:20431448 chunknumber 37500 contains 484 sites
	-> Printing at chr: chr1 pos:20486458 chunknumber 37600 contains 252 sites
	-> Printing at chr: chr1 pos:20549801 chunknumber 37700 contains 531 sites
	-> Printing at chr: chr1 pos:20601177 chunknumber 37800 contains 534 sites
	-> Printing at chr: chr1 pos:20666081 chunknumber 37900 contains 253 sites
	-> Printing at chr: chr1 pos:20725026 chunknumber 38000 contains 251 sites
	-> Printing at chr: chr1 pos:20789157 chunknumber 38100 contains 256 sites
	-> Printing at chr: chr1 pos:20852313 chunknumber 38200 contains 251 sites
	-> Printing at chr: chr1 pos:20910691 chunknumber 38300 contains 256 sites
	-> Printing at chr: chr1 pos:20955786 chunknumber 38400 contains 377 sites
	-> Printing at chr: chr1 pos:21010646 chunknumber 38500 contains 251 sites
	-> Printing at chr: chr1 pos:21054043 chunknumber 38600 contains 267 sites
	-> Printing at chr: chr1 pos:21103437 chunknumber 38700 contains 276 sites
	-> Printing at chr: chr1 pos:21147477 chunknumber 38800 contains 260 sites
	-> Printing at chr: chr1 pos:21205637 chunknumber 38900 contains 251 sites
	-> Printing at chr: chr1 pos:21254880 chunknumber 39000 contains 252 sites
	-> Printing at chr: chr1 pos:21300956 chunknumber 39100 contains 265 sites
	-> Printing at chr: chr1 pos:21352873 chunknumber 39200 contains 254 sites
	-> Printing at chr: chr1 pos:21397330 chunknumber 39300 contains 253 sites
	-> Printing at chr: chr1 pos:21453736 chunknumber 39400 contains 258 sites
	-> Printing at chr: chr1 pos:21508158 chunknumber 39500 contains 262 sites
	-> Printing at chr: chr1 pos:21556902 chunknumber 39600 contains 255 sites
	-> Printing at chr: chr1 pos:21604465 chunknumber 39700 contains 324 sites
	-> Printing at chr: chr1 pos:21650227 chunknumber 39800 contains 251 sites
	-> Printing at chr: chr1 pos:21697019 chunknumber 39900 contains 251 sites
	-> Printing at chr: chr1 pos:21740162 chunknumber 40000 contains 251 sites
	-> Printing at chr: chr1 pos:21790003 chunknumber 40100 contains 252 sites
	-> Printing at chr: chr1 pos:21837086 chunknumber 40200 contains 255 sites
	-> Printing at chr: chr1 pos:21899459 chunknumber 40300 contains 252 sites
	-> Printing at chr: chr1 pos:21955411 chunknumber 40400 contains 251 sites
	-> Printing at chr: chr1 pos:22004181 chunknumber 40500 contains 253 sites
	-> Printing at chr: chr1 pos:22047528 chunknumber 40600 contains 358 sites
	-> Printing at chr: chr1 pos:22086886 chunknumber 40700 contains 253 sites
	-> Printing at chr: chr1 pos:22129715 chunknumber 40800 contains 254 sites
	-> Printing at chr: chr1 pos:22174138 chunknumber 40900 contains 252 sites
	-> Printing at chr: chr1 pos:22213969 chunknumber 41000 contains 252 sites
	-> Printing at chr: chr1 pos:22272793 chunknumber 41100 contains 1461 sites
	-> Printing at chr: chr1 pos:22324213 chunknumber 41200 contains 252 sites
	-> Printing at chr: chr1 pos:22371393 chunknumber 41300 contains 251 sites
	-> Printing at chr: chr1 pos:22420433 chunknumber 41400 contains 869 sites
	-> Printing at chr: chr1 pos:22474668 chunknumber 41500 contains 463 sites
	-> Printing at chr: chr1 pos:22515980 chunknumber 41600 contains 254 sites
	-> Printing at chr: chr1 pos:22563191 chunknumber 41700 contains 251 sites
	-> Printing at chr: chr1 pos:22608631 chunknumber 41800 contains 502 sites
	-> Printing at chr: chr1 pos:22652366 chunknumber 41900 contains 253 sites
	-> Printing at chr: chr1 pos:22698347 chunknumber 42000 contains 269 sites
	-> Printing at chr: chr1 pos:22741841 chunknumber 42100 contains 251 sites
	-> Printing at chr: chr1 pos:22780323 chunknumber 42200 contains 343 sites
	-> Printing at chr: chr1 pos:22828860 chunknumber 42300 contains 254 sites
	-> Printing at chr: chr1 pos:22875845 chunknumber 42400 contains 404 sites
	-> Printing at chr: chr1 pos:22916388 chunknumber 42500 contains 251 sites
	-> Printing at chr: chr1 pos:22965057 chunknumber 42600 contains 326 sites
	-> Printing at chr: chr1 pos:23011972 chunknumber 42700 contains 252 sites
	-> Printing at chr: chr1 pos:23055585 chunknumber 42800 contains 316 sites
	-> Printing at chr: chr1 pos:23106528 chunknumber 42900 contains 533 sites
	-> Printing at chr: chr1 pos:23157866 chunknumber 43000 contains 308 sites
	-> Printing at chr: chr1 pos:23204145 chunknumber 43100 contains 253 sites
	-> Printing at chr: chr1 pos:23253430 chunknumber 43200 contains 263 sites
	-> Printing at chr: chr1 pos:23304249 chunknumber 43300 contains 291 sites
	-> Printing at chr: chr1 pos:23357362 chunknumber 43400 contains 251 sites
	-> Printing at chr: chr1 pos:23405879 chunknumber 43500 contains 257 sites
	-> Printing at chr: chr1 pos:23452076 chunknumber 43600 contains 253 sites
	-> Printing at chr: chr1 pos:23515898 chunknumber 43700 contains 5572 sites
	-> Printing at chr: chr1 pos:23585642 chunknumber 43800 contains 254 sites
	-> Printing at chr: chr1 pos:23654062 chunknumber 43900 contains 294 sites
	-> Printing at chr: chr1 pos:23726911 chunknumber 44000 contains 330 sites
	-> Printing at chr: chr1 pos:23802679 chunknumber 44100 contains 279 sites
	-> Printing at chr: chr1 pos:23869343 chunknumber 44200 contains 263 sites
	-> Printing at chr: chr1 pos:23916771 chunknumber 44300 contains 251 sites
	-> Printing at chr: chr1 pos:23986657 chunknumber 44400 contains 519 sites
	-> Printing at chr: chr1 pos:24052785 chunknumber 44500 contains 571 sites
	-> Printing at chr: chr1 pos:24129300 chunknumber 44600 contains 760 sites
	-> Printing at chr: chr1 pos:24194824 chunknumber 44700 contains 576 sites
	-> Printing at chr: chr1 pos:24268514 chunknumber 44800 contains 667 sites
	-> Printing at chr: chr1 pos:24348068 chunknumber 44900 contains 252 sites
	-> Printing at chr: chr1 pos:24433394 chunknumber 45000 contains 497 sites
	-> Printing at chr: chr1 pos:24514800 chunknumber 45100 contains 251 sites
	-> Printing at chr: chr1 pos:24630640 chunknumber 45200 contains 251 sites
	-> Printing at chr: chr1 pos:24730146 chunknumber 45300 contains 398 sites
	-> Printing at chr: chr1 pos:24802203 chunknumber 45400 contains 467 sites
	-> Printing at chr: chr1 pos:24869894 chunknumber 45500 contains 1090 sites
	-> Printing at chr: chr1 pos:24966458 chunknumber 45600 contains 1747 sites
	-> Printing at chr: chr1 pos:25022766 chunknumber 45700 contains 255 sites
	-> Printing at chr: chr1 pos:25090596 chunknumber 45800 contains 1787 sites
	-> Printing at chr: chr1 pos:25138711 chunknumber 45900 contains 265 sites
	-> Printing at chr: chr1 pos:25188907 chunknumber 46000 contains 596 sites
	-> Printing at chr: chr1 pos:25251948 chunknumber 46100 contains 253 sites
	-> Printing at chr: chr1 pos:25289878 chunknumber 46200 contains 255 sites
	-> Printing at chr: chr1 pos:25330486 chunknumber 46300 contains 251 sites
	-> Printing at chr: chr1 pos:25381131 chunknumber 46400 contains 251 sites
	-> Printing at chr: chr1 pos:25423056 chunknumber 46500 contains 758 sites
	-> Printing at chr: chr1 pos:25479664 chunknumber 46600 contains 254 sites
	-> Printing at chr: chr1 pos:25534292 chunknumber 46700 contains 324 sites
	-> Printing at chr: chr1 pos:25590308 chunknumber 46800 contains 284 sites
	-> Printing at chr: chr1 pos:25642384 chunknumber 46900 contains 251 sites
	-> Printing at chr: chr1 pos:25685398 chunknumber 47000 contains 282 sites
	-> Printing at chr: chr1 pos:25737191 chunknumber 47100 contains 305 sites
	-> Printing at chr: chr1 pos:25797014 chunknumber 47200 contains 500 sites
	-> Printing at chr: chr1 pos:25849893 chunknumber 47300 contains 297 sites
	-> Printing at chr: chr1 pos:25900603 chunknumber 47400 contains 277 sites
	-> Printing at chr: chr1 pos:25950082 chunknumber 47500 contains 252 sites
	-> Printing at chr: chr1 pos:26006368 chunknumber 47600 contains 2075 sites
	-> Printing at chr: chr1 pos:26065333 chunknumber 47700 contains 251 sites
	-> Printing at chr: chr1 pos:26121381 chunknumber 47800 contains 251 sites
	-> Printing at chr: chr1 pos:26184512 chunknumber 47900 contains 253 sites
	-> Printing at chr: chr1 pos:26227971 chunknumber 48000 contains 252 sites
	-> Printing at chr: chr1 pos:26272730 chunknumber 48100 contains 614 sites
	-> Printing at chr: chr1 pos:26316515 chunknumber 48200 contains 389 sites
	-> Printing at chr: chr1 pos:26374148 chunknumber 48300 contains 253 sites
	-> Printing at chr: chr1 pos:26416318 chunknumber 48400 contains 258 sites
	-> Printing at chr: chr1 pos:26465205 chunknumber 48500 contains 295 sites
	-> Printing at chr: chr1 pos:26510651 chunknumber 48600 contains 251 sites
	-> Printing at chr: chr1 pos:26560227 chunknumber 48700 contains 531 sites
	-> Printing at chr: chr1 pos:26604077 chunknumber 48800 contains 256 sites
	-> Printing at chr: chr1 pos:26645944 chunknumber 48900 contains 260 sites
	-> Printing at chr: chr1 pos:26694622 chunknumber 49000 contains 265 sites
	-> Printing at chr: chr1 pos:26758219 chunknumber 49100 contains 251 sites
	-> Printing at chr: chr1 pos:26812348 chunknumber 49200 contains 1924 sites
	-> Printing at chr: chr1 pos:26862857 chunknumber 49300 contains 256 sites
	-> Printing at chr: chr1 pos:26911898 chunknumber 49400 contains 396 sites
	-> Printing at chr: chr1 pos:26958937 chunknumber 49500 contains 454 sites
	-> Printing at chr: chr1 pos:27014763 chunknumber 49600 contains 448 sites
	-> Printing at chr: chr1 pos:27057063 chunknumber 49700 contains 257 sites
	-> Printing at chr: chr1 pos:27108494 chunknumber 49800 contains 1264 sites
	-> Printing at chr: chr1 pos:27153391 chunknumber 49900 contains 251 sites
	-> Printing at chr: chr1 pos:27192458 chunknumber 50000 contains 253 sites
	-> Printing at chr: chr1 pos:27238719 chunknumber 50100 contains 253 sites
	-> Printing at chr: chr1 pos:27279556 chunknumber 50200 contains 251 sites
	-> Printing at chr: chr1 pos:27323821 chunknumber 50300 contains 251 sites
	-> Printing at chr: chr1 pos:27372300 chunknumber 50400 contains 262 sites
	-> Printing at chr: chr1 pos:27423301 chunknumber 50500 contains 251 sites
	-> Printing at chr: chr1 pos:27463156 chunknumber 50600 contains 252 sites
	-> Printing at chr: chr1 pos:27519168 chunknumber 50700 contains 251 sites
	-> Printing at chr: chr1 pos:27575758 chunknumber 50800 contains 809 sites
	-> Printing at chr: chr1 pos:27636481 chunknumber 50900 contains 1037 sites
	-> Printing at chr: chr1 pos:27684949 chunknumber 51000 contains 371 sites
	-> Printing at chr: chr1 pos:27783576 chunknumber 51100 contains 2241 sites
	-> Printing at chr: chr1 pos:27841950 chunknumber 51200 contains 254 sites
	-> Printing at chr: chr1 pos:27903742 chunknumber 51300 contains 624 sites
	-> Printing at chr: chr1 pos:27997912 chunknumber 51400 contains 251 sites
	-> Printing at chr: chr1 pos:28064917 chunknumber 51500 contains 253 sites
	-> Printing at chr: chr1 pos:28162251 chunknumber 51600 contains 382 sites
	-> Printing at chr: chr1 pos:28230214 chunknumber 51700 contains 352 sites
	-> Printing at chr: chr1 pos:28310442 chunknumber 51800 contains 251 sites
	-> Printing at chr: chr1 pos:28390151 chunknumber 51900 contains 268 sites
	-> Printing at chr: chr1 pos:28458135 chunknumber 52000 contains 253 sites
	-> Printing at chr: chr1 pos:28562628 chunknumber 52100 contains 258 sites
	-> Printing at chr: chr1 pos:28655495 chunknumber 52200 contains 251 sites
	-> Printing at chr: chr1 pos:28738653 chunknumber 52300 contains 252 sites
	-> Printing at chr: chr1 pos:28828773 chunknumber 52400 contains 313 sites
	-> Printing at chr: chr1 pos:28907813 chunknumber 52500 contains 251 sites
	-> Printing at chr: chr1 pos:29030108 chunknumber 52600 contains 264 sites
	-> Printing at chr: chr1 pos:29181380 chunknumber 52700 contains 1489 sites
	-> Printing at chr: chr1 pos:29303058 chunknumber 52800 contains 1019 sites
	-> Printing at chr: chr1 pos:29440377 chunknumber 52900 contains 3136 sites
	-> Printing at chr: chr1 pos:29533769 chunknumber 53000 contains 251 sites
	-> Printing at chr: chr1 pos:29625465 chunknumber 53100 contains 254 sites
	-> Printing at chr: chr1 pos:29690479 chunknumber 53200 contains 403 sites
	-> Printing at chr: chr1 pos:29765417 chunknumber 53300 contains 251 sites
	-> Printing at chr: chr1 pos:29841000 chunknumber 53400 contains 499 sites
	-> Printing at chr: chr1 pos:29920167 chunknumber 53500 contains 2694 sites
	-> Printing at chr: chr1 pos:30009478 chunknumber 53600 contains 586 sites
	-> Printing at chr: chr1 pos:30082523 chunknumber 53700 contains 251 sites
	-> Printing at chr: chr1 pos:30180636 chunknumber 53800 contains 1062 sites
	-> Printing at chr: chr1 pos:30272537 chunknumber 53900 contains 253 sites
	-> Printing at chr: chr1 pos:30388318 chunknumber 54000 contains 745 sites
	-> Printing at chr: chr1 pos:30497654 chunknumber 54100 contains 2875 sites
	-> Printing at chr: chr1 pos:30610656 chunknumber 54200 contains 265 sites
	-> Printing at chr: chr1 pos:30687336 chunknumber 54300 contains 252 sites
	-> Printing at chr: chr1 pos:30817184 chunknumber 54400 contains 1657 sites
	-> Printing at chr: chr1 pos:30904675 chunknumber 54500 contains 254 sites
	-> Printing at chr: chr1 pos:31030021 chunknumber 54600 contains 282 sites
	-> Printing at chr: chr1 pos:31135504 chunknumber 54700 contains 438 sites
	-> Printing at chr: chr1 pos:31192432 chunknumber 54800 contains 252 sites
	-> Printing at chr: chr1 pos:31254318 chunknumber 54900 contains 322 sites
	-> Printing at chr: chr1 pos:31337855 chunknumber 55000 contains 252 sites
	-> Printing at chr: chr1 pos:31398102 chunknumber 55100 contains 303 sites
	-> Printing at chr: chr1 pos:31444151 chunknumber 55200 contains 255 sites
	-> Printing at chr: chr1 pos:31492605 chunknumber 55300 contains 366 sites
	-> Printing at chr: chr1 pos:31540219 chunknumber 55400 contains 445 sites
	-> Printing at chr: chr1 pos:31613466 chunknumber 55500 contains 383 sites
	-> Printing at chr: chr1 pos:31688182 chunknumber 55600 contains 251 sites
	-> Printing at chr: chr1 pos:31748676 chunknumber 55700 contains 801 sites
	-> Printing at chr: chr1 pos:31795948 chunknumber 55800 contains 520 sites
	-> Printing at chr: chr1 pos:31844427 chunknumber 55900 contains 263 sites
	-> Printing at chr: chr1 pos:31905707 chunknumber 56000 contains 343 sites
	-> Printing at chr: chr1 pos:31978581 chunknumber 56100 contains 251 sites
	-> Printing at chr: chr1 pos:32065505 chunknumber 56200 contains 253 sites
	-> Printing at chr: chr1 pos:32140188 chunknumber 56300 contains 314 sites
	-> Printing at chr: chr1 pos:32224800 chunknumber 56400 contains 262 sites
	-> Printing at chr: chr1 pos:32275518 chunknumber 56500 contains 251 sites
	-> Printing at chr: chr1 pos:32337170 chunknumber 56600 contains 1357 sites
	-> Printing at chr: chr1 pos:32386390 chunknumber 56700 contains 252 sites
	-> Printing at chr: chr1 pos:32460139 chunknumber 56800 contains 251 sites
	-> Printing at chr: chr1 pos:32502797 chunknumber 56900 contains 255 sites
	-> Printing at chr: chr1 pos:32557355 chunknumber 57000 contains 1452 sites
	-> Printing at chr: chr1 pos:32606020 chunknumber 57100 contains 3247 sites
	-> Printing at chr: chr1 pos:32693774 chunknumber 57200 contains 306 sites
	-> Printing at chr: chr1 pos:32784373 chunknumber 57300 contains 265 sites
	-> Printing at chr: chr1 pos:32851084 chunknumber 57400 contains 269 sites
	-> Printing at chr: chr1 pos:32915275 chunknumber 57500 contains 350 sites
	-> Printing at chr: chr1 pos:32993423 chunknumber 57600 contains 251 sites
	-> Printing at chr: chr1 pos:33055074 chunknumber 57700 contains 1867 sites
	-> Printing at chr: chr1 pos:33104804 chunknumber 57800 contains 251 sites
	-> Printing at chr: chr1 pos:33158478 chunknumber 57900 contains 252 sites
	-> Printing at chr: chr1 pos:33245993 chunknumber 58000 contains 254 sites
	-> Printing at chr: chr1 pos:33324249 chunknumber 58100 contains 344 sites
	-> Printing at chr: chr1 pos:33425572 chunknumber 58200 contains 1312 sites
	-> Printing at chr: chr1 pos:33517885 chunknumber 58300 contains 255 sites
	-> Printing at chr: chr1 pos:33598473 chunknumber 58400 contains 251 sites
	-> Printing at chr: chr1 pos:33660135 chunknumber 58500 contains 255 sites
	-> Printing at chr: chr1 pos:33723915 chunknumber 58600 contains 389 sites
	-> Printing at chr: chr1 pos:33801646 chunknumber 58700 contains 252 sites
	-> Printing at chr: chr1 pos:33857584 chunknumber 58800 contains 1654 sites
	-> Printing at chr: chr1 pos:33954954 chunknumber 58900 contains 253 sites
	-> Printing at chr: chr1 pos:33992929 chunknumber 59000 contains 253 sites
	-> Printing at chr: chr1 pos:34055764 chunknumber 59100 contains 261 sites
	-> Printing at chr: chr1 pos:34138925 chunknumber 59200 contains 528 sites
	-> Printing at chr: chr1 pos:34249205 chunknumber 59300 contains 264 sites
	-> Printing at chr: chr1 pos:34294593 chunknumber 59400 contains 255 sites
	-> Printing at chr: chr1 pos:34347176 chunknumber 59500 contains 252 sites
	-> Printing at chr: chr1 pos:34379606 chunknumber 59600 contains 251 sites
	-> Printing at chr: chr1 pos:34424821 chunknumber 59700 contains 264 sites
	-> Printing at chr: chr1 pos:34464832 chunknumber 59800 contains 254 sites
	-> Printing at chr: chr1 pos:34507322 chunknumber 59900 contains 253 sites
	-> Printing at chr: chr1 pos:34542669 chunknumber 60000 contains 389 sites
	-> Printing at chr: chr1 pos:34590519 chunknumber 60100 contains 252 sites
	-> Printing at chr: chr1 pos:34627576 chunknumber 60200 contains 251 sites
	-> Printing at chr: chr1 pos:34666583 chunknumber 60300 contains 254 sites
	-> Printing at chr: chr1 pos:34718345 chunknumber 60400 contains 253 sites
	-> Printing at chr: chr1 pos:34773012 chunknumber 60500 contains 256 sites
	-> Printing at chr: chr1 pos:34812183 chunknumber 60600 contains 251 sites
	-> Printing at chr: chr1 pos:34854695 chunknumber 60700 contains 695 sites
	-> Printing at chr: chr1 pos:34896177 chunknumber 60800 contains 251 sites
	-> Printing at chr: chr1 pos:34934288 chunknumber 60900 contains 258 sites
	-> Printing at chr: chr1 pos:34973500 chunknumber 61000 contains 746 sites
	-> Printing at chr: chr1 pos:35025173 chunknumber 61100 contains 251 sites
	-> Printing at chr: chr1 pos:35063399 chunknumber 61200 contains 614 sites
	-> Printing at chr: chr1 pos:35101523 chunknumber 61300 contains 556 sites
	-> Printing at chr: chr1 pos:35141851 chunknumber 61400 contains 873 sites
	-> Printing at chr: chr1 pos:35177241 chunknumber 61500 contains 252 sites
	-> Printing at chr: chr1 pos:35223189 chunknumber 61600 contains 255 sites
	-> Printing at chr: chr1 pos:35264054 chunknumber 61700 contains 879 sites
	-> Printing at chr: chr1 pos:35314680 chunknumber 61800 contains 741 sites
	-> Printing at chr: chr1 pos:35357957 chunknumber 61900 contains 266 sites
	-> Printing at chr: chr1 pos:35400629 chunknumber 62000 contains 697 sites
	-> Printing at chr: chr1 pos:35432283 chunknumber 62100 contains 252 sites
	-> Printing at chr: chr1 pos:35473160 chunknumber 62200 contains 313 sites
	-> Printing at chr: chr1 pos:35512879 chunknumber 62300 contains 252 sites
	-> Printing at chr: chr1 pos:35561451 chunknumber 62400 contains 178 sites
	-> Printing at chr: chr1 pos:35604393 chunknumber 62500 contains 316 sites
	-> Printing at chr: chr1 pos:35644249 chunknumber 62600 contains 259 sites
	-> Printing at chr: chr1 pos:35681088 chunknumber 62700 contains 257 sites
	-> Printing at chr: chr1 pos:35722856 chunknumber 62800 contains 419 sites
	-> Printing at chr: chr1 pos:35757558 chunknumber 62900 contains 332 sites
	-> Printing at chr: chr1 pos:35802650 chunknumber 63000 contains 254 sites
	-> Printing at chr: chr1 pos:35860539 chunknumber 63100 contains 423 sites
	-> Printing at chr: chr1 pos:35898073 chunknumber 63200 contains 259 sites
	-> Printing at chr: chr1 pos:35944612 chunknumber 63300 contains 252 sites
	-> Printing at chr: chr1 pos:35983965 chunknumber 63400 contains 408 sites
	-> Printing at chr: chr1 pos:36031379 chunknumber 63500 contains 1355 sites
	-> Printing at chr: chr1 pos:36077175 chunknumber 63600 contains 321 sites
	-> Printing at chr: chr1 pos:36117775 chunknumber 63700 contains 251 sites
	-> Printing at chr: chr1 pos:36155916 chunknumber 63800 contains 251 sites
	-> Printing at chr: chr1 pos:36193397 chunknumber 63900 contains 265 sites
	-> Printing at chr: chr1 pos:36230948 chunknumber 64000 contains 330 sites
	-> Printing at chr: chr1 pos:36267199 chunknumber 64100 contains 550 sites
	-> Printing at chr: chr1 pos:36310408 chunknumber 64200 contains 256 sites
	-> Printing at chr: chr1 pos:36352553 chunknumber 64300 contains 252 sites
	-> Printing at chr: chr1 pos:36399370 chunknumber 64400 contains 485 sites
	-> Printing at chr: chr1 pos:36436764 chunknumber 64500 contains 251 sites
	-> Printing at chr: chr1 pos:36475865 chunknumber 64600 contains 259 sites
	-> Printing at chr: chr1 pos:36512250 chunknumber 64700 contains 254 sites
	-> Printing at chr: chr1 pos:36553391 chunknumber 64800 contains 263 sites
	-> Printing at chr: chr1 pos:36585263 chunknumber 64900 contains 344 sites
	-> Printing at chr: chr1 pos:36628684 chunknumber 65000 contains 419 sites
	-> Printing at chr: chr1 pos:36663952 chunknumber 65100 contains 255 sites
	-> Printing at chr: chr1 pos:36713771 chunknumber 65200 contains 283 sites
	-> Printing at chr: chr1 pos:36757141 chunknumber 65300 contains 251 sites
	-> Printing at chr: chr1 pos:36799525 chunknumber 65400 contains 510 sites
	-> Printing at chr: chr1 pos:36858741 chunknumber 65500 contains 406 sites
	-> Printing at chr: chr1 pos:36907335 chunknumber 65600 contains 1499 sites
	-> Printing at chr: chr1 pos:36951708 chunknumber 65700 contains 261 sites
	-> Printing at chr: chr1 pos:36993350 chunknumber 65800 contains 251 sites
	-> Printing at chr: chr1 pos:37028772 chunknumber 65900 contains 273 sites
	-> Printing at chr: chr1 pos:37070678 chunknumber 66000 contains 771 sites
	-> Printing at chr: chr1 pos:37112138 chunknumber 66100 contains 429 sites
	-> Printing at chr: chr1 pos:37146838 chunknumber 66200 contains 262 sites
	-> Printing at chr: chr1 pos:37192132 chunknumber 66300 contains 257 sites
	-> Printing at chr: chr1 pos:37242593 chunknumber 66400 contains 253 sites
	-> Printing at chr: chr1 pos:37280937 chunknumber 66500 contains 339 sites
	-> Printing at chr: chr1 pos:37328111 chunknumber 66600 contains 375 sites
	-> Printing at chr: chr1 pos:37371776 chunknumber 66700 contains 261 sites
	-> Printing at chr: chr1 pos:37414516 chunknumber 66800 contains 254 sites
	-> Printing at chr: chr1 pos:37447502 chunknumber 66900 contains 255 sites
	-> Printing at chr: chr1 pos:37488941 chunknumber 67000 contains 438 sites
	-> Printing at chr: chr1 pos:37525652 chunknumber 67100 contains 392 sites
	-> Printing at chr: chr1 pos:37568194 chunknumber 67200 contains 517 sites
	-> Printing at chr: chr1 pos:37603584 chunknumber 67300 contains 257 sites
	-> Printing at chr: chr1 pos:37649337 chunknumber 67400 contains 252 sites
	-> Printing at chr: chr1 pos:37685252 chunknumber 67500 contains 258 sites
	-> Printing at chr: chr1 pos:37735885 chunknumber 67600 contains 323 sites
	-> Printing at chr: chr1 pos:37790519 chunknumber 67700 contains 254 sites
	-> Printing at chr: chr1 pos:37836893 chunknumber 67800 contains 251 sites
	-> Printing at chr: chr1 pos:37884697 chunknumber 67900 contains 251 sites
	-> Printing at chr: chr1 pos:37929253 chunknumber 68000 contains 337 sites
	-> Printing at chr: chr1 pos:37988614 chunknumber 68100 contains 251 sites
	-> Printing at chr: chr1 pos:38027401 chunknumber 68200 contains 275 sites
	-> Printing at chr: chr1 pos:38073246 chunknumber 68300 contains 259 sites
	-> Printing at chr: chr1 pos:38116761 chunknumber 68400 contains 251 sites
	-> Printing at chr: chr1 pos:38157840 chunknumber 68500 contains 359 sites
	-> Printing at chr: chr1 pos:38199307 chunknumber 68600 contains 260 sites
	-> Printing at chr: chr1 pos:38244131 chunknumber 68700 contains 363 sites
	-> Printing at chr: chr1 pos:38290883 chunknumber 68800 contains 671 sites
	-> Printing at chr: chr1 pos:38329601 chunknumber 68900 contains 321 sites
	-> Printing at chr: chr1 pos:38372807 chunknumber 69000 contains 265 sites
	-> Printing at chr: chr1 pos:38410580 chunknumber 69100 contains 253 sites
	-> Printing at chr: chr1 pos:38452218 chunknumber 69200 contains 264 sites
	-> Printing at chr: chr1 pos:38501301 chunknumber 69300 contains 252 sites
	-> Printing at chr: chr1 pos:38540755 chunknumber 69400 contains 254 sites
	-> Printing at chr: chr1 pos:38576909 chunknumber 69500 contains 251 sites
	-> Printing at chr: chr1 pos:38618295 chunknumber 69600 contains 261 sites
	-> Printing at chr: chr1 pos:38656127 chunknumber 69700 contains 254 sites
	-> Printing at chr: chr1 pos:38696635 chunknumber 69800 contains 959 sites
	-> Printing at chr: chr1 pos:38734052 chunknumber 69900 contains 260 sites
	-> Printing at chr: chr1 pos:38772768 chunknumber 70000 contains 251 sites
	-> Printing at chr: chr1 pos:38814152 chunknumber 70100 contains 251 sites
	-> Printing at chr: chr1 pos:38851496 chunknumber 70200 contains 252 sites
	-> Printing at chr: chr1 pos:38899740 chunknumber 70300 contains 490 sites
	-> Printing at chr: chr1 pos:38959211 chunknumber 70400 contains 251 sites
	-> Printing at chr: chr1 pos:38996043 chunknumber 70500 contains 251 sites
	-> Printing at chr: chr1 pos:39056773 chunknumber 70600 contains 252 sites
	-> Printing at chr: chr1 pos:39115640 chunknumber 70700 contains 570 sites
	-> Printing at chr: chr1 pos:39174234 chunknumber 70800 contains 251 sites
	-> Printing at chr: chr1 pos:39217839 chunknumber 70900 contains 254 sites
	-> Printing at chr: chr1 pos:39254903 chunknumber 71000 contains 253 sites
	-> Printing at chr: chr1 pos:39296273 chunknumber 71100 contains 251 sites
	-> Printing at chr: chr1 pos:39337684 chunknumber 71200 contains 266 sites
	-> Printing at chr: chr1 pos:39376355 chunknumber 71300 contains 258 sites
	-> Printing at chr: chr1 pos:39408177 chunknumber 71400 contains 252 sites
	-> Printing at chr: chr1 pos:39450316 chunknumber 71500 contains 263 sites
	-> Printing at chr: chr1 pos:39493338 chunknumber 71600 contains 327 sites
	-> Printing at chr: chr1 pos:39531254 chunknumber 71700 contains 259 sites
	-> Printing at chr: chr1 pos:39575935 chunknumber 71800 contains 256 sites
	-> Printing at chr: chr1 pos:39617978 chunknumber 71900 contains 251 sites
	-> Printing at chr: chr1 pos:39657562 chunknumber 72000 contains 313 sites
	-> Printing at chr: chr1 pos:39700397 chunknumber 72100 contains 296 sites
	-> Printing at chr: chr1 pos:39744828 chunknumber 72200 contains 255 sites
	-> Printing at chr: chr1 pos:39790135 chunknumber 72300 contains 251 sites
	-> Printing at chr: chr1 pos:39835784 chunknumber 72400 contains 251 sites
	-> Printing at chr: chr1 pos:39873854 chunknumber 72500 contains 532 sites
	-> Printing at chr: chr1 pos:39915340 chunknumber 72600 contains 342 sites
	-> Printing at chr: chr1 pos:39955477 chunknumber 72700 contains 423 sites
	-> Printing at chr: chr1 pos:39999489 chunknumber 72800 contains 251 sites
	-> Printing at chr: chr1 pos:40034269 chunknumber 72900 contains 251 sites
	-> Printing at chr: chr1 pos:40075670 chunknumber 73000 contains 257 sites
	-> Printing at chr: chr1 pos:40123803 chunknumber 73100 contains 288 sites
	-> Printing at chr: chr1 pos:40161306 chunknumber 73200 contains 251 sites
	-> Printing at chr: chr1 pos:40213341 chunknumber 73300 contains 313 sites
	-> Printing at chr: chr1 pos:40259941 chunknumber 73400 contains 898 sites
	-> Printing at chr: chr1 pos:40303645 chunknumber 73500 contains 260 sites
	-> Printing at chr: chr1 pos:40352995 chunknumber 73600 contains 253 sites
	-> Printing at chr: chr1 pos:40400055 chunknumber 73700 contains 640 sites
	-> Printing at chr: chr1 pos:40467373 chunknumber 73800 contains 2521 sites
	-> Printing at chr: chr1 pos:40529876 chunknumber 73900 contains 284 sites
	-> Printing at chr: chr1 pos:40577052 chunknumber 74000 contains 251 sites
	-> Printing at chr: chr1 pos:40615472 chunknumber 74100 contains 332 sites
	-> Printing at chr: chr1 pos:40657240 chunknumber 74200 contains 251 sites
	-> Printing at chr: chr1 pos:40695897 chunknumber 74300 contains 252 sites
	-> Printing at chr: chr1 pos:40739978 chunknumber 74400 contains 255 sites
	-> Printing at chr: chr1 pos:40784559 chunknumber 74500 contains 731 sites
	-> Printing at chr: chr1 pos:40829804 chunknumber 74600 contains 288 sites
	-> Printing at chr: chr1 pos:40879275 chunknumber 74700 contains 255 sites
	-> Printing at chr: chr1 pos:40928299 chunknumber 74800 contains 252 sites
	-> Printing at chr: chr1 pos:40971284 chunknumber 74900 contains 393 sites
	-> Printing at chr: chr1 pos:41007866 chunknumber 75000 contains 263 sites
	-> Printing at chr: chr1 pos:41044580 chunknumber 75100 contains 179 sites
	-> Printing at chr: chr1 pos:41087319 chunknumber 75200 contains 2063 sites
	-> Printing at chr: chr1 pos:41142613 chunknumber 75300 contains 264 sites
	-> Printing at chr: chr1 pos:41185774 chunknumber 75400 contains 313 sites
	-> Printing at chr: chr1 pos:41223007 chunknumber 75500 contains 310 sites
	-> Printing at chr: chr1 pos:41274471 chunknumber 75600 contains 556 sites
	-> Printing at chr: chr1 pos:41319379 chunknumber 75700 contains 251 sites
	-> Printing at chr: chr1 pos:41367910 chunknumber 75800 contains 320 sites
	-> Printing at chr: chr1 pos:41407963 chunknumber 75900 contains 409 sites
	-> Printing at chr: chr1 pos:41445315 chunknumber 76000 contains 251 sites
	-> Printing at chr: chr1 pos:41476807 chunknumber 76100 contains 257 sites
	-> Printing at chr: chr1 pos:41519235 chunknumber 76200 contains 252 sites
	-> Printing at chr: chr1 pos:41553377 chunknumber 76300 contains 252 sites
	-> Printing at chr: chr1 pos:41599510 chunknumber 76400 contains 252 sites
	-> Printing at chr: chr1 pos:41644135 chunknumber 76500 contains 253 sites
	-> Printing at chr: chr1 pos:41689662 chunknumber 76600 contains 252 sites
	-> Printing at chr: chr1 pos:41728608 chunknumber 76700 contains 252 sites
	-> Printing at chr: chr1 pos:41780253 chunknumber 76800 contains 254 sites
	-> Printing at chr: chr1 pos:41832610 chunknumber 76900 contains 326 sites
	-> Printing at chr: chr1 pos:41871932 chunknumber 77000 contains 256 sites
	-> Printing at chr: chr1 pos:41916961 chunknumber 77100 contains 253 sites
	-> Printing at chr: chr1 pos:41957140 chunknumber 77200 contains 2585 sites
	-> Printing at chr: chr1 pos:42006538 chunknumber 77300 contains 251 sites
	-> Printing at chr: chr1 pos:42053847 chunknumber 77400 contains 469 sites
	-> Printing at chr: chr1 pos:42098298 chunknumber 77500 contains 253 sites
	-> Printing at chr: chr1 pos:42137263 chunknumber 77600 contains 316 sites
	-> Printing at chr: chr1 pos:42191235 chunknumber 77700 contains 836 sites
	-> Printing at chr: chr1 pos:42241868 chunknumber 77800 contains 262 sites
	-> Printing at chr: chr1 pos:42296966 chunknumber 77900 contains 596 sites
	-> Printing at chr: chr1 pos:42352221 chunknumber 78000 contains 257 sites
	-> Printing at chr: chr1 pos:42405413 chunknumber 78100 contains 253 sites
	-> Printing at chr: chr1 pos:42447862 chunknumber 78200 contains 397 sites
	-> Printing at chr: chr1 pos:42493521 chunknumber 78300 contains 364 sites
	-> Printing at chr: chr1 pos:42538860 chunknumber 78400 contains 278 sites
	-> Printing at chr: chr1 pos:42580986 chunknumber 78500 contains 622 sites
	-> Printing at chr: chr1 pos:42627962 chunknumber 78600 contains 262 sites
	-> Printing at chr: chr1 pos:42676176 chunknumber 78700 contains 251 sites
	-> Printing at chr: chr1 pos:42723003 chunknumber 78800 contains 251 sites
	-> Printing at chr: chr1 pos:42769377 chunknumber 78900 contains 366 sites
	-> Printing at chr: chr1 pos:42819195 chunknumber 79000 contains 476 sites
	-> Printing at chr: chr1 pos:42866926 chunknumber 79100 contains 266 sites
	-> Printing at chr: chr1 pos:42914440 chunknumber 79200 contains 442 sites
	-> Printing at chr: chr1 pos:42957503 chunknumber 79300 contains 268 sites
	-> Printing at chr: chr1 pos:43004666 chunknumber 79400 contains 568 sites
	-> Printing at chr: chr1 pos:43044541 chunknumber 79500 contains 271 sites
	-> Printing at chr: chr1 pos:43090663 chunknumber 79600 contains 253 sites
	-> Printing at chr: chr1 pos:43140314 chunknumber 79700 contains 251 sites
	-> Printing at chr: chr1 pos:43191744 chunknumber 79800 contains 293 sites
	-> Printing at chr: chr1 pos:43227557 chunknumber 79900 contains 571 sites
	-> Printing at chr: chr1 pos:43279545 chunknumber 80000 contains 2232 sites
	-> Printing at chr: chr1 pos:43321992 chunknumber 80100 contains 535 sites
	-> Printing at chr: chr1 pos:43366468 chunknumber 80200 contains 251 sites
	-> Printing at chr: chr1 pos:43407406 chunknumber 80300 contains 447 sites
	-> Printing at chr: chr1 pos:43451646 chunknumber 80400 contains 251 sites
	-> Printing at chr: chr1 pos:43501827 chunknumber 80500 contains 253 sites
	-> Printing at chr: chr1 pos:43551393 chunknumber 80600 contains 252 sites
	-> Printing at chr: chr1 pos:43595244 chunknumber 80700 contains 266 sites
	-> Printing at chr: chr1 pos:43648394 chunknumber 80800 contains 304 sites
	-> Printing at chr: chr1 pos:43694366 chunknumber 80900 contains 294 sites
	-> Printing at chr: chr1 pos:43732444 chunknumber 81000 contains 275 sites
	-> Printing at chr: chr1 pos:43773174 chunknumber 81100 contains 251 sites
	-> Printing at chr: chr1 pos:43830226 chunknumber 81200 contains 275 sites
	-> Printing at chr: chr1 pos:43874213 chunknumber 81300 contains 877 sites
	-> Printing at chr: chr1 pos:43914542 chunknumber 81400 contains 260 sites
	-> Printing at chr: chr1 pos:43960546 chunknumber 81500 contains 251 sites
	-> Printing at chr: chr1 pos:44006287 chunknumber 81600 contains 270 sites
	-> Printing at chr: chr1 pos:44060174 chunknumber 81700 contains 251 sites
	-> Printing at chr: chr1 pos:44107921 chunknumber 81800 contains 256 sites
	-> Printing at chr: chr1 pos:44148248 chunknumber 81900 contains 358 sites
	-> Printing at chr: chr1 pos:44201953 chunknumber 82000 contains 257 sites
	-> Printing at chr: chr1 pos:44243030 chunknumber 82100 contains 500 sites
	-> Printing at chr: chr1 pos:44294995 chunknumber 82200 contains 256 sites
	-> Printing at chr: chr1 pos:44351629 chunknumber 82300 contains 266 sites
	-> Printing at chr: chr1 pos:44408480 chunknumber 82400 contains 1285 sites
	-> Printing at chr: chr1 pos:44479177 chunknumber 82500 contains 932 sites
	-> Printing at chr: chr1 pos:44533965 chunknumber 82600 contains 677 sites
	-> Printing at chr: chr1 pos:44581990 chunknumber 82700 contains 252 sites
	-> Printing at chr: chr1 pos:44629932 chunknumber 82800 contains 267 sites
	-> Printing at chr: chr1 pos:44668950 chunknumber 82900 contains 251 sites
	-> Printing at chr: chr1 pos:44713534 chunknumber 83000 contains 297 sites
	-> Printing at chr: chr1 pos:44753689 chunknumber 83100 contains 266 sites
	-> Printing at chr: chr1 pos:44791611 chunknumber 83200 contains 257 sites
	-> Printing at chr: chr1 pos:44844161 chunknumber 83300 contains 268 sites
	-> Printing at chr: chr1 pos:44889580 chunknumber 83400 contains 658 sites
	-> Printing at chr: chr1 pos:44940283 chunknumber 83500 contains 304 sites
	-> Printing at chr: chr1 pos:44981867 chunknumber 83600 contains 264 sites
	-> Printing at chr: chr1 pos:45029296 chunknumber 83700 contains 254 sites
	-> Printing at chr: chr1 pos:45082263 chunknumber 83800 contains 255 sites
	-> Printing at chr: chr1 pos:45131819 chunknumber 83900 contains 251 sites
	-> Printing at chr: chr1 pos:45175147 chunknumber 84000 contains 335 sites
	-> Printing at chr: chr1 pos:45218294 chunknumber 84100 contains 252 sites
	-> Printing at chr: chr1 pos:45252816 chunknumber 84200 contains 252 sites
	-> Printing at chr: chr1 pos:45297510 chunknumber 84300 contains 252 sites
	-> Printing at chr: chr1 pos:45346623 chunknumber 84400 contains 253 sites
	-> Printing at chr: chr1 pos:45392293 chunknumber 84500 contains 305 sites
	-> Printing at chr: chr1 pos:45439481 chunknumber 84600 contains 646 sites
	-> Printing at chr: chr1 pos:45487888 chunknumber 84700 contains 252 sites
	-> Printing at chr: chr1 pos:45532815 chunknumber 84800 contains 258 sites
	-> Printing at chr: chr1 pos:45575748 chunknumber 84900 contains 254 sites
	-> Printing at chr: chr1 pos:45616844 chunknumber 85000 contains 252 sites
	-> Printing at chr: chr1 pos:45653564 chunknumber 85100 contains 251 sites
	-> Printing at chr: chr1 pos:45697190 chunknumber 85200 contains 252 sites
	-> Printing at chr: chr1 pos:45742988 chunknumber 85300 contains 251 sites
	-> Printing at chr: chr1 pos:45784260 chunknumber 85400 contains 283 sites
	-> Printing at chr: chr1 pos:45829959 chunknumber 85500 contains 362 sites
	-> Printing at chr: chr1 pos:45884585 chunknumber 85600 contains 251 sites
	-> Printing at chr: chr1 pos:45935255 chunknumber 85700 contains 251 sites
	-> Printing at chr: chr1 pos:45986035 chunknumber 85800 contains 251 sites
	-> Printing at chr: chr1 pos:46044574 chunknumber 85900 contains 252 sites
	-> Printing at chr: chr1 pos:46101349 chunknumber 86000 contains 252 sites
	-> Printing at chr: chr1 pos:46155491 chunknumber 86100 contains 251 sites
	-> Printing at chr: chr1 pos:46198317 chunknumber 86200 contains 257 sites
	-> Printing at chr: chr1 pos:46252496 chunknumber 86300 contains 253 sites
	-> Printing at chr: chr1 pos:46292356 chunknumber 86400 contains 257 sites
	-> Printing at chr: chr1 pos:46336546 chunknumber 86500 contains 387 sites
	-> Printing at chr: chr1 pos:46374513 chunknumber 86600 contains 251 sites
	-> Printing at chr: chr1 pos:46417636 chunknumber 86700 contains 251 sites
	-> Printing at chr: chr1 pos:46461929 chunknumber 86800 contains 720 sites
	-> Printing at chr: chr1 pos:46500426 chunknumber 86900 contains 396 sites
	-> Printing at chr: chr1 pos:46550931 chunknumber 87000 contains 261 sites
	-> Printing at chr: chr1 pos:46612991 chunknumber 87100 contains 271 sites
	-> Printing at chr: chr1 pos:46671057 chunknumber 87200 contains 1479 sites
	-> Printing at chr: chr1 pos:46733754 chunknumber 87300 contains 252 sites
	-> Printing at chr: chr1 pos:46795235 chunknumber 87400 contains 1064 sites
	-> Printing at chr: chr1 pos:46867073 chunknumber 87500 contains 566 sites
	-> Printing at chr: chr1 pos:46919620 chunknumber 87600 contains 719 sites
	-> Printing at chr: chr1 pos:46962034 chunknumber 87700 contains 251 sites
	-> Printing at chr: chr1 pos:47009262 chunknumber 87800 contains 260 sites
	-> Printing at chr: chr1 pos:47051586 chunknumber 87900 contains 251 sites
	-> Printing at chr: chr1 pos:47098871 chunknumber 88000 contains 251 sites
	-> Printing at chr: chr1 pos:47143030 chunknumber 88100 contains 251 sites
	-> Printing at chr: chr1 pos:47198891 chunknumber 88200 contains 251 sites
	-> Printing at chr: chr1 pos:47254593 chunknumber 88300 contains 251 sites
	-> Printing at chr: chr1 pos:47295905 chunknumber 88400 contains 257 sites
	-> Printing at chr: chr1 pos:47329947 chunknumber 88500 contains 262 sites
	-> Printing at chr: chr1 pos:47374653 chunknumber 88600 contains 601 sites
	-> Printing at chr: chr1 pos:47427193 chunknumber 88700 contains 274 sites

	-> Done reading data waiting for calculations to finish
	-> Done waiting for threads
	-> Output filenames:
		->"../03.output/saf_PHZ.arg"
		->"../03.output/saf_PHZ.mafs.gz"
		->"../03.output/saf_PHZ.saf.gz"
		->"../03.output/saf_PHZ.saf.pos.gz"
		->"../03.output/saf_PHZ.saf.idx"
	-> Sat Mar 27 13:59:43 2021
	-> Arguments and parameters for all analysis are located in .arg file
	-> Total number of sites analyzed: 37876922
	-> Number of sites retained after filtering: 17522603 
	[ALL done] cpu-time used =  14736.40 sec
	[ALL done] walltime used =  14770.00 sec
