	-> angsd version: 0.930 (htslib: 1.9) build(Mar 20 2020 16:59:13)
	-> [prep_sites.cpp] Reading binary representation of '../../../inputs/neutral_sites'
	-> [prep_sites.cpp] nChr: 1 loaded from binary filter file
	-> [abcFilter.cpp] -sites is still beta, use at own risk...
	-> Reading fasta: ../../../inputs/grasshopperRef.fasta
	-> Reading fasta: ../../../inputs/grasshopperRef.fasta
	-> SNP-filter using a pvalue: 1.000000e+00 correspond to 0.000000 likelihood units
[bammer_main] 5 samples in 5 input files
	-> Parsing 5 number of samples 
	-> Region lookup 1/1
[shared.cpp.changeChr():281] refid:0
Charnge chr:0
	-> Printing at chr: chr1 pos:125362 chunknumber 100 contains 775 sites
	-> Printing at chr: chr1 pos:182510 chunknumber 200 contains 253 sites
	-> Printing at chr: chr1 pos:305339 chunknumber 300 contains 898 sites
	-> Printing at chr: chr1 pos:412544 chunknumber 400 contains 2221 sites
	-> Printing at chr: chr1 pos:495298 chunknumber 500 contains 251 sites
	-> Printing at chr: chr1 pos:561457 chunknumber 600 contains 255 sites
	-> Printing at chr: chr1 pos:619044 chunknumber 700 contains 251 sites
	-> Printing at chr: chr1 pos:708635 chunknumber 800 contains 388 sites
	-> Printing at chr: chr1 pos:790047 chunknumber 900 contains 252 sites
	-> Printing at chr: chr1 pos:890725 chunknumber 1000 contains 252 sites
	-> Printing at chr: chr1 pos:996026 chunknumber 1100 contains 832 sites
	-> Printing at chr: chr1 pos:1109667 chunknumber 1200 contains 255 sites
	-> Printing at chr: chr1 pos:1253992 chunknumber 1300 contains 396 sites
	-> Printing at chr: chr1 pos:1340824 chunknumber 1400 contains 255 sites
	-> Printing at chr: chr1 pos:1400433 chunknumber 1500 contains 263 sites
	-> Printing at chr: chr1 pos:1533570 chunknumber 1600 contains 261 sites
	-> Printing at chr: chr1 pos:1609800 chunknumber 1700 contains 252 sites
	-> Printing at chr: chr1 pos:1687410 chunknumber 1800 contains 251 sites
	-> Printing at chr: chr1 pos:1752072 chunknumber 1900 contains 1747 sites
	-> Printing at chr: chr1 pos:1821314 chunknumber 2000 contains 366 sites
	-> Printing at chr: chr1 pos:1907530 chunknumber 2100 contains 403 sites
	-> Printing at chr: chr1 pos:1996639 chunknumber 2200 contains 485 sites
	-> Printing at chr: chr1 pos:2067527 chunknumber 2300 contains 290 sites
	-> Printing at chr: chr1 pos:2160704 chunknumber 2400 contains 2555 sites
	-> Printing at chr: chr1 pos:2260048 chunknumber 2500 contains 2734 sites
	-> Printing at chr: chr1 pos:2368904 chunknumber 2600 contains 1137 sites
	-> Printing at chr: chr1 pos:2451362 chunknumber 2700 contains 1319 sites
	-> Printing at chr: chr1 pos:2552858 chunknumber 2800 contains 686 sites
	-> Printing at chr: chr1 pos:2668323 chunknumber 2900 contains 1477 sites
	-> Printing at chr: chr1 pos:2788680 chunknumber 3000 contains 2604 sites
	-> Printing at chr: chr1 pos:2875787 chunknumber 3100 contains 382 sites
	-> Printing at chr: chr1 pos:3010945 chunknumber 3200 contains 251 sites
	-> Printing at chr: chr1 pos:3146647 chunknumber 3300 contains 286 sites
	-> Printing at chr: chr1 pos:3242392 chunknumber 3400 contains 256 sites
	-> Printing at chr: chr1 pos:3368377 chunknumber 3500 contains 253 sites
	-> Printing at chr: chr1 pos:3521653 chunknumber 3600 contains 1788 sites
	-> Printing at chr: chr1 pos:3620653 chunknumber 3700 contains 252 sites
	-> Printing at chr: chr1 pos:3704912 chunknumber 3800 contains 262 sites
	-> Printing at chr: chr1 pos:3783049 chunknumber 3900 contains 254 sites
	-> Printing at chr: chr1 pos:3849236 chunknumber 4000 contains 673 sites
	-> Printing at chr: chr1 pos:3909531 chunknumber 4100 contains 260 sites
	-> Printing at chr: chr1 pos:4001943 chunknumber 4200 contains 253 sites
	-> Printing at chr: chr1 pos:4099585 chunknumber 4300 contains 256 sites
	-> Printing at chr: chr1 pos:4161893 chunknumber 4400 contains 282 sites
	-> Printing at chr: chr1 pos:4231667 chunknumber 4500 contains 383 sites
	-> Printing at chr: chr1 pos:4314793 chunknumber 4600 contains 258 sites
	-> Printing at chr: chr1 pos:4380437 chunknumber 4700 contains 251 sites
	-> Printing at chr: chr1 pos:4440385 chunknumber 4800 contains 911 sites
	-> Printing at chr: chr1 pos:4515967 chunknumber 4900 contains 1273 sites
	-> Printing at chr: chr1 pos:4589542 chunknumber 5000 contains 251 sites
	-> Printing at chr: chr1 pos:4683168 chunknumber 5100 contains 252 sites
	-> Printing at chr: chr1 pos:4775946 chunknumber 5200 contains 255 sites
	-> Printing at chr: chr1 pos:4830409 chunknumber 5300 contains 253 sites
	-> Printing at chr: chr1 pos:4887260 chunknumber 5400 contains 260 sites
	-> Printing at chr: chr1 pos:4952091 chunknumber 5500 contains 1357 sites
	-> Printing at chr: chr1 pos:5016009 chunknumber 5600 contains 1648 sites
	-> Printing at chr: chr1 pos:5067269 chunknumber 5700 contains 301 sites
	-> Printing at chr: chr1 pos:5155722 chunknumber 5800 contains 253 sites
	-> Printing at chr: chr1 pos:5217574 chunknumber 5900 contains 876 sites
	-> Printing at chr: chr1 pos:5302331 chunknumber 6000 contains 254 sites
	-> Printing at chr: chr1 pos:5418690 chunknumber 6100 contains 1056 sites
	-> Printing at chr: chr1 pos:5495369 chunknumber 6200 contains 252 sites
	-> Printing at chr: chr1 pos:5561506 chunknumber 6300 contains 252 sites
	-> Printing at chr: chr1 pos:5621217 chunknumber 6400 contains 253 sites
	-> Printing at chr: chr1 pos:5684117 chunknumber 6500 contains 293 sites
	-> Printing at chr: chr1 pos:5767626 chunknumber 6600 contains 264 sites
	-> Printing at chr: chr1 pos:5857486 chunknumber 6700 contains 253 sites
	-> Printing at chr: chr1 pos:5916640 chunknumber 6800 contains 251 sites
	-> Printing at chr: chr1 pos:6052077 chunknumber 6900 contains 370 sites
	-> Printing at chr: chr1 pos:6116459 chunknumber 7000 contains 1993 sites
	-> Printing at chr: chr1 pos:6187828 chunknumber 7100 contains 252 sites
	-> Printing at chr: chr1 pos:6253575 chunknumber 7200 contains 251 sites
	-> Printing at chr: chr1 pos:6320964 chunknumber 7300 contains 252 sites
	-> Printing at chr: chr1 pos:6373765 chunknumber 7400 contains 251 sites
	-> Printing at chr: chr1 pos:6461898 chunknumber 7500 contains 251 sites
	-> Printing at chr: chr1 pos:6536158 chunknumber 7600 contains 252 sites
	-> Printing at chr: chr1 pos:6620211 chunknumber 7700 contains 3283 sites
	-> Printing at chr: chr1 pos:6734846 chunknumber 7800 contains 251 sites
	-> Printing at chr: chr1 pos:6833086 chunknumber 7900 contains 5436 sites
	-> Printing at chr: chr1 pos:6951442 chunknumber 8000 contains 293 sites
	-> Printing at chr: chr1 pos:7025118 chunknumber 8100 contains 748 sites
	-> Printing at chr: chr1 pos:7088813 chunknumber 8200 contains 251 sites
	-> Printing at chr: chr1 pos:7144166 chunknumber 8300 contains 279 sites
	-> Printing at chr: chr1 pos:7206157 chunknumber 8400 contains 252 sites
	-> Printing at chr: chr1 pos:7265568 chunknumber 8500 contains 255 sites
	-> Printing at chr: chr1 pos:7354664 chunknumber 8600 contains 251 sites
	-> Printing at chr: chr1 pos:7454422 chunknumber 8700 contains 251 sites
	-> Printing at chr: chr1 pos:7542885 chunknumber 8800 contains 253 sites
	-> Printing at chr: chr1 pos:7636793 chunknumber 8900 contains 673 sites
	-> Printing at chr: chr1 pos:7732553 chunknumber 9000 contains 1871 sites
	-> Printing at chr: chr1 pos:7813317 chunknumber 9100 contains 252 sites
	-> Printing at chr: chr1 pos:7882719 chunknumber 9200 contains 257 sites
	-> Printing at chr: chr1 pos:7985621 chunknumber 9300 contains 1288 sites
	-> Printing at chr: chr1 pos:8070331 chunknumber 9400 contains 328 sites
	-> Printing at chr: chr1 pos:8130017 chunknumber 9500 contains 256 sites
	-> Printing at chr: chr1 pos:8195928 chunknumber 9600 contains 464 sites
	-> Printing at chr: chr1 pos:8268231 chunknumber 9700 contains 252 sites
	-> Printing at chr: chr1 pos:8346757 chunknumber 9800 contains 514 sites
	-> Printing at chr: chr1 pos:8432382 chunknumber 9900 contains 258 sites
	-> Printing at chr: chr1 pos:8526845 chunknumber 10000 contains 253 sites
	-> Printing at chr: chr1 pos:8589979 chunknumber 10100 contains 258 sites
	-> Printing at chr: chr1 pos:8661979 chunknumber 10200 contains 251 sites
	-> Printing at chr: chr1 pos:8711357 chunknumber 10300 contains 251 sites
	-> Printing at chr: chr1 pos:8785150 chunknumber 10400 contains 426 sites
	-> Printing at chr: chr1 pos:8846721 chunknumber 10500 contains 251 sites
	-> Printing at chr: chr1 pos:8917678 chunknumber 10600 contains 253 sites
	-> Printing at chr: chr1 pos:8980334 chunknumber 10700 contains 749 sites
	-> Printing at chr: chr1 pos:9065320 chunknumber 10800 contains 422 sites
	-> Printing at chr: chr1 pos:9142774 chunknumber 10900 contains 251 sites
	-> Printing at chr: chr1 pos:9204226 chunknumber 11000 contains 252 sites
	-> Printing at chr: chr1 pos:9277453 chunknumber 11100 contains 386 sites
	-> Printing at chr: chr1 pos:9368642 chunknumber 11200 contains 1546 sites
	-> Printing at chr: chr1 pos:9439859 chunknumber 11300 contains 251 sites
	-> Printing at chr: chr1 pos:9498551 chunknumber 11400 contains 258 sites
	-> Printing at chr: chr1 pos:9560451 chunknumber 11500 contains 1149 sites
	-> Printing at chr: chr1 pos:9627364 chunknumber 11600 contains 251 sites
	-> Printing at chr: chr1 pos:9719322 chunknumber 11700 contains 253 sites
	-> Printing at chr: chr1 pos:9773562 chunknumber 11800 contains 2033 sites
	-> Printing at chr: chr1 pos:9845173 chunknumber 11900 contains 1597 sites
	-> Printing at chr: chr1 pos:9955733 chunknumber 12000 contains 871 sites
	-> Printing at chr: chr1 pos:10068126 chunknumber 12100 contains 335 sites
	-> Printing at chr: chr1 pos:10166937 chunknumber 12200 contains 292 sites
	-> Printing at chr: chr1 pos:10224919 chunknumber 12300 contains 1495 sites
	-> Printing at chr: chr1 pos:10304802 chunknumber 12400 contains 266 sites
	-> Printing at chr: chr1 pos:10422514 chunknumber 12500 contains 290 sites
	-> Printing at chr: chr1 pos:10500001 chunknumber 12600 contains 258 sites
	-> Printing at chr: chr1 pos:10610253 chunknumber 12700 contains 326 sites
	-> Printing at chr: chr1 pos:10696680 chunknumber 12800 contains 252 sites
	-> Printing at chr: chr1 pos:10770123 chunknumber 12900 contains 252 sites
	-> Printing at chr: chr1 pos:10867867 chunknumber 13000 contains 255 sites
	-> Printing at chr: chr1 pos:10950803 chunknumber 13100 contains 1724 sites
	-> Printing at chr: chr1 pos:11071050 chunknumber 13200 contains 604 sites
	-> Printing at chr: chr1 pos:11148300 chunknumber 13300 contains 256 sites
	-> Printing at chr: chr1 pos:11209537 chunknumber 13400 contains 238 sites
	-> Printing at chr: chr1 pos:11287521 chunknumber 13500 contains 254 sites
	-> Printing at chr: chr1 pos:11371865 chunknumber 13600 contains 262 sites
	-> Printing at chr: chr1 pos:11481658 chunknumber 13700 contains 252 sites
	-> Printing at chr: chr1 pos:11643238 chunknumber 13800 contains 251 sites
	-> Printing at chr: chr1 pos:11755701 chunknumber 13900 contains 253 sites
	-> Printing at chr: chr1 pos:11824490 chunknumber 14000 contains 342 sites
	-> Printing at chr: chr1 pos:11879969 chunknumber 14100 contains 251 sites
	-> Printing at chr: chr1 pos:11929016 chunknumber 14200 contains 290 sites
	-> Printing at chr: chr1 pos:11984862 chunknumber 14300 contains 543 sites
	-> Printing at chr: chr1 pos:12045038 chunknumber 14400 contains 254 sites
	-> Printing at chr: chr1 pos:12086308 chunknumber 14500 contains 259 sites
	-> Printing at chr: chr1 pos:12129404 chunknumber 14600 contains 252 sites
	-> Printing at chr: chr1 pos:12183271 chunknumber 14700 contains 267 sites
	-> Printing at chr: chr1 pos:12230245 chunknumber 14800 contains 272 sites
	-> Printing at chr: chr1 pos:12268553 chunknumber 14900 contains 389 sites
	-> Printing at chr: chr1 pos:12311797 chunknumber 15000 contains 251 sites
	-> Printing at chr: chr1 pos:12366319 chunknumber 15100 contains 602 sites
	-> Printing at chr: chr1 pos:12413236 chunknumber 15200 contains 319 sites
	-> Printing at chr: chr1 pos:12462377 chunknumber 15300 contains 255 sites
	-> Printing at chr: chr1 pos:12508495 chunknumber 15400 contains 251 sites
	-> Printing at chr: chr1 pos:12558281 chunknumber 15500 contains 458 sites
	-> Printing at chr: chr1 pos:12607948 chunknumber 15600 contains 251 sites
	-> Printing at chr: chr1 pos:12660092 chunknumber 15700 contains 570 sites
	-> Printing at chr: chr1 pos:12715793 chunknumber 15800 contains 251 sites
	-> Printing at chr: chr1 pos:12770019 chunknumber 15900 contains 298 sites
	-> Printing at chr: chr1 pos:12832341 chunknumber 16000 contains 395 sites
	-> Printing at chr: chr1 pos:12892740 chunknumber 16100 contains 499 sites
	-> Printing at chr: chr1 pos:12945573 chunknumber 16200 contains 251 sites
	-> Printing at chr: chr1 pos:12995940 chunknumber 16300 contains 290 sites
	-> Printing at chr: chr1 pos:13045798 chunknumber 16400 contains 252 sites
	-> Printing at chr: chr1 pos:13106081 chunknumber 16500 contains 582 sites
	-> Printing at chr: chr1 pos:13159038 chunknumber 16600 contains 251 sites
	-> Printing at chr: chr1 pos:13213825 chunknumber 16700 contains 1043 sites
	-> Printing at chr: chr1 pos:13270743 chunknumber 16800 contains 251 sites
	-> Printing at chr: chr1 pos:13319646 chunknumber 16900 contains 258 sites
	-> Printing at chr: chr1 pos:13393435 chunknumber 17000 contains 336 sites
	-> Printing at chr: chr1 pos:13462493 chunknumber 17100 contains 253 sites
	-> Printing at chr: chr1 pos:13524610 chunknumber 17200 contains 251 sites
	-> Printing at chr: chr1 pos:13580845 chunknumber 17300 contains 1748 sites
	-> Printing at chr: chr1 pos:13637344 chunknumber 17400 contains 251 sites
	-> Printing at chr: chr1 pos:13717629 chunknumber 17500 contains 254 sites
	-> Printing at chr: chr1 pos:13807561 chunknumber 17600 contains 976 sites
	-> Printing at chr: chr1 pos:13885218 chunknumber 17700 contains 251 sites
	-> Printing at chr: chr1 pos:13931239 chunknumber 17800 contains 251 sites
	-> Printing at chr: chr1 pos:13975994 chunknumber 17900 contains 254 sites
	-> Printing at chr: chr1 pos:14032545 chunknumber 18000 contains 177 sites
	-> Printing at chr: chr1 pos:14085623 chunknumber 18100 contains 251 sites
	-> Printing at chr: chr1 pos:14140336 chunknumber 18200 contains 251 sites
	-> Printing at chr: chr1 pos:14187111 chunknumber 18300 contains 409 sites
	-> Printing at chr: chr1 pos:14237040 chunknumber 18400 contains 265 sites
	-> Printing at chr: chr1 pos:14299452 chunknumber 18500 contains 361 sites
	-> Printing at chr: chr1 pos:14364622 chunknumber 18600 contains 251 sites
	-> Printing at chr: chr1 pos:14420292 chunknumber 18700 contains 265 sites
	-> Printing at chr: chr1 pos:14467630 chunknumber 18800 contains 252 sites
	-> Printing at chr: chr1 pos:14528217 chunknumber 18900 contains 251 sites
	-> Printing at chr: chr1 pos:14583967 chunknumber 19000 contains 251 sites
	-> Printing at chr: chr1 pos:14636073 chunknumber 19100 contains 253 sites
	-> Printing at chr: chr1 pos:14684971 chunknumber 19200 contains 258 sites
	-> Printing at chr: chr1 pos:14740191 chunknumber 19300 contains 251 sites
	-> Printing at chr: chr1 pos:14782426 chunknumber 19400 contains 252 sites
	-> Printing at chr: chr1 pos:14830791 chunknumber 19500 contains 571 sites
	-> Printing at chr: chr1 pos:14878349 chunknumber 19600 contains 251 sites
	-> Printing at chr: chr1 pos:14921354 chunknumber 19700 contains 251 sites
	-> Printing at chr: chr1 pos:14963020 chunknumber 19800 contains 251 sites
	-> Printing at chr: chr1 pos:15026046 chunknumber 19900 contains 271 sites
	-> Printing at chr: chr1 pos:15068022 chunknumber 20000 contains 290 sites
	-> Printing at chr: chr1 pos:15115034 chunknumber 20100 contains 365 sites
	-> Printing at chr: chr1 pos:15185750 chunknumber 20200 contains 491 sites
	-> Printing at chr: chr1 pos:15235130 chunknumber 20300 contains 251 sites
	-> Printing at chr: chr1 pos:15294567 chunknumber 20400 contains 251 sites
	-> Printing at chr: chr1 pos:15366084 chunknumber 20500 contains 257 sites
	-> Printing at chr: chr1 pos:15424613 chunknumber 20600 contains 251 sites
	-> Printing at chr: chr1 pos:15475064 chunknumber 20700 contains 251 sites
	-> Printing at chr: chr1 pos:15536792 chunknumber 20800 contains 253 sites
	-> Printing at chr: chr1 pos:15597313 chunknumber 20900 contains 312 sites
	-> Printing at chr: chr1 pos:15640196 chunknumber 21000 contains 276 sites
	-> Printing at chr: chr1 pos:15688090 chunknumber 21100 contains 255 sites
	-> Printing at chr: chr1 pos:15742530 chunknumber 21200 contains 304 sites
	-> Printing at chr: chr1 pos:15786317 chunknumber 21300 contains 253 sites
	-> Printing at chr: chr1 pos:15846045 chunknumber 21400 contains 253 sites
	-> Printing at chr: chr1 pos:15896583 chunknumber 21500 contains 2252 sites
	-> Printing at chr: chr1 pos:15971235 chunknumber 21600 contains 251 sites
	-> Printing at chr: chr1 pos:16024339 chunknumber 21700 contains 251 sites
	-> Printing at chr: chr1 pos:16071522 chunknumber 21800 contains 374 sites
	-> Printing at chr: chr1 pos:16130794 chunknumber 21900 contains 252 sites
	-> Printing at chr: chr1 pos:16184264 chunknumber 22000 contains 252 sites
	-> Printing at chr: chr1 pos:16226646 chunknumber 22100 contains 251 sites
	-> Printing at chr: chr1 pos:16280877 chunknumber 22200 contains 269 sites
	-> Printing at chr: chr1 pos:16356406 chunknumber 22300 contains 277 sites
	-> Printing at chr: chr1 pos:16416571 chunknumber 22400 contains 251 sites
	-> Printing at chr: chr1 pos:16472957 chunknumber 22500 contains 253 sites
	-> Printing at chr: chr1 pos:16537996 chunknumber 22600 contains 1204 sites
	-> Printing at chr: chr1 pos:16612711 chunknumber 22700 contains 251 sites
	-> Printing at chr: chr1 pos:16679764 chunknumber 22800 contains 257 sites
	-> Printing at chr: chr1 pos:16762769 chunknumber 22900 contains 1254 sites
	-> Printing at chr: chr1 pos:16884173 chunknumber 23000 contains 253 sites
	-> Printing at chr: chr1 pos:16936246 chunknumber 23100 contains 260 sites
	-> Printing at chr: chr1 pos:16999132 chunknumber 23200 contains 664 sites
	-> Printing at chr: chr1 pos:17058777 chunknumber 23300 contains 701 sites
	-> Printing at chr: chr1 pos:17112898 chunknumber 23400 contains 256 sites
	-> Printing at chr: chr1 pos:17169045 chunknumber 23500 contains 790 sites
	-> Printing at chr: chr1 pos:17221039 chunknumber 23600 contains 2265 sites
	-> Printing at chr: chr1 pos:17268590 chunknumber 23700 contains 251 sites
	-> Printing at chr: chr1 pos:17323942 chunknumber 23800 contains 252 sites
	-> Printing at chr: chr1 pos:17372733 chunknumber 23900 contains 252 sites
	-> Printing at chr: chr1 pos:17427768 chunknumber 24000 contains 255 sites
	-> Printing at chr: chr1 pos:17473858 chunknumber 24100 contains 258 sites
	-> Printing at chr: chr1 pos:17520747 chunknumber 24200 contains 948 sites
	-> Printing at chr: chr1 pos:17572685 chunknumber 24300 contains 321 sites
	-> Printing at chr: chr1 pos:17635315 chunknumber 24400 contains 1101 sites
	-> Printing at chr: chr1 pos:17686323 chunknumber 24500 contains 279 sites
	-> Printing at chr: chr1 pos:17741184 chunknumber 24600 contains 252 sites
	-> Printing at chr: chr1 pos:17793923 chunknumber 24700 contains 2563 sites
	-> Printing at chr: chr1 pos:17850649 chunknumber 24800 contains 251 sites
	-> Printing at chr: chr1 pos:17899588 chunknumber 24900 contains 506 sites
	-> Printing at chr: chr1 pos:17969224 chunknumber 25000 contains 264 sites
	-> Printing at chr: chr1 pos:18010073 chunknumber 25100 contains 252 sites
	-> Printing at chr: chr1 pos:18074622 chunknumber 25200 contains 1566 sites
	-> Printing at chr: chr1 pos:18143184 chunknumber 25300 contains 739 sites
	-> Printing at chr: chr1 pos:18193956 chunknumber 25400 contains 374 sites
	-> Printing at chr: chr1 pos:18267654 chunknumber 25500 contains 464 sites
	-> Printing at chr: chr1 pos:18318337 chunknumber 25600 contains 668 sites
	-> Printing at chr: chr1 pos:18381328 chunknumber 25700 contains 255 sites
	-> Printing at chr: chr1 pos:18433903 chunknumber 25800 contains 251 sites
	-> Printing at chr: chr1 pos:18485272 chunknumber 25900 contains 858 sites
	-> Printing at chr: chr1 pos:18548171 chunknumber 26000 contains 251 sites
	-> Printing at chr: chr1 pos:18613912 chunknumber 26100 contains 251 sites
	-> Printing at chr: chr1 pos:18664095 chunknumber 26200 contains 496 sites
	-> Printing at chr: chr1 pos:18713584 chunknumber 26300 contains 251 sites
	-> Printing at chr: chr1 pos:18768847 chunknumber 26400 contains 252 sites
	-> Printing at chr: chr1 pos:18825000 chunknumber 26500 contains 251 sites
	-> Printing at chr: chr1 pos:18874582 chunknumber 26600 contains 254 sites
	-> Printing at chr: chr1 pos:18922517 chunknumber 26700 contains 1442 sites
	-> Printing at chr: chr1 pos:18977627 chunknumber 26800 contains 252 sites
	-> Printing at chr: chr1 pos:19023158 chunknumber 26900 contains 364 sites
	-> Printing at chr: chr1 pos:19075381 chunknumber 27000 contains 252 sites
	-> Printing at chr: chr1 pos:19127991 chunknumber 27100 contains 458 sites
	-> Printing at chr: chr1 pos:19173755 chunknumber 27200 contains 254 sites
	-> Printing at chr: chr1 pos:19228318 chunknumber 27300 contains 252 sites
	-> Printing at chr: chr1 pos:19277438 chunknumber 27400 contains 251 sites
	-> Printing at chr: chr1 pos:19320947 chunknumber 27500 contains 253 sites
	-> Printing at chr: chr1 pos:19369529 chunknumber 27600 contains 253 sites
	-> Printing at chr: chr1 pos:19439608 chunknumber 27700 contains 251 sites
	-> Printing at chr: chr1 pos:19497185 chunknumber 27800 contains 1368 sites
	-> Printing at chr: chr1 pos:19552919 chunknumber 27900 contains 254 sites
	-> Printing at chr: chr1 pos:19604493 chunknumber 28000 contains 251 sites
	-> Printing at chr: chr1 pos:19659959 chunknumber 28100 contains 916 sites
	-> Printing at chr: chr1 pos:19716063 chunknumber 28200 contains 938 sites
	-> Printing at chr: chr1 pos:19782987 chunknumber 28300 contains 1611 sites
	-> Printing at chr: chr1 pos:19851840 chunknumber 28400 contains 294 sites
	-> Printing at chr: chr1 pos:19907261 chunknumber 28500 contains 1186 sites
	-> Printing at chr: chr1 pos:19973324 chunknumber 28600 contains 264 sites
	-> Printing at chr: chr1 pos:20022984 chunknumber 28700 contains 4131 sites
	-> Printing at chr: chr1 pos:20076253 chunknumber 28800 contains 341 sites
	-> Printing at chr: chr1 pos:20156718 chunknumber 28900 contains 253 sites
	-> Printing at chr: chr1 pos:20253899 chunknumber 29000 contains 255 sites
	-> Printing at chr: chr1 pos:20345746 chunknumber 29100 contains 283 sites
	-> Printing at chr: chr1 pos:20422890 chunknumber 29200 contains 253 sites
	-> Printing at chr: chr1 pos:20476469 chunknumber 29300 contains 254 sites
	-> Printing at chr: chr1 pos:20546603 chunknumber 29400 contains 257 sites
	-> Printing at chr: chr1 pos:20605176 chunknumber 29500 contains 295 sites
	-> Printing at chr: chr1 pos:20683192 chunknumber 29600 contains 251 sites
	-> Printing at chr: chr1 pos:20745394 chunknumber 29700 contains 251 sites
	-> Printing at chr: chr1 pos:20806422 chunknumber 29800 contains 672 sites
	-> Printing at chr: chr1 pos:20875784 chunknumber 29900 contains 251 sites
	-> Printing at chr: chr1 pos:20939087 chunknumber 30000 contains 258 sites
	-> Printing at chr: chr1 pos:20996210 chunknumber 30100 contains 965 sites
	-> Printing at chr: chr1 pos:21048455 chunknumber 30200 contains 273 sites
	-> Printing at chr: chr1 pos:21099563 chunknumber 30300 contains 258 sites
	-> Printing at chr: chr1 pos:21147263 chunknumber 30400 contains 254 sites
	-> Printing at chr: chr1 pos:21205332 chunknumber 30500 contains 260 sites
	-> Printing at chr: chr1 pos:21257600 chunknumber 30600 contains 251 sites
	-> Printing at chr: chr1 pos:21316994 chunknumber 30700 contains 252 sites
	-> Printing at chr: chr1 pos:21361983 chunknumber 30800 contains 882 sites
	-> Printing at chr: chr1 pos:21422408 chunknumber 30900 contains 256 sites
	-> Printing at chr: chr1 pos:21478978 chunknumber 31000 contains 251 sites
	-> Printing at chr: chr1 pos:21532920 chunknumber 31100 contains 252 sites
	-> Printing at chr: chr1 pos:21588841 chunknumber 31200 contains 253 sites
	-> Printing at chr: chr1 pos:21633429 chunknumber 31300 contains 755 sites
	-> Printing at chr: chr1 pos:21686314 chunknumber 31400 contains 251 sites
	-> Printing at chr: chr1 pos:21728305 chunknumber 31500 contains 253 sites
	-> Printing at chr: chr1 pos:21787337 chunknumber 31600 contains 253 sites
	-> Printing at chr: chr1 pos:21835326 chunknumber 31700 contains 766 sites
	-> Printing at chr: chr1 pos:21901220 chunknumber 31800 contains 251 sites
	-> Printing at chr: chr1 pos:21955474 chunknumber 31900 contains 253 sites
	-> Printing at chr: chr1 pos:22009102 chunknumber 32000 contains 251 sites
	-> Printing at chr: chr1 pos:22059530 chunknumber 32100 contains 337 sites
	-> Printing at chr: chr1 pos:22108350 chunknumber 32200 contains 796 sites
	-> Printing at chr: chr1 pos:22151403 chunknumber 32300 contains 254 sites
	-> Printing at chr: chr1 pos:22195049 chunknumber 32400 contains 253 sites
	-> Printing at chr: chr1 pos:22244342 chunknumber 32500 contains 386 sites
	-> Printing at chr: chr1 pos:22304637 chunknumber 32600 contains 252 sites
	-> Printing at chr: chr1 pos:22352317 chunknumber 32700 contains 255 sites
	-> Printing at chr: chr1 pos:22402480 chunknumber 32800 contains 229 sites
	-> Printing at chr: chr1 pos:22467518 chunknumber 32900 contains 334 sites
	-> Printing at chr: chr1 pos:22518049 chunknumber 33000 contains 265 sites
	-> Printing at chr: chr1 pos:22572788 chunknumber 33100 contains 254 sites
	-> Printing at chr: chr1 pos:22626029 chunknumber 33200 contains 1339 sites
	-> Printing at chr: chr1 pos:22676427 chunknumber 33300 contains 252 sites
	-> Printing at chr: chr1 pos:22731537 chunknumber 33400 contains 251 sites
	-> Printing at chr: chr1 pos:22774732 chunknumber 33500 contains 252 sites
	-> Printing at chr: chr1 pos:22825107 chunknumber 33600 contains 755 sites
	-> Printing at chr: chr1 pos:22871069 chunknumber 33700 contains 251 sites
	-> Printing at chr: chr1 pos:22923970 chunknumber 33800 contains 255 sites
	-> Printing at chr: chr1 pos:22978507 chunknumber 33900 contains 251 sites
	-> Printing at chr: chr1 pos:23024116 chunknumber 34000 contains 251 sites
	-> Printing at chr: chr1 pos:23075321 chunknumber 34100 contains 252 sites
	-> Printing at chr: chr1 pos:23114553 chunknumber 34200 contains 514 sites
	-> Printing at chr: chr1 pos:23171876 chunknumber 34300 contains 253 sites
	-> Printing at chr: chr1 pos:23220651 chunknumber 34400 contains 499 sites
	-> Printing at chr: chr1 pos:23262836 chunknumber 34500 contains 251 sites
	-> Printing at chr: chr1 pos:23319483 chunknumber 34600 contains 257 sites
	-> Printing at chr: chr1 pos:23381700 chunknumber 34700 contains 264 sites
	-> Printing at chr: chr1 pos:23433960 chunknumber 34800 contains 249 sites
	-> Printing at chr: chr1 pos:23491229 chunknumber 34900 contains 262 sites
	-> Printing at chr: chr1 pos:23584063 chunknumber 35000 contains 331 sites
	-> Printing at chr: chr1 pos:23659106 chunknumber 35100 contains 255 sites
	-> Printing at chr: chr1 pos:23763771 chunknumber 35200 contains 252 sites
	-> Printing at chr: chr1 pos:23854881 chunknumber 35300 contains 306 sites
	-> Printing at chr: chr1 pos:23904501 chunknumber 35400 contains 251 sites
	-> Printing at chr: chr1 pos:23971360 chunknumber 35500 contains 498 sites
	-> Printing at chr: chr1 pos:24057473 chunknumber 35600 contains 251 sites
	-> Printing at chr: chr1 pos:24152096 chunknumber 35700 contains 387 sites
	-> Printing at chr: chr1 pos:24237704 chunknumber 35800 contains 251 sites
	-> Printing at chr: chr1 pos:24333093 chunknumber 35900 contains 1259 sites
	-> Printing at chr: chr1 pos:24444572 chunknumber 36000 contains 301 sites
	-> Printing at chr: chr1 pos:24564159 chunknumber 36100 contains 837 sites
	-> Printing at chr: chr1 pos:24681081 chunknumber 36200 contains 310 sites
	-> Printing at chr: chr1 pos:24781013 chunknumber 36300 contains 252 sites
	-> Printing at chr: chr1 pos:24870705 chunknumber 36400 contains 2250 sites
	-> Printing at chr: chr1 pos:24975242 chunknumber 36500 contains 275 sites
	-> Printing at chr: chr1 pos:25033215 chunknumber 36600 contains 251 sites
	-> Printing at chr: chr1 pos:25096626 chunknumber 36700 contains 252 sites
	-> Printing at chr: chr1 pos:25145183 chunknumber 36800 contains 251 sites
	-> Printing at chr: chr1 pos:25202808 chunknumber 36900 contains 251 sites
	-> Printing at chr: chr1 pos:25255631 chunknumber 37000 contains 256 sites
	-> Printing at chr: chr1 pos:25302919 chunknumber 37100 contains 251 sites
	-> Printing at chr: chr1 pos:25351011 chunknumber 37200 contains 316 sites
	-> Printing at chr: chr1 pos:25393280 chunknumber 37300 contains 251 sites
	-> Printing at chr: chr1 pos:25454265 chunknumber 37400 contains 165 sites
	-> Printing at chr: chr1 pos:25516943 chunknumber 37500 contains 251 sites
	-> Printing at chr: chr1 pos:25586356 chunknumber 37600 contains 252 sites
	-> Printing at chr: chr1 pos:25637844 chunknumber 37700 contains 252 sites
	-> Printing at chr: chr1 pos:25681865 chunknumber 37800 contains 251 sites
	-> Printing at chr: chr1 pos:25731689 chunknumber 37900 contains 257 sites
	-> Printing at chr: chr1 pos:25788581 chunknumber 38000 contains 251 sites
	-> Printing at chr: chr1 pos:25850276 chunknumber 38100 contains 261 sites
	-> Printing at chr: chr1 pos:25901477 chunknumber 38200 contains 709 sites
	-> Printing at chr: chr1 pos:25950715 chunknumber 38300 contains 259 sites
	-> Printing at chr: chr1 pos:26017808 chunknumber 38400 contains 251 sites
	-> Printing at chr: chr1 pos:26068834 chunknumber 38500 contains 254 sites
	-> Printing at chr: chr1 pos:26144060 chunknumber 38600 contains 256 sites
	-> Printing at chr: chr1 pos:26202272 chunknumber 38700 contains 253 sites
	-> Printing at chr: chr1 pos:26250109 chunknumber 38800 contains 251 sites
	-> Printing at chr: chr1 pos:26297401 chunknumber 38900 contains 252 sites
	-> Printing at chr: chr1 pos:26355536 chunknumber 39000 contains 4146 sites
	-> Printing at chr: chr1 pos:26410824 chunknumber 39100 contains 457 sites
	-> Printing at chr: chr1 pos:26460354 chunknumber 39200 contains 256 sites
	-> Printing at chr: chr1 pos:26506608 chunknumber 39300 contains 252 sites
	-> Printing at chr: chr1 pos:26561976 chunknumber 39400 contains 442 sites
	-> Printing at chr: chr1 pos:26604298 chunknumber 39500 contains 254 sites
	-> Printing at chr: chr1 pos:26653461 chunknumber 39600 contains 251 sites
	-> Printing at chr: chr1 pos:26709106 chunknumber 39700 contains 296 sites
	-> Printing at chr: chr1 pos:26776308 chunknumber 39800 contains 257 sites
	-> Printing at chr: chr1 pos:26832555 chunknumber 39900 contains 252 sites
	-> Printing at chr: chr1 pos:26879829 chunknumber 40000 contains 253 sites
	-> Printing at chr: chr1 pos:26928512 chunknumber 40100 contains 252 sites
	-> Printing at chr: chr1 pos:26994636 chunknumber 40200 contains 251 sites
	-> Printing at chr: chr1 pos:27046755 chunknumber 40300 contains 260 sites
	-> Printing at chr: chr1 pos:27100925 chunknumber 40400 contains 251 sites
	-> Printing at chr: chr1 pos:27150475 chunknumber 40500 contains 257 sites
	-> Printing at chr: chr1 pos:27192610 chunknumber 40600 contains 263 sites
	-> Printing at chr: chr1 pos:27240514 chunknumber 40700 contains 279 sites
	-> Printing at chr: chr1 pos:27292019 chunknumber 40800 contains 540 sites
	-> Printing at chr: chr1 pos:27342868 chunknumber 40900 contains 251 sites
	-> Printing at chr: chr1 pos:27388647 chunknumber 41000 contains 251 sites
	-> Printing at chr: chr1 pos:27442639 chunknumber 41100 contains 275 sites
	-> Printing at chr: chr1 pos:27494708 chunknumber 41200 contains 271 sites
	-> Printing at chr: chr1 pos:27549617 chunknumber 41300 contains 251 sites
	-> Printing at chr: chr1 pos:27608922 chunknumber 41400 contains 251 sites
	-> Printing at chr: chr1 pos:27659260 chunknumber 41500 contains 251 sites
	-> Printing at chr: chr1 pos:27766596 chunknumber 41600 contains 366 sites
	-> Printing at chr: chr1 pos:27842906 chunknumber 41700 contains 251 sites
	-> Printing at chr: chr1 pos:27959413 chunknumber 41800 contains 253 sites
	-> Printing at chr: chr1 pos:28046923 chunknumber 41900 contains 288 sites
	-> Printing at chr: chr1 pos:28165021 chunknumber 42000 contains 255 sites
	-> Printing at chr: chr1 pos:28281902 chunknumber 42100 contains 253 sites
	-> Printing at chr: chr1 pos:28377785 chunknumber 42200 contains 251 sites
	-> Printing at chr: chr1 pos:28445907 chunknumber 42300 contains 296 sites
	-> Printing at chr: chr1 pos:28597560 chunknumber 42400 contains 282 sites
	-> Printing at chr: chr1 pos:28678155 chunknumber 42500 contains 259 sites
	-> Printing at chr: chr1 pos:28786470 chunknumber 42600 contains 253 sites
	-> Printing at chr: chr1 pos:28891772 chunknumber 42700 contains 1734 sites
	-> Printing at chr: chr1 pos:29043260 chunknumber 42800 contains 617 sites
	-> Printing at chr: chr1 pos:29226548 chunknumber 42900 contains 1374 sites
	-> Printing at chr: chr1 pos:29365376 chunknumber 43000 contains 939 sites
	-> Printing at chr: chr1 pos:29507904 chunknumber 43100 contains 251 sites
	-> Printing at chr: chr1 pos:29621991 chunknumber 43200 contains 2303 sites
	-> Printing at chr: chr1 pos:29709368 chunknumber 43300 contains 332 sites
	-> Printing at chr: chr1 pos:29793439 chunknumber 43400 contains 253 sites
	-> Printing at chr: chr1 pos:29895346 chunknumber 43500 contains 1005 sites
	-> Printing at chr: chr1 pos:29999116 chunknumber 43600 contains 252 sites
	-> Printing at chr: chr1 pos:30103120 chunknumber 43700 contains 1558 sites
	-> Printing at chr: chr1 pos:30236369 chunknumber 43800 contains 4446 sites
	-> Printing at chr: chr1 pos:30386811 chunknumber 43900 contains 284 sites
	-> Printing at chr: chr1 pos:30515658 chunknumber 44000 contains 506 sites
	-> Printing at chr: chr1 pos:30636378 chunknumber 44100 contains 3406 sites
	-> Printing at chr: chr1 pos:30755793 chunknumber 44200 contains 251 sites
	-> Printing at chr: chr1 pos:30869802 chunknumber 44300 contains 488 sites
	-> Printing at chr: chr1 pos:31009868 chunknumber 44400 contains 685 sites
	-> Printing at chr: chr1 pos:31137714 chunknumber 44500 contains 252 sites
	-> Printing at chr: chr1 pos:31234460 chunknumber 44600 contains 487 sites
	-> Printing at chr: chr1 pos:31338619 chunknumber 44700 contains 251 sites
	-> Printing at chr: chr1 pos:31418843 chunknumber 44800 contains 506 sites
	-> Printing at chr: chr1 pos:31474623 chunknumber 44900 contains 436 sites
	-> Printing at chr: chr1 pos:31537212 chunknumber 45000 contains 252 sites
	-> Printing at chr: chr1 pos:31648652 chunknumber 45100 contains 269 sites
	-> Printing at chr: chr1 pos:31735291 chunknumber 45200 contains 251 sites
	-> Printing at chr: chr1 pos:31800407 chunknumber 45300 contains 255 sites
	-> Printing at chr: chr1 pos:31856993 chunknumber 45400 contains 193 sites
	-> Printing at chr: chr1 pos:31925175 chunknumber 45500 contains 251 sites
	-> Printing at chr: chr1 pos:32054393 chunknumber 45600 contains 252 sites
	-> Printing at chr: chr1 pos:32159218 chunknumber 45700 contains 282 sites
	-> Printing at chr: chr1 pos:32242014 chunknumber 45800 contains 251 sites
	-> Printing at chr: chr1 pos:32304776 chunknumber 45900 contains 1898 sites
	-> Printing at chr: chr1 pos:32375350 chunknumber 46000 contains 251 sites
	-> Printing at chr: chr1 pos:32451544 chunknumber 46100 contains 791 sites
	-> Printing at chr: chr1 pos:32518933 chunknumber 46200 contains 406 sites
	-> Printing at chr: chr1 pos:32593248 chunknumber 46300 contains 610 sites
	-> Printing at chr: chr1 pos:32715982 chunknumber 46400 contains 252 sites
	-> Printing at chr: chr1 pos:32831683 chunknumber 46500 contains 509 sites
	-> Printing at chr: chr1 pos:32922830 chunknumber 46600 contains 3417 sites
	-> Printing at chr: chr1 pos:33018947 chunknumber 46700 contains 251 sites
	-> Printing at chr: chr1 pos:33082019 chunknumber 46800 contains 251 sites
	-> Printing at chr: chr1 pos:33143154 chunknumber 46900 contains 274 sites
	-> Printing at chr: chr1 pos:33262337 chunknumber 47000 contains 252 sites
	-> Printing at chr: chr1 pos:33347662 chunknumber 47100 contains 1038 sites
	-> Printing at chr: chr1 pos:33498849 chunknumber 47200 contains 251 sites
	-> Printing at chr: chr1 pos:33587261 chunknumber 47300 contains 317 sites
	-> Printing at chr: chr1 pos:33685960 chunknumber 47400 contains 251 sites
	-> Printing at chr: chr1 pos:33774878 chunknumber 47500 contains 1349 sites
	-> Printing at chr: chr1 pos:33851714 chunknumber 47600 contains 886 sites
	-> Printing at chr: chr1 pos:33955943 chunknumber 47700 contains 714 sites
	-> Printing at chr: chr1 pos:34019424 chunknumber 47800 contains 260 sites
	-> Printing at chr: chr1 pos:34110880 chunknumber 47900 contains 258 sites
	-> Printing at chr: chr1 pos:34260718 chunknumber 48000 contains 252 sites
	-> Printing at chr: chr1 pos:34344724 chunknumber 48100 contains 252 sites
	-> Printing at chr: chr1 pos:34382178 chunknumber 48200 contains 283 sites
	-> Printing at chr: chr1 pos:34442139 chunknumber 48300 contains 772 sites
	-> Printing at chr: chr1 pos:34503630 chunknumber 48400 contains 256 sites
	-> Printing at chr: chr1 pos:34547927 chunknumber 48500 contains 252 sites
	-> Printing at chr: chr1 pos:34619231 chunknumber 48600 contains 252 sites
	-> Printing at chr: chr1 pos:34665463 chunknumber 48700 contains 279 sites
	-> Printing at chr: chr1 pos:34725561 chunknumber 48800 contains 367 sites
	-> Printing at chr: chr1 pos:34794864 chunknumber 48900 contains 252 sites
	-> Printing at chr: chr1 pos:34845819 chunknumber 49000 contains 251 sites
	-> Printing at chr: chr1 pos:34892060 chunknumber 49100 contains 267 sites
	-> Printing at chr: chr1 pos:34945357 chunknumber 49200 contains 251 sites
	-> Printing at chr: chr1 pos:35019466 chunknumber 49300 contains 255 sites
	-> Printing at chr: chr1 pos:35061849 chunknumber 49400 contains 2606 sites
	-> Printing at chr: chr1 pos:35118800 chunknumber 49500 contains 266 sites
	-> Printing at chr: chr1 pos:35167587 chunknumber 49600 contains 252 sites
	-> Printing at chr: chr1 pos:35222412 chunknumber 49700 contains 251 sites
	-> Printing at chr: chr1 pos:35288773 chunknumber 49800 contains 268 sites
	-> Printing at chr: chr1 pos:35336810 chunknumber 49900 contains 335 sites
	-> Printing at chr: chr1 pos:35398667 chunknumber 50000 contains 251 sites
	-> Printing at chr: chr1 pos:35454637 chunknumber 50100 contains 257 sites
	-> Printing at chr: chr1 pos:35507856 chunknumber 50200 contains 1012 sites
	-> Printing at chr: chr1 pos:35578575 chunknumber 50300 contains 456 sites
	-> Printing at chr: chr1 pos:35636391 chunknumber 50400 contains 252 sites
	-> Printing at chr: chr1 pos:35686294 chunknumber 50500 contains 254 sites
	-> Printing at chr: chr1 pos:35741143 chunknumber 50600 contains 349 sites
	-> Printing at chr: chr1 pos:35799740 chunknumber 50700 contains 251 sites
	-> Printing at chr: chr1 pos:35872098 chunknumber 50800 contains 363 sites
	-> Printing at chr: chr1 pos:35920195 chunknumber 50900 contains 259 sites
	-> Printing at chr: chr1 pos:35967409 chunknumber 51000 contains 251 sites
	-> Printing at chr: chr1 pos:36028420 chunknumber 51100 contains 384 sites
	-> Printing at chr: chr1 pos:36089056 chunknumber 51200 contains 251 sites
	-> Printing at chr: chr1 pos:36135233 chunknumber 51300 contains 263 sites
	-> Printing at chr: chr1 pos:36191661 chunknumber 51400 contains 251 sites
	-> Printing at chr: chr1 pos:36234489 chunknumber 51500 contains 253 sites
	-> Printing at chr: chr1 pos:36280182 chunknumber 51600 contains 282 sites
	-> Printing at chr: chr1 pos:36337734 chunknumber 51700 contains 255 sites
	-> Printing at chr: chr1 pos:36391499 chunknumber 51800 contains 253 sites
	-> Printing at chr: chr1 pos:36435150 chunknumber 51900 contains 1123 sites
	-> Printing at chr: chr1 pos:36482802 chunknumber 52000 contains 251 sites
	-> Printing at chr: chr1 pos:36527823 chunknumber 52100 contains 291 sites
	-> Printing at chr: chr1 pos:36571914 chunknumber 52200 contains 252 sites
	-> Printing at chr: chr1 pos:36618296 chunknumber 52300 contains 280 sites
	-> Printing at chr: chr1 pos:36670254 chunknumber 52400 contains 254 sites
	-> Printing at chr: chr1 pos:36738416 chunknumber 52500 contains 258 sites
	-> Printing at chr: chr1 pos:36796339 chunknumber 52600 contains 252 sites
	-> Printing at chr: chr1 pos:36873239 chunknumber 52700 contains 251 sites
	-> Printing at chr: chr1 pos:36926212 chunknumber 52800 contains 258 sites
	-> Printing at chr: chr1 pos:36978915 chunknumber 52900 contains 561 sites
	-> Printing at chr: chr1 pos:37030910 chunknumber 53000 contains 252 sites
	-> Printing at chr: chr1 pos:37082162 chunknumber 53100 contains 558 sites
	-> Printing at chr: chr1 pos:37126761 chunknumber 53200 contains 253 sites
	-> Printing at chr: chr1 pos:37167544 chunknumber 53300 contains 252 sites
	-> Printing at chr: chr1 pos:37244216 chunknumber 53400 contains 366 sites
	-> Printing at chr: chr1 pos:37287928 chunknumber 53500 contains 263 sites
	-> Printing at chr: chr1 pos:37353068 chunknumber 53600 contains 252 sites
	-> Printing at chr: chr1 pos:37399350 chunknumber 53700 contains 251 sites
	-> Printing at chr: chr1 pos:37445809 chunknumber 53800 contains 251 sites
	-> Printing at chr: chr1 pos:37500550 chunknumber 53900 contains 2685 sites
	-> Printing at chr: chr1 pos:37545932 chunknumber 54000 contains 252 sites
	-> Printing at chr: chr1 pos:37598440 chunknumber 54100 contains 2116 sites
	-> Printing at chr: chr1 pos:37662909 chunknumber 54200 contains 252 sites
	-> Printing at chr: chr1 pos:37725738 chunknumber 54300 contains 389 sites
	-> Printing at chr: chr1 pos:37791851 chunknumber 54400 contains 5056 sites
	-> Printing at chr: chr1 pos:37860389 chunknumber 54500 contains 4777 sites
	-> Printing at chr: chr1 pos:37948826 chunknumber 54600 contains 257 sites
	-> Printing at chr: chr1 pos:38004597 chunknumber 54700 contains 1502 sites
	-> Printing at chr: chr1 pos:38063915 chunknumber 54800 contains 2161 sites
	-> Printing at chr: chr1 pos:38113400 chunknumber 54900 contains 538 sites
	-> Printing at chr: chr1 pos:38164092 chunknumber 55000 contains 416 sites
	-> Printing at chr: chr1 pos:38219943 chunknumber 55100 contains 251 sites
	-> Printing at chr: chr1 pos:38271086 chunknumber 55200 contains 254 sites
	-> Printing at chr: chr1 pos:38333045 chunknumber 55300 contains 292 sites
	-> Printing at chr: chr1 pos:38387590 chunknumber 55400 contains 2091 sites
	-> Printing at chr: chr1 pos:38443505 chunknumber 55500 contains 254 sites
	-> Printing at chr: chr1 pos:38497410 chunknumber 55600 contains 258 sites
	-> Printing at chr: chr1 pos:38548660 chunknumber 55700 contains 253 sites
	-> Printing at chr: chr1 pos:38597362 chunknumber 55800 contains 251 sites
	-> Printing at chr: chr1 pos:38648320 chunknumber 55900 contains 545 sites
	-> Printing at chr: chr1 pos:38708947 chunknumber 56000 contains 253 sites
	-> Printing at chr: chr1 pos:38757868 chunknumber 56100 contains 252 sites
	-> Printing at chr: chr1 pos:38798000 chunknumber 56200 contains 252 sites
	-> Printing at chr: chr1 pos:38852006 chunknumber 56300 contains 920 sites
	-> Printing at chr: chr1 pos:38918109 chunknumber 56400 contains 253 sites
	-> Printing at chr: chr1 pos:38993843 chunknumber 56500 contains 1084 sites
	-> Printing at chr: chr1 pos:39069637 chunknumber 56600 contains 1967 sites
	-> Printing at chr: chr1 pos:39148046 chunknumber 56700 contains 315 sites
	-> Printing at chr: chr1 pos:39203389 chunknumber 56800 contains 3190 sites
	-> Printing at chr: chr1 pos:39250657 chunknumber 56900 contains 252 sites
	-> Printing at chr: chr1 pos:39299013 chunknumber 57000 contains 255 sites
	-> Printing at chr: chr1 pos:39348458 chunknumber 57100 contains 252 sites
	-> Printing at chr: chr1 pos:39388797 chunknumber 57200 contains 253 sites
	-> Printing at chr: chr1 pos:39436914 chunknumber 57300 contains 737 sites
	-> Printing at chr: chr1 pos:39487716 chunknumber 57400 contains 252 sites
	-> Printing at chr: chr1 pos:39541443 chunknumber 57500 contains 252 sites
	-> Printing at chr: chr1 pos:39586996 chunknumber 57600 contains 251 sites
	-> Printing at chr: chr1 pos:39641112 chunknumber 57700 contains 254 sites
	-> Printing at chr: chr1 pos:39688325 chunknumber 57800 contains 260 sites
	-> Printing at chr: chr1 pos:39746342 chunknumber 57900 contains 255 sites
	-> Printing at chr: chr1 pos:39795672 chunknumber 58000 contains 251 sites
	-> Printing at chr: chr1 pos:39845911 chunknumber 58100 contains 578 sites
	-> Printing at chr: chr1 pos:39901781 chunknumber 58200 contains 252 sites
	-> Printing at chr: chr1 pos:39951481 chunknumber 58300 contains 261 sites
	-> Printing at chr: chr1 pos:40014129 chunknumber 58400 contains 272 sites
	-> Printing at chr: chr1 pos:40070070 chunknumber 58500 contains 302 sites
	-> Printing at chr: chr1 pos:40131029 chunknumber 58600 contains 284 sites
	-> Printing at chr: chr1 pos:40187557 chunknumber 58700 contains 291 sites
	-> Printing at chr: chr1 pos:40258622 chunknumber 58800 contains 251 sites
	-> Printing at chr: chr1 pos:40315766 chunknumber 58900 contains 1175 sites
	-> Printing at chr: chr1 pos:40384996 chunknumber 59000 contains 711 sites
	-> Printing at chr: chr1 pos:40461976 chunknumber 59100 contains 2297 sites
	-> Printing at chr: chr1 pos:40536607 chunknumber 59200 contains 253 sites
	-> Printing at chr: chr1 pos:40589289 chunknumber 59300 contains 253 sites
	-> Printing at chr: chr1 pos:40627007 chunknumber 59400 contains 251 sites
	-> Printing at chr: chr1 pos:40675306 chunknumber 59500 contains 648 sites
	-> Printing at chr: chr1 pos:40726948 chunknumber 59600 contains 299 sites
	-> Printing at chr: chr1 pos:40777569 chunknumber 59700 contains 254 sites
	-> Printing at chr: chr1 pos:40828803 chunknumber 59800 contains 258 sites
	-> Printing at chr: chr1 pos:40881657 chunknumber 59900 contains 253 sites
	-> Printing at chr: chr1 pos:40931367 chunknumber 60000 contains 726 sites
	-> Printing at chr: chr1 pos:40990220 chunknumber 60100 contains 313 sites
	-> Printing at chr: chr1 pos:41040920 chunknumber 60200 contains 253 sites
	-> Printing at chr: chr1 pos:41094199 chunknumber 60300 contains 1258 sites
	-> Printing at chr: chr1 pos:41153104 chunknumber 60400 contains 251 sites
	-> Printing at chr: chr1 pos:41207451 chunknumber 60500 contains 926 sites
	-> Printing at chr: chr1 pos:41269775 chunknumber 60600 contains 251 sites
	-> Printing at chr: chr1 pos:41318625 chunknumber 60700 contains 251 sites
	-> Printing at chr: chr1 pos:41376645 chunknumber 60800 contains 261 sites
	-> Printing at chr: chr1 pos:41427447 chunknumber 60900 contains 1051 sites
	-> Printing at chr: chr1 pos:41471146 chunknumber 61000 contains 252 sites
	-> Printing at chr: chr1 pos:41523297 chunknumber 61100 contains 261 sites
	-> Printing at chr: chr1 pos:41562882 chunknumber 61200 contains 256 sites
	-> Printing at chr: chr1 pos:41620988 chunknumber 61300 contains 562 sites
	-> Printing at chr: chr1 pos:41680178 chunknumber 61400 contains 500 sites
	-> Printing at chr: chr1 pos:41731501 chunknumber 61500 contains 411 sites
	-> Printing at chr: chr1 pos:41797717 chunknumber 61600 contains 251 sites
	-> Printing at chr: chr1 pos:41854219 chunknumber 61700 contains 179 sites
	-> Printing at chr: chr1 pos:41917331 chunknumber 61800 contains 2371 sites
	-> Printing at chr: chr1 pos:41976619 chunknumber 61900 contains 967 sites
	-> Printing at chr: chr1 pos:42039598 chunknumber 62000 contains 262 sites
	-> Printing at chr: chr1 pos:42092689 chunknumber 62100 contains 795 sites
	-> Printing at chr: chr1 pos:42144293 chunknumber 62200 contains 710 sites
	-> Printing at chr: chr1 pos:42210779 chunknumber 62300 contains 251 sites
	-> Printing at chr: chr1 pos:42272519 chunknumber 62400 contains 1554 sites
	-> Printing at chr: chr1 pos:42350100 chunknumber 62500 contains 258 sites
	-> Printing at chr: chr1 pos:42414365 chunknumber 62600 contains 253 sites
	-> Printing at chr: chr1 pos:42469550 chunknumber 62700 contains 251 sites
	-> Printing at chr: chr1 pos:42519713 chunknumber 62800 contains 253 sites
	-> Printing at chr: chr1 pos:42571537 chunknumber 62900 contains 257 sites
	-> Printing at chr: chr1 pos:42626686 chunknumber 63000 contains 251 sites
	-> Printing at chr: chr1 pos:42684430 chunknumber 63100 contains 319 sites
	-> Printing at chr: chr1 pos:42739326 chunknumber 63200 contains 479 sites
	-> Printing at chr: chr1 pos:42797727 chunknumber 63300 contains 254 sites
	-> Printing at chr: chr1 pos:42857188 chunknumber 63400 contains 836 sites
	-> Printing at chr: chr1 pos:42913820 chunknumber 63500 contains 251 sites
	-> Printing at chr: chr1 pos:42958679 chunknumber 63600 contains 255 sites
	-> Printing at chr: chr1 pos:43013447 chunknumber 63700 contains 331 sites
	-> Printing at chr: chr1 pos:43058754 chunknumber 63800 contains 760 sites
	-> Printing at chr: chr1 pos:43117379 chunknumber 63900 contains 831 sites
	-> Printing at chr: chr1 pos:43166757 chunknumber 64000 contains 251 sites
	-> Printing at chr: chr1 pos:43218265 chunknumber 64100 contains 301 sites
	-> Printing at chr: chr1 pos:43270889 chunknumber 64200 contains 323 sites
	-> Printing at chr: chr1 pos:43332800 chunknumber 64300 contains 258 sites
	-> Printing at chr: chr1 pos:43381028 chunknumber 64400 contains 268 sites
	-> Printing at chr: chr1 pos:43440454 chunknumber 64500 contains 251 sites
	-> Printing at chr: chr1 pos:43491877 chunknumber 64600 contains 495 sites
	-> Printing at chr: chr1 pos:43549735 chunknumber 64700 contains 253 sites
	-> Printing at chr: chr1 pos:43604509 chunknumber 64800 contains 361 sites
	-> Printing at chr: chr1 pos:43675673 chunknumber 64900 contains 1682 sites
	-> Printing at chr: chr1 pos:43730235 chunknumber 65000 contains 359 sites
	-> Printing at chr: chr1 pos:43802982 chunknumber 65100 contains 578 sites
	-> Printing at chr: chr1 pos:43870634 chunknumber 65200 contains 251 sites
	-> Printing at chr: chr1 pos:43923695 chunknumber 65300 contains 256 sites
	-> Printing at chr: chr1 pos:43988268 chunknumber 65400 contains 251 sites
	-> Printing at chr: chr1 pos:44058537 chunknumber 65500 contains 608 sites
	-> Printing at chr: chr1 pos:44121722 chunknumber 65600 contains 339 sites
	-> Printing at chr: chr1 pos:44173222 chunknumber 65700 contains 255 sites
	-> Printing at chr: chr1 pos:44230084 chunknumber 65800 contains 273 sites
	-> Printing at chr: chr1 pos:44312090 chunknumber 65900 contains 833 sites
	-> Printing at chr: chr1 pos:44388220 chunknumber 66000 contains 354 sites
	-> Printing at chr: chr1 pos:44470870 chunknumber 66100 contains 299 sites
	-> Printing at chr: chr1 pos:44546545 chunknumber 66200 contains 257 sites
	-> Printing at chr: chr1 pos:44601047 chunknumber 66300 contains 380 sites
	-> Printing at chr: chr1 pos:44649348 chunknumber 66400 contains 333 sites
	-> Printing at chr: chr1 pos:44706216 chunknumber 66500 contains 392 sites
	-> Printing at chr: chr1 pos:44747693 chunknumber 66600 contains 283 sites
	-> Printing at chr: chr1 pos:44792620 chunknumber 66700 contains 251 sites
	-> Printing at chr: chr1 pos:44858035 chunknumber 66800 contains 350 sites
	-> Printing at chr: chr1 pos:44908943 chunknumber 66900 contains 570 sites
	-> Printing at chr: chr1 pos:44970011 chunknumber 67000 contains 313 sites
	-> Printing at chr: chr1 pos:45014127 chunknumber 67100 contains 2605 sites
	-> Printing at chr: chr1 pos:45076301 chunknumber 67200 contains 255 sites
	-> Printing at chr: chr1 pos:45138776 chunknumber 67300 contains 258 sites
	-> Printing at chr: chr1 pos:45191660 chunknumber 67400 contains 256 sites
	-> Printing at chr: chr1 pos:45239374 chunknumber 67500 contains 263 sites
	-> Printing at chr: chr1 pos:45279852 chunknumber 67600 contains 251 sites
	-> Printing at chr: chr1 pos:45339084 chunknumber 67700 contains 206 sites
	-> Printing at chr: chr1 pos:45390008 chunknumber 67800 contains 251 sites
	-> Printing at chr: chr1 pos:45447383 chunknumber 67900 contains 252 sites
	-> Printing at chr: chr1 pos:45508253 chunknumber 68000 contains 251 sites
	-> Printing at chr: chr1 pos:45555420 chunknumber 68100 contains 1364 sites
	-> Printing at chr: chr1 pos:45606937 chunknumber 68200 contains 254 sites
	-> Printing at chr: chr1 pos:45660211 chunknumber 68300 contains 323 sites
	-> Printing at chr: chr1 pos:45705054 chunknumber 68400 contains 265 sites
	-> Printing at chr: chr1 pos:45760515 chunknumber 68500 contains 423 sites
	-> Printing at chr: chr1 pos:45803290 chunknumber 68600 contains 321 sites
	-> Printing at chr: chr1 pos:45865654 chunknumber 68700 contains 382 sites
	-> Printing at chr: chr1 pos:45924331 chunknumber 68800 contains 256 sites
	-> Printing at chr: chr1 pos:45976872 chunknumber 68900 contains 251 sites
	-> Printing at chr: chr1 pos:46040403 chunknumber 69000 contains 254 sites
	-> Printing at chr: chr1 pos:46119806 chunknumber 69100 contains 2322 sites
	-> Printing at chr: chr1 pos:46174276 chunknumber 69200 contains 251 sites
	-> Printing at chr: chr1 pos:46218460 chunknumber 69300 contains 279 sites
	-> Printing at chr: chr1 pos:46276518 chunknumber 69400 contains 251 sites
	-> Printing at chr: chr1 pos:46323634 chunknumber 69500 contains 298 sites
	-> Printing at chr: chr1 pos:46374265 chunknumber 69600 contains 251 sites
	-> Printing at chr: chr1 pos:46425845 chunknumber 69700 contains 252 sites
	-> Printing at chr: chr1 pos:46479732 chunknumber 69800 contains 251 sites
	-> Printing at chr: chr1 pos:46535893 chunknumber 69900 contains 679 sites
	-> Printing at chr: chr1 pos:46602956 chunknumber 70000 contains 283 sites
	-> Printing at chr: chr1 pos:46673493 chunknumber 70100 contains 1518 sites
	-> Printing at chr: chr1 pos:46740068 chunknumber 70200 contains 667 sites
	-> Printing at chr: chr1 pos:46810237 chunknumber 70300 contains 487 sites
	-> Printing at chr: chr1 pos:46886481 chunknumber 70400 contains 1041 sites
	-> Printing at chr: chr1 pos:46944621 chunknumber 70500 contains 394 sites
	-> Printing at chr: chr1 pos:46989160 chunknumber 70600 contains 255 sites
	-> Printing at chr: chr1 pos:47036499 chunknumber 70700 contains 251 sites
	-> Printing at chr: chr1 pos:47090906 chunknumber 70800 contains 251 sites
	-> Printing at chr: chr1 pos:47142050 chunknumber 70900 contains 412 sites
	-> Printing at chr: chr1 pos:47199358 chunknumber 71000 contains 276 sites
	-> Printing at chr: chr1 pos:47259442 chunknumber 71100 contains 268 sites
	-> Printing at chr: chr1 pos:47305433 chunknumber 71200 contains 253 sites
	-> Printing at chr: chr1 pos:47345413 chunknumber 71300 contains 981 sites
	-> Printing at chr: chr1 pos:47414082 chunknumber 71400 contains 251 sites

	-> Done reading data waiting for calculations to finish
	-> Done waiting for threads
	-> Output filenames:
		->"../03.output/saf_DOB.arg"
		->"../03.output/saf_DOB.mafs.gz"
		->"../03.output/saf_DOB.saf.gz"
		->"../03.output/saf_DOB.saf.pos.gz"
		->"../03.output/saf_DOB.saf.idx"
	-> Sat Mar 27 12:14:22 2021
	-> Arguments and parameters for all analysis are located in .arg file
	-> Total number of sites analyzed: 36867424
	-> Number of sites retained after filtering: 15575033 
	[ALL done] cpu-time used =  8409.98 sec
	[ALL done] walltime used =  8449.00 sec
