	-> angsd version: 0.930 (htslib: 1.9) build(Mar 20 2020 16:59:13)
	-> [prep_sites.cpp] Reading binary representation of '../../../inputs/neutral_sites'
	-> [prep_sites.cpp] nChr: 1 loaded from binary filter file
	-> [abcFilter.cpp] -sites is still beta, use at own risk...
	-> Reading fasta: ../../../inputs/grasshopperRef.fasta
	-> Reading fasta: ../../../inputs/grasshopperRef.fasta
	-> SNP-filter using a pvalue: 1.000000e+00 correspond to 0.000000 likelihood units
[bammer_main] 5 samples in 5 input files
	-> Parsing 5 number of samples 
	-> Region lookup 1/1
[shared.cpp.changeChr():281] refid:0
Charnge chr:0
	-> Printing at chr: chr1 pos:79951 chunknumber 100 contains 1487 sites
	-> Printing at chr: chr1 pos:136592 chunknumber 200 contains 253 sites
	-> Printing at chr: chr1 pos:183972 chunknumber 300 contains 259 sites
	-> Printing at chr: chr1 pos:262732 chunknumber 400 contains 460 sites
	-> Printing at chr: chr1 pos:356820 chunknumber 500 contains 753 sites
	-> Printing at chr: chr1 pos:416943 chunknumber 600 contains 252 sites
	-> Printing at chr: chr1 pos:482003 chunknumber 700 contains 266 sites
	-> Printing at chr: chr1 pos:538516 chunknumber 800 contains 243 sites
	-> Printing at chr: chr1 pos:580436 chunknumber 900 contains 2522 sites
	-> Printing at chr: chr1 pos:618200 chunknumber 1000 contains 251 sites
	-> Printing at chr: chr1 pos:679401 chunknumber 1100 contains 3292 sites
	-> Printing at chr: chr1 pos:740081 chunknumber 1200 contains 339 sites
	-> Printing at chr: chr1 pos:805684 chunknumber 1300 contains 300 sites
	-> Printing at chr: chr1 pos:888266 chunknumber 1400 contains 253 sites
	-> Printing at chr: chr1 pos:964806 chunknumber 1500 contains 608 sites
	-> Printing at chr: chr1 pos:1032401 chunknumber 1600 contains 1037 sites
	-> Printing at chr: chr1 pos:1109801 chunknumber 1700 contains 251 sites
	-> Printing at chr: chr1 pos:1215765 chunknumber 1800 contains 1125 sites
	-> Printing at chr: chr1 pos:1300769 chunknumber 1900 contains 494 sites
	-> Printing at chr: chr1 pos:1363006 chunknumber 2000 contains 279 sites
	-> Printing at chr: chr1 pos:1412223 chunknumber 2100 contains 1845 sites
	-> Printing at chr: chr1 pos:1503333 chunknumber 2200 contains 251 sites
	-> Printing at chr: chr1 pos:1563842 chunknumber 2300 contains 1786 sites
	-> Printing at chr: chr1 pos:1626048 chunknumber 2400 contains 709 sites
	-> Printing at chr: chr1 pos:1677846 chunknumber 2500 contains 2065 sites
	-> Printing at chr: chr1 pos:1734443 chunknumber 2600 contains 524 sites
	-> Printing at chr: chr1 pos:1788462 chunknumber 2700 contains 251 sites
	-> Printing at chr: chr1 pos:1847860 chunknumber 2800 contains 260 sites
	-> Printing at chr: chr1 pos:1909104 chunknumber 2900 contains 255 sites
	-> Printing at chr: chr1 pos:1971104 chunknumber 3000 contains 313 sites
	-> Printing at chr: chr1 pos:2035077 chunknumber 3100 contains 263 sites
	-> Printing at chr: chr1 pos:2106208 chunknumber 3200 contains 253 sites
	-> Printing at chr: chr1 pos:2164417 chunknumber 3300 contains 276 sites
	-> Printing at chr: chr1 pos:2225001 chunknumber 3400 contains 252 sites
	-> Printing at chr: chr1 pos:2307154 chunknumber 3500 contains 251 sites
	-> Printing at chr: chr1 pos:2378352 chunknumber 3600 contains 260 sites
	-> Printing at chr: chr1 pos:2437687 chunknumber 3700 contains 301 sites
	-> Printing at chr: chr1 pos:2507608 chunknumber 3800 contains 251 sites
	-> Printing at chr: chr1 pos:2575566 chunknumber 3900 contains 466 sites
	-> Printing at chr: chr1 pos:2680947 chunknumber 4000 contains 253 sites
	-> Printing at chr: chr1 pos:2747403 chunknumber 4100 contains 370 sites
	-> Printing at chr: chr1 pos:2837111 chunknumber 4200 contains 550 sites
	-> Printing at chr: chr1 pos:2914312 chunknumber 4300 contains 266 sites
	-> Printing at chr: chr1 pos:3011392 chunknumber 4400 contains 251 sites
	-> Printing at chr: chr1 pos:3093005 chunknumber 4500 contains 1049 sites
	-> Printing at chr: chr1 pos:3172230 chunknumber 4600 contains 268 sites
	-> Printing at chr: chr1 pos:3234488 chunknumber 4700 contains 1313 sites
	-> Printing at chr: chr1 pos:3328808 chunknumber 4800 contains 1629 sites
	-> Printing at chr: chr1 pos:3449348 chunknumber 4900 contains 293 sites
	-> Printing at chr: chr1 pos:3541029 chunknumber 5000 contains 1913 sites
	-> Printing at chr: chr1 pos:3609518 chunknumber 5100 contains 1214 sites
	-> Printing at chr: chr1 pos:3678797 chunknumber 5200 contains 251 sites
	-> Printing at chr: chr1 pos:3744701 chunknumber 5300 contains 255 sites
	-> Printing at chr: chr1 pos:3808444 chunknumber 5400 contains 440 sites
	-> Printing at chr: chr1 pos:3859946 chunknumber 5500 contains 279 sites
	-> Printing at chr: chr1 pos:3903227 chunknumber 5600 contains 270 sites
	-> Printing at chr: chr1 pos:3957535 chunknumber 5700 contains 251 sites
	-> Printing at chr: chr1 pos:4018635 chunknumber 5800 contains 260 sites
	-> Printing at chr: chr1 pos:4089215 chunknumber 5900 contains 1041 sites
	-> Printing at chr: chr1 pos:4134740 chunknumber 6000 contains 507 sites
	-> Printing at chr: chr1 pos:4190770 chunknumber 6100 contains 2184 sites
	-> Printing at chr: chr1 pos:4272288 chunknumber 6200 contains 253 sites
	-> Printing at chr: chr1 pos:4313838 chunknumber 6300 contains 253 sites
	-> Printing at chr: chr1 pos:4370299 chunknumber 6400 contains 257 sites
	-> Printing at chr: chr1 pos:4411227 chunknumber 6500 contains 252 sites
	-> Printing at chr: chr1 pos:4485276 chunknumber 6600 contains 280 sites
	-> Printing at chr: chr1 pos:4540168 chunknumber 6700 contains 262 sites
	-> Printing at chr: chr1 pos:4589286 chunknumber 6800 contains 251 sites
	-> Printing at chr: chr1 pos:4651003 chunknumber 6900 contains 251 sites
	-> Printing at chr: chr1 pos:4723209 chunknumber 7000 contains 261 sites
	-> Printing at chr: chr1 pos:4781672 chunknumber 7100 contains 385 sites
	-> Printing at chr: chr1 pos:4827051 chunknumber 7200 contains 257 sites
	-> Printing at chr: chr1 pos:4877087 chunknumber 7300 contains 258 sites
	-> Printing at chr: chr1 pos:4917607 chunknumber 7400 contains 251 sites
	-> Printing at chr: chr1 pos:4974493 chunknumber 7500 contains 612 sites
	-> Printing at chr: chr1 pos:5023589 chunknumber 7600 contains 251 sites
	-> Printing at chr: chr1 pos:5061282 chunknumber 7700 contains 251 sites
	-> Printing at chr: chr1 pos:5128490 chunknumber 7800 contains 283 sites
	-> Printing at chr: chr1 pos:5186521 chunknumber 7900 contains 251 sites
	-> Printing at chr: chr1 pos:5233252 chunknumber 8000 contains 255 sites
	-> Printing at chr: chr1 pos:5307078 chunknumber 8100 contains 347 sites
	-> Printing at chr: chr1 pos:5404544 chunknumber 8200 contains 415 sites
	-> Printing at chr: chr1 pos:5481267 chunknumber 8300 contains 254 sites
	-> Printing at chr: chr1 pos:5527250 chunknumber 8400 contains 582 sites
	-> Printing at chr: chr1 pos:5584839 chunknumber 8500 contains 716 sites
	-> Printing at chr: chr1 pos:5631576 chunknumber 8600 contains 252 sites
	-> Printing at chr: chr1 pos:5675106 chunknumber 8700 contains 251 sites
	-> Printing at chr: chr1 pos:5733026 chunknumber 8800 contains 1614 sites
	-> Printing at chr: chr1 pos:5806927 chunknumber 8900 contains 251 sites
	-> Printing at chr: chr1 pos:5878950 chunknumber 9000 contains 274 sites
	-> Printing at chr: chr1 pos:5932038 chunknumber 9100 contains 536 sites
	-> Printing at chr: chr1 pos:6053477 chunknumber 9200 contains 258 sites
	-> Printing at chr: chr1 pos:6108274 chunknumber 9300 contains 388 sites
	-> Printing at chr: chr1 pos:6150159 chunknumber 9400 contains 251 sites
	-> Printing at chr: chr1 pos:6200696 chunknumber 9500 contains 285 sites
	-> Printing at chr: chr1 pos:6251717 chunknumber 9600 contains 408 sites
	-> Printing at chr: chr1 pos:6309292 chunknumber 9700 contains 261 sites
	-> Printing at chr: chr1 pos:6355146 chunknumber 9800 contains 254 sites
	-> Printing at chr: chr1 pos:6416822 chunknumber 9900 contains 459 sites
	-> Printing at chr: chr1 pos:6476299 chunknumber 10000 contains 803 sites
	-> Printing at chr: chr1 pos:6536226 chunknumber 10100 contains 251 sites
	-> Printing at chr: chr1 pos:6600513 chunknumber 10200 contains 251 sites
	-> Printing at chr: chr1 pos:6673387 chunknumber 10300 contains 320 sites
	-> Printing at chr: chr1 pos:6779560 chunknumber 10400 contains 389 sites
	-> Printing at chr: chr1 pos:6855519 chunknumber 10500 contains 277 sites
	-> Printing at chr: chr1 pos:6945629 chunknumber 10600 contains 252 sites
	-> Printing at chr: chr1 pos:7013074 chunknumber 10700 contains 251 sites
	-> Printing at chr: chr1 pos:7058755 chunknumber 10800 contains 565 sites
	-> Printing at chr: chr1 pos:7110559 chunknumber 10900 contains 256 sites
	-> Printing at chr: chr1 pos:7146756 chunknumber 11000 contains 629 sites
	-> Printing at chr: chr1 pos:7198450 chunknumber 11100 contains 301 sites
	-> Printing at chr: chr1 pos:7246412 chunknumber 11200 contains 289 sites
	-> Printing at chr: chr1 pos:7309847 chunknumber 11300 contains 373 sites
	-> Printing at chr: chr1 pos:7390776 chunknumber 11400 contains 254 sites
	-> Printing at chr: chr1 pos:7462287 chunknumber 11500 contains 252 sites
	-> Printing at chr: chr1 pos:7529690 chunknumber 11600 contains 256 sites
	-> Printing at chr: chr1 pos:7614477 chunknumber 11700 contains 273 sites
	-> Printing at chr: chr1 pos:7688940 chunknumber 11800 contains 256 sites
	-> Printing at chr: chr1 pos:7750768 chunknumber 11900 contains 257 sites
	-> Printing at chr: chr1 pos:7819240 chunknumber 12000 contains 253 sites
	-> Printing at chr: chr1 pos:7881031 chunknumber 12100 contains 254 sites
	-> Printing at chr: chr1 pos:7960082 chunknumber 12200 contains 1417 sites
	-> Printing at chr: chr1 pos:8038617 chunknumber 12300 contains 251 sites
	-> Printing at chr: chr1 pos:8097695 chunknumber 12400 contains 2884 sites
	-> Printing at chr: chr1 pos:8145254 chunknumber 12500 contains 252 sites
	-> Printing at chr: chr1 pos:8196951 chunknumber 12600 contains 251 sites
	-> Printing at chr: chr1 pos:8255980 chunknumber 12700 contains 1688 sites
	-> Printing at chr: chr1 pos:8314588 chunknumber 12800 contains 253 sites
	-> Printing at chr: chr1 pos:8375105 chunknumber 12900 contains 314 sites
	-> Printing at chr: chr1 pos:8428998 chunknumber 13000 contains 252 sites
	-> Printing at chr: chr1 pos:8502801 chunknumber 13100 contains 251 sites
	-> Printing at chr: chr1 pos:8572544 chunknumber 13200 contains 255 sites
	-> Printing at chr: chr1 pos:8626394 chunknumber 13300 contains 485 sites
	-> Printing at chr: chr1 pos:8679760 chunknumber 13400 contains 733 sites
	-> Printing at chr: chr1 pos:8718888 chunknumber 13500 contains 256 sites
	-> Printing at chr: chr1 pos:8774277 chunknumber 13600 contains 258 sites
	-> Printing at chr: chr1 pos:8826094 chunknumber 13700 contains 252 sites
	-> Printing at chr: chr1 pos:8873584 chunknumber 13800 contains 252 sites
	-> Printing at chr: chr1 pos:8933794 chunknumber 13900 contains 251 sites
	-> Printing at chr: chr1 pos:8981743 chunknumber 14000 contains 307 sites
	-> Printing at chr: chr1 pos:9046520 chunknumber 14100 contains 254 sites
	-> Printing at chr: chr1 pos:9129142 chunknumber 14200 contains 251 sites
	-> Printing at chr: chr1 pos:9179623 chunknumber 14300 contains 252 sites
	-> Printing at chr: chr1 pos:9223874 chunknumber 14400 contains 265 sites
	-> Printing at chr: chr1 pos:9299867 chunknumber 14500 contains 256 sites
	-> Printing at chr: chr1 pos:9365542 chunknumber 14600 contains 251 sites
	-> Printing at chr: chr1 pos:9414999 chunknumber 14700 contains 257 sites
	-> Printing at chr: chr1 pos:9464244 chunknumber 14800 contains 253 sites
	-> Printing at chr: chr1 pos:9506729 chunknumber 14900 contains 251 sites
	-> Printing at chr: chr1 pos:9558883 chunknumber 15000 contains 253 sites
	-> Printing at chr: chr1 pos:9615432 chunknumber 15100 contains 252 sites
	-> Printing at chr: chr1 pos:9667512 chunknumber 15200 contains 455 sites
	-> Printing at chr: chr1 pos:9721997 chunknumber 15300 contains 251 sites
	-> Printing at chr: chr1 pos:9766402 chunknumber 15400 contains 254 sites
	-> Printing at chr: chr1 pos:9822758 chunknumber 15500 contains 255 sites
	-> Printing at chr: chr1 pos:9877702 chunknumber 15600 contains 502 sites
	-> Printing at chr: chr1 pos:9953997 chunknumber 15700 contains 385 sites
	-> Printing at chr: chr1 pos:10039306 chunknumber 15800 contains 435 sites
	-> Printing at chr: chr1 pos:10095292 chunknumber 15900 contains 254 sites
	-> Printing at chr: chr1 pos:10169152 chunknumber 16000 contains 251 sites
	-> Printing at chr: chr1 pos:10214985 chunknumber 16100 contains 264 sites
	-> Printing at chr: chr1 pos:10276958 chunknumber 16200 contains 1082 sites
	-> Printing at chr: chr1 pos:10361466 chunknumber 16300 contains 261 sites
	-> Printing at chr: chr1 pos:10428368 chunknumber 16400 contains 262 sites
	-> Printing at chr: chr1 pos:10493043 chunknumber 16500 contains 251 sites
	-> Printing at chr: chr1 pos:10574309 chunknumber 16600 contains 252 sites
	-> Printing at chr: chr1 pos:10658942 chunknumber 16700 contains 377 sites
	-> Printing at chr: chr1 pos:10704634 chunknumber 16800 contains 278 sites
	-> Printing at chr: chr1 pos:10768500 chunknumber 16900 contains 251 sites
	-> Printing at chr: chr1 pos:10844069 chunknumber 17000 contains 611 sites
	-> Printing at chr: chr1 pos:10894684 chunknumber 17100 contains 257 sites
	-> Printing at chr: chr1 pos:10954408 chunknumber 17200 contains 576 sites
	-> Printing at chr: chr1 pos:11025122 chunknumber 17300 contains 455 sites
	-> Printing at chr: chr1 pos:11101446 chunknumber 17400 contains 904 sites
	-> Printing at chr: chr1 pos:11147780 chunknumber 17500 contains 252 sites
	-> Printing at chr: chr1 pos:11191325 chunknumber 17600 contains 966 sites
	-> Printing at chr: chr1 pos:11247337 chunknumber 17700 contains 262 sites
	-> Printing at chr: chr1 pos:11322960 chunknumber 17800 contains 254 sites
	-> Printing at chr: chr1 pos:11396655 chunknumber 17900 contains 465 sites
	-> Printing at chr: chr1 pos:11468123 chunknumber 18000 contains 251 sites
	-> Printing at chr: chr1 pos:11607725 chunknumber 18100 contains 252 sites
	-> Printing at chr: chr1 pos:11738645 chunknumber 18200 contains 256 sites
	-> Printing at chr: chr1 pos:11789995 chunknumber 18300 contains 254 sites
	-> Printing at chr: chr1 pos:11846304 chunknumber 18400 contains 253 sites
	-> Printing at chr: chr1 pos:11893119 chunknumber 18500 contains 251 sites
	-> Printing at chr: chr1 pos:11939650 chunknumber 18600 contains 255 sites
	-> Printing at chr: chr1 pos:11988854 chunknumber 18700 contains 263 sites
	-> Printing at chr: chr1 pos:12038358 chunknumber 18800 contains 253 sites
	-> Printing at chr: chr1 pos:12079967 chunknumber 18900 contains 585 sites
	-> Printing at chr: chr1 pos:12126288 chunknumber 19000 contains 252 sites
	-> Printing at chr: chr1 pos:12172369 chunknumber 19100 contains 531 sites
	-> Printing at chr: chr1 pos:12212279 chunknumber 19200 contains 689 sites
	-> Printing at chr: chr1 pos:12249307 chunknumber 19300 contains 251 sites
	-> Printing at chr: chr1 pos:12283208 chunknumber 19400 contains 382 sites
	-> Printing at chr: chr1 pos:12323185 chunknumber 19500 contains 251 sites
	-> Printing at chr: chr1 pos:12368885 chunknumber 19600 contains 251 sites
	-> Printing at chr: chr1 pos:12409921 chunknumber 19700 contains 338 sites
	-> Printing at chr: chr1 pos:12450574 chunknumber 19800 contains 251 sites
	-> Printing at chr: chr1 pos:12492896 chunknumber 19900 contains 254 sites
	-> Printing at chr: chr1 pos:12545042 chunknumber 20000 contains 252 sites
	-> Printing at chr: chr1 pos:12583286 chunknumber 20100 contains 251 sites
	-> Printing at chr: chr1 pos:12623025 chunknumber 20200 contains 253 sites
	-> Printing at chr: chr1 pos:12671807 chunknumber 20300 contains 256 sites
	-> Printing at chr: chr1 pos:12719103 chunknumber 20400 contains 552 sites
	-> Printing at chr: chr1 pos:12764008 chunknumber 20500 contains 316 sites
	-> Printing at chr: chr1 pos:12816013 chunknumber 20600 contains 252 sites
	-> Printing at chr: chr1 pos:12865105 chunknumber 20700 contains 1299 sites
	-> Printing at chr: chr1 pos:12919283 chunknumber 20800 contains 253 sites
	-> Printing at chr: chr1 pos:12971966 chunknumber 20900 contains 253 sites
	-> Printing at chr: chr1 pos:13021430 chunknumber 21000 contains 251 sites
	-> Printing at chr: chr1 pos:13072070 chunknumber 21100 contains 254 sites
	-> Printing at chr: chr1 pos:13117394 chunknumber 21200 contains 253 sites
	-> Printing at chr: chr1 pos:13162626 chunknumber 21300 contains 294 sites
	-> Printing at chr: chr1 pos:13204096 chunknumber 21400 contains 252 sites
	-> Printing at chr: chr1 pos:13251281 chunknumber 21500 contains 1119 sites
	-> Printing at chr: chr1 pos:13297030 chunknumber 21600 contains 189 sites
	-> Printing at chr: chr1 pos:13346664 chunknumber 21700 contains 275 sites
	-> Printing at chr: chr1 pos:13408151 chunknumber 21800 contains 252 sites
	-> Printing at chr: chr1 pos:13474725 chunknumber 21900 contains 254 sites
	-> Printing at chr: chr1 pos:13524627 chunknumber 22000 contains 253 sites
	-> Printing at chr: chr1 pos:13577433 chunknumber 22100 contains 257 sites
	-> Printing at chr: chr1 pos:13631811 chunknumber 22200 contains 251 sites
	-> Printing at chr: chr1 pos:13683950 chunknumber 22300 contains 2454 sites
	-> Printing at chr: chr1 pos:13739728 chunknumber 22400 contains 272 sites
	-> Printing at chr: chr1 pos:13826291 chunknumber 22500 contains 1054 sites
	-> Printing at chr: chr1 pos:13887398 chunknumber 22600 contains 291 sites
	-> Printing at chr: chr1 pos:13931179 chunknumber 22700 contains 254 sites
	-> Printing at chr: chr1 pos:13977593 chunknumber 22800 contains 251 sites
	-> Printing at chr: chr1 pos:14033949 chunknumber 22900 contains 279 sites
	-> Printing at chr: chr1 pos:14083227 chunknumber 23000 contains 636 sites
	-> Printing at chr: chr1 pos:14134362 chunknumber 23100 contains 251 sites
	-> Printing at chr: chr1 pos:14174565 chunknumber 23200 contains 251 sites
	-> Printing at chr: chr1 pos:14216436 chunknumber 23300 contains 265 sites
	-> Printing at chr: chr1 pos:14256204 chunknumber 23400 contains 371 sites
	-> Printing at chr: chr1 pos:14301190 chunknumber 23500 contains 1845 sites
	-> Printing at chr: chr1 pos:14361680 chunknumber 23600 contains 264 sites
	-> Printing at chr: chr1 pos:14412715 chunknumber 23700 contains 252 sites
	-> Printing at chr: chr1 pos:14457791 chunknumber 23800 contains 253 sites
	-> Printing at chr: chr1 pos:14504716 chunknumber 23900 contains 1277 sites
	-> Printing at chr: chr1 pos:14559669 chunknumber 24000 contains 252 sites
	-> Printing at chr: chr1 pos:14608849 chunknumber 24100 contains 252 sites
	-> Printing at chr: chr1 pos:14650982 chunknumber 24200 contains 708 sites
	-> Printing at chr: chr1 pos:14696989 chunknumber 24300 contains 254 sites
	-> Printing at chr: chr1 pos:14745430 chunknumber 24400 contains 256 sites
	-> Printing at chr: chr1 pos:14785466 chunknumber 24500 contains 203 sites
	-> Printing at chr: chr1 pos:14830912 chunknumber 24600 contains 262 sites
	-> Printing at chr: chr1 pos:14872911 chunknumber 24700 contains 254 sites
	-> Printing at chr: chr1 pos:14916385 chunknumber 24800 contains 268 sites
	-> Printing at chr: chr1 pos:14956162 chunknumber 24900 contains 944 sites
	-> Printing at chr: chr1 pos:15009935 chunknumber 25000 contains 251 sites
	-> Printing at chr: chr1 pos:15053465 chunknumber 25100 contains 252 sites
	-> Printing at chr: chr1 pos:15096690 chunknumber 25200 contains 256 sites
	-> Printing at chr: chr1 pos:15143188 chunknumber 25300 contains 251 sites
	-> Printing at chr: chr1 pos:15199243 chunknumber 25400 contains 251 sites
	-> Printing at chr: chr1 pos:15253080 chunknumber 25500 contains 319 sites
	-> Printing at chr: chr1 pos:15303342 chunknumber 25600 contains 260 sites
	-> Printing at chr: chr1 pos:15364422 chunknumber 25700 contains 264 sites
	-> Printing at chr: chr1 pos:15410130 chunknumber 25800 contains 376 sites
	-> Printing at chr: chr1 pos:15452283 chunknumber 25900 contains 511 sites
	-> Printing at chr: chr1 pos:15508510 chunknumber 26000 contains 271 sites
	-> Printing at chr: chr1 pos:15558365 chunknumber 26100 contains 840 sites
	-> Printing at chr: chr1 pos:15603958 chunknumber 26200 contains 253 sites
	-> Printing at chr: chr1 pos:15648538 chunknumber 26300 contains 352 sites
	-> Printing at chr: chr1 pos:15690123 chunknumber 26400 contains 357 sites
	-> Printing at chr: chr1 pos:15736257 chunknumber 26500 contains 967 sites
	-> Printing at chr: chr1 pos:15783297 chunknumber 26600 contains 253 sites
	-> Printing at chr: chr1 pos:15831356 chunknumber 26700 contains 259 sites
	-> Printing at chr: chr1 pos:15880081 chunknumber 26800 contains 307 sites
	-> Printing at chr: chr1 pos:15935087 chunknumber 26900 contains 253 sites
	-> Printing at chr: chr1 pos:15996421 chunknumber 27000 contains 252 sites
	-> Printing at chr: chr1 pos:16045578 chunknumber 27100 contains 251 sites
	-> Printing at chr: chr1 pos:16088787 chunknumber 27200 contains 353 sites
	-> Printing at chr: chr1 pos:16138712 chunknumber 27300 contains 272 sites
	-> Printing at chr: chr1 pos:16187668 chunknumber 27400 contains 251 sites
	-> Printing at chr: chr1 pos:16227810 chunknumber 27500 contains 379 sites
	-> Printing at chr: chr1 pos:16282679 chunknumber 27600 contains 889 sites
	-> Printing at chr: chr1 pos:16342851 chunknumber 27700 contains 251 sites
	-> Printing at chr: chr1 pos:16397374 chunknumber 27800 contains 268 sites
	-> Printing at chr: chr1 pos:16446763 chunknumber 27900 contains 861 sites
	-> Printing at chr: chr1 pos:16492241 chunknumber 28000 contains 251 sites
	-> Printing at chr: chr1 pos:16553726 chunknumber 28100 contains 251 sites
	-> Printing at chr: chr1 pos:16614250 chunknumber 28200 contains 260 sites
	-> Printing at chr: chr1 pos:16666322 chunknumber 28300 contains 261 sites
	-> Printing at chr: chr1 pos:16735822 chunknumber 28400 contains 436 sites
	-> Printing at chr: chr1 pos:16811294 chunknumber 28500 contains 252 sites
	-> Printing at chr: chr1 pos:16900066 chunknumber 28600 contains 252 sites
	-> Printing at chr: chr1 pos:16946021 chunknumber 28700 contains 255 sites
	-> Printing at chr: chr1 pos:17000567 chunknumber 28800 contains 335 sites
	-> Printing at chr: chr1 pos:17055777 chunknumber 28900 contains 251 sites
	-> Printing at chr: chr1 pos:17103722 chunknumber 29000 contains 265 sites
	-> Printing at chr: chr1 pos:17145621 chunknumber 29100 contains 265 sites
	-> Printing at chr: chr1 pos:17199779 chunknumber 29200 contains 356 sites
	-> Printing at chr: chr1 pos:17245845 chunknumber 29300 contains 254 sites
	-> Printing at chr: chr1 pos:17288799 chunknumber 29400 contains 799 sites
	-> Printing at chr: chr1 pos:17333984 chunknumber 29500 contains 262 sites
	-> Printing at chr: chr1 pos:17379450 chunknumber 29600 contains 130 sites
	-> Printing at chr: chr1 pos:17434244 chunknumber 29700 contains 259 sites
	-> Printing at chr: chr1 pos:17476029 chunknumber 29800 contains 254 sites
	-> Printing at chr: chr1 pos:17522569 chunknumber 29900 contains 252 sites
	-> Printing at chr: chr1 pos:17565649 chunknumber 30000 contains 254 sites
	-> Printing at chr: chr1 pos:17621502 chunknumber 30100 contains 256 sites
	-> Printing at chr: chr1 pos:17671485 chunknumber 30200 contains 260 sites
	-> Printing at chr: chr1 pos:17723536 chunknumber 30300 contains 252 sites
	-> Printing at chr: chr1 pos:17773898 chunknumber 30400 contains 294 sites
	-> Printing at chr: chr1 pos:17825643 chunknumber 30500 contains 251 sites
	-> Printing at chr: chr1 pos:17878439 chunknumber 30600 contains 273 sites
	-> Printing at chr: chr1 pos:17931299 chunknumber 30700 contains 252 sites
	-> Printing at chr: chr1 pos:17982885 chunknumber 30800 contains 252 sites
	-> Printing at chr: chr1 pos:18024088 chunknumber 30900 contains 502 sites
	-> Printing at chr: chr1 pos:18080656 chunknumber 31000 contains 270 sites
	-> Printing at chr: chr1 pos:18127009 chunknumber 31100 contains 678 sites
	-> Printing at chr: chr1 pos:18171830 chunknumber 31200 contains 251 sites
	-> Printing at chr: chr1 pos:18223742 chunknumber 31300 contains 258 sites
	-> Printing at chr: chr1 pos:18278877 chunknumber 31400 contains 251 sites
	-> Printing at chr: chr1 pos:18322744 chunknumber 31500 contains 261 sites
	-> Printing at chr: chr1 pos:18391243 chunknumber 31600 contains 252 sites
	-> Printing at chr: chr1 pos:18437613 chunknumber 31700 contains 251 sites
	-> Printing at chr: chr1 pos:18490761 chunknumber 31800 contains 251 sites
	-> Printing at chr: chr1 pos:18540893 chunknumber 31900 contains 1607 sites
	-> Printing at chr: chr1 pos:18597344 chunknumber 32000 contains 254 sites
	-> Printing at chr: chr1 pos:18643525 chunknumber 32100 contains 252 sites
	-> Printing at chr: chr1 pos:18693912 chunknumber 32200 contains 257 sites
	-> Printing at chr: chr1 pos:18735410 chunknumber 32300 contains 269 sites
	-> Printing at chr: chr1 pos:18789962 chunknumber 32400 contains 261 sites
	-> Printing at chr: chr1 pos:18841881 chunknumber 32500 contains 251 sites
	-> Printing at chr: chr1 pos:18890127 chunknumber 32600 contains 256 sites
	-> Printing at chr: chr1 pos:18932455 chunknumber 32700 contains 252 sites
	-> Printing at chr: chr1 pos:18982756 chunknumber 32800 contains 255 sites
	-> Printing at chr: chr1 pos:19027321 chunknumber 32900 contains 2672 sites
	-> Printing at chr: chr1 pos:19078639 chunknumber 33000 contains 1094 sites
	-> Printing at chr: chr1 pos:19124286 chunknumber 33100 contains 833 sites
	-> Printing at chr: chr1 pos:19168063 chunknumber 33200 contains 331 sites
	-> Printing at chr: chr1 pos:19215152 chunknumber 33300 contains 279 sites
	-> Printing at chr: chr1 pos:19258805 chunknumber 33400 contains 266 sites
	-> Printing at chr: chr1 pos:19302060 chunknumber 33500 contains 1312 sites
	-> Printing at chr: chr1 pos:19349114 chunknumber 33600 contains 397 sites
	-> Printing at chr: chr1 pos:19400557 chunknumber 33700 contains 296 sites
	-> Printing at chr: chr1 pos:19464199 chunknumber 33800 contains 262 sites
	-> Printing at chr: chr1 pos:19514555 chunknumber 33900 contains 252 sites
	-> Printing at chr: chr1 pos:19561533 chunknumber 34000 contains 334 sites
	-> Printing at chr: chr1 pos:19606781 chunknumber 34100 contains 253 sites
	-> Printing at chr: chr1 pos:19656645 chunknumber 34200 contains 252 sites
	-> Printing at chr: chr1 pos:19707820 chunknumber 34300 contains 251 sites
	-> Printing at chr: chr1 pos:19764017 chunknumber 34400 contains 253 sites
	-> Printing at chr: chr1 pos:19814593 chunknumber 34500 contains 510 sites
	-> Printing at chr: chr1 pos:19864564 chunknumber 34600 contains 253 sites
	-> Printing at chr: chr1 pos:19918454 chunknumber 34700 contains 251 sites
	-> Printing at chr: chr1 pos:19973934 chunknumber 34800 contains 251 sites
	-> Printing at chr: chr1 pos:20019289 chunknumber 34900 contains 313 sites
	-> Printing at chr: chr1 pos:20063804 chunknumber 35000 contains 251 sites
	-> Printing at chr: chr1 pos:20120046 chunknumber 35100 contains 329 sites
	-> Printing at chr: chr1 pos:20192303 chunknumber 35200 contains 256 sites
	-> Printing at chr: chr1 pos:20261088 chunknumber 35300 contains 251 sites
	-> Printing at chr: chr1 pos:20324276 chunknumber 35400 contains 1942 sites
	-> Printing at chr: chr1 pos:20402362 chunknumber 35500 contains 252 sites
	-> Printing at chr: chr1 pos:20456790 chunknumber 35600 contains 289 sites
	-> Printing at chr: chr1 pos:20506714 chunknumber 35700 contains 625 sites
	-> Printing at chr: chr1 pos:20569515 chunknumber 35800 contains 252 sites
	-> Printing at chr: chr1 pos:20617511 chunknumber 35900 contains 251 sites
	-> Printing at chr: chr1 pos:20690656 chunknumber 36000 contains 256 sites
	-> Printing at chr: chr1 pos:20745662 chunknumber 36100 contains 251 sites
	-> Printing at chr: chr1 pos:20810017 chunknumber 36200 contains 348 sites
	-> Printing at chr: chr1 pos:20867269 chunknumber 36300 contains 252 sites
	-> Printing at chr: chr1 pos:20925963 chunknumber 36400 contains 251 sites
	-> Printing at chr: chr1 pos:20975985 chunknumber 36500 contains 343 sites
	-> Printing at chr: chr1 pos:21031125 chunknumber 36600 contains 252 sites
	-> Printing at chr: chr1 pos:21078529 chunknumber 36700 contains 304 sites
	-> Printing at chr: chr1 pos:21121251 chunknumber 36800 contains 388 sites
	-> Printing at chr: chr1 pos:21172985 chunknumber 36900 contains 251 sites
	-> Printing at chr: chr1 pos:21236299 chunknumber 37000 contains 252 sites
	-> Printing at chr: chr1 pos:21279826 chunknumber 37100 contains 1041 sites
	-> Printing at chr: chr1 pos:21340418 chunknumber 37200 contains 254 sites
	-> Printing at chr: chr1 pos:21384584 chunknumber 37300 contains 255 sites
	-> Printing at chr: chr1 pos:21433903 chunknumber 37400 contains 253 sites
	-> Printing at chr: chr1 pos:21481467 chunknumber 37500 contains 554 sites
	-> Printing at chr: chr1 pos:21532428 chunknumber 37600 contains 254 sites
	-> Printing at chr: chr1 pos:21584839 chunknumber 37700 contains 253 sites
	-> Printing at chr: chr1 pos:21627131 chunknumber 37800 contains 252 sites
	-> Printing at chr: chr1 pos:21673653 chunknumber 37900 contains 251 sites
	-> Printing at chr: chr1 pos:21718540 chunknumber 38000 contains 253 sites
	-> Printing at chr: chr1 pos:21769517 chunknumber 38100 contains 251 sites
	-> Printing at chr: chr1 pos:21812845 chunknumber 38200 contains 334 sites
	-> Printing at chr: chr1 pos:21869811 chunknumber 38300 contains 253 sites
	-> Printing at chr: chr1 pos:21928277 chunknumber 38400 contains 583 sites
	-> Printing at chr: chr1 pos:21977747 chunknumber 38500 contains 402 sites
	-> Printing at chr: chr1 pos:22034028 chunknumber 38600 contains 251 sites
	-> Printing at chr: chr1 pos:22074871 chunknumber 38700 contains 1021 sites
	-> Printing at chr: chr1 pos:22117468 chunknumber 38800 contains 252 sites
	-> Printing at chr: chr1 pos:22159383 chunknumber 38900 contains 260 sites
	-> Printing at chr: chr1 pos:22200927 chunknumber 39000 contains 254 sites
	-> Printing at chr: chr1 pos:22252500 chunknumber 39100 contains 251 sites
	-> Printing at chr: chr1 pos:22308047 chunknumber 39200 contains 439 sites
	-> Printing at chr: chr1 pos:22354157 chunknumber 39300 contains 329 sites
	-> Printing at chr: chr1 pos:22400857 chunknumber 39400 contains 255 sites
	-> Printing at chr: chr1 pos:22455896 chunknumber 39500 contains 251 sites
	-> Printing at chr: chr1 pos:22505553 chunknumber 39600 contains 328 sites
	-> Printing at chr: chr1 pos:22548371 chunknumber 39700 contains 267 sites
	-> Printing at chr: chr1 pos:22601960 chunknumber 39800 contains 251 sites
	-> Printing at chr: chr1 pos:22640800 chunknumber 39900 contains 257 sites
	-> Printing at chr: chr1 pos:22688223 chunknumber 40000 contains 251 sites
	-> Printing at chr: chr1 pos:22733401 chunknumber 40100 contains 252 sites
	-> Printing at chr: chr1 pos:22774757 chunknumber 40200 contains 255 sites
	-> Printing at chr: chr1 pos:22816522 chunknumber 40300 contains 365 sites
	-> Printing at chr: chr1 pos:22866894 chunknumber 40400 contains 251 sites
	-> Printing at chr: chr1 pos:22905926 chunknumber 40500 contains 252 sites
	-> Printing at chr: chr1 pos:22958828 chunknumber 40600 contains 253 sites
	-> Printing at chr: chr1 pos:23006436 chunknumber 40700 contains 2012 sites
	-> Printing at chr: chr1 pos:23049045 chunknumber 40800 contains 252 sites
	-> Printing at chr: chr1 pos:23095630 chunknumber 40900 contains 253 sites
	-> Printing at chr: chr1 pos:23146510 chunknumber 41000 contains 251 sites
	-> Printing at chr: chr1 pos:23191893 chunknumber 41100 contains 274 sites
	-> Printing at chr: chr1 pos:23242127 chunknumber 41200 contains 257 sites
	-> Printing at chr: chr1 pos:23283326 chunknumber 41300 contains 257 sites
	-> Printing at chr: chr1 pos:23341248 chunknumber 41400 contains 253 sites
	-> Printing at chr: chr1 pos:23396909 chunknumber 41500 contains 251 sites
	-> Printing at chr: chr1 pos:23437724 chunknumber 41600 contains 251 sites
	-> Printing at chr: chr1 pos:23490516 chunknumber 41700 contains 253 sites
	-> Printing at chr: chr1 pos:23564623 chunknumber 41800 contains 337 sites
	-> Printing at chr: chr1 pos:23628290 chunknumber 41900 contains 253 sites
	-> Printing at chr: chr1 pos:23708323 chunknumber 42000 contains 268 sites
	-> Printing at chr: chr1 pos:23779561 chunknumber 42100 contains 1560 sites
	-> Printing at chr: chr1 pos:23858044 chunknumber 42200 contains 254 sites
	-> Printing at chr: chr1 pos:23904565 chunknumber 42300 contains 259 sites
	-> Printing at chr: chr1 pos:23967130 chunknumber 42400 contains 882 sites
	-> Printing at chr: chr1 pos:24030828 chunknumber 42500 contains 253 sites
	-> Printing at chr: chr1 pos:24116537 chunknumber 42600 contains 254 sites
	-> Printing at chr: chr1 pos:24184357 chunknumber 42700 contains 252 sites
	-> Printing at chr: chr1 pos:24259319 chunknumber 42800 contains 448 sites
	-> Printing at chr: chr1 pos:24360446 chunknumber 42900 contains 2921 sites
	-> Printing at chr: chr1 pos:24444430 chunknumber 43000 contains 256 sites
	-> Printing at chr: chr1 pos:24543688 chunknumber 43100 contains 251 sites
	-> Printing at chr: chr1 pos:24662523 chunknumber 43200 contains 332 sites
	-> Printing at chr: chr1 pos:24759728 chunknumber 43300 contains 286 sites
	-> Printing at chr: chr1 pos:24820576 chunknumber 43400 contains 254 sites
	-> Printing at chr: chr1 pos:24916064 chunknumber 43500 contains 310 sites
	-> Printing at chr: chr1 pos:24988338 chunknumber 43600 contains 254 sites
	-> Printing at chr: chr1 pos:25041913 chunknumber 43700 contains 253 sites
	-> Printing at chr: chr1 pos:25102052 chunknumber 43800 contains 252 sites
	-> Printing at chr: chr1 pos:25152590 chunknumber 43900 contains 251 sites
	-> Printing at chr: chr1 pos:25206725 chunknumber 44000 contains 413 sites
	-> Printing at chr: chr1 pos:25263434 chunknumber 44100 contains 304 sites
	-> Printing at chr: chr1 pos:25303485 chunknumber 44200 contains 292 sites
	-> Printing at chr: chr1 pos:25352130 chunknumber 44300 contains 251 sites
	-> Printing at chr: chr1 pos:25397550 chunknumber 44400 contains 251 sites
	-> Printing at chr: chr1 pos:25448991 chunknumber 44500 contains 253 sites
	-> Printing at chr: chr1 pos:25499815 chunknumber 44600 contains 254 sites
	-> Printing at chr: chr1 pos:25572295 chunknumber 44700 contains 285 sites
	-> Printing at chr: chr1 pos:25616170 chunknumber 44800 contains 254 sites
	-> Printing at chr: chr1 pos:25662472 chunknumber 44900 contains 252 sites
	-> Printing at chr: chr1 pos:25704446 chunknumber 45000 contains 253 sites
	-> Printing at chr: chr1 pos:25756845 chunknumber 45100 contains 252 sites
	-> Printing at chr: chr1 pos:25814823 chunknumber 45200 contains 915 sites
	-> Printing at chr: chr1 pos:25865918 chunknumber 45300 contains 253 sites
	-> Printing at chr: chr1 pos:25924628 chunknumber 45400 contains 364 sites
	-> Printing at chr: chr1 pos:25967332 chunknumber 45500 contains 610 sites
	-> Printing at chr: chr1 pos:26025175 chunknumber 45600 contains 253 sites
	-> Printing at chr: chr1 pos:26074933 chunknumber 45700 contains 252 sites
	-> Printing at chr: chr1 pos:26144475 chunknumber 45800 contains 252 sites
	-> Printing at chr: chr1 pos:26199252 chunknumber 45900 contains 251 sites
	-> Printing at chr: chr1 pos:26244662 chunknumber 46000 contains 252 sites
	-> Printing at chr: chr1 pos:26284420 chunknumber 46100 contains 445 sites
	-> Printing at chr: chr1 pos:26328609 chunknumber 46200 contains 252 sites
	-> Printing at chr: chr1 pos:26388989 chunknumber 46300 contains 270 sites
	-> Printing at chr: chr1 pos:26429324 chunknumber 46400 contains 1598 sites
	-> Printing at chr: chr1 pos:26479762 chunknumber 46500 contains 251 sites
	-> Printing at chr: chr1 pos:26519294 chunknumber 46600 contains 320 sites
	-> Printing at chr: chr1 pos:26574260 chunknumber 46700 contains 253 sites
	-> Printing at chr: chr1 pos:26619237 chunknumber 46800 contains 251 sites
	-> Printing at chr: chr1 pos:26662044 chunknumber 46900 contains 251 sites
	-> Printing at chr: chr1 pos:26720240 chunknumber 47000 contains 251 sites
	-> Printing at chr: chr1 pos:26781628 chunknumber 47100 contains 253 sites
	-> Printing at chr: chr1 pos:26833262 chunknumber 47200 contains 252 sites
	-> Printing at chr: chr1 pos:26879392 chunknumber 47300 contains 260 sites
	-> Printing at chr: chr1 pos:26923248 chunknumber 47400 contains 252 sites
	-> Printing at chr: chr1 pos:26978675 chunknumber 47500 contains 1823 sites
	-> Printing at chr: chr1 pos:27034561 chunknumber 47600 contains 251 sites
	-> Printing at chr: chr1 pos:27081314 chunknumber 47700 contains 1572 sites
	-> Printing at chr: chr1 pos:27136252 chunknumber 47800 contains 253 sites
	-> Printing at chr: chr1 pos:27175912 chunknumber 47900 contains 251 sites
	-> Printing at chr: chr1 pos:27215572 chunknumber 48000 contains 251 sites
	-> Printing at chr: chr1 pos:27262654 chunknumber 48100 contains 253 sites
	-> Printing at chr: chr1 pos:27309869 chunknumber 48200 contains 267 sites
	-> Printing at chr: chr1 pos:27354399 chunknumber 48300 contains 319 sites
	-> Printing at chr: chr1 pos:27397871 chunknumber 48400 contains 251 sites
	-> Printing at chr: chr1 pos:27447044 chunknumber 48500 contains 251 sites
	-> Printing at chr: chr1 pos:27497572 chunknumber 48600 contains 1023 sites
	-> Printing at chr: chr1 pos:27551974 chunknumber 48700 contains 261 sites
	-> Printing at chr: chr1 pos:27607600 chunknumber 48800 contains 654 sites
	-> Printing at chr: chr1 pos:27659514 chunknumber 48900 contains 251 sites
	-> Printing at chr: chr1 pos:27745697 chunknumber 49000 contains 853 sites
	-> Printing at chr: chr1 pos:27824593 chunknumber 49100 contains 253 sites
	-> Printing at chr: chr1 pos:27885608 chunknumber 49200 contains 960 sites
	-> Printing at chr: chr1 pos:27991000 chunknumber 49300 contains 251 sites
	-> Printing at chr: chr1 pos:28059913 chunknumber 49400 contains 2310 sites
	-> Printing at chr: chr1 pos:28164000 chunknumber 49500 contains 293 sites
	-> Printing at chr: chr1 pos:28261760 chunknumber 49600 contains 607 sites
	-> Printing at chr: chr1 pos:28348131 chunknumber 49700 contains 3506 sites
	-> Printing at chr: chr1 pos:28413095 chunknumber 49800 contains 253 sites
	-> Printing at chr: chr1 pos:28525510 chunknumber 49900 contains 3298 sites
	-> Printing at chr: chr1 pos:28615085 chunknumber 50000 contains 255 sites
	-> Printing at chr: chr1 pos:28708813 chunknumber 50100 contains 379 sites
	-> Printing at chr: chr1 pos:28811350 chunknumber 50200 contains 258 sites
	-> Printing at chr: chr1 pos:28890688 chunknumber 50300 contains 255 sites
	-> Printing at chr: chr1 pos:29019115 chunknumber 50400 contains 4101 sites
	-> Printing at chr: chr1 pos:29185872 chunknumber 50500 contains 1952 sites
	-> Printing at chr: chr1 pos:29299843 chunknumber 50600 contains 257 sites
	-> Printing at chr: chr1 pos:29426904 chunknumber 50700 contains 3554 sites
	-> Printing at chr: chr1 pos:29531620 chunknumber 50800 contains 284 sites
	-> Printing at chr: chr1 pos:29626046 chunknumber 50900 contains 252 sites

	-> Allocated ~ 10 million nodes to the nodepool, this is not an estimate of the memory usage
	-> Printing at chr: chr1 pos:29699728 chunknumber 51000 contains 251 sites
	-> Printing at chr: chr1 pos:29767240 chunknumber 51100 contains 252 sites
	-> Printing at chr: chr1 pos:29852071 chunknumber 51200 contains 251 sites
	-> Printing at chr: chr1 pos:29932239 chunknumber 51300 contains 252 sites
	-> Printing at chr: chr1 pos:30014881 chunknumber 51400 contains 635 sites
	-> Printing at chr: chr1 pos:30104935 chunknumber 51500 contains 252 sites
	-> Printing at chr: chr1 pos:30227743 chunknumber 51600 contains 259 sites
	-> Printing at chr: chr1 pos:30328048 chunknumber 51700 contains 253 sites
	-> Printing at chr: chr1 pos:30452907 chunknumber 51800 contains 284 sites
	-> Printing at chr: chr1 pos:30555082 chunknumber 51900 contains 754 sites
	-> Printing at chr: chr1 pos:30658253 chunknumber 52000 contains 253 sites
	-> Printing at chr: chr1 pos:30755833 chunknumber 52100 contains 254 sites
	-> Printing at chr: chr1 pos:30859949 chunknumber 52200 contains 339 sites
	-> Printing at chr: chr1 pos:30966295 chunknumber 52300 contains 254 sites
	-> Printing at chr: chr1 pos:31097445 chunknumber 52400 contains 251 sites
	-> Printing at chr: chr1 pos:31183404 chunknumber 52500 contains 356 sites
	-> Printing at chr: chr1 pos:31246055 chunknumber 52600 contains 257 sites
	-> Printing at chr: chr1 pos:31348766 chunknumber 52700 contains 267 sites
	-> Printing at chr: chr1 pos:31417420 chunknumber 52800 contains 494 sites
	-> Printing at chr: chr1 pos:31468635 chunknumber 52900 contains 258 sites
	-> Printing at chr: chr1 pos:31523032 chunknumber 53000 contains 274 sites
	-> Printing at chr: chr1 pos:31601442 chunknumber 53100 contains 251 sites
	-> Printing at chr: chr1 pos:31679497 chunknumber 53200 contains 269 sites
	-> Printing at chr: chr1 pos:31744875 chunknumber 53300 contains 515 sites
	-> Printing at chr: chr1 pos:31795508 chunknumber 53400 contains 251 sites
	-> Printing at chr: chr1 pos:31845283 chunknumber 53500 contains 255 sites
	-> Printing at chr: chr1 pos:31907122 chunknumber 53600 contains 252 sites
	-> Printing at chr: chr1 pos:31998440 chunknumber 53700 contains 258 sites
	-> Printing at chr: chr1 pos:32086195 chunknumber 53800 contains 394 sites
	-> Printing at chr: chr1 pos:32172341 chunknumber 53900 contains 251 sites
	-> Printing at chr: chr1 pos:32238686 chunknumber 54000 contains 1147 sites
	-> Printing at chr: chr1 pos:32298656 chunknumber 54100 contains 251 sites
	-> Printing at chr: chr1 pos:32362171 chunknumber 54200 contains 269 sites
	-> Printing at chr: chr1 pos:32420989 chunknumber 54300 contains 252 sites
	-> Printing at chr: chr1 pos:32485709 chunknumber 54400 contains 251 sites
	-> Printing at chr: chr1 pos:32535309 chunknumber 54500 contains 1230 sites
	-> Printing at chr: chr1 pos:32591157 chunknumber 54600 contains 346 sites
	-> Printing at chr: chr1 pos:32658970 chunknumber 54700 contains 280 sites
	-> Printing at chr: chr1 pos:32767292 chunknumber 54800 contains 538 sites
	-> Printing at chr: chr1 pos:32844838 chunknumber 54900 contains 672 sites
	-> Printing at chr: chr1 pos:32917430 chunknumber 55000 contains 251 sites
	-> Printing at chr: chr1 pos:33006658 chunknumber 55100 contains 920 sites
	-> Printing at chr: chr1 pos:33067734 chunknumber 55200 contains 251 sites
	-> Printing at chr: chr1 pos:33116864 chunknumber 55300 contains 251 sites
	-> Printing at chr: chr1 pos:33208640 chunknumber 55400 contains 432 sites
	-> Printing at chr: chr1 pos:33291786 chunknumber 55500 contains 254 sites
	-> Printing at chr: chr1 pos:33373220 chunknumber 55600 contains 251 sites
	-> Printing at chr: chr1 pos:33499354 chunknumber 55700 contains 251 sites
	-> Printing at chr: chr1 pos:33577458 chunknumber 55800 contains 251 sites
	-> Printing at chr: chr1 pos:33658508 chunknumber 55900 contains 252 sites
	-> Printing at chr: chr1 pos:33724910 chunknumber 56000 contains 253 sites
	-> Printing at chr: chr1 pos:33804904 chunknumber 56100 contains 251 sites
	-> Printing at chr: chr1 pos:33891739 chunknumber 56200 contains 252 sites
	-> Printing at chr: chr1 pos:33973566 chunknumber 56300 contains 251 sites
	-> Printing at chr: chr1 pos:34032763 chunknumber 56400 contains 252 sites
	-> Printing at chr: chr1 pos:34095798 chunknumber 56500 contains 253 sites
	-> Printing at chr: chr1 pos:34241115 chunknumber 56600 contains 879 sites
	-> Printing at chr: chr1 pos:34298208 chunknumber 56700 contains 253 sites
	-> Printing at chr: chr1 pos:34354984 chunknumber 56800 contains 251 sites
	-> Printing at chr: chr1 pos:34393887 chunknumber 56900 contains 252 sites
	-> Printing at chr: chr1 pos:34436062 chunknumber 57000 contains 251 sites
	-> Printing at chr: chr1 pos:34488160 chunknumber 57100 contains 525 sites
	-> Printing at chr: chr1 pos:34530838 chunknumber 57200 contains 748 sites
	-> Printing at chr: chr1 pos:34580926 chunknumber 57300 contains 572 sites
	-> Printing at chr: chr1 pos:34629858 chunknumber 57400 contains 251 sites
	-> Printing at chr: chr1 pos:34671548 chunknumber 57500 contains 251 sites
	-> Printing at chr: chr1 pos:34728332 chunknumber 57600 contains 282 sites
	-> Printing at chr: chr1 pos:34791365 chunknumber 57700 contains 288 sites
	-> Printing at chr: chr1 pos:34831659 chunknumber 57800 contains 255 sites
	-> Printing at chr: chr1 pos:34866320 chunknumber 57900 contains 253 sites
	-> Printing at chr: chr1 pos:34907243 chunknumber 58000 contains 254 sites
	-> Printing at chr: chr1 pos:34955485 chunknumber 58100 contains 251 sites
	-> Printing at chr: chr1 pos:35014681 chunknumber 58200 contains 251 sites
	-> Printing at chr: chr1 pos:35052930 chunknumber 58300 contains 282 sites
	-> Printing at chr: chr1 pos:35097254 chunknumber 58400 contains 253 sites
	-> Printing at chr: chr1 pos:35145620 chunknumber 58500 contains 251 sites
	-> Printing at chr: chr1 pos:35183973 chunknumber 58600 contains 251 sites
	-> Printing at chr: chr1 pos:35232725 chunknumber 58700 contains 279 sites
	-> Printing at chr: chr1 pos:35279611 chunknumber 58800 contains 922 sites
	-> Printing at chr: chr1 pos:35326552 chunknumber 58900 contains 419 sites
	-> Printing at chr: chr1 pos:35375947 chunknumber 59000 contains 256 sites
	-> Printing at chr: chr1 pos:35415870 chunknumber 59100 contains 253 sites
	-> Printing at chr: chr1 pos:35462309 chunknumber 59200 contains 1937 sites
	-> Printing at chr: chr1 pos:35507509 chunknumber 59300 contains 254 sites
	-> Printing at chr: chr1 pos:35557467 chunknumber 59400 contains 255 sites
	-> Printing at chr: chr1 pos:35601282 chunknumber 59500 contains 626 sites
	-> Printing at chr: chr1 pos:35646251 chunknumber 59600 contains 406 sites
	-> Printing at chr: chr1 pos:35686039 chunknumber 59700 contains 262 sites
	-> Printing at chr: chr1 pos:35737298 chunknumber 59800 contains 256 sites
	-> Printing at chr: chr1 pos:35781879 chunknumber 59900 contains 331 sites
	-> Printing at chr: chr1 pos:35836504 chunknumber 60000 contains 392 sites
	-> Printing at chr: chr1 pos:35887887 chunknumber 60100 contains 256 sites
	-> Printing at chr: chr1 pos:35935524 chunknumber 60200 contains 800 sites
	-> Printing at chr: chr1 pos:35975041 chunknumber 60300 contains 253 sites
	-> Printing at chr: chr1 pos:36027256 chunknumber 60400 contains 261 sites
	-> Printing at chr: chr1 pos:36079537 chunknumber 60500 contains 374 sites
	-> Printing at chr: chr1 pos:36120632 chunknumber 60600 contains 346 sites
	-> Printing at chr: chr1 pos:36174078 chunknumber 60700 contains 256 sites
	-> Printing at chr: chr1 pos:36214370 chunknumber 60800 contains 251 sites
	-> Printing at chr: chr1 pos:36256582 chunknumber 60900 contains 254 sites
	-> Printing at chr: chr1 pos:36303216 chunknumber 61000 contains 262 sites
	-> Printing at chr: chr1 pos:36349890 chunknumber 61100 contains 251 sites
	-> Printing at chr: chr1 pos:36398221 chunknumber 61200 contains 251 sites
	-> Printing at chr: chr1 pos:36439048 chunknumber 61300 contains 254 sites
	-> Printing at chr: chr1 pos:36481129 chunknumber 61400 contains 255 sites
	-> Printing at chr: chr1 pos:36522632 chunknumber 61500 contains 265 sites
	-> Printing at chr: chr1 pos:36564147 chunknumber 61600 contains 261 sites
	-> Printing at chr: chr1 pos:36598409 chunknumber 61700 contains 251 sites
	-> Printing at chr: chr1 pos:36648251 chunknumber 61800 contains 501 sites
	-> Printing at chr: chr1 pos:36694161 chunknumber 61900 contains 251 sites
	-> Printing at chr: chr1 pos:36750319 chunknumber 62000 contains 602 sites
	-> Printing at chr: chr1 pos:36797496 chunknumber 62100 contains 271 sites
	-> Printing at chr: chr1 pos:36868149 chunknumber 62200 contains 261 sites
	-> Printing at chr: chr1 pos:36924853 chunknumber 62300 contains 403 sites
	-> Printing at chr: chr1 pos:36972456 chunknumber 62400 contains 762 sites
	-> Printing at chr: chr1 pos:37021758 chunknumber 62500 contains 153 sites
	-> Printing at chr: chr1 pos:37059602 chunknumber 62600 contains 256 sites
	-> Printing at chr: chr1 pos:37098782 chunknumber 62700 contains 283 sites
	-> Printing at chr: chr1 pos:37136381 chunknumber 62800 contains 295 sites
	-> Printing at chr: chr1 pos:37177035 chunknumber 62900 contains 266 sites
	-> Printing at chr: chr1 pos:37238495 chunknumber 63000 contains 253 sites
	-> Printing at chr: chr1 pos:37278923 chunknumber 63100 contains 256 sites
	-> Printing at chr: chr1 pos:37327563 chunknumber 63200 contains 260 sites
	-> Printing at chr: chr1 pos:37372227 chunknumber 63300 contains 252 sites
	-> Printing at chr: chr1 pos:37412305 chunknumber 63400 contains 258 sites
	-> Printing at chr: chr1 pos:37448801 chunknumber 63500 contains 359 sites
	-> Printing at chr: chr1 pos:37495373 chunknumber 63600 contains 425 sites
	-> Printing at chr: chr1 pos:37535695 chunknumber 63700 contains 252 sites
	-> Printing at chr: chr1 pos:37573988 chunknumber 63800 contains 293 sites
	-> Printing at chr: chr1 pos:37617011 chunknumber 63900 contains 318 sites
	-> Printing at chr: chr1 pos:37664679 chunknumber 64000 contains 251 sites
	-> Printing at chr: chr1 pos:37712788 chunknumber 64100 contains 256 sites
	-> Printing at chr: chr1 pos:37761215 chunknumber 64200 contains 356 sites
	-> Printing at chr: chr1 pos:37814553 chunknumber 64300 contains 372 sites
	-> Printing at chr: chr1 pos:37861247 chunknumber 64400 contains 443 sites
	-> Printing at chr: chr1 pos:37915507 chunknumber 64500 contains 254 sites
	-> Printing at chr: chr1 pos:37981630 chunknumber 64600 contains 253 sites
	-> Printing at chr: chr1 pos:38023244 chunknumber 64700 contains 251 sites
	-> Printing at chr: chr1 pos:38072346 chunknumber 64800 contains 253 sites
	-> Printing at chr: chr1 pos:38114537 chunknumber 64900 contains 257 sites
	-> Printing at chr: chr1 pos:38161045 chunknumber 65000 contains 252 sites
	-> Printing at chr: chr1 pos:38204547 chunknumber 65100 contains 701 sites
	-> Printing at chr: chr1 pos:38248640 chunknumber 65200 contains 265 sites
	-> Printing at chr: chr1 pos:38300256 chunknumber 65300 contains 251 sites
	-> Printing at chr: chr1 pos:38345761 chunknumber 65400 contains 251 sites
	-> Printing at chr: chr1 pos:38383459 chunknumber 65500 contains 251 sites
	-> Printing at chr: chr1 pos:38426581 chunknumber 65600 contains 545 sites
	-> Printing at chr: chr1 pos:38475589 chunknumber 65700 contains 252 sites
	-> Printing at chr: chr1 pos:38518738 chunknumber 65800 contains 251 sites
	-> Printing at chr: chr1 pos:38560587 chunknumber 65900 contains 251 sites
	-> Printing at chr: chr1 pos:38609423 chunknumber 66000 contains 253 sites
	-> Printing at chr: chr1 pos:38647175 chunknumber 66100 contains 368 sites
	-> Printing at chr: chr1 pos:38698440 chunknumber 66200 contains 251 sites
	-> Printing at chr: chr1 pos:38736835 chunknumber 66300 contains 252 sites
	-> Printing at chr: chr1 pos:38780042 chunknumber 66400 contains 251 sites
	-> Printing at chr: chr1 pos:38825971 chunknumber 66500 contains 251 sites
	-> Printing at chr: chr1 pos:38883700 chunknumber 66600 contains 251 sites
	-> Printing at chr: chr1 pos:38931587 chunknumber 66700 contains 257 sites
	-> Printing at chr: chr1 pos:38985209 chunknumber 66800 contains 251 sites
	-> Printing at chr: chr1 pos:39032722 chunknumber 66900 contains 469 sites
	-> Printing at chr: chr1 pos:39090694 chunknumber 67000 contains 436 sites
	-> Printing at chr: chr1 pos:39149675 chunknumber 67100 contains 261 sites
	-> Printing at chr: chr1 pos:39198066 chunknumber 67200 contains 256 sites
	-> Printing at chr: chr1 pos:39246002 chunknumber 67300 contains 256 sites
	-> Printing at chr: chr1 pos:39288084 chunknumber 67400 contains 256 sites
	-> Printing at chr: chr1 pos:39332011 chunknumber 67500 contains 252 sites
	-> Printing at chr: chr1 pos:39376375 chunknumber 67600 contains 253 sites
	-> Printing at chr: chr1 pos:39408334 chunknumber 67700 contains 251 sites
	-> Printing at chr: chr1 pos:39451203 chunknumber 67800 contains 1299 sites
	-> Printing at chr: chr1 pos:39506922 chunknumber 67900 contains 491 sites
	-> Printing at chr: chr1 pos:39550985 chunknumber 68000 contains 251 sites
	-> Printing at chr: chr1 pos:39598627 chunknumber 68100 contains 259 sites
	-> Printing at chr: chr1 pos:39641319 chunknumber 68200 contains 254 sites
	-> Printing at chr: chr1 pos:39687019 chunknumber 68300 contains 295 sites
	-> Printing at chr: chr1 pos:39730008 chunknumber 68400 contains 254 sites
	-> Printing at chr: chr1 pos:39782001 chunknumber 68500 contains 922 sites
	-> Printing at chr: chr1 pos:39827191 chunknumber 68600 contains 254 sites
	-> Printing at chr: chr1 pos:39866824 chunknumber 68700 contains 253 sites
	-> Printing at chr: chr1 pos:39913422 chunknumber 68800 contains 261 sites
	-> Printing at chr: chr1 pos:39952848 chunknumber 68900 contains 960 sites
	-> Printing at chr: chr1 pos:40002143 chunknumber 69000 contains 315 sites
	-> Printing at chr: chr1 pos:40044052 chunknumber 69100 contains 262 sites
	-> Printing at chr: chr1 pos:40092036 chunknumber 69200 contains 251 sites
	-> Printing at chr: chr1 pos:40137053 chunknumber 69300 contains 365 sites
	-> Printing at chr: chr1 pos:40188784 chunknumber 69400 contains 253 sites
	-> Printing at chr: chr1 pos:40242968 chunknumber 69500 contains 252 sites
	-> Printing at chr: chr1 pos:40293374 chunknumber 69600 contains 254 sites
	-> Printing at chr: chr1 pos:40342608 chunknumber 69700 contains 257 sites
	-> Printing at chr: chr1 pos:40389317 chunknumber 69800 contains 725 sites
	-> Printing at chr: chr1 pos:40448513 chunknumber 69900 contains 555 sites
	-> Printing at chr: chr1 pos:40518794 chunknumber 70000 contains 285 sites
	-> Printing at chr: chr1 pos:40566642 chunknumber 70100 contains 252 sites
	-> Printing at chr: chr1 pos:40608274 chunknumber 70200 contains 252 sites
	-> Printing at chr: chr1 pos:40644175 chunknumber 70300 contains 253 sites
	-> Printing at chr: chr1 pos:40692849 chunknumber 70400 contains 251 sites
	-> Printing at chr: chr1 pos:40739228 chunknumber 70500 contains 254 sites
	-> Printing at chr: chr1 pos:40777299 chunknumber 70600 contains 251 sites
	-> Printing at chr: chr1 pos:40823664 chunknumber 70700 contains 251 sites
	-> Printing at chr: chr1 pos:40864924 chunknumber 70800 contains 253 sites
	-> Printing at chr: chr1 pos:40917659 chunknumber 70900 contains 251 sites
	-> Printing at chr: chr1 pos:40966743 chunknumber 71000 contains 789 sites
	-> Printing at chr: chr1 pos:41010276 chunknumber 71100 contains 251 sites
	-> Printing at chr: chr1 pos:41048537 chunknumber 71200 contains 251 sites
	-> Printing at chr: chr1 pos:41093423 chunknumber 71300 contains 406 sites
	-> Printing at chr: chr1 pos:41149128 chunknumber 71400 contains 298 sites
	-> Printing at chr: chr1 pos:41190843 chunknumber 71500 contains 251 sites
	-> Printing at chr: chr1 pos:41236232 chunknumber 71600 contains 255 sites
	-> Printing at chr: chr1 pos:41284715 chunknumber 71700 contains 540 sites
	-> Printing at chr: chr1 pos:41328958 chunknumber 71800 contains 252 sites
	-> Printing at chr: chr1 pos:41379450 chunknumber 71900 contains 251 sites
	-> Printing at chr: chr1 pos:41420352 chunknumber 72000 contains 252 sites
	-> Printing at chr: chr1 pos:41454543 chunknumber 72100 contains 251 sites
	-> Printing at chr: chr1 pos:41494978 chunknumber 72200 contains 653 sites
	-> Printing at chr: chr1 pos:41532471 chunknumber 72300 contains 316 sites
	-> Printing at chr: chr1 pos:41568159 chunknumber 72400 contains 367 sites
	-> Printing at chr: chr1 pos:41621751 chunknumber 72500 contains 293 sites
	-> Printing at chr: chr1 pos:41667467 chunknumber 72600 contains 860 sites
	-> Printing at chr: chr1 pos:41707515 chunknumber 72700 contains 253 sites
	-> Printing at chr: chr1 pos:41756019 chunknumber 72800 contains 252 sites
	-> Printing at chr: chr1 pos:41815391 chunknumber 72900 contains 1445 sites
	-> Printing at chr: chr1 pos:41865170 chunknumber 73000 contains 251 sites
	-> Printing at chr: chr1 pos:41913261 chunknumber 73100 contains 251 sites
	-> Printing at chr: chr1 pos:41956053 chunknumber 73200 contains 252 sites
	-> Printing at chr: chr1 pos:42008599 chunknumber 73300 contains 1522 sites
	-> Printing at chr: chr1 pos:42060165 chunknumber 73400 contains 259 sites
	-> Printing at chr: chr1 pos:42105779 chunknumber 73500 contains 893 sites
	-> Printing at chr: chr1 pos:42144184 chunknumber 73600 contains 257 sites
	-> Printing at chr: chr1 pos:42201770 chunknumber 73700 contains 258 sites
	-> Printing at chr: chr1 pos:42251799 chunknumber 73800 contains 407 sites
	-> Printing at chr: chr1 pos:42304130 chunknumber 73900 contains 252 sites
	-> Printing at chr: chr1 pos:42370561 chunknumber 74000 contains 251 sites
	-> Printing at chr: chr1 pos:42427953 chunknumber 74100 contains 251 sites
	-> Printing at chr: chr1 pos:42468104 chunknumber 74200 contains 655 sites
	-> Printing at chr: chr1 pos:42515988 chunknumber 74300 contains 252 sites
	-> Printing at chr: chr1 pos:42560798 chunknumber 74400 contains 257 sites
	-> Printing at chr: chr1 pos:42601285 chunknumber 74500 contains 593 sites
	-> Printing at chr: chr1 pos:42650533 chunknumber 74600 contains 253 sites
	-> Printing at chr: chr1 pos:42703788 chunknumber 74700 contains 139 sites
	-> Printing at chr: chr1 pos:42757625 chunknumber 74800 contains 257 sites
	-> Printing at chr: chr1 pos:42804348 chunknumber 74900 contains 323 sites
	-> Printing at chr: chr1 pos:42854255 chunknumber 75000 contains 215 sites
	-> Printing at chr: chr1 pos:42905893 chunknumber 75100 contains 2069 sites
	-> Printing at chr: chr1 pos:42947484 chunknumber 75200 contains 263 sites
	-> Printing at chr: chr1 pos:42992442 chunknumber 75300 contains 251 sites
	-> Printing at chr: chr1 pos:43035634 chunknumber 75400 contains 263 sites
	-> Printing at chr: chr1 pos:43074450 chunknumber 75500 contains 477 sites
	-> Printing at chr: chr1 pos:43131137 chunknumber 75600 contains 439 sites
	-> Printing at chr: chr1 pos:43185191 chunknumber 75700 contains 256 sites
	-> Printing at chr: chr1 pos:43224160 chunknumber 75800 contains 274 sites
	-> Printing at chr: chr1 pos:43271424 chunknumber 75900 contains 276 sites
	-> Printing at chr: chr1 pos:43320252 chunknumber 76000 contains 251 sites
	-> Printing at chr: chr1 pos:43365950 chunknumber 76100 contains 320 sites
	-> Printing at chr: chr1 pos:43410068 chunknumber 76200 contains 251 sites
	-> Printing at chr: chr1 pos:43454240 chunknumber 76300 contains 257 sites
	-> Printing at chr: chr1 pos:43502650 chunknumber 76400 contains 251 sites
	-> Printing at chr: chr1 pos:43548222 chunknumber 76500 contains 252 sites
	-> Printing at chr: chr1 pos:43595991 chunknumber 76600 contains 254 sites
	-> Printing at chr: chr1 pos:43653549 chunknumber 76700 contains 377 sites
	-> Printing at chr: chr1 pos:43699247 chunknumber 76800 contains 252 sites
	-> Printing at chr: chr1 pos:43735979 chunknumber 76900 contains 262 sites
	-> Printing at chr: chr1 pos:43793522 chunknumber 77000 contains 297 sites
	-> Printing at chr: chr1 pos:43849783 chunknumber 77100 contains 1015 sites
	-> Printing at chr: chr1 pos:43894342 chunknumber 77200 contains 251 sites
	-> Printing at chr: chr1 pos:43939391 chunknumber 77300 contains 252 sites
	-> Printing at chr: chr1 pos:43990016 chunknumber 77400 contains 1218 sites
	-> Printing at chr: chr1 pos:44044192 chunknumber 77500 contains 253 sites
	-> Printing at chr: chr1 pos:44098614 chunknumber 77600 contains 254 sites
	-> Printing at chr: chr1 pos:44146724 chunknumber 77700 contains 258 sites
	-> Printing at chr: chr1 pos:44199301 chunknumber 77800 contains 252 sites
	-> Printing at chr: chr1 pos:44242475 chunknumber 77900 contains 259 sites
	-> Printing at chr: chr1 pos:44314298 chunknumber 78000 contains 256 sites
	-> Printing at chr: chr1 pos:44374702 chunknumber 78100 contains 300 sites
	-> Printing at chr: chr1 pos:44436155 chunknumber 78200 contains 258 sites
	-> Printing at chr: chr1 pos:44514026 chunknumber 78300 contains 251 sites
	-> Printing at chr: chr1 pos:44560240 chunknumber 78400 contains 253 sites
	-> Printing at chr: chr1 pos:44606963 chunknumber 78500 contains 251 sites
	-> Printing at chr: chr1 pos:44653893 chunknumber 78600 contains 354 sites
	-> Printing at chr: chr1 pos:44705078 chunknumber 78700 contains 254 sites
	-> Printing at chr: chr1 pos:44743229 chunknumber 78800 contains 259 sites
	-> Printing at chr: chr1 pos:44788106 chunknumber 78900 contains 255 sites
	-> Printing at chr: chr1 pos:44841376 chunknumber 79000 contains 1849 sites
	-> Printing at chr: chr1 pos:44893903 chunknumber 79100 contains 253 sites
	-> Printing at chr: chr1 pos:44945201 chunknumber 79200 contains 805 sites
	-> Printing at chr: chr1 pos:44987935 chunknumber 79300 contains 1583 sites
	-> Printing at chr: chr1 pos:45034961 chunknumber 79400 contains 252 sites
	-> Printing at chr: chr1 pos:45087027 chunknumber 79500 contains 291 sites
	-> Printing at chr: chr1 pos:45141539 chunknumber 79600 contains 758 sites
	-> Printing at chr: chr1 pos:45192873 chunknumber 79700 contains 251 sites
	-> Printing at chr: chr1 pos:45234835 chunknumber 79800 contains 281 sites
	-> Printing at chr: chr1 pos:45272481 chunknumber 79900 contains 253 sites
	-> Printing at chr: chr1 pos:45324693 chunknumber 80000 contains 495 sites
	-> Printing at chr: chr1 pos:45372678 chunknumber 80100 contains 252 sites
	-> Printing at chr: chr1 pos:45427795 chunknumber 80200 contains 251 sites
	-> Printing at chr: chr1 pos:45462156 chunknumber 80300 contains 257 sites
	-> Printing at chr: chr1 pos:45519250 chunknumber 80400 contains 266 sites
	-> Printing at chr: chr1 pos:45560478 chunknumber 80500 contains 251 sites
	-> Printing at chr: chr1 pos:45606196 chunknumber 80600 contains 292 sites
	-> Printing at chr: chr1 pos:45644397 chunknumber 80700 contains 505 sites
	-> Printing at chr: chr1 pos:45688198 chunknumber 80800 contains 253 sites
	-> Printing at chr: chr1 pos:45732074 chunknumber 80900 contains 349 sites
	-> Printing at chr: chr1 pos:45774287 chunknumber 81000 contains 986 sites
	-> Printing at chr: chr1 pos:45821068 chunknumber 81100 contains 253 sites
	-> Printing at chr: chr1 pos:45875183 chunknumber 81200 contains 325 sites
	-> Printing at chr: chr1 pos:45927814 chunknumber 81300 contains 252 sites
	-> Printing at chr: chr1 pos:45976861 chunknumber 81400 contains 251 sites
	-> Printing at chr: chr1 pos:46032908 chunknumber 81500 contains 2290 sites
	-> Printing at chr: chr1 pos:46091784 chunknumber 81600 contains 251 sites
	-> Printing at chr: chr1 pos:46153936 chunknumber 81700 contains 307 sites
	-> Printing at chr: chr1 pos:46195896 chunknumber 81800 contains 448 sites
	-> Printing at chr: chr1 pos:46245409 chunknumber 81900 contains 807 sites
	-> Printing at chr: chr1 pos:46283219 chunknumber 82000 contains 546 sites
	-> Printing at chr: chr1 pos:46328036 chunknumber 82100 contains 251 sites
	-> Printing at chr: chr1 pos:46372089 chunknumber 82200 contains 987 sites
	-> Printing at chr: chr1 pos:46421770 chunknumber 82300 contains 252 sites
	-> Printing at chr: chr1 pos:46471281 chunknumber 82400 contains 255 sites
	-> Printing at chr: chr1 pos:46512285 chunknumber 82500 contains 251 sites
	-> Printing at chr: chr1 pos:46564744 chunknumber 82600 contains 259 sites
	-> Printing at chr: chr1 pos:46627314 chunknumber 82700 contains 437 sites
	-> Printing at chr: chr1 pos:46682067 chunknumber 82800 contains 387 sites
	-> Printing at chr: chr1 pos:46746999 chunknumber 82900 contains 251 sites
	-> Printing at chr: chr1 pos:46801355 chunknumber 83000 contains 252 sites
	-> Printing at chr: chr1 pos:46868494 chunknumber 83100 contains 277 sites
	-> Printing at chr: chr1 pos:46919679 chunknumber 83200 contains 1142 sites
	-> Printing at chr: chr1 pos:46961110 chunknumber 83300 contains 252 sites
	-> Printing at chr: chr1 pos:47009958 chunknumber 83400 contains 253 sites
	-> Printing at chr: chr1 pos:47047571 chunknumber 83500 contains 1122 sites
	-> Printing at chr: chr1 pos:47096844 chunknumber 83600 contains 251 sites
	-> Printing at chr: chr1 pos:47145398 chunknumber 83700 contains 253 sites
	-> Printing at chr: chr1 pos:47194707 chunknumber 83800 contains 258 sites
	-> Printing at chr: chr1 pos:47250975 chunknumber 83900 contains 299 sites
	-> Printing at chr: chr1 pos:47293369 chunknumber 84000 contains 252 sites
	-> Printing at chr: chr1 pos:47328207 chunknumber 84100 contains 740 sites
	-> Printing at chr: chr1 pos:47372795 chunknumber 84200 contains 259 sites
	-> Printing at chr: chr1 pos:47430046 chunknumber 84300 contains 251 sites

	-> Done reading data waiting for calculations to finish
	-> Done waiting for threads
	-> Output filenames:
		->"../03.output/saf_SLO.arg"
		->"../03.output/saf_SLO.mafs.gz"
		->"../03.output/saf_SLO.saf.gz"
		->"../03.output/saf_SLO.saf.pos.gz"
		->"../03.output/saf_SLO.saf.idx"
	-> Sat Mar 27 12:01:05 2021
	-> Arguments and parameters for all analysis are located in .arg file
	-> Total number of sites analyzed: 37098001
	-> Number of sites retained after filtering: 15408414 
	[ALL done] cpu-time used =  7618.22 sec
	[ALL done] walltime used =  7652.00 sec
