	-> Dumping file: /dss/dsshome1/lxc07/ru87mis2/scratch/ngsAdmix_ru87mis2/ngsAdmix_22290.REP_01.log
	-> Dumping file: /dss/dsshome1/lxc07/ru87mis2/scratch/ngsAdmix_ru87mis2/ngsAdmix_22290.REP_01.filter
Input: lname=../01.input/new.beagle.gz nPop=4, fname=(null) qname=(null) outfiles=/dss/dsshome1/lxc07/ru87mis2/scratch/ngsAdmix_ru87mis2/ngsAdmix_22290.REP_01
Setup: seed=1612788712 nThreads=4 method=1
Convergence: maxIter=2000 tol=0.000010 tolLike50=0.100000 dymBound=0
Filters: misTol=0.050000 minMaf=0.050000 minLrt=0.000000 minInd=0
Input file has dim: nsites=1985561 nind=55
Input file has dim (AFTER filtering): nsites=708874 nind=55
iter[start] like is=54618466.501641
iter[50] like is=-15442796.961379 thres=0.001540
iter[100] like is=-15403793.347437 thres=0.001108
iter[150] like is=-15403084.211007 thres=0.000170
iter[200] like is=-15403055.139485 thres=0.000030
iter[250] like is=-15403052.623477 thres=0.000007
iter[300] like is=-15403052.496915 thres=0.000028
EM accelerated Thread has reached convergence with tol 0.000010
best like=-15403052.485869 after 330 iterations
	-> Dumping file: /dss/dsshome1/lxc07/ru87mis2/scratch/ngsAdmix_ru87mis2/ngsAdmix_22290.REP_01.qopt
	-> Dumping file: /dss/dsshome1/lxc07/ru87mis2/scratch/ngsAdmix_ru87mis2/ngsAdmix_22290.REP_01.fopt.gz
	[ALL done] cpu-time used =  6562.69 sec
	[ALL done] walltime used =  1981.00 sec
	-> Dumping file: /dss/dsshome1/lxc07/ru87mis2/scratch/ngsAdmix_ru87mis2/ngsAdmix_22290.REP_02.log
	-> Dumping file: /dss/dsshome1/lxc07/ru87mis2/scratch/ngsAdmix_ru87mis2/ngsAdmix_22290.REP_02.filter
Input: lname=../01.input/new.beagle.gz nPop=4, fname=(null) qname=(null) outfiles=/dss/dsshome1/lxc07/ru87mis2/scratch/ngsAdmix_ru87mis2/ngsAdmix_22290.REP_02
Setup: seed=1612790693 nThreads=4 method=1
Convergence: maxIter=2000 tol=0.000010 tolLike50=0.100000 dymBound=0
Filters: misTol=0.050000 minMaf=0.050000 minLrt=0.000000 minInd=0
Input file has dim: nsites=1985561 nind=55
Input file has dim (AFTER filtering): nsites=708874 nind=55
iter[start] like is=54428554.450483
iter[50] like is=-15851411.228398 thres=0.004910
iter[100] like is=-15846821.774845 thres=0.000013
EM accelerated Thread has reached convergence with tol 0.000010
best like=-15846809.844906 after 137 iterations
	-> Dumping file: /dss/dsshome1/lxc07/ru87mis2/scratch/ngsAdmix_ru87mis2/ngsAdmix_22290.REP_02.qopt
	-> Dumping file: /dss/dsshome1/lxc07/ru87mis2/scratch/ngsAdmix_ru87mis2/ngsAdmix_22290.REP_02.fopt.gz
	[ALL done] cpu-time used =  2865.99 sec
	[ALL done] walltime used =  962.00 sec
	-> Dumping file: /dss/dsshome1/lxc07/ru87mis2/scratch/ngsAdmix_ru87mis2/ngsAdmix_22290.REP_03.log
	-> Dumping file: /dss/dsshome1/lxc07/ru87mis2/scratch/ngsAdmix_ru87mis2/ngsAdmix_22290.REP_03.filter
Input: lname=../01.input/new.beagle.gz nPop=4, fname=(null) qname=(null) outfiles=/dss/dsshome1/lxc07/ru87mis2/scratch/ngsAdmix_ru87mis2/ngsAdmix_22290.REP_03
Setup: seed=1612791655 nThreads=4 method=1
Convergence: maxIter=2000 tol=0.000010 tolLike50=0.100000 dymBound=0
Filters: misTol=0.050000 minMaf=0.050000 minLrt=0.000000 minInd=0
Input file has dim: nsites=1985561 nind=55
Input file has dim (AFTER filtering): nsites=708874 nind=55
iter[start] like is=54280941.208647
iter[50] like is=-15403868.236599 thres=0.002590
iter[100] like is=-15403080.253109 thres=0.000432
iter[150] like is=-15403054.856510 thres=0.000026
iter[200] like is=-15403052.553193 thres=0.000028
iter[250] like is=-15403052.244706 thres=0.000004
EM accelerated Thread has reached convergence with tol 0.000010
best like=-15403052.153929 after 264 iterations
	-> Dumping file: /dss/dsshome1/lxc07/ru87mis2/scratch/ngsAdmix_ru87mis2/ngsAdmix_22290.REP_03.qopt
	-> Dumping file: /dss/dsshome1/lxc07/ru87mis2/scratch/ngsAdmix_ru87mis2/ngsAdmix_22290.REP_03.fopt.gz
	[ALL done] cpu-time used =  5303.29 sec
	[ALL done] walltime used =  1636.00 sec
	-> Dumping file: /dss/dsshome1/lxc07/ru87mis2/scratch/ngsAdmix_ru87mis2/ngsAdmix_22290.REP_04.log
	-> Dumping file: /dss/dsshome1/lxc07/ru87mis2/scratch/ngsAdmix_ru87mis2/ngsAdmix_22290.REP_04.filter
Input: lname=../01.input/new.beagle.gz nPop=4, fname=(null) qname=(null) outfiles=/dss/dsshome1/lxc07/ru87mis2/scratch/ngsAdmix_ru87mis2/ngsAdmix_22290.REP_04
Setup: seed=1612793291 nThreads=4 method=1
Convergence: maxIter=2000 tol=0.000010 tolLike50=0.100000 dymBound=0
Filters: misTol=0.050000 minMaf=0.050000 minLrt=0.000000 minInd=0
Input file has dim: nsites=1985561 nind=55
Input file has dim (AFTER filtering): nsites=708874 nind=55
iter[start] like is=54433605.104246
iter[50] like is=-15452035.131888 thres=0.005643
iter[100] like is=-15404770.545417 thres=0.007216
iter[150] like is=-15403181.011599 thres=0.001138
iter[200] like is=-15403102.127378 thres=0.000077
iter[250] like is=-15403053.840461 thres=0.000008
iter[300] like is=-15403053.640516 thres=0.000001
EM accelerated Thread has reached convergence with tol 0.000010
best like=-15403053.633870 after 341 iterations
	-> Dumping file: /dss/dsshome1/lxc07/ru87mis2/scratch/ngsAdmix_ru87mis2/ngsAdmix_22290.REP_04.qopt
	-> Dumping file: /dss/dsshome1/lxc07/ru87mis2/scratch/ngsAdmix_ru87mis2/ngsAdmix_22290.REP_04.fopt.gz
	[ALL done] cpu-time used =  6762.10 sec
	[ALL done] walltime used =  2029.00 sec
	-> Dumping file: /dss/dsshome1/lxc07/ru87mis2/scratch/ngsAdmix_ru87mis2/ngsAdmix_22290.REP_05.log
	-> Dumping file: /dss/dsshome1/lxc07/ru87mis2/scratch/ngsAdmix_ru87mis2/ngsAdmix_22290.REP_05.filter
Input: lname=../01.input/new.beagle.gz nPop=4, fname=(null) qname=(null) outfiles=/dss/dsshome1/lxc07/ru87mis2/scratch/ngsAdmix_ru87mis2/ngsAdmix_22290.REP_05
Setup: seed=1612795320 nThreads=4 method=1
Convergence: maxIter=2000 tol=0.000010 tolLike50=0.100000 dymBound=0
Filters: misTol=0.050000 minMaf=0.050000 minLrt=0.000000 minInd=0
Input file has dim: nsites=1985561 nind=55
Input file has dim (AFTER filtering): nsites=708874 nind=55
iter[start] like is=54308274.621487
iter[50] like is=-15422911.947859 thres=0.015420
iter[100] like is=-15403470.597832 thres=0.004207
iter[150] like is=-15403075.782024 thres=0.000359
iter[200] like is=-15403055.586151 thres=0.000050
iter[250] like is=-15403053.327978 thres=0.000081
iter[300] like is=-15403053.182575 thres=0.000023
EM accelerated Thread has reached convergence with tol 0.000010
best like=-15403053.176447 after 328 iterations
	-> Dumping file: /dss/dsshome1/lxc07/ru87mis2/scratch/ngsAdmix_ru87mis2/ngsAdmix_22290.REP_05.qopt
	-> Dumping file: /dss/dsshome1/lxc07/ru87mis2/scratch/ngsAdmix_ru87mis2/ngsAdmix_22290.REP_05.fopt.gz
	[ALL done] cpu-time used =  6549.32 sec
	[ALL done] walltime used =  1988.00 sec
	-> Dumping file: /dss/dsshome1/lxc07/ru87mis2/scratch/ngsAdmix_ru87mis2/ngsAdmix_22290.REP_06.log
	-> Dumping file: /dss/dsshome1/lxc07/ru87mis2/scratch/ngsAdmix_ru87mis2/ngsAdmix_22290.REP_06.filter
Input: lname=../01.input/new.beagle.gz nPop=4, fname=(null) qname=(null) outfiles=/dss/dsshome1/lxc07/ru87mis2/scratch/ngsAdmix_ru87mis2/ngsAdmix_22290.REP_06
Setup: seed=1612797308 nThreads=4 method=1
Convergence: maxIter=2000 tol=0.000010 tolLike50=0.100000 dymBound=0
Filters: misTol=0.050000 minMaf=0.050000 minLrt=0.000000 minInd=0
Input file has dim: nsites=1985561 nind=55
Input file has dim (AFTER filtering): nsites=708874 nind=55
iter[start] like is=54235971.474457
iter[50] like is=-15860207.382567 thres=0.006074
iter[100] like is=-15850675.907483 thres=0.002641
iter[150] like is=-15847564.988987 thres=0.000680
iter[200] like is=-15846817.783858 thres=0.000160
iter[250] like is=-15846809.808707 thres=0.000000
EM accelerated Thread has reached convergence with tol 0.000010
best like=-15846809.673666 after 276 iterations
	-> Dumping file: /dss/dsshome1/lxc07/ru87mis2/scratch/ngsAdmix_ru87mis2/ngsAdmix_22290.REP_06.qopt
	-> Dumping file: /dss/dsshome1/lxc07/ru87mis2/scratch/ngsAdmix_ru87mis2/ngsAdmix_22290.REP_06.fopt.gz
	[ALL done] cpu-time used =  5533.46 sec
	[ALL done] walltime used =  1697.00 sec
	-> Dumping file: /dss/dsshome1/lxc07/ru87mis2/scratch/ngsAdmix_ru87mis2/ngsAdmix_22290.REP_07.log
	-> Dumping file: /dss/dsshome1/lxc07/ru87mis2/scratch/ngsAdmix_ru87mis2/ngsAdmix_22290.REP_07.filter
Input: lname=../01.input/new.beagle.gz nPop=4, fname=(null) qname=(null) outfiles=/dss/dsshome1/lxc07/ru87mis2/scratch/ngsAdmix_ru87mis2/ngsAdmix_22290.REP_07
Setup: seed=1612799005 nThreads=4 method=1
Convergence: maxIter=2000 tol=0.000010 tolLike50=0.100000 dymBound=0
Filters: misTol=0.050000 minMaf=0.050000 minLrt=0.000000 minInd=0
Input file has dim: nsites=1985561 nind=55
Input file has dim (AFTER filtering): nsites=708874 nind=55
iter[start] like is=54429834.512348
iter[50] like is=-15854205.344902 thres=0.003643
iter[100] like is=-15846824.100768 thres=0.000030
EM accelerated Thread has reached convergence with tol 0.000010
best like=-15846807.456580 after 130 iterations
	-> Dumping file: /dss/dsshome1/lxc07/ru87mis2/scratch/ngsAdmix_ru87mis2/ngsAdmix_22290.REP_07.qopt
	-> Dumping file: /dss/dsshome1/lxc07/ru87mis2/scratch/ngsAdmix_ru87mis2/ngsAdmix_22290.REP_07.fopt.gz
	[ALL done] cpu-time used =  2732.22 sec
	[ALL done] walltime used =  927.00 sec
	-> Dumping file: /dss/dsshome1/lxc07/ru87mis2/scratch/ngsAdmix_ru87mis2/ngsAdmix_22290.REP_08.log
	-> Dumping file: /dss/dsshome1/lxc07/ru87mis2/scratch/ngsAdmix_ru87mis2/ngsAdmix_22290.REP_08.filter
Input: lname=../01.input/new.beagle.gz nPop=4, fname=(null) qname=(null) outfiles=/dss/dsshome1/lxc07/ru87mis2/scratch/ngsAdmix_ru87mis2/ngsAdmix_22290.REP_08
Setup: seed=1612799932 nThreads=4 method=1
Convergence: maxIter=2000 tol=0.000010 tolLike50=0.100000 dymBound=0
Filters: misTol=0.050000 minMaf=0.050000 minLrt=0.000000 minInd=0
Input file has dim: nsites=1985561 nind=55
Input file has dim (AFTER filtering): nsites=708874 nind=55
iter[start] like is=54473774.405956
iter[50] like is=-15405948.095143 thres=0.003429
iter[100] like is=-15403133.168586 thres=0.000562
iter[150] like is=-15403060.095816 thres=0.000371
iter[200] like is=-15403054.747875 thres=0.000016
iter[250] like is=-15403054.046213 thres=0.000035
iter[300] like is=-15403053.818547 thres=0.000001
EM accelerated Thread has reached convergence with tol 0.000010
best like=-15403053.817893 after 302 iterations
	-> Dumping file: /dss/dsshome1/lxc07/ru87mis2/scratch/ngsAdmix_ru87mis2/ngsAdmix_22290.REP_08.qopt
	-> Dumping file: /dss/dsshome1/lxc07/ru87mis2/scratch/ngsAdmix_ru87mis2/ngsAdmix_22290.REP_08.fopt.gz
	[ALL done] cpu-time used =  6036.89 sec
	[ALL done] walltime used =  1839.00 sec
	-> Dumping file: /dss/dsshome1/lxc07/ru87mis2/scratch/ngsAdmix_ru87mis2/ngsAdmix_22290.REP_09.log
	-> Dumping file: /dss/dsshome1/lxc07/ru87mis2/scratch/ngsAdmix_ru87mis2/ngsAdmix_22290.REP_09.filter
Input: lname=../01.input/new.beagle.gz nPop=4, fname=(null) qname=(null) outfiles=/dss/dsshome1/lxc07/ru87mis2/scratch/ngsAdmix_ru87mis2/ngsAdmix_22290.REP_09
Setup: seed=1612801771 nThreads=4 method=1
Convergence: maxIter=2000 tol=0.000010 tolLike50=0.100000 dymBound=0
Filters: misTol=0.050000 minMaf=0.050000 minLrt=0.000000 minInd=0
Input file has dim: nsites=1985561 nind=55
Input file has dim (AFTER filtering): nsites=708874 nind=55
iter[start] like is=54605178.611377
iter[50] like is=-15403740.644028 thres=0.000911
iter[100] like is=-15403094.130920 thres=0.000519
iter[150] like is=-15403063.573614 thres=0.000097
iter[200] like is=-15403060.385653 thres=0.000242
iter[250] like is=-15403060.072781 thres=0.000062
EM accelerated Thread has reached convergence with tol 0.000010
best like=-15403060.014533 after 297 iterations
	-> Dumping file: /dss/dsshome1/lxc07/ru87mis2/scratch/ngsAdmix_ru87mis2/ngsAdmix_22290.REP_09.qopt
	-> Dumping file: /dss/dsshome1/lxc07/ru87mis2/scratch/ngsAdmix_ru87mis2/ngsAdmix_22290.REP_09.fopt.gz
	[ALL done] cpu-time used =  5923.16 sec
	[ALL done] walltime used =  1798.00 sec
	-> Dumping file: /dss/dsshome1/lxc07/ru87mis2/scratch/ngsAdmix_ru87mis2/ngsAdmix_22290.REP_10.log
	-> Dumping file: /dss/dsshome1/lxc07/ru87mis2/scratch/ngsAdmix_ru87mis2/ngsAdmix_22290.REP_10.filter
Input: lname=../01.input/new.beagle.gz nPop=4, fname=(null) qname=(null) outfiles=/dss/dsshome1/lxc07/ru87mis2/scratch/ngsAdmix_ru87mis2/ngsAdmix_22290.REP_10
Setup: seed=1612803570 nThreads=4 method=1
Convergence: maxIter=2000 tol=0.000010 tolLike50=0.100000 dymBound=0
Filters: misTol=0.050000 minMaf=0.050000 minLrt=0.000000 minInd=0
Input file has dim: nsites=1985561 nind=55
Input file has dim (AFTER filtering): nsites=708874 nind=55
iter[start] like is=54404192.031988
iter[50] like is=-15778272.824426 thres=0.017620
iter[100] like is=-15710635.814343 thres=0.006826
iter[150] like is=-15707703.494990 thres=0.050122
iter[200] like is=-15692351.377542 thres=0.003491
iter[250] like is=-15691640.671417 thres=0.000088
iter[300] like is=-15688946.328114 thres=0.000545
iter[350] like is=-15688741.097221 thres=0.000127
iter[400] like is=-15688541.462875 thres=0.000214
iter[450] like is=-15688314.220568 thres=0.001133
iter[500] like is=-15687562.752816 thres=0.010509
iter[550] like is=-15687360.903680 thres=0.000152
iter[600] like is=-15687358.421400 thres=0.000036
iter[650] like is=-15687350.742180 thres=0.000011
iter[700] like is=-15686987.663309 thres=0.000192
iter[750] like is=-15686962.438314 thres=0.000018
iter[800] like is=-15686720.227927 thres=0.001051
iter[850] like is=-15684935.745111 thres=0.005061
iter[900] like is=-15549477.719989 thres=0.019545
iter[950] like is=-15409193.829479 thres=0.030583
iter[1000] like is=-15405123.869830 thres=0.000074
iter[1050] like is=-15403944.280467 thres=0.000016
iter[1100] like is=-15403887.912458 thres=0.000088
iter[1150] like is=-15403358.781572 thres=0.000005
iter[1200] like is=-15403349.060043 thres=0.000064
iter[1250] like is=-15403077.827953 thres=0.000037
iter[1300] like is=-15403077.240078 thres=0.000002
EM accelerated Thread has reached convergence with tol 0.000010
best like=-15403077.113668 after 1336 iterations
	-> Dumping file: /dss/dsshome1/lxc07/ru87mis2/scratch/ngsAdmix_ru87mis2/ngsAdmix_22290.REP_10.qopt
	-> Dumping file: /dss/dsshome1/lxc07/ru87mis2/scratch/ngsAdmix_ru87mis2/ngsAdmix_22290.REP_10.fopt.gz
	[ALL done] cpu-time used =  25686.80 sec
	[ALL done] walltime used =  7195.00 sec
	-> Dumping file: /dss/dsshome1/lxc07/ru87mis2/scratch/ngsAdmix_ru87mis2/ngsAdmix_22290.REP_11.log
	-> Dumping file: /dss/dsshome1/lxc07/ru87mis2/scratch/ngsAdmix_ru87mis2/ngsAdmix_22290.REP_11.filter
Input: lname=../01.input/new.beagle.gz nPop=4, fname=(null) qname=(null) outfiles=/dss/dsshome1/lxc07/ru87mis2/scratch/ngsAdmix_ru87mis2/ngsAdmix_22290.REP_11
Setup: seed=1612810765 nThreads=4 method=1
Convergence: maxIter=2000 tol=0.000010 tolLike50=0.100000 dymBound=0
Filters: misTol=0.050000 minMaf=0.050000 minLrt=0.000000 minInd=0
Input file has dim: nsites=1985561 nind=55
Input file has dim (AFTER filtering): nsites=708874 nind=55
iter[start] like is=54506046.750047
iter[50] like is=-15783454.630685 thres=0.019695
iter[100] like is=-15709884.610589 thres=0.001845
iter[150] like is=-15695706.424693 thres=0.013069
iter[200] like is=-15691773.526699 thres=0.000629
iter[250] like is=-15691470.156585 thres=0.000702
iter[300] like is=-15688774.723926 thres=0.000271
iter[350] like is=-15688426.780534 thres=0.000313
iter[400] like is=-15687581.206940 thres=0.002296
iter[450] like is=-15687358.669226 thres=0.000043
iter[500] like is=-15687356.559575 thres=0.000005
iter[550] like is=-15687332.761676 thres=0.000034
iter[600] like is=-15686973.318325 thres=0.000969
iter[650] like is=-15686956.719355 thres=0.000116
iter[700] like is=-15686642.931693 thres=0.000201
iter[750] like is=-15682977.032184 thres=0.002621
iter[800] like is=-15507588.969665 thres=0.007116
iter[850] like is=-15405962.006465 thres=0.008643
iter[900] like is=-15403948.686795 thres=0.000265
iter[950] like is=-15403812.816115 thres=0.000747
iter[1000] like is=-15403400.332510 thres=0.000701
iter[1050] like is=-15403334.475054 thres=0.001105
iter[1100] like is=-15403076.007089 thres=0.000020
iter[1150] like is=-15403075.407603 thres=0.000022
EM accelerated Thread has reached convergence with tol 0.000010
best like=-15403075.275235 after 1188 iterations
	-> Dumping file: /dss/dsshome1/lxc07/ru87mis2/scratch/ngsAdmix_ru87mis2/ngsAdmix_22290.REP_11.qopt
	-> Dumping file: /dss/dsshome1/lxc07/ru87mis2/scratch/ngsAdmix_ru87mis2/ngsAdmix_22290.REP_11.fopt.gz
	[ALL done] cpu-time used =  22853.52 sec
	[ALL done] walltime used =  6423.00 sec
	-> Dumping file: /dss/dsshome1/lxc07/ru87mis2/scratch/ngsAdmix_ru87mis2/ngsAdmix_22290.REP_12.log
	-> Dumping file: /dss/dsshome1/lxc07/ru87mis2/scratch/ngsAdmix_ru87mis2/ngsAdmix_22290.REP_12.filter
Input: lname=../01.input/new.beagle.gz nPop=4, fname=(null) qname=(null) outfiles=/dss/dsshome1/lxc07/ru87mis2/scratch/ngsAdmix_ru87mis2/ngsAdmix_22290.REP_12
Setup: seed=1612817188 nThreads=4 method=1
Convergence: maxIter=2000 tol=0.000010 tolLike50=0.100000 dymBound=0
Filters: misTol=0.050000 minMaf=0.050000 minLrt=0.000000 minInd=0
Input file has dim: nsites=1985561 nind=55
Input file has dim (AFTER filtering): nsites=708874 nind=55
iter[start] like is=54550103.037577
iter[50] like is=-15791641.148389 thres=0.019292
iter[100] like is=-15710719.876862 thres=0.012949
iter[150] like is=-15706782.627489 thres=0.003745
iter[200] like is=-15692270.276635 thres=0.000667
iter[250] like is=-15691655.347815 thres=0.000142
iter[300] like is=-15690366.178977 thres=0.001116
iter[350] like is=-15688765.837529 thres=0.000193
iter[400] like is=-15688721.371096 thres=0.000473
iter[450] like is=-15688517.843028 thres=0.000081
iter[500] like is=-15688309.862767 thres=0.000264
iter[550] like is=-15687804.641345 thres=0.000550
iter[600] like is=-15687361.000283 thres=0.000247
iter[650] like is=-15687358.032936 thres=0.000001
iter[700] like is=-15687348.410231 thres=0.000243
iter[750] like is=-15686977.607457 thres=0.000636
iter[800] like is=-15686959.729303 thres=0.000024
iter[850] like is=-15686721.091585 thres=0.000578
iter[900] like is=-15683953.328736 thres=0.007550
iter[950] like is=-15517465.050547 thres=0.010475
iter[1000] like is=-15405859.023278 thres=0.009385
iter[1050] like is=-15403949.086236 thres=0.000295
iter[1100] like is=-15403823.367504 thres=0.001051
iter[1150] like is=-15403357.906516 thres=0.000019
iter[1200] like is=-15403142.844857 thres=0.003059
iter[1250] like is=-15403077.086630 thres=0.000004
iter[1300] like is=-15403076.863313 thres=0.000003
EM accelerated Thread has reached convergence with tol 0.000010
best like=-15403076.732164 after 1327 iterations
	-> Dumping file: /dss/dsshome1/lxc07/ru87mis2/scratch/ngsAdmix_ru87mis2/ngsAdmix_22290.REP_12.qopt
	-> Dumping file: /dss/dsshome1/lxc07/ru87mis2/scratch/ngsAdmix_ru87mis2/ngsAdmix_22290.REP_12.fopt.gz
	[ALL done] cpu-time used =  25535.30 sec
	[ALL done] walltime used =  7153.00 sec
	-> Dumping file: /dss/dsshome1/lxc07/ru87mis2/scratch/ngsAdmix_ru87mis2/ngsAdmix_22290.REP_13.log
	-> Dumping file: /dss/dsshome1/lxc07/ru87mis2/scratch/ngsAdmix_ru87mis2/ngsAdmix_22290.REP_13.filter
Input: lname=../01.input/new.beagle.gz nPop=4, fname=(null) qname=(null) outfiles=/dss/dsshome1/lxc07/ru87mis2/scratch/ngsAdmix_ru87mis2/ngsAdmix_22290.REP_13
Setup: seed=1612824341 nThreads=4 method=1
Convergence: maxIter=2000 tol=0.000010 tolLike50=0.100000 dymBound=0
Filters: misTol=0.050000 minMaf=0.050000 minLrt=0.000000 minInd=0
Input file has dim: nsites=1985561 nind=55
Input file has dim (AFTER filtering): nsites=708874 nind=55
iter[start] like is=54687600.506116
iter[50] like is=-15404350.663018 thres=0.001211
iter[100] like is=-15403089.533489 thres=0.000290
iter[150] like is=-15403057.181823 thres=0.000045
iter[200] like is=-15403054.487909 thres=0.000015
iter[250] like is=-15403053.844880 thres=0.000003
EM accelerated Thread has reached convergence with tol 0.000010
best like=-15403053.769116 after 268 iterations
	-> Dumping file: /dss/dsshome1/lxc07/ru87mis2/scratch/ngsAdmix_ru87mis2/ngsAdmix_22290.REP_13.qopt
	-> Dumping file: /dss/dsshome1/lxc07/ru87mis2/scratch/ngsAdmix_ru87mis2/ngsAdmix_22290.REP_13.fopt.gz
	[ALL done] cpu-time used =  5378.38 sec
	[ALL done] walltime used =  1655.00 sec
	-> Dumping file: /dss/dsshome1/lxc07/ru87mis2/scratch/ngsAdmix_ru87mis2/ngsAdmix_22290.REP_14.log
	-> Dumping file: /dss/dsshome1/lxc07/ru87mis2/scratch/ngsAdmix_ru87mis2/ngsAdmix_22290.REP_14.filter
Input: lname=../01.input/new.beagle.gz nPop=4, fname=(null) qname=(null) outfiles=/dss/dsshome1/lxc07/ru87mis2/scratch/ngsAdmix_ru87mis2/ngsAdmix_22290.REP_14
Setup: seed=1612825997 nThreads=4 method=1
Convergence: maxIter=2000 tol=0.000010 tolLike50=0.100000 dymBound=0
Filters: misTol=0.050000 minMaf=0.050000 minLrt=0.000000 minInd=0
Input file has dim: nsites=1985561 nind=55
Input file has dim (AFTER filtering): nsites=708874 nind=55
iter[start] like is=54679235.259474
iter[50] like is=-15442749.827899 thres=0.013949
iter[100] like is=-15403812.489565 thres=0.000543
iter[150] like is=-15403267.643660 thres=0.001048
iter[200] like is=-15403083.690658 thres=0.000028
iter[250] like is=-15403082.885910 thres=0.000006
iter[300] like is=-15403082.649635 thres=0.000003
EM accelerated Thread has reached convergence with tol 0.000010
best like=-15403082.626715 after 306 iterations
	-> Dumping file: /dss/dsshome1/lxc07/ru87mis2/scratch/ngsAdmix_ru87mis2/ngsAdmix_22290.REP_14.qopt
	-> Dumping file: /dss/dsshome1/lxc07/ru87mis2/scratch/ngsAdmix_ru87mis2/ngsAdmix_22290.REP_14.fopt.gz
	[ALL done] cpu-time used =  6106.33 sec
	[ALL done] walltime used =  1857.00 sec
	-> Dumping file: /dss/dsshome1/lxc07/ru87mis2/scratch/ngsAdmix_ru87mis2/ngsAdmix_22290.REP_15.log
	-> Dumping file: /dss/dsshome1/lxc07/ru87mis2/scratch/ngsAdmix_ru87mis2/ngsAdmix_22290.REP_15.filter
Input: lname=../01.input/new.beagle.gz nPop=4, fname=(null) qname=(null) outfiles=/dss/dsshome1/lxc07/ru87mis2/scratch/ngsAdmix_ru87mis2/ngsAdmix_22290.REP_15
Setup: seed=1612827854 nThreads=4 method=1
Convergence: maxIter=2000 tol=0.000010 tolLike50=0.100000 dymBound=0
Filters: misTol=0.050000 minMaf=0.050000 minLrt=0.000000 minInd=0
Input file has dim: nsites=1985561 nind=55
Input file has dim (AFTER filtering): nsites=708874 nind=55
iter[start] like is=54863889.481851
iter[50] like is=-15854402.813183 thres=0.006253
iter[100] like is=-15847282.455349 thres=0.002758
iter[150] like is=-15846813.074267 thres=0.000026
iter[200] like is=-15846809.254173 thres=0.000000
EM accelerated Thread has reached convergence with tol 0.000010
best like=-15846809.214154 after 225 iterations
	-> Dumping file: /dss/dsshome1/lxc07/ru87mis2/scratch/ngsAdmix_ru87mis2/ngsAdmix_22290.REP_15.qopt
	-> Dumping file: /dss/dsshome1/lxc07/ru87mis2/scratch/ngsAdmix_ru87mis2/ngsAdmix_22290.REP_15.fopt.gz
	[ALL done] cpu-time used =  4552.92 sec
	[ALL done] walltime used =  1428.00 sec
	-> Dumping file: /dss/dsshome1/lxc07/ru87mis2/scratch/ngsAdmix_ru87mis2/ngsAdmix_22290.REP_16.log
	-> Dumping file: /dss/dsshome1/lxc07/ru87mis2/scratch/ngsAdmix_ru87mis2/ngsAdmix_22290.REP_16.filter
Input: lname=../01.input/new.beagle.gz nPop=4, fname=(null) qname=(null) outfiles=/dss/dsshome1/lxc07/ru87mis2/scratch/ngsAdmix_ru87mis2/ngsAdmix_22290.REP_16
Setup: seed=1612829283 nThreads=4 method=1
Convergence: maxIter=2000 tol=0.000010 tolLike50=0.100000 dymBound=0
Filters: misTol=0.050000 minMaf=0.050000 minLrt=0.000000 minInd=0
Input file has dim: nsites=1985561 nind=55
Input file has dim (AFTER filtering): nsites=708874 nind=55
iter[start] like is=54413937.320923
iter[50] like is=-15410819.525972 thres=0.003000
iter[100] like is=-15403181.488439 thres=0.000075
iter[150] like is=-15403087.721670 thres=0.000074
iter[200] like is=-15403052.962414 thres=0.000014
iter[250] like is=-15403052.759886 thres=0.000012
EM accelerated Thread has reached convergence with tol 0.000010
best like=-15403052.758433 after 264 iterations
	-> Dumping file: /dss/dsshome1/lxc07/ru87mis2/scratch/ngsAdmix_ru87mis2/ngsAdmix_22290.REP_16.qopt
	-> Dumping file: /dss/dsshome1/lxc07/ru87mis2/scratch/ngsAdmix_ru87mis2/ngsAdmix_22290.REP_16.fopt.gz
	[ALL done] cpu-time used =  5300.49 sec
	[ALL done] walltime used =  1635.00 sec
	-> Dumping file: /dss/dsshome1/lxc07/ru87mis2/scratch/ngsAdmix_ru87mis2/ngsAdmix_22290.REP_17.log
	-> Dumping file: /dss/dsshome1/lxc07/ru87mis2/scratch/ngsAdmix_ru87mis2/ngsAdmix_22290.REP_17.filter
Input: lname=../01.input/new.beagle.gz nPop=4, fname=(null) qname=(null) outfiles=/dss/dsshome1/lxc07/ru87mis2/scratch/ngsAdmix_ru87mis2/ngsAdmix_22290.REP_17
Setup: seed=1612830918 nThreads=4 method=1
Convergence: maxIter=2000 tol=0.000010 tolLike50=0.100000 dymBound=0
Filters: misTol=0.050000 minMaf=0.050000 minLrt=0.000000 minInd=0
Input file has dim: nsites=1985561 nind=55
Input file has dim (AFTER filtering): nsites=708874 nind=55
iter[start] like is=54669321.260128
iter[50] like is=-15403950.739601 thres=0.002623
iter[100] like is=-15403072.652195 thres=0.000227
iter[150] like is=-15403056.337573 thres=0.000058
iter[200] like is=-15403054.219977 thres=0.000014
iter[250] like is=-15403053.650594 thres=0.000032
EM accelerated Thread has reached convergence with tol 0.000010
best like=-15403053.650348 after 252 iterations
	-> Dumping file: /dss/dsshome1/lxc07/ru87mis2/scratch/ngsAdmix_ru87mis2/ngsAdmix_22290.REP_17.qopt
	-> Dumping file: /dss/dsshome1/lxc07/ru87mis2/scratch/ngsAdmix_ru87mis2/ngsAdmix_22290.REP_17.fopt.gz
	[ALL done] cpu-time used =  5083.83 sec
	[ALL done] walltime used =  1578.00 sec
	-> Dumping file: /dss/dsshome1/lxc07/ru87mis2/scratch/ngsAdmix_ru87mis2/ngsAdmix_22290.REP_18.log
	-> Dumping file: /dss/dsshome1/lxc07/ru87mis2/scratch/ngsAdmix_ru87mis2/ngsAdmix_22290.REP_18.filter
Input: lname=../01.input/new.beagle.gz nPop=4, fname=(null) qname=(null) outfiles=/dss/dsshome1/lxc07/ru87mis2/scratch/ngsAdmix_ru87mis2/ngsAdmix_22290.REP_18
Setup: seed=1612832496 nThreads=4 method=1
Convergence: maxIter=2000 tol=0.000010 tolLike50=0.100000 dymBound=0
Filters: misTol=0.050000 minMaf=0.050000 minLrt=0.000000 minInd=0
Input file has dim: nsites=1985561 nind=55
Input file has dim (AFTER filtering): nsites=708874 nind=55
iter[start] like is=54539652.832754
iter[50] like is=-15403731.765860 thres=0.000953
iter[100] like is=-15403079.031259 thres=0.000149
iter[150] like is=-15403056.280459 thres=0.000029
iter[200] like is=-15403054.338690 thres=0.000006
iter[250] like is=-15403054.160704 thres=0.000001
EM accelerated Thread has reached convergence with tol 0.000010
best like=-15403054.138749 after 274 iterations
	-> Dumping file: /dss/dsshome1/lxc07/ru87mis2/scratch/ngsAdmix_ru87mis2/ngsAdmix_22290.REP_18.qopt
	-> Dumping file: /dss/dsshome1/lxc07/ru87mis2/scratch/ngsAdmix_ru87mis2/ngsAdmix_22290.REP_18.fopt.gz
	[ALL done] cpu-time used =  5516.82 sec
	[ALL done] walltime used =  1705.00 sec
	-> Dumping file: /dss/dsshome1/lxc07/ru87mis2/scratch/ngsAdmix_ru87mis2/ngsAdmix_22290.REP_19.log
	-> Dumping file: /dss/dsshome1/lxc07/ru87mis2/scratch/ngsAdmix_ru87mis2/ngsAdmix_22290.REP_19.filter
Input: lname=../01.input/new.beagle.gz nPop=4, fname=(null) qname=(null) outfiles=/dss/dsshome1/lxc07/ru87mis2/scratch/ngsAdmix_ru87mis2/ngsAdmix_22290.REP_19
Setup: seed=1612834202 nThreads=4 method=1
Convergence: maxIter=2000 tol=0.000010 tolLike50=0.100000 dymBound=0
Filters: misTol=0.050000 minMaf=0.050000 minLrt=0.000000 minInd=0
Input file has dim: nsites=1985561 nind=55
Input file has dim (AFTER filtering): nsites=708874 nind=55
iter[start] like is=54520502.484698
iter[50] like is=-15413769.382847 thres=0.011191
iter[100] like is=-15403442.537903 thres=0.000571
iter[150] like is=-15403074.168426 thres=0.000107
iter[200] like is=-15403054.655306 thres=0.000099
iter[250] like is=-15403052.680918 thres=0.000013
iter[300] like is=-15403052.517905 thres=0.000003
EM accelerated Thread has reached convergence with tol 0.000010
best like=-15403052.502685 after 318 iterations
	-> Dumping file: /dss/dsshome1/lxc07/ru87mis2/scratch/ngsAdmix_ru87mis2/ngsAdmix_22290.REP_19.qopt
	-> Dumping file: /dss/dsshome1/lxc07/ru87mis2/scratch/ngsAdmix_ru87mis2/ngsAdmix_22290.REP_19.fopt.gz
	[ALL done] cpu-time used =  6330.40 sec
	[ALL done] walltime used =  1916.00 sec
	-> Dumping file: /dss/dsshome1/lxc07/ru87mis2/scratch/ngsAdmix_ru87mis2/ngsAdmix_22290.REP_20.log
	-> Dumping file: /dss/dsshome1/lxc07/ru87mis2/scratch/ngsAdmix_ru87mis2/ngsAdmix_22290.REP_20.filter
Input: lname=../01.input/new.beagle.gz nPop=4, fname=(null) qname=(null) outfiles=/dss/dsshome1/lxc07/ru87mis2/scratch/ngsAdmix_ru87mis2/ngsAdmix_22290.REP_20
Setup: seed=1612836118 nThreads=4 method=1
Convergence: maxIter=2000 tol=0.000010 tolLike50=0.100000 dymBound=0
Filters: misTol=0.050000 minMaf=0.050000 minLrt=0.000000 minInd=0
Input file has dim: nsites=1985561 nind=55
Input file has dim (AFTER filtering): nsites=708874 nind=55
iter[start] like is=54672662.499681
iter[50] like is=-15923380.174436 thres=0.008679
iter[100] like is=-15872727.168075 thres=0.005625
iter[150] like is=-15853001.325585 thres=0.001123
iter[200] like is=-15846812.032587 thres=0.003271
iter[250] like is=-15846809.735853 thres=0.000000
EM accelerated Thread has reached convergence with tol 0.000010
best like=-15846809.734563 after 263 iterations
	-> Dumping file: /dss/dsshome1/lxc07/ru87mis2/scratch/ngsAdmix_ru87mis2/ngsAdmix_22290.REP_20.qopt
	-> Dumping file: /dss/dsshome1/lxc07/ru87mis2/scratch/ngsAdmix_ru87mis2/ngsAdmix_22290.REP_20.fopt.gz
	[ALL done] cpu-time used =  5289.67 sec
	[ALL done] walltime used =  1632.00 sec
	-> Dumping file: /dss/dsshome1/lxc07/ru87mis2/scratch/ngsAdmix_ru87mis2/ngsAdmix_22290.REP_21.log
	-> Dumping file: /dss/dsshome1/lxc07/ru87mis2/scratch/ngsAdmix_ru87mis2/ngsAdmix_22290.REP_21.filter
Input: lname=../01.input/new.beagle.gz nPop=4, fname=(null) qname=(null) outfiles=/dss/dsshome1/lxc07/ru87mis2/scratch/ngsAdmix_ru87mis2/ngsAdmix_22290.REP_21
Setup: seed=1612837750 nThreads=4 method=1
Convergence: maxIter=2000 tol=0.000010 tolLike50=0.100000 dymBound=0
Filters: misTol=0.050000 minMaf=0.050000 minLrt=0.000000 minInd=0
Input file has dim: nsites=1985561 nind=55
Input file has dim (AFTER filtering): nsites=708874 nind=55
iter[start] like is=54616965.343996
iter[50] like is=-15403341.270817 thres=0.003119
iter[100] like is=-15403066.238886 thres=0.000250
iter[150] like is=-15403055.309694 thres=0.000534
iter[200] like is=-15403054.273730 thres=0.000008
iter[250] like is=-15403054.094585 thres=0.000002
EM accelerated Thread has reached convergence with tol 0.000010
best like=-15403054.058561 after 265 iterations
	-> Dumping file: /dss/dsshome1/lxc07/ru87mis2/scratch/ngsAdmix_ru87mis2/ngsAdmix_22290.REP_21.qopt
	-> Dumping file: /dss/dsshome1/lxc07/ru87mis2/scratch/ngsAdmix_ru87mis2/ngsAdmix_22290.REP_21.fopt.gz
	[ALL done] cpu-time used =  5318.90 sec
	[ALL done] walltime used =  1640.00 sec
	-> Dumping file: /dss/dsshome1/lxc07/ru87mis2/scratch/ngsAdmix_ru87mis2/ngsAdmix_22290.REP_22.log
	-> Dumping file: /dss/dsshome1/lxc07/ru87mis2/scratch/ngsAdmix_ru87mis2/ngsAdmix_22290.REP_22.filter
Input: lname=../01.input/new.beagle.gz nPop=4, fname=(null) qname=(null) outfiles=/dss/dsshome1/lxc07/ru87mis2/scratch/ngsAdmix_ru87mis2/ngsAdmix_22290.REP_22
Setup: seed=1612839390 nThreads=4 method=1
Convergence: maxIter=2000 tol=0.000010 tolLike50=0.100000 dymBound=0
Filters: misTol=0.050000 minMaf=0.050000 minLrt=0.000000 minInd=0
Input file has dim: nsites=1985561 nind=55
Input file has dim (AFTER filtering): nsites=708874 nind=55
iter[start] like is=54669821.945024
iter[50] like is=-15427604.939103 thres=0.010748
iter[100] like is=-15403291.464540 thres=0.002116
iter[150] like is=-15403068.784101 thres=0.000117
iter[200] like is=-15403054.683254 thres=0.000158
iter[250] like is=-15403053.528409 thres=0.000012
iter[300] like is=-15403053.438763 thres=0.000000
Convergence achived because log likelihooditer difference for 50 iteraction is less than 0.100000
best like=-15403053.438763 after 300 iterations
	-> Dumping file: /dss/dsshome1/lxc07/ru87mis2/scratch/ngsAdmix_ru87mis2/ngsAdmix_22290.REP_22.qopt
	-> Dumping file: /dss/dsshome1/lxc07/ru87mis2/scratch/ngsAdmix_ru87mis2/ngsAdmix_22290.REP_22.fopt.gz
	[ALL done] cpu-time used =  6007.35 sec
	[ALL done] walltime used =  1831.00 sec
	-> Dumping file: /dss/dsshome1/lxc07/ru87mis2/scratch/ngsAdmix_ru87mis2/ngsAdmix_22290.REP_23.log
	-> Dumping file: /dss/dsshome1/lxc07/ru87mis2/scratch/ngsAdmix_ru87mis2/ngsAdmix_22290.REP_23.filter
Input: lname=../01.input/new.beagle.gz nPop=4, fname=(null) qname=(null) outfiles=/dss/dsshome1/lxc07/ru87mis2/scratch/ngsAdmix_ru87mis2/ngsAdmix_22290.REP_23
Setup: seed=1612841221 nThreads=4 method=1
Convergence: maxIter=2000 tol=0.000010 tolLike50=0.100000 dymBound=0
Filters: misTol=0.050000 minMaf=0.050000 minLrt=0.000000 minInd=0
Input file has dim: nsites=1985561 nind=55
Input file has dim (AFTER filtering): nsites=708874 nind=55
iter[start] like is=54692824.950556
iter[50] like is=-15749094.848792 thres=0.012390
iter[100] like is=-15701353.535750 thres=0.009197
iter[150] like is=-15691967.383287 thres=0.000341
iter[200] like is=-15690025.941242 thres=0.001745
iter[250] like is=-15688732.876836 thres=0.000997
iter[300] like is=-15688372.422549 thres=0.002863
iter[350] like is=-15687812.555790 thres=0.000684
iter[400] like is=-15687361.253044 thres=0.000071
iter[450] like is=-15687358.075644 thres=0.000013
iter[500] like is=-15687336.611773 thres=0.000047
iter[550] like is=-15687052.090845 thres=0.001357
iter[600] like is=-15686964.876448 thres=0.000166
iter[650] like is=-15686826.722340 thres=0.003135
iter[700] like is=-15685715.900011 thres=0.005372
iter[750] like is=-15581607.151072 thres=0.023339
iter[800] like is=-15426273.037850 thres=0.035060
iter[850] like is=-15404146.682465 thres=0.006889
iter[900] like is=-15403897.963492 thres=0.000162
iter[950] like is=-15403364.050468 thres=0.001862
iter[1000] like is=-15403231.958903 thres=0.000450
iter[1050] like is=-15403077.420182 thres=0.000004
iter[1100] like is=-15403077.027348 thres=0.000038
EM accelerated Thread has reached convergence with tol 0.000010
best like=-15403076.910807 after 1133 iterations
	-> Dumping file: /dss/dsshome1/lxc07/ru87mis2/scratch/ngsAdmix_ru87mis2/ngsAdmix_22290.REP_23.qopt
	-> Dumping file: /dss/dsshome1/lxc07/ru87mis2/scratch/ngsAdmix_ru87mis2/ngsAdmix_22290.REP_23.fopt.gz
	[ALL done] cpu-time used =  21848.08 sec
	[ALL done] walltime used =  6145.00 sec
	-> Dumping file: /dss/dsshome1/lxc07/ru87mis2/scratch/ngsAdmix_ru87mis2/ngsAdmix_22290.REP_24.log
	-> Dumping file: /dss/dsshome1/lxc07/ru87mis2/scratch/ngsAdmix_ru87mis2/ngsAdmix_22290.REP_24.filter
Input: lname=../01.input/new.beagle.gz nPop=4, fname=(null) qname=(null) outfiles=/dss/dsshome1/lxc07/ru87mis2/scratch/ngsAdmix_ru87mis2/ngsAdmix_22290.REP_24
Setup: seed=1612847367 nThreads=4 method=1
Convergence: maxIter=2000 tol=0.000010 tolLike50=0.100000 dymBound=0
Filters: misTol=0.050000 minMaf=0.050000 minLrt=0.000000 minInd=0
Input file has dim: nsites=1985561 nind=55
Input file has dim (AFTER filtering): nsites=708874 nind=55
iter[start] like is=54410871.280631
iter[50] like is=-15858841.896044 thres=0.008735
iter[100] like is=-15849399.755358 thres=0.004427
iter[150] like is=-15846919.699091 thres=0.000135
iter[200] like is=-15846810.402656 thres=0.000001
iter[250] like is=-15846809.998994 thres=0.000000
EM accelerated Thread has reached convergence with tol 0.000010
best like=-15846809.990582 after 264 iterations
	-> Dumping file: /dss/dsshome1/lxc07/ru87mis2/scratch/ngsAdmix_ru87mis2/ngsAdmix_22290.REP_24.qopt
	-> Dumping file: /dss/dsshome1/lxc07/ru87mis2/scratch/ngsAdmix_ru87mis2/ngsAdmix_22290.REP_24.fopt.gz
	[ALL done] cpu-time used =  5368.10 sec
	[ALL done] walltime used =  1694.00 sec
	-> Dumping file: /dss/dsshome1/lxc07/ru87mis2/scratch/ngsAdmix_ru87mis2/ngsAdmix_22290.REP_25.log
	-> Dumping file: /dss/dsshome1/lxc07/ru87mis2/scratch/ngsAdmix_ru87mis2/ngsAdmix_22290.REP_25.filter
Input: lname=../01.input/new.beagle.gz nPop=4, fname=(null) qname=(null) outfiles=/dss/dsshome1/lxc07/ru87mis2/scratch/ngsAdmix_ru87mis2/ngsAdmix_22290.REP_25
Setup: seed=1612849061 nThreads=4 method=1
Convergence: maxIter=2000 tol=0.000010 tolLike50=0.100000 dymBound=0
Filters: misTol=0.050000 minMaf=0.050000 minLrt=0.000000 minInd=0
Input file has dim: nsites=1985561 nind=55
Input file has dim (AFTER filtering): nsites=708874 nind=55
iter[start] like is=54378920.019469
iter[50] like is=-15850273.041513 thres=0.003717
iter[100] like is=-15846825.915447 thres=0.000124
EM accelerated Thread has reached convergence with tol 0.000010
best like=-15846809.321256 after 134 iterations
	-> Dumping file: /dss/dsshome1/lxc07/ru87mis2/scratch/ngsAdmix_ru87mis2/ngsAdmix_22290.REP_25.qopt
	-> Dumping file: /dss/dsshome1/lxc07/ru87mis2/scratch/ngsAdmix_ru87mis2/ngsAdmix_22290.REP_25.fopt.gz
	[ALL done] cpu-time used =  2807.50 sec
	[ALL done] walltime used =  946.00 sec
	-> Dumping file: /dss/dsshome1/lxc07/ru87mis2/scratch/ngsAdmix_ru87mis2/ngsAdmix_22290.REP_26.log
	-> Dumping file: /dss/dsshome1/lxc07/ru87mis2/scratch/ngsAdmix_ru87mis2/ngsAdmix_22290.REP_26.filter
Input: lname=../01.input/new.beagle.gz nPop=4, fname=(null) qname=(null) outfiles=/dss/dsshome1/lxc07/ru87mis2/scratch/ngsAdmix_ru87mis2/ngsAdmix_22290.REP_26
Setup: seed=1612850007 nThreads=4 method=1
Convergence: maxIter=2000 tol=0.000010 tolLike50=0.100000 dymBound=0
Filters: misTol=0.050000 minMaf=0.050000 minLrt=0.000000 minInd=0
Input file has dim: nsites=1985561 nind=55
Input file has dim (AFTER filtering): nsites=708874 nind=55
iter[start] like is=54724631.316399
iter[50] like is=-15414181.701594 thres=0.013312
iter[100] like is=-15403268.028365 thres=0.002242
iter[150] like is=-15403068.099012 thres=0.000100
iter[200] like is=-15403053.666648 thres=0.000055
iter[250] like is=-15403052.437876 thres=0.000003
iter[300] like is=-15403052.347115 thres=0.000000
Convergence achived because log likelihooditer difference for 50 iteraction is less than 0.100000
best like=-15403052.347115 after 300 iterations
	-> Dumping file: /dss/dsshome1/lxc07/ru87mis2/scratch/ngsAdmix_ru87mis2/ngsAdmix_22290.REP_26.qopt
	-> Dumping file: /dss/dsshome1/lxc07/ru87mis2/scratch/ngsAdmix_ru87mis2/ngsAdmix_22290.REP_26.fopt.gz
	[ALL done] cpu-time used =  6007.10 sec
	[ALL done] walltime used =  1831.00 sec
	-> Dumping file: /dss/dsshome1/lxc07/ru87mis2/scratch/ngsAdmix_ru87mis2/ngsAdmix_22290.REP_27.log
	-> Dumping file: /dss/dsshome1/lxc07/ru87mis2/scratch/ngsAdmix_ru87mis2/ngsAdmix_22290.REP_27.filter
Input: lname=../01.input/new.beagle.gz nPop=4, fname=(null) qname=(null) outfiles=/dss/dsshome1/lxc07/ru87mis2/scratch/ngsAdmix_ru87mis2/ngsAdmix_22290.REP_27
Setup: seed=1612851838 nThreads=4 method=1
Convergence: maxIter=2000 tol=0.000010 tolLike50=0.100000 dymBound=0
Filters: misTol=0.050000 minMaf=0.050000 minLrt=0.000000 minInd=0
Input file has dim: nsites=1985561 nind=55
Input file has dim (AFTER filtering): nsites=708874 nind=55
iter[start] like is=54633763.605708
iter[50] like is=-15404447.862987 thres=0.004122
iter[100] like is=-15403099.403766 thres=0.000979
iter[150] like is=-15403059.245778 thres=0.000037
iter[200] like is=-15403054.450308 thres=0.000014
iter[250] like is=-15403053.847638 thres=0.000002
EM accelerated Thread has reached convergence with tol 0.000010
best like=-15403053.686162 after 295 iterations
	-> Dumping file: /dss/dsshome1/lxc07/ru87mis2/scratch/ngsAdmix_ru87mis2/ngsAdmix_22290.REP_27.qopt
	-> Dumping file: /dss/dsshome1/lxc07/ru87mis2/scratch/ngsAdmix_ru87mis2/ngsAdmix_22290.REP_27.fopt.gz
	[ALL done] cpu-time used =  5884.08 sec
	[ALL done] walltime used =  1788.00 sec
	-> Dumping file: /dss/dsshome1/lxc07/ru87mis2/scratch/ngsAdmix_ru87mis2/ngsAdmix_22290.REP_28.log
	-> Dumping file: /dss/dsshome1/lxc07/ru87mis2/scratch/ngsAdmix_ru87mis2/ngsAdmix_22290.REP_28.filter
Input: lname=../01.input/new.beagle.gz nPop=4, fname=(null) qname=(null) outfiles=/dss/dsshome1/lxc07/ru87mis2/scratch/ngsAdmix_ru87mis2/ngsAdmix_22290.REP_28
Setup: seed=1612853626 nThreads=4 method=1
Convergence: maxIter=2000 tol=0.000010 tolLike50=0.100000 dymBound=0
Filters: misTol=0.050000 minMaf=0.050000 minLrt=0.000000 minInd=0
Input file has dim: nsites=1985561 nind=55
Input file has dim (AFTER filtering): nsites=708874 nind=55
iter[start] like is=54646844.956555
iter[50] like is=-15890164.644730 thres=0.011715
iter[100] like is=-15846861.850409 thres=0.000041
iter[150] like is=-15846807.375811 thres=0.000000
EM accelerated Thread has reached convergence with tol 0.000010
best like=-15846807.334287 after 167 iterations
	-> Dumping file: /dss/dsshome1/lxc07/ru87mis2/scratch/ngsAdmix_ru87mis2/ngsAdmix_22290.REP_28.qopt
	-> Dumping file: /dss/dsshome1/lxc07/ru87mis2/scratch/ngsAdmix_ru87mis2/ngsAdmix_22290.REP_28.fopt.gz
	[ALL done] cpu-time used =  3439.41 sec
	[ALL done] walltime used =  1124.00 sec
	-> Dumping file: /dss/dsshome1/lxc07/ru87mis2/scratch/ngsAdmix_ru87mis2/ngsAdmix_22290.REP_29.log
	-> Dumping file: /dss/dsshome1/lxc07/ru87mis2/scratch/ngsAdmix_ru87mis2/ngsAdmix_22290.REP_29.filter
Input: lname=../01.input/new.beagle.gz nPop=4, fname=(null) qname=(null) outfiles=/dss/dsshome1/lxc07/ru87mis2/scratch/ngsAdmix_ru87mis2/ngsAdmix_22290.REP_29
Setup: seed=1612854750 nThreads=4 method=1
Convergence: maxIter=2000 tol=0.000010 tolLike50=0.100000 dymBound=0
Filters: misTol=0.050000 minMaf=0.050000 minLrt=0.000000 minInd=0
Input file has dim: nsites=1985561 nind=55
Input file has dim (AFTER filtering): nsites=708874 nind=55
iter[start] like is=54594136.317528
iter[50] like is=-15409410.204386 thres=0.010237
iter[100] like is=-15403203.615398 thres=0.000859
iter[150] like is=-15403067.306728 thres=0.000167
iter[200] like is=-15403055.557234 thres=0.000023
iter[250] like is=-15403054.397461 thres=0.000013
iter[300] like is=-15403054.265567 thres=0.000002
EM accelerated Thread has reached convergence with tol 0.000010
best like=-15403054.234263 after 322 iterations
	-> Dumping file: /dss/dsshome1/lxc07/ru87mis2/scratch/ngsAdmix_ru87mis2/ngsAdmix_22290.REP_29.qopt
	-> Dumping file: /dss/dsshome1/lxc07/ru87mis2/scratch/ngsAdmix_ru87mis2/ngsAdmix_22290.REP_29.fopt.gz
	[ALL done] cpu-time used =  6407.62 sec
	[ALL done] walltime used =  1936.00 sec
	-> Dumping file: /dss/dsshome1/lxc07/ru87mis2/scratch/ngsAdmix_ru87mis2/ngsAdmix_22290.REP_30.log
	-> Dumping file: /dss/dsshome1/lxc07/ru87mis2/scratch/ngsAdmix_ru87mis2/ngsAdmix_22290.REP_30.filter
Input: lname=../01.input/new.beagle.gz nPop=4, fname=(null) qname=(null) outfiles=/dss/dsshome1/lxc07/ru87mis2/scratch/ngsAdmix_ru87mis2/ngsAdmix_22290.REP_30
Setup: seed=1612856686 nThreads=4 method=1
Convergence: maxIter=2000 tol=0.000010 tolLike50=0.100000 dymBound=0
Filters: misTol=0.050000 minMaf=0.050000 minLrt=0.000000 minInd=0
Input file has dim: nsites=1985561 nind=55
Input file has dim (AFTER filtering): nsites=708874 nind=55
iter[start] like is=54687363.137351
iter[50] like is=-15412312.037425 thres=0.008299
iter[100] like is=-15403301.700903 thres=0.000864
iter[150] like is=-15403068.327164 thres=0.000138
iter[200] like is=-15403055.564830 thres=0.000141
iter[250] like is=-15403053.797951 thres=0.000004
iter[300] like is=-15403053.607245 thres=0.000000
EM accelerated Thread has reached convergence with tol 0.000010
best like=-15403053.603453 after 308 iterations
	-> Dumping file: /dss/dsshome1/lxc07/ru87mis2/scratch/ngsAdmix_ru87mis2/ngsAdmix_22290.REP_30.qopt
	-> Dumping file: /dss/dsshome1/lxc07/ru87mis2/scratch/ngsAdmix_ru87mis2/ngsAdmix_22290.REP_30.fopt.gz
	[ALL done] cpu-time used =  6143.96 sec
	[ALL done] walltime used =  1867.00 sec
	-> Dumping file: /dss/dsshome1/lxc07/ru87mis2/scratch/ngsAdmix_ru87mis2/ngsAdmix_22290.REP_31.log
	-> Dumping file: /dss/dsshome1/lxc07/ru87mis2/scratch/ngsAdmix_ru87mis2/ngsAdmix_22290.REP_31.filter
Input: lname=../01.input/new.beagle.gz nPop=4, fname=(null) qname=(null) outfiles=/dss/dsshome1/lxc07/ru87mis2/scratch/ngsAdmix_ru87mis2/ngsAdmix_22290.REP_31
Setup: seed=1612858553 nThreads=4 method=1
Convergence: maxIter=2000 tol=0.000010 tolLike50=0.100000 dymBound=0
Filters: misTol=0.050000 minMaf=0.050000 minLrt=0.000000 minInd=0
Input file has dim: nsites=1985561 nind=55
Input file has dim (AFTER filtering): nsites=708874 nind=55
iter[start] like is=54753729.217739
iter[50] like is=-15506310.551439 thres=0.022701
iter[100] like is=-15411398.313507 thres=0.004740
iter[150] like is=-15403287.101770 thres=0.000987
iter[200] like is=-15403209.261357 thres=0.000101
iter[250] like is=-15403115.610630 thres=0.000600
iter[300] like is=-15403055.303921 thres=0.002837
iter[350] like is=-15403053.988971 thres=0.000185
EM accelerated Thread has reached convergence with tol 0.000010
best like=-15403053.981275 after 386 iterations
	-> Dumping file: /dss/dsshome1/lxc07/ru87mis2/scratch/ngsAdmix_ru87mis2/ngsAdmix_22290.REP_31.qopt
	-> Dumping file: /dss/dsshome1/lxc07/ru87mis2/scratch/ngsAdmix_ru87mis2/ngsAdmix_22290.REP_31.fopt.gz
	[ALL done] cpu-time used =  7621.25 sec
	[ALL done] walltime used =  2264.00 sec
	-> Dumping file: /dss/dsshome1/lxc07/ru87mis2/scratch/ngsAdmix_ru87mis2/ngsAdmix_22290.REP_32.log
	-> Dumping file: /dss/dsshome1/lxc07/ru87mis2/scratch/ngsAdmix_ru87mis2/ngsAdmix_22290.REP_32.filter
Input: lname=../01.input/new.beagle.gz nPop=4, fname=(null) qname=(null) outfiles=/dss/dsshome1/lxc07/ru87mis2/scratch/ngsAdmix_ru87mis2/ngsAdmix_22290.REP_32
Setup: seed=1612860817 nThreads=4 method=1
Convergence: maxIter=2000 tol=0.000010 tolLike50=0.100000 dymBound=0
Filters: misTol=0.050000 minMaf=0.050000 minLrt=0.000000 minInd=0
Input file has dim: nsites=1985561 nind=55
Input file has dim (AFTER filtering): nsites=708874 nind=55
iter[start] like is=54594220.290444
iter[50] like is=-15405128.211517 thres=0.004539
iter[100] like is=-15403112.939253 thres=0.000419
iter[150] like is=-15403060.331160 thres=0.000048
iter[200] like is=-15403054.588666 thres=0.000146
iter[250] like is=-15403053.937207 thres=0.000002
iter[300] like is=-15403053.717883 thres=0.000000
EM accelerated Thread has reached convergence with tol 0.000010
best like=-15403053.717069 after 303 iterations
	-> Dumping file: /dss/dsshome1/lxc07/ru87mis2/scratch/ngsAdmix_ru87mis2/ngsAdmix_22290.REP_32.qopt
	-> Dumping file: /dss/dsshome1/lxc07/ru87mis2/scratch/ngsAdmix_ru87mis2/ngsAdmix_22290.REP_32.fopt.gz
	[ALL done] cpu-time used =  6069.57 sec
	[ALL done] walltime used =  1941.00 sec
	-> Dumping file: /dss/dsshome1/lxc07/ru87mis2/scratch/ngsAdmix_ru87mis2/ngsAdmix_22290.REP_33.log
	-> Dumping file: /dss/dsshome1/lxc07/ru87mis2/scratch/ngsAdmix_ru87mis2/ngsAdmix_22290.REP_33.filter
Input: lname=../01.input/new.beagle.gz nPop=4, fname=(null) qname=(null) outfiles=/dss/dsshome1/lxc07/ru87mis2/scratch/ngsAdmix_ru87mis2/ngsAdmix_22290.REP_33
Setup: seed=1612862758 nThreads=4 method=1
Convergence: maxIter=2000 tol=0.000010 tolLike50=0.100000 dymBound=0
Filters: misTol=0.050000 minMaf=0.050000 minLrt=0.000000 minInd=0
Input file has dim: nsites=1985561 nind=55
Input file has dim (AFTER filtering): nsites=708874 nind=55
iter[start] like is=54320883.331039
iter[50] like is=-15404840.721679 thres=0.004802
iter[100] like is=-15403112.280914 thres=0.000446
iter[150] like is=-15403059.712279 thres=0.000183
iter[200] like is=-15403054.801394 thres=0.000037
iter[250] like is=-15403053.947164 thres=0.000005
iter[300] like is=-15403053.776927 thres=0.000001
EM accelerated Thread has reached convergence with tol 0.000010
best like=-15403053.740623 after 307 iterations
	-> Dumping file: /dss/dsshome1/lxc07/ru87mis2/scratch/ngsAdmix_ru87mis2/ngsAdmix_22290.REP_33.qopt
	-> Dumping file: /dss/dsshome1/lxc07/ru87mis2/scratch/ngsAdmix_ru87mis2/ngsAdmix_22290.REP_33.fopt.gz
	[ALL done] cpu-time used =  6125.79 sec
	[ALL done] walltime used =  1862.00 sec
	-> Dumping file: /dss/dsshome1/lxc07/ru87mis2/scratch/ngsAdmix_ru87mis2/ngsAdmix_22290.REP_34.log
	-> Dumping file: /dss/dsshome1/lxc07/ru87mis2/scratch/ngsAdmix_ru87mis2/ngsAdmix_22290.REP_34.filter
Input: lname=../01.input/new.beagle.gz nPop=4, fname=(null) qname=(null) outfiles=/dss/dsshome1/lxc07/ru87mis2/scratch/ngsAdmix_ru87mis2/ngsAdmix_22290.REP_34
Setup: seed=1612864620 nThreads=4 method=1
Convergence: maxIter=2000 tol=0.000010 tolLike50=0.100000 dymBound=0
Filters: misTol=0.050000 minMaf=0.050000 minLrt=0.000000 minInd=0
Input file has dim: nsites=1985561 nind=55
Input file has dim (AFTER filtering): nsites=708874 nind=55
iter[start] like is=54720727.186196
iter[50] like is=-15403958.970004 thres=0.003059
iter[100] like is=-15403079.769006 thres=0.001013
iter[150] like is=-15403057.074455 thres=0.000024
iter[200] like is=-15403053.969616 thres=0.000010
iter[250] like is=-15403053.290637 thres=0.000001
EM accelerated Thread has reached convergence with tol 0.000010
best like=-15403053.269046 after 262 iterations
	-> Dumping file: /dss/dsshome1/lxc07/ru87mis2/scratch/ngsAdmix_ru87mis2/ngsAdmix_22290.REP_34.qopt
	-> Dumping file: /dss/dsshome1/lxc07/ru87mis2/scratch/ngsAdmix_ru87mis2/ngsAdmix_22290.REP_34.fopt.gz
	[ALL done] cpu-time used =  5272.16 sec
	[ALL done] walltime used =  1627.00 sec
	-> Dumping file: /dss/dsshome1/lxc07/ru87mis2/scratch/ngsAdmix_ru87mis2/ngsAdmix_22290.REP_35.log
	-> Dumping file: /dss/dsshome1/lxc07/ru87mis2/scratch/ngsAdmix_ru87mis2/ngsAdmix_22290.REP_35.filter
Input: lname=../01.input/new.beagle.gz nPop=4, fname=(null) qname=(null) outfiles=/dss/dsshome1/lxc07/ru87mis2/scratch/ngsAdmix_ru87mis2/ngsAdmix_22290.REP_35
Setup: seed=1612866247 nThreads=4 method=1
Convergence: maxIter=2000 tol=0.000010 tolLike50=0.100000 dymBound=0
Filters: misTol=0.050000 minMaf=0.050000 minLrt=0.000000 minInd=0
Input file has dim: nsites=1985561 nind=55
Input file has dim (AFTER filtering): nsites=708874 nind=55
iter[start] like is=54635749.578639
iter[50] like is=-15930945.852878 thres=0.011059
iter[100] like is=-15858600.867049 thres=0.003803
iter[150] like is=-15850101.445541 thres=0.001624
iter[200] like is=-15846974.336581 thres=0.001323
iter[250] like is=-15846809.796277 thres=0.000000
iter[300] like is=-15846809.624002 thres=0.000000
EM accelerated Thread has reached convergence with tol 0.000010
best like=-15846809.618940 after 306 iterations
	-> Dumping file: /dss/dsshome1/lxc07/ru87mis2/scratch/ngsAdmix_ru87mis2/ngsAdmix_22290.REP_35.qopt
	-> Dumping file: /dss/dsshome1/lxc07/ru87mis2/scratch/ngsAdmix_ru87mis2/ngsAdmix_22290.REP_35.fopt.gz
	[ALL done] cpu-time used =  6137.35 sec
	[ALL done] walltime used =  1880.00 sec
	-> Dumping file: /dss/dsshome1/lxc07/ru87mis2/scratch/ngsAdmix_ru87mis2/ngsAdmix_22290.REP_36.log
	-> Dumping file: /dss/dsshome1/lxc07/ru87mis2/scratch/ngsAdmix_ru87mis2/ngsAdmix_22290.REP_36.filter
Input: lname=../01.input/new.beagle.gz nPop=4, fname=(null) qname=(null) outfiles=/dss/dsshome1/lxc07/ru87mis2/scratch/ngsAdmix_ru87mis2/ngsAdmix_22290.REP_36
Setup: seed=1612868127 nThreads=4 method=1
Convergence: maxIter=2000 tol=0.000010 tolLike50=0.100000 dymBound=0
Filters: misTol=0.050000 minMaf=0.050000 minLrt=0.000000 minInd=0
Input file has dim: nsites=1985561 nind=55
Input file has dim (AFTER filtering): nsites=708874 nind=55
iter[start] like is=54425527.905454
iter[50] like is=-15403770.270378 thres=0.002531
iter[100] like is=-15403060.362114 thres=0.000080
iter[150] like is=-15403054.097773 thres=0.000010
iter[200] like is=-15403053.095617 thres=0.000009
EM accelerated Thread has reached convergence with tol 0.000010
best like=-15403052.888339 after 235 iterations
	-> Dumping file: /dss/dsshome1/lxc07/ru87mis2/scratch/ngsAdmix_ru87mis2/ngsAdmix_22290.REP_36.qopt
	-> Dumping file: /dss/dsshome1/lxc07/ru87mis2/scratch/ngsAdmix_ru87mis2/ngsAdmix_22290.REP_36.fopt.gz
	[ALL done] cpu-time used =  4741.17 sec
	[ALL done] walltime used =  1478.00 sec
	-> Dumping file: /dss/dsshome1/lxc07/ru87mis2/scratch/ngsAdmix_ru87mis2/ngsAdmix_22290.REP_37.log
	-> Dumping file: /dss/dsshome1/lxc07/ru87mis2/scratch/ngsAdmix_ru87mis2/ngsAdmix_22290.REP_37.filter
Input: lname=../01.input/new.beagle.gz nPop=4, fname=(null) qname=(null) outfiles=/dss/dsshome1/lxc07/ru87mis2/scratch/ngsAdmix_ru87mis2/ngsAdmix_22290.REP_37
Setup: seed=1612869605 nThreads=4 method=1
Convergence: maxIter=2000 tol=0.000010 tolLike50=0.100000 dymBound=0
Filters: misTol=0.050000 minMaf=0.050000 minLrt=0.000000 minInd=0
Input file has dim: nsites=1985561 nind=55
Input file has dim (AFTER filtering): nsites=708874 nind=55
iter[start] like is=54992200.660850
iter[50] like is=-15410363.918567 thres=0.006214
iter[100] like is=-15403235.182046 thres=0.000459
iter[150] like is=-15403064.650272 thres=0.000107
iter[200] like is=-15403053.176788 thres=0.000055
iter[250] like is=-15403052.093864 thres=0.000011
iter[300] like is=-15403051.879024 thres=0.000002
EM accelerated Thread has reached convergence with tol 0.000010
best like=-15403051.846356 after 314 iterations
	-> Dumping file: /dss/dsshome1/lxc07/ru87mis2/scratch/ngsAdmix_ru87mis2/ngsAdmix_22290.REP_37.qopt
	-> Dumping file: /dss/dsshome1/lxc07/ru87mis2/scratch/ngsAdmix_ru87mis2/ngsAdmix_22290.REP_37.fopt.gz
	[ALL done] cpu-time used =  6256.41 sec
	[ALL done] walltime used =  1896.00 sec
	-> Dumping file: /dss/dsshome1/lxc07/ru87mis2/scratch/ngsAdmix_ru87mis2/ngsAdmix_22290.REP_38.log
	-> Dumping file: /dss/dsshome1/lxc07/ru87mis2/scratch/ngsAdmix_ru87mis2/ngsAdmix_22290.REP_38.filter
Input: lname=../01.input/new.beagle.gz nPop=4, fname=(null) qname=(null) outfiles=/dss/dsshome1/lxc07/ru87mis2/scratch/ngsAdmix_ru87mis2/ngsAdmix_22290.REP_38
Setup: seed=1612871501 nThreads=4 method=1
Convergence: maxIter=2000 tol=0.000010 tolLike50=0.100000 dymBound=0
Filters: misTol=0.050000 minMaf=0.050000 minLrt=0.000000 minInd=0
Input file has dim: nsites=1985561 nind=55
Input file has dim (AFTER filtering): nsites=708874 nind=55
iter[start] like is=54373014.413360
iter[50] like is=-15404435.186393 thres=0.001351
iter[100] like is=-15403095.847636 thres=0.000284
iter[150] like is=-15403059.745542 thres=0.000107
iter[200] like is=-15403054.832126 thres=0.000010
iter[250] like is=-15403054.204822 thres=0.000005
EM accelerated Thread has reached convergence with tol 0.000010
best like=-15403054.073726 after 287 iterations
	-> Dumping file: /dss/dsshome1/lxc07/ru87mis2/scratch/ngsAdmix_ru87mis2/ngsAdmix_22290.REP_38.qopt
	-> Dumping file: /dss/dsshome1/lxc07/ru87mis2/scratch/ngsAdmix_ru87mis2/ngsAdmix_22290.REP_38.fopt.gz
	[ALL done] cpu-time used =  5740.08 sec
	[ALL done] walltime used =  1751.00 sec
	-> Dumping file: /dss/dsshome1/lxc07/ru87mis2/scratch/ngsAdmix_ru87mis2/ngsAdmix_22290.REP_39.log
	-> Dumping file: /dss/dsshome1/lxc07/ru87mis2/scratch/ngsAdmix_ru87mis2/ngsAdmix_22290.REP_39.filter
Input: lname=../01.input/new.beagle.gz nPop=4, fname=(null) qname=(null) outfiles=/dss/dsshome1/lxc07/ru87mis2/scratch/ngsAdmix_ru87mis2/ngsAdmix_22290.REP_39
Setup: seed=1612873253 nThreads=4 method=1
Convergence: maxIter=2000 tol=0.000010 tolLike50=0.100000 dymBound=0
Filters: misTol=0.050000 minMaf=0.050000 minLrt=0.000000 minInd=0
Input file has dim: nsites=1985561 nind=55
Input file has dim (AFTER filtering): nsites=708874 nind=55
iter[start] like is=54517126.467210
iter[50] like is=-15689886.595357 thres=0.002633
iter[100] like is=-15432163.056883 thres=0.013273
iter[150] like is=-15405136.635580 thres=0.000948
iter[200] like is=-15403930.916946 thres=0.000107
iter[250] like is=-15403384.954230 thres=0.000620
iter[300] like is=-15403333.460406 thres=0.000060
iter[350] like is=-15403077.318963 thres=0.000029
iter[400] like is=-15403076.945584 thres=0.000004
EM accelerated Thread has reached convergence with tol 0.000010
best like=-15403076.789241 after 431 iterations
	-> Dumping file: /dss/dsshome1/lxc07/ru87mis2/scratch/ngsAdmix_ru87mis2/ngsAdmix_22290.REP_39.qopt
	-> Dumping file: /dss/dsshome1/lxc07/ru87mis2/scratch/ngsAdmix_ru87mis2/ngsAdmix_22290.REP_39.fopt.gz
	[ALL done] cpu-time used =  8479.18 sec
	[ALL done] walltime used =  2499.00 sec
	-> Dumping file: /dss/dsshome1/lxc07/ru87mis2/scratch/ngsAdmix_ru87mis2/ngsAdmix_22290.REP_40.log
	-> Dumping file: /dss/dsshome1/lxc07/ru87mis2/scratch/ngsAdmix_ru87mis2/ngsAdmix_22290.REP_40.filter
Input: lname=../01.input/new.beagle.gz nPop=4, fname=(null) qname=(null) outfiles=/dss/dsshome1/lxc07/ru87mis2/scratch/ngsAdmix_ru87mis2/ngsAdmix_22290.REP_40
Setup: seed=1612875752 nThreads=4 method=1
Convergence: maxIter=2000 tol=0.000010 tolLike50=0.100000 dymBound=0
Filters: misTol=0.050000 minMaf=0.050000 minLrt=0.000000 minInd=0
Input file has dim: nsites=1985561 nind=55
Input file has dim (AFTER filtering): nsites=708874 nind=55
iter[start] like is=54648374.771051
iter[50] like is=-15405058.743234 thres=0.001239
iter[100] like is=-15403097.629895 thres=0.000079
iter[150] like is=-15403063.987761 thres=0.000036
iter[200] like is=-15403061.041930 thres=0.000007
iter[250] like is=-15403060.593117 thres=0.000001
EM accelerated Thread has reached convergence with tol 0.000010
best like=-15403060.525113 after 265 iterations
	-> Dumping file: /dss/dsshome1/lxc07/ru87mis2/scratch/ngsAdmix_ru87mis2/ngsAdmix_22290.REP_40.qopt
	-> Dumping file: /dss/dsshome1/lxc07/ru87mis2/scratch/ngsAdmix_ru87mis2/ngsAdmix_22290.REP_40.fopt.gz
	[ALL done] cpu-time used =  5330.55 sec
	[ALL done] walltime used =  1647.00 sec
	-> Dumping file: /dss/dsshome1/lxc07/ru87mis2/scratch/ngsAdmix_ru87mis2/ngsAdmix_22290.REP_41.log
	-> Dumping file: /dss/dsshome1/lxc07/ru87mis2/scratch/ngsAdmix_ru87mis2/ngsAdmix_22290.REP_41.filter
Input: lname=../01.input/new.beagle.gz nPop=4, fname=(null) qname=(null) outfiles=/dss/dsshome1/lxc07/ru87mis2/scratch/ngsAdmix_ru87mis2/ngsAdmix_22290.REP_41
Setup: seed=1612877399 nThreads=4 method=1
Convergence: maxIter=2000 tol=0.000010 tolLike50=0.100000 dymBound=0
Filters: misTol=0.050000 minMaf=0.050000 minLrt=0.000000 minInd=0
Input file has dim: nsites=1985561 nind=55
Input file has dim (AFTER filtering): nsites=708874 nind=55
iter[start] like is=54510234.579194
iter[50] like is=-15408843.756539 thres=0.006378
iter[100] like is=-15403170.554021 thres=0.001111
iter[150] like is=-15403065.161643 thres=0.000194
iter[200] like is=-15403055.230014 thres=0.000042
iter[250] like is=-15403053.990750 thres=0.000005
EM accelerated Thread has reached convergence with tol 0.000010
best like=-15403053.766689 after 300 iterations
	-> Dumping file: /dss/dsshome1/lxc07/ru87mis2/scratch/ngsAdmix_ru87mis2/ngsAdmix_22290.REP_41.qopt
	-> Dumping file: /dss/dsshome1/lxc07/ru87mis2/scratch/ngsAdmix_ru87mis2/ngsAdmix_22290.REP_41.fopt.gz
	[ALL done] cpu-time used =  5979.33 sec
	[ALL done] walltime used =  1813.00 sec
	-> Dumping file: /dss/dsshome1/lxc07/ru87mis2/scratch/ngsAdmix_ru87mis2/ngsAdmix_22290.REP_42.log
	-> Dumping file: /dss/dsshome1/lxc07/ru87mis2/scratch/ngsAdmix_ru87mis2/ngsAdmix_22290.REP_42.filter
Input: lname=../01.input/new.beagle.gz nPop=4, fname=(null) qname=(null) outfiles=/dss/dsshome1/lxc07/ru87mis2/scratch/ngsAdmix_ru87mis2/ngsAdmix_22290.REP_42
Setup: seed=1612879212 nThreads=4 method=1
Convergence: maxIter=2000 tol=0.000010 tolLike50=0.100000 dymBound=0
Filters: misTol=0.050000 minMaf=0.050000 minLrt=0.000000 minInd=0
Input file has dim: nsites=1985561 nind=55
Input file has dim (AFTER filtering): nsites=708874 nind=55
iter[start] like is=54543499.668212
iter[50] like is=-15885272.522170 thres=0.012815
iter[100] like is=-15853737.282468 thres=0.001778
iter[150] like is=-15846808.480462 thres=0.000001
EM accelerated Thread has reached convergence with tol 0.000010
best like=-15846807.924704 after 190 iterations
	-> Dumping file: /dss/dsshome1/lxc07/ru87mis2/scratch/ngsAdmix_ru87mis2/ngsAdmix_22290.REP_42.qopt
	-> Dumping file: /dss/dsshome1/lxc07/ru87mis2/scratch/ngsAdmix_ru87mis2/ngsAdmix_22290.REP_42.fopt.gz
	[ALL done] cpu-time used =  3879.48 sec
	[ALL done] walltime used =  1239.00 sec
	-> Dumping file: /dss/dsshome1/lxc07/ru87mis2/scratch/ngsAdmix_ru87mis2/ngsAdmix_22290.REP_43.log
	-> Dumping file: /dss/dsshome1/lxc07/ru87mis2/scratch/ngsAdmix_ru87mis2/ngsAdmix_22290.REP_43.filter
Input: lname=../01.input/new.beagle.gz nPop=4, fname=(null) qname=(null) outfiles=/dss/dsshome1/lxc07/ru87mis2/scratch/ngsAdmix_ru87mis2/ngsAdmix_22290.REP_43
Setup: seed=1612880452 nThreads=4 method=1
Convergence: maxIter=2000 tol=0.000010 tolLike50=0.100000 dymBound=0
Filters: misTol=0.050000 minMaf=0.050000 minLrt=0.000000 minInd=0
Input file has dim: nsites=1985561 nind=55
Input file has dim (AFTER filtering): nsites=708874 nind=55
iter[start] like is=54594103.309840
iter[50] like is=-15407693.498197 thres=0.002988
iter[100] like is=-15403215.577147 thres=0.001802
iter[150] like is=-15403065.823854 thres=0.000094
iter[200] like is=-15403054.379445 thres=0.000035
iter[250] like is=-15403052.900679 thres=0.000002
EM accelerated Thread has reached convergence with tol 0.000010
best like=-15403052.740552 after 299 iterations
	-> Dumping file: /dss/dsshome1/lxc07/ru87mis2/scratch/ngsAdmix_ru87mis2/ngsAdmix_22290.REP_43.qopt
	-> Dumping file: /dss/dsshome1/lxc07/ru87mis2/scratch/ngsAdmix_ru87mis2/ngsAdmix_22290.REP_43.fopt.gz
	[ALL done] cpu-time used =  5959.03 sec
	[ALL done] walltime used =  1808.00 sec
	-> Dumping file: /dss/dsshome1/lxc07/ru87mis2/scratch/ngsAdmix_ru87mis2/ngsAdmix_22290.REP_44.log
	-> Dumping file: /dss/dsshome1/lxc07/ru87mis2/scratch/ngsAdmix_ru87mis2/ngsAdmix_22290.REP_44.filter
Input: lname=../01.input/new.beagle.gz nPop=4, fname=(null) qname=(null) outfiles=/dss/dsshome1/lxc07/ru87mis2/scratch/ngsAdmix_ru87mis2/ngsAdmix_22290.REP_44
Setup: seed=1612882260 nThreads=4 method=1
Convergence: maxIter=2000 tol=0.000010 tolLike50=0.100000 dymBound=0
Filters: misTol=0.050000 minMaf=0.050000 minLrt=0.000000 minInd=0
Input file has dim: nsites=1985561 nind=55
Input file has dim (AFTER filtering): nsites=708874 nind=55
iter[start] like is=54509945.262639
iter[50] like is=-15405213.703985 thres=0.001220
iter[100] like is=-15403101.665965 thres=0.000183
iter[150] like is=-15403057.923263 thres=0.000302
iter[200] like is=-15403053.912507 thres=0.000738
iter[250] like is=-15403053.496333 thres=0.000017
EM accelerated Thread has reached convergence with tol 0.000010
best like=-15403053.355215 after 283 iterations
	-> Dumping file: /dss/dsshome1/lxc07/ru87mis2/scratch/ngsAdmix_ru87mis2/ngsAdmix_22290.REP_44.qopt
	-> Dumping file: /dss/dsshome1/lxc07/ru87mis2/scratch/ngsAdmix_ru87mis2/ngsAdmix_22290.REP_44.fopt.gz
	[ALL done] cpu-time used =  5659.91 sec
	[ALL done] walltime used =  1729.00 sec
	-> Dumping file: /dss/dsshome1/lxc07/ru87mis2/scratch/ngsAdmix_ru87mis2/ngsAdmix_22290.REP_45.log
	-> Dumping file: /dss/dsshome1/lxc07/ru87mis2/scratch/ngsAdmix_ru87mis2/ngsAdmix_22290.REP_45.filter
Input: lname=../01.input/new.beagle.gz nPop=4, fname=(null) qname=(null) outfiles=/dss/dsshome1/lxc07/ru87mis2/scratch/ngsAdmix_ru87mis2/ngsAdmix_22290.REP_45
Setup: seed=1612883989 nThreads=4 method=1
Convergence: maxIter=2000 tol=0.000010 tolLike50=0.100000 dymBound=0
Filters: misTol=0.050000 minMaf=0.050000 minLrt=0.000000 minInd=0
Input file has dim: nsites=1985561 nind=55
Input file has dim (AFTER filtering): nsites=708874 nind=55
iter[start] like is=54463587.436393
iter[50] like is=-15404191.412884 thres=0.000895
iter[100] like is=-15403092.786950 thres=0.000182
iter[150] like is=-15403057.151690 thres=0.000290
iter[200] like is=-15403053.884002 thres=0.000006
iter[250] like is=-15403053.446108 thres=0.000006
EM accelerated Thread has reached convergence with tol 0.000010
best like=-15403053.322624 after 294 iterations
	-> Dumping file: /dss/dsshome1/lxc07/ru87mis2/scratch/ngsAdmix_ru87mis2/ngsAdmix_22290.REP_45.qopt
	-> Dumping file: /dss/dsshome1/lxc07/ru87mis2/scratch/ngsAdmix_ru87mis2/ngsAdmix_22290.REP_45.fopt.gz
	[ALL done] cpu-time used =  5868.26 sec
	[ALL done] walltime used =  1784.00 sec
	-> Dumping file: /dss/dsshome1/lxc07/ru87mis2/scratch/ngsAdmix_ru87mis2/ngsAdmix_22290.REP_46.log
	-> Dumping file: /dss/dsshome1/lxc07/ru87mis2/scratch/ngsAdmix_ru87mis2/ngsAdmix_22290.REP_46.filter
Input: lname=../01.input/new.beagle.gz nPop=4, fname=(null) qname=(null) outfiles=/dss/dsshome1/lxc07/ru87mis2/scratch/ngsAdmix_ru87mis2/ngsAdmix_22290.REP_46
Setup: seed=1612885773 nThreads=4 method=1
Convergence: maxIter=2000 tol=0.000010 tolLike50=0.100000 dymBound=0
Filters: misTol=0.050000 minMaf=0.050000 minLrt=0.000000 minInd=0
Input file has dim: nsites=1985561 nind=55
Input file has dim (AFTER filtering): nsites=708874 nind=55
iter[start] like is=54372713.503557
iter[50] like is=-15863650.876965 thres=0.008488
iter[100] like is=-15850576.437604 thres=0.001892
iter[150] like is=-15847130.202022 thres=0.000309
iter[200] like is=-15846809.878955 thres=0.000034
EM accelerated Thread has reached convergence with tol 0.000010
best like=-15846809.146139 after 250 iterations
	-> Dumping file: /dss/dsshome1/lxc07/ru87mis2/scratch/ngsAdmix_ru87mis2/ngsAdmix_22290.REP_46.qopt
	-> Dumping file: /dss/dsshome1/lxc07/ru87mis2/scratch/ngsAdmix_ru87mis2/ngsAdmix_22290.REP_46.fopt.gz
	[ALL done] cpu-time used =  5023.02 sec
	[ALL done] walltime used =  1552.00 sec
	-> Dumping file: /dss/dsshome1/lxc07/ru87mis2/scratch/ngsAdmix_ru87mis2/ngsAdmix_22290.REP_47.log
	-> Dumping file: /dss/dsshome1/lxc07/ru87mis2/scratch/ngsAdmix_ru87mis2/ngsAdmix_22290.REP_47.filter
Input: lname=../01.input/new.beagle.gz nPop=4, fname=(null) qname=(null) outfiles=/dss/dsshome1/lxc07/ru87mis2/scratch/ngsAdmix_ru87mis2/ngsAdmix_22290.REP_47
Setup: seed=1612887325 nThreads=4 method=1
Convergence: maxIter=2000 tol=0.000010 tolLike50=0.100000 dymBound=0
Filters: misTol=0.050000 minMaf=0.050000 minLrt=0.000000 minInd=0
Input file has dim: nsites=1985561 nind=55
Input file has dim (AFTER filtering): nsites=708874 nind=55
iter[start] like is=54601983.996380
iter[50] like is=-15403581.870401 thres=0.000612
iter[100] like is=-15403075.854994 thres=0.000105
iter[150] like is=-15403055.653131 thres=0.000185
iter[200] like is=-15403053.551163 thres=0.000004
iter[250] like is=-15403053.186029 thres=0.000001
EM accelerated Thread has reached convergence with tol 0.000010
best like=-15403053.144341 after 263 iterations
	-> Dumping file: /dss/dsshome1/lxc07/ru87mis2/scratch/ngsAdmix_ru87mis2/ngsAdmix_22290.REP_47.qopt
	-> Dumping file: /dss/dsshome1/lxc07/ru87mis2/scratch/ngsAdmix_ru87mis2/ngsAdmix_22290.REP_47.fopt.gz
	[ALL done] cpu-time used =  5288.23 sec
	[ALL done] walltime used =  1635.00 sec
	-> Dumping file: /dss/dsshome1/lxc07/ru87mis2/scratch/ngsAdmix_ru87mis2/ngsAdmix_22290.REP_48.log
	-> Dumping file: /dss/dsshome1/lxc07/ru87mis2/scratch/ngsAdmix_ru87mis2/ngsAdmix_22290.REP_48.filter
Input: lname=../01.input/new.beagle.gz nPop=4, fname=(null) qname=(null) outfiles=/dss/dsshome1/lxc07/ru87mis2/scratch/ngsAdmix_ru87mis2/ngsAdmix_22290.REP_48
Setup: seed=1612888960 nThreads=4 method=1
Convergence: maxIter=2000 tol=0.000010 tolLike50=0.100000 dymBound=0
Filters: misTol=0.050000 minMaf=0.050000 minLrt=0.000000 minInd=0
Input file has dim: nsites=1985561 nind=55
Input file has dim (AFTER filtering): nsites=708874 nind=55
iter[start] like is=54720515.640354
iter[50] like is=-15404273.858833 thres=0.004217
iter[100] like is=-15403099.410488 thres=0.000397
iter[150] like is=-15403057.490431 thres=0.000049
iter[200] like is=-15403052.524000 thres=0.000009
iter[250] like is=-15403052.209278 thres=0.000002
EM accelerated Thread has reached convergence with tol 0.000010
best like=-15403052.189358 after 285 iterations
	-> Dumping file: /dss/dsshome1/lxc07/ru87mis2/scratch/ngsAdmix_ru87mis2/ngsAdmix_22290.REP_48.qopt
	-> Dumping file: /dss/dsshome1/lxc07/ru87mis2/scratch/ngsAdmix_ru87mis2/ngsAdmix_22290.REP_48.fopt.gz
	[ALL done] cpu-time used =  5702.28 sec
	[ALL done] walltime used =  1740.00 sec
	-> Dumping file: /dss/dsshome1/lxc07/ru87mis2/scratch/ngsAdmix_ru87mis2/ngsAdmix_22290.REP_49.log
	-> Dumping file: /dss/dsshome1/lxc07/ru87mis2/scratch/ngsAdmix_ru87mis2/ngsAdmix_22290.REP_49.filter
Input: lname=../01.input/new.beagle.gz nPop=4, fname=(null) qname=(null) outfiles=/dss/dsshome1/lxc07/ru87mis2/scratch/ngsAdmix_ru87mis2/ngsAdmix_22290.REP_49
Setup: seed=1612890700 nThreads=4 method=1
Convergence: maxIter=2000 tol=0.000010 tolLike50=0.100000 dymBound=0
Filters: misTol=0.050000 minMaf=0.050000 minLrt=0.000000 minInd=0
Input file has dim: nsites=1985561 nind=55
Input file has dim (AFTER filtering): nsites=708874 nind=55
iter[start] like is=54564669.178058
iter[50] like is=-15404111.139520 thres=0.001105
iter[100] like is=-15403092.962946 thres=0.000203
iter[150] like is=-15403057.846305 thres=0.000100
iter[200] like is=-15403054.403929 thres=0.000023
iter[250] like is=-15403053.968964 thres=0.000001
EM accelerated Thread has reached convergence with tol 0.000010
best like=-15403053.909860 after 284 iterations
	-> Dumping file: /dss/dsshome1/lxc07/ru87mis2/scratch/ngsAdmix_ru87mis2/ngsAdmix_22290.REP_49.qopt
	-> Dumping file: /dss/dsshome1/lxc07/ru87mis2/scratch/ngsAdmix_ru87mis2/ngsAdmix_22290.REP_49.fopt.gz
	[ALL done] cpu-time used =  5710.92 sec
	[ALL done] walltime used =  1756.00 sec
	-> Dumping file: /dss/dsshome1/lxc07/ru87mis2/scratch/ngsAdmix_ru87mis2/ngsAdmix_22290.REP_50.log
	-> Dumping file: /dss/dsshome1/lxc07/ru87mis2/scratch/ngsAdmix_ru87mis2/ngsAdmix_22290.REP_50.filter
Input: lname=../01.input/new.beagle.gz nPop=4, fname=(null) qname=(null) outfiles=/dss/dsshome1/lxc07/ru87mis2/scratch/ngsAdmix_ru87mis2/ngsAdmix_22290.REP_50
Setup: seed=1612892460 nThreads=4 method=1
Convergence: maxIter=2000 tol=0.000010 tolLike50=0.100000 dymBound=0
Filters: misTol=0.050000 minMaf=0.050000 minLrt=0.000000 minInd=0
Input file has dim: nsites=1985561 nind=55
Input file has dim (AFTER filtering): nsites=708874 nind=55
iter[start] like is=54544169.712902
iter[50] like is=-15441970.826351 thres=0.013935
iter[100] like is=-15403312.351154 thres=0.002063
iter[150] like is=-15403063.642200 thres=0.000056
iter[200] like is=-15403055.583491 thres=0.000106
iter[250] like is=-15403054.509397 thres=0.000011
iter[300] like is=-15403054.162903 thres=0.000001
EM accelerated Thread has reached convergence with tol 0.000010
best like=-15403054.071047 after 322 iterations
	-> Dumping file: /dss/dsshome1/lxc07/ru87mis2/scratch/ngsAdmix_ru87mis2/ngsAdmix_22290.REP_50.qopt
	-> Dumping file: /dss/dsshome1/lxc07/ru87mis2/scratch/ngsAdmix_ru87mis2/ngsAdmix_22290.REP_50.fopt.gz
	[ALL done] cpu-time used =  6407.24 sec
	[ALL done] walltime used =  1936.00 sec
