	-> angsd version: 0.930 (htslib: 1.9) build(Mar 20 2020 16:59:13)
	-> [prep_sites.cpp] Reading binary representation of '../../00.beagle/01.input/neutral_sites'
	-> [prep_sites.cpp] nChr: 1 loaded from binary filter file
	-> [abcFilter.cpp] -sites is still beta, use at own risk...
	-> Reading fasta: ../../00.beagle/01.input/grasshopperRef.fasta
	-> SNP-filter using a pvalue: 1.000000e-02 correspond to 6.634897 likelihood units
[bammer_main] 55 samples in 55 input files
	-> Parsing 55 number of samples 
	-> Region lookup 1/1
[shared.cpp.changeChr():281] refid:0
Charnge chr:0

	-> Allocated ~ 10 million nodes to the nodepool, this is not an estimate of the memory usage

	-> Allocated ~ 20 million nodes to the nodepool, this is not an estimate of the memory usage
	-> Printing at chr: chr1 pos:64370 chunknumber 100 contains 251 sites
	-> Printing at chr: chr1 pos:128408 chunknumber 200 contains 251 sites
	-> Printing at chr: chr1 pos:177137 chunknumber 300 contains 252 sites
	-> Printing at chr: chr1 pos:232636 chunknumber 400 contains 873 sites
	-> Printing at chr: chr1 pos:287040 chunknumber 500 contains 1900 sites
	-> Printing at chr: chr1 pos:365538 chunknumber 600 contains 251 sites
	-> Printing at chr: chr1 pos:409933 chunknumber 700 contains 323 sites
	-> Printing at chr: chr1 pos:456086 chunknumber 800 contains 484 sites
	-> Printing at chr: chr1 pos:529270 chunknumber 900 contains 1458 sites
	-> Printing at chr: chr1 pos:567970 chunknumber 1000 contains 661 sites
	-> Printing at chr: chr1 pos:609419 chunknumber 1100 contains 261 sites
	-> Printing at chr: chr1 pos:657496 chunknumber 1200 contains 256 sites
	-> Printing at chr: chr1 pos:728617 chunknumber 1300 contains 256 sites
	-> Printing at chr: chr1 pos:773752 chunknumber 1400 contains 254 sites
	-> Printing at chr: chr1 pos:830191 chunknumber 1500 contains 388 sites
	-> Printing at chr: chr1 pos:890403 chunknumber 1600 contains 251 sites
	-> Printing at chr: chr1 pos:952808 chunknumber 1700 contains 258 sites
	-> Printing at chr: chr1 pos:1024746 chunknumber 1800 contains 257 sites
	-> Printing at chr: chr1 pos:1079144 chunknumber 1900 contains 595 sites
	-> Printing at chr: chr1 pos:1172242 chunknumber 2000 contains 288 sites
	-> Printing at chr: chr1 pos:1231805 chunknumber 2100 contains 723 sites
	-> Printing at chr: chr1 pos:1307855 chunknumber 2200 contains 340 sites
	-> Printing at chr: chr1 pos:1365441 chunknumber 2300 contains 251 sites
	-> Printing at chr: chr1 pos:1421467 chunknumber 2400 contains 1964 sites
	-> Printing at chr: chr1 pos:1477394 chunknumber 2500 contains 362 sites
	-> Printing at chr: chr1 pos:1550110 chunknumber 2600 contains 251 sites

	-> Allocated ~ 30 million nodes to the nodepool, this is not an estimate of the memory usage
	-> Printing at chr: chr1 pos:1609384 chunknumber 2700 contains 274 sites
	-> Printing at chr: chr1 pos:1666865 chunknumber 2800 contains 251 sites
	-> Printing at chr: chr1 pos:1720510 chunknumber 2900 contains 493 sites
	-> Printing at chr: chr1 pos:1783407 chunknumber 3000 contains 333 sites
	-> Printing at chr: chr1 pos:1856295 chunknumber 3100 contains 473 sites
	-> Printing at chr: chr1 pos:1925522 chunknumber 3200 contains 328 sites
	-> Printing at chr: chr1 pos:2001974 chunknumber 3300 contains 277 sites
	-> Printing at chr: chr1 pos:2047580 chunknumber 3400 contains 251 sites
	-> Printing at chr: chr1 pos:2117034 chunknumber 3500 contains 253 sites
	-> Printing at chr: chr1 pos:2174175 chunknumber 3600 contains 1604 sites
	-> Printing at chr: chr1 pos:2240260 chunknumber 3700 contains 1275 sites
	-> Printing at chr: chr1 pos:2327568 chunknumber 3800 contains 2191 sites
	-> Printing at chr: chr1 pos:2393135 chunknumber 3900 contains 255 sites
	-> Printing at chr: chr1 pos:2461125 chunknumber 4000 contains 1541 sites
	-> Printing at chr: chr1 pos:2527713 chunknumber 4100 contains 521 sites
	-> Printing at chr: chr1 pos:2609176 chunknumber 4200 contains 707 sites
	-> Printing at chr: chr1 pos:2682096 chunknumber 4300 contains 251 sites
	-> Printing at chr: chr1 pos:2750626 chunknumber 4400 contains 1236 sites
	-> Printing at chr: chr1 pos:2806413 chunknumber 4500 contains 185 sites
	-> Printing at chr: chr1 pos:2866984 chunknumber 4600 contains 941 sites
	-> Printing at chr: chr1 pos:2959990 chunknumber 4700 contains 456 sites
	-> Printing at chr: chr1 pos:3021598 chunknumber 4800 contains 254 sites
	-> Printing at chr: chr1 pos:3090687 chunknumber 4900 contains 563 sites
	-> Printing at chr: chr1 pos:3158693 chunknumber 5000 contains 343 sites
	-> Printing at chr: chr1 pos:3214114 chunknumber 5100 contains 425 sites
	-> Printing at chr: chr1 pos:3280877 chunknumber 5200 contains 1620 sites
	-> Printing at chr: chr1 pos:3359986 chunknumber 5300 contains 684 sites
	-> Printing at chr: chr1 pos:3433389 chunknumber 5400 contains 358 sites
	-> Printing at chr: chr1 pos:3524261 chunknumber 5500 contains 376 sites
	-> Printing at chr: chr1 pos:3584491 chunknumber 5600 contains 256 sites
	-> Printing at chr: chr1 pos:3650066 chunknumber 5700 contains 256 sites
	-> Printing at chr: chr1 pos:3723795 chunknumber 5800 contains 253 sites
	-> Printing at chr: chr1 pos:3787044 chunknumber 5900 contains 311 sites
	-> Printing at chr: chr1 pos:3837895 chunknumber 6000 contains 1446 sites
	-> Printing at chr: chr1 pos:3905254 chunknumber 6100 contains 1713 sites
	-> Printing at chr: chr1 pos:3944222 chunknumber 6200 contains 253 sites
	-> Printing at chr: chr1 pos:4015912 chunknumber 6300 contains 252 sites
	-> Printing at chr: chr1 pos:4077318 chunknumber 6400 contains 1130 sites
	-> Printing at chr: chr1 pos:4130662 chunknumber 6500 contains 382 sites
	-> Printing at chr: chr1 pos:4200099 chunknumber 6600 contains 707 sites
	-> Printing at chr: chr1 pos:4257690 chunknumber 6700 contains 415 sites
	-> Printing at chr: chr1 pos:4313303 chunknumber 6800 contains 253 sites
	-> Printing at chr: chr1 pos:4375250 chunknumber 6900 contains 284 sites
	-> Printing at chr: chr1 pos:4414609 chunknumber 7000 contains 251 sites
	-> Printing at chr: chr1 pos:4491589 chunknumber 7100 contains 449 sites
	-> Printing at chr: chr1 pos:4541481 chunknumber 7200 contains 251 sites
	-> Printing at chr: chr1 pos:4584762 chunknumber 7300 contains 946 sites
	-> Printing at chr: chr1 pos:4631958 chunknumber 7400 contains 251 sites
	-> Printing at chr: chr1 pos:4687511 chunknumber 7500 contains 252 sites
	-> Printing at chr: chr1 pos:4768988 chunknumber 7600 contains 254 sites
	-> Printing at chr: chr1 pos:4810450 chunknumber 7700 contains 251 sites
	-> Printing at chr: chr1 pos:4845069 chunknumber 7800 contains 3963 sites
	-> Printing at chr: chr1 pos:4891917 chunknumber 7900 contains 252 sites
	-> Printing at chr: chr1 pos:4952155 chunknumber 8000 contains 260 sites
	-> Printing at chr: chr1 pos:4993769 chunknumber 8100 contains 1074 sites
	-> Printing at chr: chr1 pos:5050024 chunknumber 8200 contains 252 sites
	-> Printing at chr: chr1 pos:5100023 chunknumber 8300 contains 414 sites
	-> Printing at chr: chr1 pos:5159539 chunknumber 8400 contains 404 sites
	-> Printing at chr: chr1 pos:5205793 chunknumber 8500 contains 251 sites
	-> Printing at chr: chr1 pos:5272121 chunknumber 8600 contains 252 sites
	-> Printing at chr: chr1 pos:5361352 chunknumber 8700 contains 399 sites
	-> Printing at chr: chr1 pos:5433655 chunknumber 8800 contains 551 sites
	-> Printing at chr: chr1 pos:5487429 chunknumber 8900 contains 253 sites
	-> Printing at chr: chr1 pos:5535788 chunknumber 9000 contains 254 sites
	-> Printing at chr: chr1 pos:5595743 chunknumber 9100 contains 255 sites
	-> Printing at chr: chr1 pos:5643794 chunknumber 9200 contains 2547 sites
	-> Printing at chr: chr1 pos:5693228 chunknumber 9300 contains 311 sites
	-> Printing at chr: chr1 pos:5753068 chunknumber 9400 contains 1031 sites
	-> Printing at chr: chr1 pos:5841135 chunknumber 9500 contains 251 sites
	-> Printing at chr: chr1 pos:5888437 chunknumber 9600 contains 252 sites
	-> Printing at chr: chr1 pos:5957852 chunknumber 9700 contains 1514 sites
	-> Printing at chr: chr1 pos:6051235 chunknumber 9800 contains 255 sites
	-> Printing at chr: chr1 pos:6106305 chunknumber 9900 contains 557 sites
	-> Printing at chr: chr1 pos:6154647 chunknumber 10000 contains 493 sites
	-> Printing at chr: chr1 pos:6214315 chunknumber 10100 contains 252 sites
	-> Printing at chr: chr1 pos:6262433 chunknumber 10200 contains 251 sites
	-> Printing at chr: chr1 pos:6325635 chunknumber 10300 contains 268 sites
	-> Printing at chr: chr1 pos:6379956 chunknumber 10400 contains 3266 sites
	-> Printing at chr: chr1 pos:6437729 chunknumber 10500 contains 402 sites
	-> Printing at chr: chr1 pos:6505532 chunknumber 10600 contains 251 sites
	-> Printing at chr: chr1 pos:6555970 chunknumber 10700 contains 386 sites
	-> Printing at chr: chr1 pos:6635273 chunknumber 10800 contains 1575 sites
	-> Printing at chr: chr1 pos:6726536 chunknumber 10900 contains 255 sites
	-> Printing at chr: chr1 pos:6815747 chunknumber 11000 contains 812 sites
	-> Printing at chr: chr1 pos:6887483 chunknumber 11100 contains 1999 sites
	-> Printing at chr: chr1 pos:6959422 chunknumber 11200 contains 371 sites
	-> Printing at chr: chr1 pos:7021889 chunknumber 11300 contains 254 sites
	-> Printing at chr: chr1 pos:7069309 chunknumber 11400 contains 310 sites
	-> Printing at chr: chr1 pos:7128120 chunknumber 11500 contains 251 sites
	-> Printing at chr: chr1 pos:7171395 chunknumber 11600 contains 686 sites
	-> Printing at chr: chr1 pos:7212240 chunknumber 11700 contains 254 sites
	-> Printing at chr: chr1 pos:7265658 chunknumber 11800 contains 255 sites
	-> Printing at chr: chr1 pos:7354422 chunknumber 11900 contains 253 sites
	-> Printing at chr: chr1 pos:7428755 chunknumber 12000 contains 279 sites
	-> Printing at chr: chr1 pos:7500329 chunknumber 12100 contains 251 sites
	-> Printing at chr: chr1 pos:7555269 chunknumber 12200 contains 2001 sites
	-> Printing at chr: chr1 pos:7675107 chunknumber 12300 contains 3160 sites
	-> Printing at chr: chr1 pos:7743203 chunknumber 12400 contains 252 sites
	-> Printing at chr: chr1 pos:7788860 chunknumber 12500 contains 254 sites
	-> Printing at chr: chr1 pos:7868903 chunknumber 12600 contains 902 sites
	-> Printing at chr: chr1 pos:7956826 chunknumber 12700 contains 253 sites
	-> Printing at chr: chr1 pos:8044399 chunknumber 12800 contains 251 sites
	-> Printing at chr: chr1 pos:8103492 chunknumber 12900 contains 251 sites
	-> Printing at chr: chr1 pos:8153427 chunknumber 13000 contains 258 sites
	-> Printing at chr: chr1 pos:8217446 chunknumber 13100 contains 251 sites
	-> Printing at chr: chr1 pos:8294894 chunknumber 13200 contains 1177 sites
	-> Printing at chr: chr1 pos:8350337 chunknumber 13300 contains 292 sites
	-> Printing at chr: chr1 pos:8412515 chunknumber 13400 contains 261 sites
	-> Printing at chr: chr1 pos:8477959 chunknumber 13500 contains 3333 sites
	-> Printing at chr: chr1 pos:8553876 chunknumber 13600 contains 251 sites
	-> Printing at chr: chr1 pos:8621631 chunknumber 13700 contains 472 sites
	-> Printing at chr: chr1 pos:8671933 chunknumber 13800 contains 667 sites
	-> Printing at chr: chr1 pos:8721425 chunknumber 13900 contains 2651 sites
	-> Printing at chr: chr1 pos:8770970 chunknumber 14000 contains 252 sites
	-> Printing at chr: chr1 pos:8832873 chunknumber 14100 contains 251 sites
	-> Printing at chr: chr1 pos:8894910 chunknumber 14200 contains 253 sites
	-> Printing at chr: chr1 pos:8942123 chunknumber 14300 contains 253 sites
	-> Printing at chr: chr1 pos:9004719 chunknumber 14400 contains 1574 sites
	-> Printing at chr: chr1 pos:9066829 chunknumber 14500 contains 258 sites
	-> Printing at chr: chr1 pos:9128137 chunknumber 14600 contains 256 sites
	-> Printing at chr: chr1 pos:9175390 chunknumber 14700 contains 251 sites
	-> Printing at chr: chr1 pos:9222301 chunknumber 14800 contains 256 sites
	-> Printing at chr: chr1 pos:9286706 chunknumber 14900 contains 300 sites
	-> Printing at chr: chr1 pos:9348242 chunknumber 15000 contains 382 sites
	-> Printing at chr: chr1 pos:9392615 chunknumber 15100 contains 391 sites
	-> Printing at chr: chr1 pos:9438132 chunknumber 15200 contains 259 sites
	-> Printing at chr: chr1 pos:9483290 chunknumber 15300 contains 277 sites
	-> Printing at chr: chr1 pos:9519636 chunknumber 15400 contains 276 sites
	-> Printing at chr: chr1 pos:9583056 chunknumber 15500 contains 289 sites
	-> Printing at chr: chr1 pos:9639352 chunknumber 15600 contains 300 sites
	-> Printing at chr: chr1 pos:9718461 chunknumber 15700 contains 252 sites
	-> Printing at chr: chr1 pos:9783844 chunknumber 15800 contains 280 sites
	-> Printing at chr: chr1 pos:9834590 chunknumber 15900 contains 488 sites
	-> Printing at chr: chr1 pos:9885296 chunknumber 16000 contains 251 sites
	-> Printing at chr: chr1 pos:9961835 chunknumber 16100 contains 4024 sites
	-> Printing at chr: chr1 pos:10041029 chunknumber 16200 contains 657 sites
	-> Printing at chr: chr1 pos:10097795 chunknumber 16300 contains 251 sites
	-> Printing at chr: chr1 pos:10163079 chunknumber 16400 contains 347 sites
	-> Printing at chr: chr1 pos:10210135 chunknumber 16500 contains 254 sites
	-> Printing at chr: chr1 pos:10266782 chunknumber 16600 contains 456 sites
	-> Printing at chr: chr1 pos:10333385 chunknumber 16700 contains 484 sites
	-> Printing at chr: chr1 pos:10423857 chunknumber 16800 contains 251 sites
	-> Printing at chr: chr1 pos:10478222 chunknumber 16900 contains 316 sites
	-> Printing at chr: chr1 pos:10549560 chunknumber 17000 contains 1168 sites
	-> Printing at chr: chr1 pos:10620616 chunknumber 17100 contains 326 sites
	-> Printing at chr: chr1 pos:10690681 chunknumber 17200 contains 552 sites
	-> Printing at chr: chr1 pos:10744272 chunknumber 17300 contains 708 sites
	-> Printing at chr: chr1 pos:10805293 chunknumber 17400 contains 253 sites
	-> Printing at chr: chr1 pos:10875493 chunknumber 17500 contains 257 sites
	-> Printing at chr: chr1 pos:10941884 chunknumber 17600 contains 252 sites
	-> Printing at chr: chr1 pos:11005531 chunknumber 17700 contains 269 sites
	-> Printing at chr: chr1 pos:11069685 chunknumber 17800 contains 251 sites
	-> Printing at chr: chr1 pos:11112636 chunknumber 17900 contains 253 sites
	-> Printing at chr: chr1 pos:11156533 chunknumber 18000 contains 332 sites
	-> Printing at chr: chr1 pos:11207477 chunknumber 18100 contains 1153 sites
	-> Printing at chr: chr1 pos:11253151 chunknumber 18200 contains 3986 sites
	-> Printing at chr: chr1 pos:11322458 chunknumber 18300 contains 252 sites
	-> Printing at chr: chr1 pos:11392049 chunknumber 18400 contains 285 sites
	-> Printing at chr: chr1 pos:11467040 chunknumber 18500 contains 251 sites
	-> Printing at chr: chr1 pos:11655295 chunknumber 18600 contains 9051 sites
	-> Printing at chr: chr1 pos:11748911 chunknumber 18700 contains 2365 sites
	-> Printing at chr: chr1 pos:11823043 chunknumber 18800 contains 251 sites
	-> Printing at chr: chr1 pos:11871421 chunknumber 18900 contains 971 sites
	-> Printing at chr: chr1 pos:11925367 chunknumber 19000 contains 253 sites
	-> Printing at chr: chr1 pos:11978098 chunknumber 19100 contains 251 sites
	-> Printing at chr: chr1 pos:12027509 chunknumber 19200 contains 545 sites
	-> Printing at chr: chr1 pos:12083728 chunknumber 19300 contains 730 sites
	-> Printing at chr: chr1 pos:12138500 chunknumber 19400 contains 254 sites
	-> Printing at chr: chr1 pos:12186016 chunknumber 19500 contains 252 sites
	-> Printing at chr: chr1 pos:12227261 chunknumber 19600 contains 268 sites
	-> Printing at chr: chr1 pos:12263972 chunknumber 19700 contains 257 sites
	-> Printing at chr: chr1 pos:12305462 chunknumber 19800 contains 254 sites
	-> Printing at chr: chr1 pos:12346810 chunknumber 19900 contains 252 sites
	-> Printing at chr: chr1 pos:12391604 chunknumber 20000 contains 252 sites
	-> Printing at chr: chr1 pos:12445020 chunknumber 20100 contains 253 sites
	-> Printing at chr: chr1 pos:12492358 chunknumber 20200 contains 257 sites
	-> Printing at chr: chr1 pos:12548483 chunknumber 20300 contains 251 sites
	-> Printing at chr: chr1 pos:12588323 chunknumber 20400 contains 253 sites
	-> Printing at chr: chr1 pos:12635277 chunknumber 20500 contains 251 sites
	-> Printing at chr: chr1 pos:12684907 chunknumber 20600 contains 256 sites
	-> Printing at chr: chr1 pos:12733179 chunknumber 20700 contains 251 sites
	-> Printing at chr: chr1 pos:12793214 chunknumber 20800 contains 310 sites
	-> Printing at chr: chr1 pos:12839194 chunknumber 20900 contains 278 sites
	-> Printing at chr: chr1 pos:12911186 chunknumber 21000 contains 252 sites
	-> Printing at chr: chr1 pos:12964639 chunknumber 21100 contains 258 sites
	-> Printing at chr: chr1 pos:13021672 chunknumber 21200 contains 253 sites
	-> Printing at chr: chr1 pos:13081227 chunknumber 21300 contains 253 sites
	-> Printing at chr: chr1 pos:13140241 chunknumber 21400 contains 254 sites
	-> Printing at chr: chr1 pos:13181498 chunknumber 21500 contains 254 sites
	-> Printing at chr: chr1 pos:13222843 chunknumber 21600 contains 3319 sites
	-> Printing at chr: chr1 pos:13271586 chunknumber 21700 contains 251 sites
	-> Printing at chr: chr1 pos:13321411 chunknumber 21800 contains 769 sites
	-> Printing at chr: chr1 pos:13408801 chunknumber 21900 contains 316 sites
	-> Printing at chr: chr1 pos:13480873 chunknumber 22000 contains 253 sites
	-> Printing at chr: chr1 pos:13539162 chunknumber 22100 contains 251 sites
	-> Printing at chr: chr1 pos:13590619 chunknumber 22200 contains 2482 sites
	-> Printing at chr: chr1 pos:13647098 chunknumber 22300 contains 256 sites
	-> Printing at chr: chr1 pos:13719116 chunknumber 22400 contains 751 sites
	-> Printing at chr: chr1 pos:13788203 chunknumber 22500 contains 251 sites
	-> Printing at chr: chr1 pos:13869854 chunknumber 22600 contains 288 sites
	-> Printing at chr: chr1 pos:13919937 chunknumber 22700 contains 263 sites
	-> Printing at chr: chr1 pos:13972147 chunknumber 22800 contains 1349 sites
	-> Printing at chr: chr1 pos:14037582 chunknumber 22900 contains 754 sites
	-> Printing at chr: chr1 pos:14097476 chunknumber 23000 contains 251 sites
	-> Printing at chr: chr1 pos:14147469 chunknumber 23100 contains 462 sites
	-> Printing at chr: chr1 pos:14196885 chunknumber 23200 contains 254 sites
	-> Printing at chr: chr1 pos:14239561 chunknumber 23300 contains 256 sites
	-> Printing at chr: chr1 pos:14287267 chunknumber 23400 contains 269 sites
	-> Printing at chr: chr1 pos:14342011 chunknumber 23500 contains 256 sites
	-> Printing at chr: chr1 pos:14407577 chunknumber 23600 contains 1523 sites
	-> Printing at chr: chr1 pos:14459933 chunknumber 23700 contains 240 sites
	-> Printing at chr: chr1 pos:14503938 chunknumber 23800 contains 273 sites
	-> Printing at chr: chr1 pos:14554331 chunknumber 23900 contains 414 sites
	-> Printing at chr: chr1 pos:14609890 chunknumber 24000 contains 252 sites
	-> Printing at chr: chr1 pos:14654468 chunknumber 24100 contains 261 sites
	-> Printing at chr: chr1 pos:14713110 chunknumber 24200 contains 659 sites
	-> Printing at chr: chr1 pos:14772326 chunknumber 24300 contains 268 sites
	-> Printing at chr: chr1 pos:14829171 chunknumber 24400 contains 251 sites
	-> Printing at chr: chr1 pos:14874058 chunknumber 24500 contains 251 sites
	-> Printing at chr: chr1 pos:14925287 chunknumber 24600 contains 253 sites
	-> Printing at chr: chr1 pos:14972898 chunknumber 24700 contains 511 sites
	-> Printing at chr: chr1 pos:15025598 chunknumber 24800 contains 252 sites
	-> Printing at chr: chr1 pos:15067410 chunknumber 24900 contains 251 sites
	-> Printing at chr: chr1 pos:15112794 chunknumber 25000 contains 577 sites
	-> Printing at chr: chr1 pos:15180098 chunknumber 25100 contains 254 sites
	-> Printing at chr: chr1 pos:15224581 chunknumber 25200 contains 1266 sites
	-> Printing at chr: chr1 pos:15274231 chunknumber 25300 contains 253 sites
	-> Printing at chr: chr1 pos:15324421 chunknumber 25400 contains 251 sites
	-> Printing at chr: chr1 pos:15378933 chunknumber 25500 contains 252 sites
	-> Printing at chr: chr1 pos:15432238 chunknumber 25600 contains 431 sites
	-> Printing at chr: chr1 pos:15486190 chunknumber 25700 contains 253 sites
	-> Printing at chr: chr1 pos:15539813 chunknumber 25800 contains 251 sites
	-> Printing at chr: chr1 pos:15595289 chunknumber 25900 contains 254 sites
	-> Printing at chr: chr1 pos:15638806 chunknumber 26000 contains 251 sites
	-> Printing at chr: chr1 pos:15692380 chunknumber 26100 contains 353 sites
	-> Printing at chr: chr1 pos:15738768 chunknumber 26200 contains 264 sites
	-> Printing at chr: chr1 pos:15779238 chunknumber 26300 contains 253 sites
	-> Printing at chr: chr1 pos:15829135 chunknumber 26400 contains 285 sites
	-> Printing at chr: chr1 pos:15876415 chunknumber 26500 contains 255 sites
	-> Printing at chr: chr1 pos:15958303 chunknumber 26600 contains 260 sites
	-> Printing at chr: chr1 pos:16023171 chunknumber 26700 contains 252 sites
	-> Printing at chr: chr1 pos:16072428 chunknumber 26800 contains 252 sites
	-> Printing at chr: chr1 pos:16134131 chunknumber 26900 contains 377 sites
	-> Printing at chr: chr1 pos:16190245 chunknumber 27000 contains 252 sites
	-> Printing at chr: chr1 pos:16231087 chunknumber 27100 contains 343 sites
	-> Printing at chr: chr1 pos:16291814 chunknumber 27200 contains 251 sites
	-> Printing at chr: chr1 pos:16361225 chunknumber 27300 contains 1991 sites
	-> Printing at chr: chr1 pos:16429939 chunknumber 27400 contains 251 sites
	-> Printing at chr: chr1 pos:16487178 chunknumber 27500 contains 412 sites
	-> Printing at chr: chr1 pos:16543404 chunknumber 27600 contains 400 sites
	-> Printing at chr: chr1 pos:16611722 chunknumber 27700 contains 491 sites
	-> Printing at chr: chr1 pos:16663990 chunknumber 27800 contains 253 sites
	-> Printing at chr: chr1 pos:16725802 chunknumber 27900 contains 300 sites
	-> Printing at chr: chr1 pos:16807941 chunknumber 28000 contains 251 sites
	-> Printing at chr: chr1 pos:16896958 chunknumber 28100 contains 252 sites
	-> Printing at chr: chr1 pos:16943468 chunknumber 28200 contains 277 sites
	-> Printing at chr: chr1 pos:16990961 chunknumber 28300 contains 251 sites
	-> Printing at chr: chr1 pos:17054234 chunknumber 28400 contains 252 sites
	-> Printing at chr: chr1 pos:17103105 chunknumber 28500 contains 251 sites
	-> Printing at chr: chr1 pos:17144734 chunknumber 28600 contains 253 sites

	-> Allocated ~ 40 million nodes to the nodepool, this is not an estimate of the memory usage
	-> Printing at chr: chr1 pos:17205549 chunknumber 28700 contains 252 sites
	-> Printing at chr: chr1 pos:17255930 chunknumber 28800 contains 251 sites
	-> Printing at chr: chr1 pos:17299563 chunknumber 28900 contains 256 sites
	-> Printing at chr: chr1 pos:17349232 chunknumber 29000 contains 253 sites
	-> Printing at chr: chr1 pos:17414113 chunknumber 29100 contains 528 sites
	-> Printing at chr: chr1 pos:17470362 chunknumber 29200 contains 251 sites
	-> Printing at chr: chr1 pos:17522738 chunknumber 29300 contains 319 sites
	-> Printing at chr: chr1 pos:17565954 chunknumber 29400 contains 253 sites
	-> Printing at chr: chr1 pos:17638994 chunknumber 29500 contains 281 sites
	-> Printing at chr: chr1 pos:17694584 chunknumber 29600 contains 251 sites
	-> Printing at chr: chr1 pos:17746550 chunknumber 29700 contains 2241 sites
	-> Printing at chr: chr1 pos:17804059 chunknumber 29800 contains 252 sites
	-> Printing at chr: chr1 pos:17859599 chunknumber 29900 contains 251 sites
	-> Printing at chr: chr1 pos:17909373 chunknumber 30000 contains 376 sites
	-> Printing at chr: chr1 pos:17973146 chunknumber 30100 contains 252 sites
	-> Printing at chr: chr1 pos:18029042 chunknumber 30200 contains 406 sites
	-> Printing at chr: chr1 pos:18086366 chunknumber 30300 contains 504 sites
	-> Printing at chr: chr1 pos:18145818 chunknumber 30400 contains 252 sites
	-> Printing at chr: chr1 pos:18210085 chunknumber 30500 contains 888 sites
	-> Printing at chr: chr1 pos:18266588 chunknumber 30600 contains 251 sites
	-> Printing at chr: chr1 pos:18319636 chunknumber 30700 contains 288 sites
	-> Printing at chr: chr1 pos:18394394 chunknumber 30800 contains 253 sites
	-> Printing at chr: chr1 pos:18439797 chunknumber 30900 contains 618 sites
	-> Printing at chr: chr1 pos:18498831 chunknumber 31000 contains 357 sites
	-> Printing at chr: chr1 pos:18555587 chunknumber 31100 contains 251 sites
	-> Printing at chr: chr1 pos:18613930 chunknumber 31200 contains 251 sites
	-> Printing at chr: chr1 pos:18679157 chunknumber 31300 contains 255 sites
	-> Printing at chr: chr1 pos:18731894 chunknumber 31400 contains 251 sites
	-> Printing at chr: chr1 pos:18791355 chunknumber 31500 contains 255 sites
	-> Printing at chr: chr1 pos:18848837 chunknumber 31600 contains 253 sites
	-> Printing at chr: chr1 pos:18895620 chunknumber 31700 contains 253 sites
	-> Printing at chr: chr1 pos:18940527 chunknumber 31800 contains 251 sites
	-> Printing at chr: chr1 pos:18997906 chunknumber 31900 contains 1056 sites
	-> Printing at chr: chr1 pos:19055511 chunknumber 32000 contains 252 sites
	-> Printing at chr: chr1 pos:19106362 chunknumber 32100 contains 1177 sites
	-> Printing at chr: chr1 pos:19158801 chunknumber 32200 contains 256 sites
	-> Printing at chr: chr1 pos:19212085 chunknumber 32300 contains 253 sites
	-> Printing at chr: chr1 pos:19258830 chunknumber 32400 contains 254 sites
	-> Printing at chr: chr1 pos:19310938 chunknumber 32500 contains 251 sites
	-> Printing at chr: chr1 pos:19357483 chunknumber 32600 contains 254 sites
	-> Printing at chr: chr1 pos:19420567 chunknumber 32700 contains 283 sites
	-> Printing at chr: chr1 pos:19479436 chunknumber 32800 contains 251 sites
	-> Printing at chr: chr1 pos:19539449 chunknumber 32900 contains 503 sites
	-> Printing at chr: chr1 pos:19592459 chunknumber 33000 contains 252 sites
	-> Printing at chr: chr1 pos:19637196 chunknumber 33100 contains 306 sites
	-> Printing at chr: chr1 pos:19693891 chunknumber 33200 contains 703 sites
	-> Printing at chr: chr1 pos:19762103 chunknumber 33300 contains 252 sites
	-> Printing at chr: chr1 pos:19820491 chunknumber 33400 contains 1101 sites
	-> Printing at chr: chr1 pos:19882403 chunknumber 33500 contains 252 sites
	-> Printing at chr: chr1 pos:19934258 chunknumber 33600 contains 267 sites
	-> Printing at chr: chr1 pos:19985915 chunknumber 33700 contains 260 sites
	-> Printing at chr: chr1 pos:20049532 chunknumber 33800 contains 257 sites
	-> Printing at chr: chr1 pos:20089670 chunknumber 33900 contains 2414 sites
	-> Printing at chr: chr1 pos:20152239 chunknumber 34000 contains 259 sites
	-> Printing at chr: chr1 pos:20219095 chunknumber 34100 contains 816 sites
	-> Printing at chr: chr1 pos:20293815 chunknumber 34200 contains 417 sites
	-> Printing at chr: chr1 pos:20385314 chunknumber 34300 contains 251 sites
	-> Printing at chr: chr1 pos:20447752 chunknumber 34400 contains 251 sites
	-> Printing at chr: chr1 pos:20501837 chunknumber 34500 contains 254 sites
	-> Printing at chr: chr1 pos:20571965 chunknumber 34600 contains 210 sites
	-> Printing at chr: chr1 pos:20629916 chunknumber 34700 contains 261 sites
	-> Printing at chr: chr1 pos:20698306 chunknumber 34800 contains 251 sites
	-> Printing at chr: chr1 pos:20757607 chunknumber 34900 contains 256 sites
	-> Printing at chr: chr1 pos:20826951 chunknumber 35000 contains 259 sites
	-> Printing at chr: chr1 pos:20903163 chunknumber 35100 contains 253 sites
	-> Printing at chr: chr1 pos:20950378 chunknumber 35200 contains 258 sites
	-> Printing at chr: chr1 pos:21011073 chunknumber 35300 contains 252 sites
	-> Printing at chr: chr1 pos:21053667 chunknumber 35400 contains 251 sites
	-> Printing at chr: chr1 pos:21106218 chunknumber 35500 contains 251 sites
	-> Printing at chr: chr1 pos:21156489 chunknumber 35600 contains 319 sites
	-> Printing at chr: chr1 pos:21224864 chunknumber 35700 contains 1197 sites
	-> Printing at chr: chr1 pos:21275297 chunknumber 35800 contains 283 sites
	-> Printing at chr: chr1 pos:21340552 chunknumber 35900 contains 251 sites
	-> Printing at chr: chr1 pos:21388273 chunknumber 36000 contains 387 sites
	-> Printing at chr: chr1 pos:21454755 chunknumber 36100 contains 258 sites
	-> Printing at chr: chr1 pos:21512145 chunknumber 36200 contains 263 sites
	-> Printing at chr: chr1 pos:21560611 chunknumber 36300 contains 252 sites
	-> Printing at chr: chr1 pos:21610146 chunknumber 36400 contains 251 sites
	-> Printing at chr: chr1 pos:21664608 chunknumber 36500 contains 675 sites
	-> Printing at chr: chr1 pos:21713840 chunknumber 36600 contains 262 sites
	-> Printing at chr: chr1 pos:21775667 chunknumber 36700 contains 458 sites
	-> Printing at chr: chr1 pos:21821953 chunknumber 36800 contains 268 sites
	-> Printing at chr: chr1 pos:21878321 chunknumber 36900 contains 314 sites
	-> Printing at chr: chr1 pos:21945257 chunknumber 37000 contains 364 sites
	-> Printing at chr: chr1 pos:22004133 chunknumber 37100 contains 266 sites
	-> Printing at chr: chr1 pos:22051774 chunknumber 37200 contains 2339 sites
	-> Printing at chr: chr1 pos:22107319 chunknumber 37300 contains 1152 sites
	-> Printing at chr: chr1 pos:22160814 chunknumber 37400 contains 258 sites
	-> Printing at chr: chr1 pos:22203910 chunknumber 37500 contains 253 sites
	-> Printing at chr: chr1 pos:22261279 chunknumber 37600 contains 251 sites
	-> Printing at chr: chr1 pos:22318954 chunknumber 37700 contains 402 sites
	-> Printing at chr: chr1 pos:22370040 chunknumber 37800 contains 251 sites
	-> Printing at chr: chr1 pos:22422061 chunknumber 37900 contains 251 sites
	-> Printing at chr: chr1 pos:22471527 chunknumber 38000 contains 1204 sites
	-> Printing at chr: chr1 pos:22525346 chunknumber 38100 contains 252 sites
	-> Printing at chr: chr1 pos:22595811 chunknumber 38200 contains 251 sites
	-> Printing at chr: chr1 pos:22639367 chunknumber 38300 contains 276 sites
	-> Printing at chr: chr1 pos:22687372 chunknumber 38400 contains 563 sites
	-> Printing at chr: chr1 pos:22747092 chunknumber 38500 contains 753 sites
	-> Printing at chr: chr1 pos:22793877 chunknumber 38600 contains 251 sites
	-> Printing at chr: chr1 pos:22847422 chunknumber 38700 contains 252 sites
	-> Printing at chr: chr1 pos:22891537 chunknumber 38800 contains 251 sites
	-> Printing at chr: chr1 pos:22933966 chunknumber 38900 contains 912 sites
	-> Printing at chr: chr1 pos:22981124 chunknumber 39000 contains 254 sites
	-> Printing at chr: chr1 pos:23027219 chunknumber 39100 contains 252 sites
	-> Printing at chr: chr1 pos:23079617 chunknumber 39200 contains 1173 sites
	-> Printing at chr: chr1 pos:23128222 chunknumber 39300 contains 512 sites
	-> Printing at chr: chr1 pos:23184160 chunknumber 39400 contains 252 sites
	-> Printing at chr: chr1 pos:23231542 chunknumber 39500 contains 264 sites
	-> Printing at chr: chr1 pos:23275304 chunknumber 39600 contains 885 sites
	-> Printing at chr: chr1 pos:23336834 chunknumber 39700 contains 251 sites
	-> Printing at chr: chr1 pos:23402564 chunknumber 39800 contains 1948 sites
	-> Printing at chr: chr1 pos:23461739 chunknumber 39900 contains 251 sites
	-> Printing at chr: chr1 pos:23511157 chunknumber 40000 contains 251 sites
	-> Printing at chr: chr1 pos:23593332 chunknumber 40100 contains 3847 sites
	-> Printing at chr: chr1 pos:23690471 chunknumber 40200 contains 4905 sites
	-> Printing at chr: chr1 pos:23757618 chunknumber 40300 contains 293 sites
	-> Printing at chr: chr1 pos:23850614 chunknumber 40400 contains 266 sites
	-> Printing at chr: chr1 pos:23894607 chunknumber 40500 contains 331 sites
	-> Printing at chr: chr1 pos:23956328 chunknumber 40600 contains 266 sites
	-> Printing at chr: chr1 pos:24022426 chunknumber 40700 contains 761 sites
	-> Printing at chr: chr1 pos:24109558 chunknumber 40800 contains 506 sites
	-> Printing at chr: chr1 pos:24187274 chunknumber 40900 contains 427 sites
	-> Printing at chr: chr1 pos:24306963 chunknumber 41000 contains 251 sites
	-> Printing at chr: chr1 pos:24421116 chunknumber 41100 contains 1461 sites
	-> Printing at chr: chr1 pos:24502362 chunknumber 41200 contains 251 sites
	-> Printing at chr: chr1 pos:24646832 chunknumber 41300 contains 382 sites
	-> Printing at chr: chr1 pos:24769499 chunknumber 41400 contains 2411 sites
	-> Printing at chr: chr1 pos:24826507 chunknumber 41500 contains 281 sites
	-> Printing at chr: chr1 pos:24950362 chunknumber 41600 contains 265 sites
	-> Printing at chr: chr1 pos:25020076 chunknumber 41700 contains 745 sites
	-> Printing at chr: chr1 pos:25087091 chunknumber 41800 contains 1208 sites
	-> Printing at chr: chr1 pos:25145626 chunknumber 41900 contains 1440 sites
	-> Printing at chr: chr1 pos:25203303 chunknumber 42000 contains 345 sites
	-> Printing at chr: chr1 pos:25262558 chunknumber 42100 contains 252 sites
	-> Printing at chr: chr1 pos:25303162 chunknumber 42200 contains 252 sites
	-> Printing at chr: chr1 pos:25353912 chunknumber 42300 contains 252 sites
	-> Printing at chr: chr1 pos:25399370 chunknumber 42400 contains 258 sites
	-> Printing at chr: chr1 pos:25464782 chunknumber 42500 contains 251 sites
	-> Printing at chr: chr1 pos:25522342 chunknumber 42600 contains 251 sites
	-> Printing at chr: chr1 pos:25579520 chunknumber 42700 contains 345 sites
	-> Printing at chr: chr1 pos:25641614 chunknumber 42800 contains 251 sites
	-> Printing at chr: chr1 pos:25686098 chunknumber 42900 contains 292 sites
	-> Printing at chr: chr1 pos:25740892 chunknumber 43000 contains 253 sites
	-> Printing at chr: chr1 pos:25809742 chunknumber 43100 contains 254 sites
	-> Printing at chr: chr1 pos:25860940 chunknumber 43200 contains 251 sites
	-> Printing at chr: chr1 pos:25916794 chunknumber 43300 contains 406 sites
	-> Printing at chr: chr1 pos:25960452 chunknumber 43400 contains 252 sites
	-> Printing at chr: chr1 pos:26027467 chunknumber 43500 contains 236 sites
	-> Printing at chr: chr1 pos:26083205 chunknumber 43600 contains 787 sites
	-> Printing at chr: chr1 pos:26145856 chunknumber 43700 contains 255 sites
	-> Printing at chr: chr1 pos:26205421 chunknumber 43800 contains 272 sites
	-> Printing at chr: chr1 pos:26253497 chunknumber 43900 contains 708 sites
	-> Printing at chr: chr1 pos:26303338 chunknumber 44000 contains 251 sites
	-> Printing at chr: chr1 pos:26371393 chunknumber 44100 contains 290 sites
	-> Printing at chr: chr1 pos:26421585 chunknumber 44200 contains 253 sites
	-> Printing at chr: chr1 pos:26475405 chunknumber 44300 contains 251 sites
	-> Printing at chr: chr1 pos:26519331 chunknumber 44400 contains 1409 sites
	-> Printing at chr: chr1 pos:26579387 chunknumber 44500 contains 254 sites
	-> Printing at chr: chr1 pos:26631064 chunknumber 44600 contains 252 sites
	-> Printing at chr: chr1 pos:26686301 chunknumber 44700 contains 251 sites
	-> Printing at chr: chr1 pos:26754787 chunknumber 44800 contains 252 sites
	-> Printing at chr: chr1 pos:26816402 chunknumber 44900 contains 252 sites
	-> Printing at chr: chr1 pos:26866721 chunknumber 45000 contains 449 sites
	-> Printing at chr: chr1 pos:26914702 chunknumber 45100 contains 252 sites
	-> Printing at chr: chr1 pos:26970999 chunknumber 45200 contains 253 sites
	-> Printing at chr: chr1 pos:27041271 chunknumber 45300 contains 251 sites
	-> Printing at chr: chr1 pos:27088327 chunknumber 45400 contains 252 sites
	-> Printing at chr: chr1 pos:27145342 chunknumber 45500 contains 253 sites
	-> Printing at chr: chr1 pos:27185949 chunknumber 45600 contains 256 sites
	-> Printing at chr: chr1 pos:27238380 chunknumber 45700 contains 271 sites
	-> Printing at chr: chr1 pos:27281323 chunknumber 45800 contains 251 sites
	-> Printing at chr: chr1 pos:27327363 chunknumber 45900 contains 252 sites
	-> Printing at chr: chr1 pos:27379641 chunknumber 46000 contains 782 sites
	-> Printing at chr: chr1 pos:27438754 chunknumber 46100 contains 251 sites
	-> Printing at chr: chr1 pos:27489318 chunknumber 46200 contains 609 sites
	-> Printing at chr: chr1 pos:27550255 chunknumber 46300 contains 251 sites
	-> Printing at chr: chr1 pos:27607759 chunknumber 46400 contains 889 sites
	-> Printing at chr: chr1 pos:27667617 chunknumber 46500 contains 337 sites
	-> Printing at chr: chr1 pos:27765426 chunknumber 46600 contains 256 sites
	-> Printing at chr: chr1 pos:27844168 chunknumber 46700 contains 251 sites
	-> Printing at chr: chr1 pos:27977472 chunknumber 46800 contains 253 sites
	-> Printing at chr: chr1 pos:28032862 chunknumber 46900 contains 258 sites
	-> Printing at chr: chr1 pos:28142962 chunknumber 47000 contains 2034 sites
	-> Printing at chr: chr1 pos:28232498 chunknumber 47100 contains 252 sites
	-> Printing at chr: chr1 pos:28354325 chunknumber 47200 contains 265 sites
	-> Printing at chr: chr1 pos:28420486 chunknumber 47300 contains 525 sites
	-> Printing at chr: chr1 pos:28536302 chunknumber 47400 contains 251 sites
	-> Printing at chr: chr1 pos:28653977 chunknumber 47500 contains 253 sites
	-> Printing at chr: chr1 pos:28738479 chunknumber 47600 contains 251 sites
	-> Printing at chr: chr1 pos:28831746 chunknumber 47700 contains 1311 sites
	-> Printing at chr: chr1 pos:28915960 chunknumber 47800 contains 413 sites
	-> Printing at chr: chr1 pos:29025554 chunknumber 47900 contains 322 sites
	-> Printing at chr: chr1 pos:29195574 chunknumber 48000 contains 470 sites
	-> Printing at chr: chr1 pos:29318747 chunknumber 48100 contains 398 sites
	-> Printing at chr: chr1 pos:29464485 chunknumber 48200 contains 257 sites
	-> Printing at chr: chr1 pos:29575259 chunknumber 48300 contains 251 sites
	-> Printing at chr: chr1 pos:29664525 chunknumber 48400 contains 2015 sites
	-> Printing at chr: chr1 pos:29742827 chunknumber 48500 contains 252 sites
	-> Printing at chr: chr1 pos:29868626 chunknumber 48600 contains 299 sites
	-> Printing at chr: chr1 pos:29947902 chunknumber 48700 contains 858 sites
	-> Printing at chr: chr1 pos:30035342 chunknumber 48800 contains 260 sites
	-> Printing at chr: chr1 pos:30148662 chunknumber 48900 contains 706 sites
	-> Printing at chr: chr1 pos:30277642 chunknumber 49000 contains 251 sites
	-> Printing at chr: chr1 pos:30391198 chunknumber 49100 contains 3815 sites
	-> Printing at chr: chr1 pos:30522992 chunknumber 49200 contains 251 sites
	-> Printing at chr: chr1 pos:30622305 chunknumber 49300 contains 252 sites
	-> Printing at chr: chr1 pos:30755421 chunknumber 49400 contains 360 sites
	-> Printing at chr: chr1 pos:30859692 chunknumber 49500 contains 311 sites
	-> Printing at chr: chr1 pos:30968767 chunknumber 49600 contains 3049 sites
	-> Printing at chr: chr1 pos:31093692 chunknumber 49700 contains 1212 sites
	-> Printing at chr: chr1 pos:31185376 chunknumber 49800 contains 251 sites
	-> Printing at chr: chr1 pos:31278235 chunknumber 49900 contains 252 sites
	-> Printing at chr: chr1 pos:31370885 chunknumber 50000 contains 266 sites
	-> Printing at chr: chr1 pos:31431390 chunknumber 50100 contains 251 sites
	-> Printing at chr: chr1 pos:31482283 chunknumber 50200 contains 255 sites
	-> Printing at chr: chr1 pos:31562130 chunknumber 50300 contains 279 sites
	-> Printing at chr: chr1 pos:31650424 chunknumber 50400 contains 390 sites
	-> Printing at chr: chr1 pos:31730902 chunknumber 50500 contains 370 sites
	-> Printing at chr: chr1 pos:31793321 chunknumber 50600 contains 251 sites
	-> Printing at chr: chr1 pos:31852079 chunknumber 50700 contains 254 sites
	-> Printing at chr: chr1 pos:31924895 chunknumber 50800 contains 251 sites
	-> Printing at chr: chr1 pos:32035580 chunknumber 50900 contains 251 sites
	-> Printing at chr: chr1 pos:32117355 chunknumber 51000 contains 252 sites
	-> Printing at chr: chr1 pos:32211893 chunknumber 51100 contains 293 sites
	-> Printing at chr: chr1 pos:32283070 chunknumber 51200 contains 444 sites
	-> Printing at chr: chr1 pos:32360142 chunknumber 51300 contains 254 sites
	-> Printing at chr: chr1 pos:32413897 chunknumber 51400 contains 538 sites
	-> Printing at chr: chr1 pos:32485778 chunknumber 51500 contains 255 sites
	-> Printing at chr: chr1 pos:32539242 chunknumber 51600 contains 912 sites
	-> Printing at chr: chr1 pos:32603387 chunknumber 51700 contains 253 sites
	-> Printing at chr: chr1 pos:32717594 chunknumber 51800 contains 252 sites
	-> Printing at chr: chr1 pos:32830644 chunknumber 51900 contains 648 sites
	-> Printing at chr: chr1 pos:32889112 chunknumber 52000 contains 255 sites
	-> Printing at chr: chr1 pos:32966748 chunknumber 52100 contains 252 sites
	-> Printing at chr: chr1 pos:33043625 chunknumber 52200 contains 251 sites
	-> Printing at chr: chr1 pos:33111939 chunknumber 52300 contains 295 sites
	-> Printing at chr: chr1 pos:33192176 chunknumber 52400 contains 257 sites
	-> Printing at chr: chr1 pos:33273927 chunknumber 52500 contains 505 sites
	-> Printing at chr: chr1 pos:33398141 chunknumber 52600 contains 251 sites
	-> Printing at chr: chr1 pos:33522755 chunknumber 52700 contains 2722 sites
	-> Printing at chr: chr1 pos:33606586 chunknumber 52800 contains 251 sites
	-> Printing at chr: chr1 pos:33698612 chunknumber 52900 contains 252 sites
	-> Printing at chr: chr1 pos:33786603 chunknumber 53000 contains 252 sites
	-> Printing at chr: chr1 pos:33851764 chunknumber 53100 contains 254 sites
	-> Printing at chr: chr1 pos:33955629 chunknumber 53200 contains 255 sites
	-> Printing at chr: chr1 pos:34009323 chunknumber 53300 contains 252 sites
	-> Printing at chr: chr1 pos:34087993 chunknumber 53400 contains 748 sites
	-> Printing at chr: chr1 pos:34256611 chunknumber 53500 contains 253 sites
	-> Printing at chr: chr1 pos:34306859 chunknumber 53600 contains 404 sites
	-> Printing at chr: chr1 pos:34358770 chunknumber 53700 contains 253 sites
	-> Printing at chr: chr1 pos:34408894 chunknumber 53800 contains 697 sites
	-> Printing at chr: chr1 pos:34464594 chunknumber 53900 contains 263 sites
	-> Printing at chr: chr1 pos:34514967 chunknumber 54000 contains 280 sites
	-> Printing at chr: chr1 pos:34566650 chunknumber 54100 contains 251 sites
	-> Printing at chr: chr1 pos:34623779 chunknumber 54200 contains 3047 sites
	-> Printing at chr: chr1 pos:34676172 chunknumber 54300 contains 253 sites
	-> Printing at chr: chr1 pos:34745652 chunknumber 54400 contains 260 sites
	-> Printing at chr: chr1 pos:34802783 chunknumber 54500 contains 253 sites
	-> Printing at chr: chr1 pos:34846693 chunknumber 54600 contains 261 sites
	-> Printing at chr: chr1 pos:34891974 chunknumber 54700 contains 254 sites
	-> Printing at chr: chr1 pos:34936971 chunknumber 54800 contains 335 sites
	-> Printing at chr: chr1 pos:34995625 chunknumber 54900 contains 252 sites
	-> Printing at chr: chr1 pos:35043793 chunknumber 55000 contains 284 sites
	-> Printing at chr: chr1 pos:35086101 chunknumber 55100 contains 253 sites
	-> Printing at chr: chr1 pos:35128472 chunknumber 55200 contains 259 sites
	-> Printing at chr: chr1 pos:35169983 chunknumber 55300 contains 256 sites
	-> Printing at chr: chr1 pos:35227193 chunknumber 55400 contains 262 sites
	-> Printing at chr: chr1 pos:35277063 chunknumber 55500 contains 254 sites
	-> Printing at chr: chr1 pos:35331285 chunknumber 55600 contains 254 sites
	-> Printing at chr: chr1 pos:35381326 chunknumber 55700 contains 288 sites
	-> Printing at chr: chr1 pos:35421660 chunknumber 55800 contains 259 sites
	-> Printing at chr: chr1 pos:35458275 chunknumber 55900 contains 277 sites
	-> Printing at chr: chr1 pos:35506665 chunknumber 56000 contains 251 sites
	-> Printing at chr: chr1 pos:35553172 chunknumber 56100 contains 251 sites
	-> Printing at chr: chr1 pos:35602458 chunknumber 56200 contains 252 sites
	-> Printing at chr: chr1 pos:35656191 chunknumber 56300 contains 314 sites
	-> Printing at chr: chr1 pos:35694881 chunknumber 56400 contains 253 sites
	-> Printing at chr: chr1 pos:35738599 chunknumber 56500 contains 251 sites
	-> Printing at chr: chr1 pos:35775795 chunknumber 56600 contains 430 sites
	-> Printing at chr: chr1 pos:35842211 chunknumber 56700 contains 254 sites
	-> Printing at chr: chr1 pos:35897799 chunknumber 56800 contains 251 sites
	-> Printing at chr: chr1 pos:35949218 chunknumber 56900 contains 253 sites
	-> Printing at chr: chr1 pos:35986338 chunknumber 57000 contains 265 sites
	-> Printing at chr: chr1 pos:36054649 chunknumber 57100 contains 354 sites
	-> Printing at chr: chr1 pos:36106845 chunknumber 57200 contains 251 sites
	-> Printing at chr: chr1 pos:36150156 chunknumber 57300 contains 251 sites
	-> Printing at chr: chr1 pos:36192916 chunknumber 57400 contains 805 sites
	-> Printing at chr: chr1 pos:36235000 chunknumber 57500 contains 275 sites
	-> Printing at chr: chr1 pos:36292827 chunknumber 57600 contains 519 sites
	-> Printing at chr: chr1 pos:36343648 chunknumber 57700 contains 254 sites
	-> Printing at chr: chr1 pos:36402055 chunknumber 57800 contains 474 sites
	-> Printing at chr: chr1 pos:36448382 chunknumber 57900 contains 257 sites
	-> Printing at chr: chr1 pos:36496337 chunknumber 58000 contains 266 sites
	-> Printing at chr: chr1 pos:36552372 chunknumber 58100 contains 257 sites
	-> Printing at chr: chr1 pos:36591011 chunknumber 58200 contains 328 sites
	-> Printing at chr: chr1 pos:36641774 chunknumber 58300 contains 251 sites
	-> Printing at chr: chr1 pos:36696611 chunknumber 58400 contains 260 sites
	-> Printing at chr: chr1 pos:36758730 chunknumber 58500 contains 251 sites
	-> Printing at chr: chr1 pos:36837467 chunknumber 58600 contains 314 sites
	-> Printing at chr: chr1 pos:36900635 chunknumber 58700 contains 582 sites
	-> Printing at chr: chr1 pos:36952212 chunknumber 58800 contains 251 sites
	-> Printing at chr: chr1 pos:37007099 chunknumber 58900 contains 252 sites
	-> Printing at chr: chr1 pos:37050982 chunknumber 59000 contains 252 sites
	-> Printing at chr: chr1 pos:37098563 chunknumber 59100 contains 252 sites
	-> Printing at chr: chr1 pos:37142323 chunknumber 59200 contains 251 sites
	-> Printing at chr: chr1 pos:37204431 chunknumber 59300 contains 251 sites
	-> Printing at chr: chr1 pos:37271198 chunknumber 59400 contains 252 sites
	-> Printing at chr: chr1 pos:37317502 chunknumber 59500 contains 830 sites
	-> Printing at chr: chr1 pos:37372064 chunknumber 59600 contains 256 sites
	-> Printing at chr: chr1 pos:37411804 chunknumber 59700 contains 251 sites
	-> Printing at chr: chr1 pos:37444674 chunknumber 59800 contains 297 sites
	-> Printing at chr: chr1 pos:37500488 chunknumber 59900 contains 1510 sites
	-> Printing at chr: chr1 pos:37546495 chunknumber 60000 contains 286 sites
	-> Printing at chr: chr1 pos:37591462 chunknumber 60100 contains 252 sites
	-> Printing at chr: chr1 pos:37644437 chunknumber 60200 contains 268 sites
	-> Printing at chr: chr1 pos:37715071 chunknumber 60300 contains 316 sites
	-> Printing at chr: chr1 pos:37770122 chunknumber 60400 contains 288 sites
	-> Printing at chr: chr1 pos:37834459 chunknumber 60500 contains 252 sites
	-> Printing at chr: chr1 pos:37894142 chunknumber 60600 contains 255 sites
	-> Printing at chr: chr1 pos:37946145 chunknumber 60700 contains 556 sites
	-> Printing at chr: chr1 pos:38003976 chunknumber 60800 contains 251 sites
	-> Printing at chr: chr1 pos:38069530 chunknumber 60900 contains 257 sites
	-> Printing at chr: chr1 pos:38111143 chunknumber 61000 contains 252 sites
	-> Printing at chr: chr1 pos:38161832 chunknumber 61100 contains 251 sites
	-> Printing at chr: chr1 pos:38206322 chunknumber 61200 contains 855 sites
	-> Printing at chr: chr1 pos:38255590 chunknumber 61300 contains 869 sites
	-> Printing at chr: chr1 pos:38302803 chunknumber 61400 contains 259 sites
	-> Printing at chr: chr1 pos:38351646 chunknumber 61500 contains 251 sites
	-> Printing at chr: chr1 pos:38397755 chunknumber 61600 contains 260 sites
	-> Printing at chr: chr1 pos:38442491 chunknumber 61700 contains 559 sites
	-> Printing at chr: chr1 pos:38491218 chunknumber 61800 contains 624 sites
	-> Printing at chr: chr1 pos:38545170 chunknumber 61900 contains 251 sites
	-> Printing at chr: chr1 pos:38610198 chunknumber 62000 contains 251 sites
	-> Printing at chr: chr1 pos:38666858 chunknumber 62100 contains 334 sites
	-> Printing at chr: chr1 pos:38712777 chunknumber 62200 contains 260 sites
	-> Printing at chr: chr1 pos:38761376 chunknumber 62300 contains 254 sites
	-> Printing at chr: chr1 pos:38816043 chunknumber 62400 contains 253 sites
	-> Printing at chr: chr1 pos:38852695 chunknumber 62500 contains 257 sites
	-> Printing at chr: chr1 pos:38910550 chunknumber 62600 contains 1599 sites
	-> Printing at chr: chr1 pos:38984964 chunknumber 62700 contains 251 sites
	-> Printing at chr: chr1 pos:39037198 chunknumber 62800 contains 263 sites
	-> Printing at chr: chr1 pos:39107616 chunknumber 62900 contains 261 sites
	-> Printing at chr: chr1 pos:39182831 chunknumber 63000 contains 251 sites
	-> Printing at chr: chr1 pos:39232008 chunknumber 63100 contains 251 sites
	-> Printing at chr: chr1 pos:39283552 chunknumber 63200 contains 251 sites
	-> Printing at chr: chr1 pos:39335891 chunknumber 63300 contains 252 sites
	-> Printing at chr: chr1 pos:39373515 chunknumber 63400 contains 252 sites
	-> Printing at chr: chr1 pos:39407254 chunknumber 63500 contains 252 sites
	-> Printing at chr: chr1 pos:39455249 chunknumber 63600 contains 251 sites
	-> Printing at chr: chr1 pos:39500290 chunknumber 63700 contains 259 sites
	-> Printing at chr: chr1 pos:39556093 chunknumber 63800 contains 256 sites
	-> Printing at chr: chr1 pos:39608532 chunknumber 63900 contains 256 sites
	-> Printing at chr: chr1 pos:39659007 chunknumber 64000 contains 398 sites
	-> Printing at chr: chr1 pos:39707238 chunknumber 64100 contains 260 sites
	-> Printing at chr: chr1 pos:39768625 chunknumber 64200 contains 253 sites
	-> Printing at chr: chr1 pos:39815739 chunknumber 64300 contains 685 sites
	-> Printing at chr: chr1 pos:39874889 chunknumber 64400 contains 317 sites
	-> Printing at chr: chr1 pos:39930551 chunknumber 64500 contains 253 sites
	-> Printing at chr: chr1 pos:39980682 chunknumber 64600 contains 252 sites
	-> Printing at chr: chr1 pos:40023013 chunknumber 64700 contains 548 sites
	-> Printing at chr: chr1 pos:40068081 chunknumber 64800 contains 966 sites
	-> Printing at chr: chr1 pos:40121223 chunknumber 64900 contains 999 sites
	-> Printing at chr: chr1 pos:40189060 chunknumber 65000 contains 253 sites
	-> Printing at chr: chr1 pos:40247265 chunknumber 65100 contains 1021 sites
	-> Printing at chr: chr1 pos:40303355 chunknumber 65200 contains 252 sites
	-> Printing at chr: chr1 pos:40354050 chunknumber 65300 contains 494 sites
	-> Printing at chr: chr1 pos:40395319 chunknumber 65400 contains 2254 sites
	-> Printing at chr: chr1 pos:40465857 chunknumber 65500 contains 832 sites
	-> Printing at chr: chr1 pos:40537002 chunknumber 65600 contains 263 sites
	-> Printing at chr: chr1 pos:40592033 chunknumber 65700 contains 257 sites
	-> Printing at chr: chr1 pos:40634874 chunknumber 65800 contains 253 sites
	-> Printing at chr: chr1 pos:40695349 chunknumber 65900 contains 255 sites
	-> Printing at chr: chr1 pos:40748899 chunknumber 66000 contains 264 sites
	-> Printing at chr: chr1 pos:40798448 chunknumber 66100 contains 269 sites
	-> Printing at chr: chr1 pos:40849421 chunknumber 66200 contains 254 sites
	-> Printing at chr: chr1 pos:40894252 chunknumber 66300 contains 251 sites
	-> Printing at chr: chr1 pos:40961454 chunknumber 66400 contains 251 sites
	-> Printing at chr: chr1 pos:41008952 chunknumber 66500 contains 1001 sites
	-> Printing at chr: chr1 pos:41058229 chunknumber 66600 contains 297 sites
	-> Printing at chr: chr1 pos:41105434 chunknumber 66700 contains 517 sites
	-> Printing at chr: chr1 pos:41161085 chunknumber 66800 contains 594 sites
	-> Printing at chr: chr1 pos:41208575 chunknumber 66900 contains 612 sites
	-> Printing at chr: chr1 pos:41258884 chunknumber 67000 contains 346 sites
	-> Printing at chr: chr1 pos:41304805 chunknumber 67100 contains 261 sites
	-> Printing at chr: chr1 pos:41353492 chunknumber 67200 contains 344 sites
	-> Printing at chr: chr1 pos:41411402 chunknumber 67300 contains 705 sites
	-> Printing at chr: chr1 pos:41452798 chunknumber 67400 contains 251 sites
	-> Printing at chr: chr1 pos:41498799 chunknumber 67500 contains 258 sites
	-> Printing at chr: chr1 pos:41541302 chunknumber 67600 contains 298 sites
	-> Printing at chr: chr1 pos:41587419 chunknumber 67700 contains 303 sites
	-> Printing at chr: chr1 pos:41644706 chunknumber 67800 contains 251 sites
	-> Printing at chr: chr1 pos:41688946 chunknumber 67900 contains 361 sites
	-> Printing at chr: chr1 pos:41729483 chunknumber 68000 contains 515 sites
	-> Printing at chr: chr1 pos:41795963 chunknumber 68100 contains 428 sites
	-> Printing at chr: chr1 pos:41851044 chunknumber 68200 contains 755 sites
	-> Printing at chr: chr1 pos:41907016 chunknumber 68300 contains 275 sites
	-> Printing at chr: chr1 pos:41950490 chunknumber 68400 contains 4189 sites
	-> Printing at chr: chr1 pos:42014938 chunknumber 68500 contains 443 sites
	-> Printing at chr: chr1 pos:42069318 chunknumber 68600 contains 251 sites
	-> Printing at chr: chr1 pos:42120037 chunknumber 68700 contains 317 sites
	-> Printing at chr: chr1 pos:42180634 chunknumber 68800 contains 264 sites
	-> Printing at chr: chr1 pos:42242150 chunknumber 68900 contains 287 sites
	-> Printing at chr: chr1 pos:42301899 chunknumber 69000 contains 263 sites
	-> Printing at chr: chr1 pos:42370465 chunknumber 69100 contains 262 sites
	-> Printing at chr: chr1 pos:42428468 chunknumber 69200 contains 1291 sites
	-> Printing at chr: chr1 pos:42483656 chunknumber 69300 contains 253 sites
	-> Printing at chr: chr1 pos:42526592 chunknumber 69400 contains 602 sites
	-> Printing at chr: chr1 pos:42575721 chunknumber 69500 contains 251 sites
	-> Printing at chr: chr1 pos:42621513 chunknumber 69600 contains 252 sites
	-> Printing at chr: chr1 pos:42686547 chunknumber 69700 contains 260 sites
	-> Printing at chr: chr1 pos:42732639 chunknumber 69800 contains 256 sites
	-> Printing at chr: chr1 pos:42781295 chunknumber 69900 contains 256 sites
	-> Printing at chr: chr1 pos:42826818 chunknumber 70000 contains 253 sites
	-> Printing at chr: chr1 pos:42873631 chunknumber 70100 contains 619 sites
	-> Printing at chr: chr1 pos:42927781 chunknumber 70200 contains 251 sites
	-> Printing at chr: chr1 pos:42970130 chunknumber 70300 contains 251 sites
	-> Printing at chr: chr1 pos:43016757 chunknumber 70400 contains 297 sites
	-> Printing at chr: chr1 pos:43068772 chunknumber 70500 contains 591 sites
	-> Printing at chr: chr1 pos:43143943 chunknumber 70600 contains 253 sites
	-> Printing at chr: chr1 pos:43199462 chunknumber 70700 contains 255 sites
	-> Printing at chr: chr1 pos:43248321 chunknumber 70800 contains 602 sites
	-> Printing at chr: chr1 pos:43309823 chunknumber 70900 contains 265 sites
	-> Printing at chr: chr1 pos:43352164 chunknumber 71000 contains 252 sites
	-> Printing at chr: chr1 pos:43398209 chunknumber 71100 contains 253 sites
	-> Printing at chr: chr1 pos:43455880 chunknumber 71200 contains 253 sites
	-> Printing at chr: chr1 pos:43509376 chunknumber 71300 contains 767 sites
	-> Printing at chr: chr1 pos:43564307 chunknumber 71400 contains 252 sites
	-> Printing at chr: chr1 pos:43617038 chunknumber 71500 contains 255 sites
	-> Printing at chr: chr1 pos:43675268 chunknumber 71600 contains 251 sites
	-> Printing at chr: chr1 pos:43723567 chunknumber 71700 contains 725 sites
	-> Printing at chr: chr1 pos:43771834 chunknumber 71800 contains 590 sites
	-> Printing at chr: chr1 pos:43845474 chunknumber 71900 contains 648 sites
	-> Printing at chr: chr1 pos:43890950 chunknumber 72000 contains 558 sites
	-> Printing at chr: chr1 pos:43955827 chunknumber 72100 contains 254 sites
	-> Printing at chr: chr1 pos:44013696 chunknumber 72200 contains 2189 sites
	-> Printing at chr: chr1 pos:44068248 chunknumber 72300 contains 2136 sites
	-> Printing at chr: chr1 pos:44130051 chunknumber 72400 contains 251 sites
	-> Printing at chr: chr1 pos:44191809 chunknumber 72500 contains 458 sites
	-> Printing at chr: chr1 pos:44235446 chunknumber 72600 contains 253 sites
	-> Printing at chr: chr1 pos:44319222 chunknumber 72700 contains 564 sites
	-> Printing at chr: chr1 pos:44395957 chunknumber 72800 contains 251 sites
	-> Printing at chr: chr1 pos:44454287 chunknumber 72900 contains 262 sites
	-> Printing at chr: chr1 pos:44523770 chunknumber 73000 contains 252 sites
	-> Printing at chr: chr1 pos:44568030 chunknumber 73100 contains 407 sites
	-> Printing at chr: chr1 pos:44620000 chunknumber 73200 contains 292 sites
	-> Printing at chr: chr1 pos:44665740 chunknumber 73300 contains 251 sites
	-> Printing at chr: chr1 pos:44718453 chunknumber 73400 contains 259 sites
	-> Printing at chr: chr1 pos:44766998 chunknumber 73500 contains 375 sites
	-> Printing at chr: chr1 pos:44814061 chunknumber 73600 contains 260 sites
	-> Printing at chr: chr1 pos:44869163 chunknumber 73700 contains 253 sites
	-> Printing at chr: chr1 pos:44928010 chunknumber 73800 contains 251 sites
	-> Printing at chr: chr1 pos:44978320 chunknumber 73900 contains 252 sites
	-> Printing at chr: chr1 pos:45026021 chunknumber 74000 contains 251 sites
	-> Printing at chr: chr1 pos:45089352 chunknumber 74100 contains 251 sites
	-> Printing at chr: chr1 pos:45142745 chunknumber 74200 contains 251 sites
	-> Printing at chr: chr1 pos:45197264 chunknumber 74300 contains 255 sites
	-> Printing at chr: chr1 pos:45245210 chunknumber 74400 contains 259 sites
	-> Printing at chr: chr1 pos:45291978 chunknumber 74500 contains 254 sites
	-> Printing at chr: chr1 pos:45348176 chunknumber 74600 contains 251 sites
	-> Printing at chr: chr1 pos:45394832 chunknumber 74700 contains 251 sites
	-> Printing at chr: chr1 pos:45447854 chunknumber 74800 contains 252 sites
	-> Printing at chr: chr1 pos:45508340 chunknumber 74900 contains 251 sites
	-> Printing at chr: chr1 pos:45554407 chunknumber 75000 contains 251 sites
	-> Printing at chr: chr1 pos:45604966 chunknumber 75100 contains 251 sites
	-> Printing at chr: chr1 pos:45646250 chunknumber 75200 contains 259 sites
	-> Printing at chr: chr1 pos:45698879 chunknumber 75300 contains 251 sites
	-> Printing at chr: chr1 pos:45754407 chunknumber 75400 contains 252 sites
	-> Printing at chr: chr1 pos:45801746 chunknumber 75500 contains 251 sites
	-> Printing at chr: chr1 pos:45871173 chunknumber 75600 contains 1176 sites
	-> Printing at chr: chr1 pos:45924682 chunknumber 75700 contains 866 sites
	-> Printing at chr: chr1 pos:45986048 chunknumber 75800 contains 1083 sites
	-> Printing at chr: chr1 pos:46040570 chunknumber 75900 contains 252 sites
	-> Printing at chr: chr1 pos:46108289 chunknumber 76000 contains 1491 sites
	-> Printing at chr: chr1 pos:46160623 chunknumber 76100 contains 263 sites
	-> Printing at chr: chr1 pos:46210391 chunknumber 76200 contains 258 sites
	-> Printing at chr: chr1 pos:46263624 chunknumber 76300 contains 670 sites
	-> Printing at chr: chr1 pos:46310472 chunknumber 76400 contains 260 sites
	-> Printing at chr: chr1 pos:46377865 chunknumber 76500 contains 251 sites
	-> Printing at chr: chr1 pos:46422559 chunknumber 76600 contains 251 sites
	-> Printing at chr: chr1 pos:46474646 chunknumber 76700 contains 255 sites
	-> Printing at chr: chr1 pos:46523400 chunknumber 76800 contains 251 sites
	-> Printing at chr: chr1 pos:46574147 chunknumber 76900 contains 932 sites
	-> Printing at chr: chr1 pos:46641295 chunknumber 77000 contains 335 sites
	-> Printing at chr: chr1 pos:46711226 chunknumber 77100 contains 252 sites
	-> Printing at chr: chr1 pos:46769096 chunknumber 77200 contains 2527 sites
	-> Printing at chr: chr1 pos:46843165 chunknumber 77300 contains 314 sites
	-> Printing at chr: chr1 pos:46903197 chunknumber 77400 contains 1039 sites
	-> Printing at chr: chr1 pos:46947302 chunknumber 77500 contains 784 sites
	-> Printing at chr: chr1 pos:46996061 chunknumber 77600 contains 251 sites
	-> Printing at chr: chr1 pos:47040806 chunknumber 77700 contains 251 sites
	-> Printing at chr: chr1 pos:47091087 chunknumber 77800 contains 251 sites
	-> Printing at chr: chr1 pos:47142336 chunknumber 77900 contains 284 sites
	-> Printing at chr: chr1 pos:47195740 chunknumber 78000 contains 272 sites
	-> Printing at chr: chr1 pos:47235682 chunknumber 78100 contains 252 sites
	-> Printing at chr: chr1 pos:47277005 chunknumber 78200 contains 254 sites
	-> Printing at chr: chr1 pos:47319024 chunknumber 78300 contains 257 sites
	-> Printing at chr: chr1 pos:47372905 chunknumber 78400 contains 257 sites
	-> Printing at chr: chr1 pos:47439319 chunknumber 78500 contains 700 sites

	-> Done reading data waiting for calculations to finish
	-> Done waiting for threads
	-> Output filenames:
		->"real55.arg"
		->"real55.beagle.gz"
		->"real55.mafs.gz"
		->"real55.geno.gz"
	-> Sat Dec 19 08:38:51 2020
	-> Arguments and parameters for all analysis are located in .arg file
	-> Total number of sites analyzed: 38769553
	-> Number of sites retained after filtering: 1387498 
	[ALL done] cpu-time used =  112572.51 sec
	[ALL done] walltime used =  137123.00 sec
Job ended at Sat Dec 19 08:38:51 CET 2020. Took 38:05:23 hours:minutes:seconds to complete.
