	-> angsd version: 0.930 (htslib: 1.9) build(Mar 20 2020 16:59:13)
	-> [prep_sites.cpp] Reading binary representation of '../../00.beagle/01.input/neutral_sites'
	-> [prep_sites.cpp] nChr: 1 loaded from binary filter file
	-> [abcFilter.cpp] -sites is still beta, use at own risk...
	-> Reading fasta: ../../00.beagle/01.input/grasshopperRef.fasta
	-> SNP-filter using a pvalue: 1.000000e-02 correspond to 6.634897 likelihood units
[bammer_main] 50 samples in 50 input files
	-> Parsing 50 number of samples 
	-> Region lookup 1/1
[shared.cpp.changeChr():281] refid:0
Charnge chr:0
	-> Printing at chr: chr1 pos:57511 chunknumber 100 contains 2745 sites

	-> Allocated ~ 10 million nodes to the nodepool, this is not an estimate of the memory usage
	-> Printing at chr: chr1 pos:125162 chunknumber 200 contains 252 sites
	-> Printing at chr: chr1 pos:169969 chunknumber 300 contains 426 sites
	-> Printing at chr: chr1 pos:233693 chunknumber 400 contains 493 sites
	-> Printing at chr: chr1 pos:313692 chunknumber 500 contains 1114 sites
	-> Printing at chr: chr1 pos:389542 chunknumber 600 contains 341 sites
	-> Printing at chr: chr1 pos:439272 chunknumber 700 contains 251 sites
	-> Printing at chr: chr1 pos:493755 chunknumber 800 contains 298 sites
	-> Printing at chr: chr1 pos:540496 chunknumber 900 contains 256 sites
	-> Printing at chr: chr1 pos:582004 chunknumber 1000 contains 255 sites
	-> Printing at chr: chr1 pos:611101 chunknumber 1100 contains 251 sites
	-> Printing at chr: chr1 pos:657732 chunknumber 1200 contains 251 sites
	-> Printing at chr: chr1 pos:723549 chunknumber 1300 contains 337 sites
	-> Printing at chr: chr1 pos:769484 chunknumber 1400 contains 251 sites
	-> Printing at chr: chr1 pos:821936 chunknumber 1500 contains 273 sites
	-> Printing at chr: chr1 pos:888641 chunknumber 1600 contains 940 sites
	-> Printing at chr: chr1 pos:953246 chunknumber 1700 contains 1247 sites
	-> Printing at chr: chr1 pos:1013600 chunknumber 1800 contains 839 sites
	-> Printing at chr: chr1 pos:1056757 chunknumber 1900 contains 388 sites
	-> Printing at chr: chr1 pos:1146116 chunknumber 2000 contains 1079 sites
	-> Printing at chr: chr1 pos:1226477 chunknumber 2100 contains 251 sites
	-> Printing at chr: chr1 pos:1314891 chunknumber 2200 contains 253 sites
	-> Printing at chr: chr1 pos:1371063 chunknumber 2300 contains 254 sites
	-> Printing at chr: chr1 pos:1422548 chunknumber 2400 contains 258 sites
	-> Printing at chr: chr1 pos:1475400 chunknumber 2500 contains 470 sites
	-> Printing at chr: chr1 pos:1550577 chunknumber 2600 contains 252 sites
	-> Printing at chr: chr1 pos:1601118 chunknumber 2700 contains 253 sites
	-> Printing at chr: chr1 pos:1661142 chunknumber 2800 contains 253 sites
	-> Printing at chr: chr1 pos:1704005 chunknumber 2900 contains 251 sites
	-> Printing at chr: chr1 pos:1763513 chunknumber 3000 contains 677 sites
	-> Printing at chr: chr1 pos:1821794 chunknumber 3100 contains 643 sites
	-> Printing at chr: chr1 pos:1867312 chunknumber 3200 contains 267 sites
	-> Printing at chr: chr1 pos:1923350 chunknumber 3300 contains 262 sites
	-> Printing at chr: chr1 pos:1978904 chunknumber 3400 contains 1498 sites
	-> Printing at chr: chr1 pos:2042691 chunknumber 3500 contains 989 sites
	-> Printing at chr: chr1 pos:2108320 chunknumber 3600 contains 251 sites
	-> Printing at chr: chr1 pos:2149693 chunknumber 3700 contains 275 sites
	-> Printing at chr: chr1 pos:2217393 chunknumber 3800 contains 260 sites
	-> Printing at chr: chr1 pos:2282618 chunknumber 3900 contains 262 sites
	-> Printing at chr: chr1 pos:2345387 chunknumber 4000 contains 252 sites
	-> Printing at chr: chr1 pos:2402940 chunknumber 4100 contains 892 sites
	-> Printing at chr: chr1 pos:2462897 chunknumber 4200 contains 252 sites
	-> Printing at chr: chr1 pos:2521370 chunknumber 4300 contains 572 sites
	-> Printing at chr: chr1 pos:2587604 chunknumber 4400 contains 670 sites

	-> Allocated ~ 20 million nodes to the nodepool, this is not an estimate of the memory usage
	-> Printing at chr: chr1 pos:2660470 chunknumber 4500 contains 1985 sites
	-> Printing at chr: chr1 pos:2727397 chunknumber 4600 contains 252 sites
	-> Printing at chr: chr1 pos:2783755 chunknumber 4700 contains 2661 sites
	-> Printing at chr: chr1 pos:2840077 chunknumber 4800 contains 1727 sites
	-> Printing at chr: chr1 pos:2903463 chunknumber 4900 contains 484 sites
	-> Printing at chr: chr1 pos:2974039 chunknumber 5000 contains 261 sites
	-> Printing at chr: chr1 pos:3038875 chunknumber 5100 contains 970 sites
	-> Printing at chr: chr1 pos:3127062 chunknumber 5200 contains 854 sites
	-> Printing at chr: chr1 pos:3203923 chunknumber 5300 contains 257 sites
	-> Printing at chr: chr1 pos:3275092 chunknumber 5400 contains 1883 sites
	-> Printing at chr: chr1 pos:3380852 chunknumber 5500 contains 412 sites
	-> Printing at chr: chr1 pos:3454647 chunknumber 5600 contains 264 sites
	-> Printing at chr: chr1 pos:3554092 chunknumber 5700 contains 678 sites
	-> Printing at chr: chr1 pos:3613740 chunknumber 5800 contains 254 sites
	-> Printing at chr: chr1 pos:3672486 chunknumber 5900 contains 262 sites
	-> Printing at chr: chr1 pos:3740662 chunknumber 6000 contains 251 sites
	-> Printing at chr: chr1 pos:3800171 chunknumber 6100 contains 607 sites
	-> Printing at chr: chr1 pos:3850528 chunknumber 6200 contains 1909 sites
	-> Printing at chr: chr1 pos:3902225 chunknumber 6300 contains 255 sites
	-> Printing at chr: chr1 pos:3945613 chunknumber 6400 contains 1121 sites
	-> Printing at chr: chr1 pos:4002306 chunknumber 6500 contains 313 sites
	-> Printing at chr: chr1 pos:4051778 chunknumber 6600 contains 251 sites
	-> Printing at chr: chr1 pos:4115024 chunknumber 6700 contains 251 sites
	-> Printing at chr: chr1 pos:4163218 chunknumber 6800 contains 251 sites
	-> Printing at chr: chr1 pos:4205748 chunknumber 6900 contains 490 sites
	-> Printing at chr: chr1 pos:4271864 chunknumber 7000 contains 254 sites
	-> Printing at chr: chr1 pos:4310838 chunknumber 7100 contains 300 sites
	-> Printing at chr: chr1 pos:4366317 chunknumber 7200 contains 595 sites
	-> Printing at chr: chr1 pos:4406201 chunknumber 7300 contains 544 sites
	-> Printing at chr: chr1 pos:4466544 chunknumber 7400 contains 802 sites
	-> Printing at chr: chr1 pos:4519179 chunknumber 7500 contains 256 sites
	-> Printing at chr: chr1 pos:4555330 chunknumber 7600 contains 252 sites
	-> Printing at chr: chr1 pos:4599323 chunknumber 7700 contains 251 sites
	-> Printing at chr: chr1 pos:4653908 chunknumber 7800 contains 252 sites
	-> Printing at chr: chr1 pos:4739236 chunknumber 7900 contains 253 sites
	-> Printing at chr: chr1 pos:4800444 chunknumber 8000 contains 443 sites
	-> Printing at chr: chr1 pos:4845004 chunknumber 8100 contains 1016 sites
	-> Printing at chr: chr1 pos:4888643 chunknumber 8200 contains 251 sites
	-> Printing at chr: chr1 pos:4942099 chunknumber 8300 contains 258 sites
	-> Printing at chr: chr1 pos:4992869 chunknumber 8400 contains 252 sites
	-> Printing at chr: chr1 pos:5039690 chunknumber 8500 contains 338 sites
	-> Printing at chr: chr1 pos:5075322 chunknumber 8600 contains 812 sites
	-> Printing at chr: chr1 pos:5146740 chunknumber 8700 contains 253 sites
	-> Printing at chr: chr1 pos:5195580 chunknumber 8800 contains 322 sites
	-> Printing at chr: chr1 pos:5260324 chunknumber 8900 contains 474 sites
	-> Printing at chr: chr1 pos:5360068 chunknumber 9000 contains 448 sites
	-> Printing at chr: chr1 pos:5433233 chunknumber 9100 contains 268 sites
	-> Printing at chr: chr1 pos:5489197 chunknumber 9200 contains 260 sites
	-> Printing at chr: chr1 pos:5531570 chunknumber 9300 contains 252 sites
	-> Printing at chr: chr1 pos:5586811 chunknumber 9400 contains 580 sites
	-> Printing at chr: chr1 pos:5634654 chunknumber 9500 contains 253 sites
	-> Printing at chr: chr1 pos:5681630 chunknumber 9600 contains 257 sites
	-> Printing at chr: chr1 pos:5747356 chunknumber 9700 contains 251 sites
	-> Printing at chr: chr1 pos:5820287 chunknumber 9800 contains 313 sites
	-> Printing at chr: chr1 pos:5878570 chunknumber 9900 contains 255 sites
	-> Printing at chr: chr1 pos:5936428 chunknumber 10000 contains 729 sites
	-> Printing at chr: chr1 pos:6050846 chunknumber 10100 contains 252 sites
	-> Printing at chr: chr1 pos:6093678 chunknumber 10200 contains 282 sites
	-> Printing at chr: chr1 pos:6145181 chunknumber 10300 contains 252 sites
	-> Printing at chr: chr1 pos:6187159 chunknumber 10400 contains 251 sites
	-> Printing at chr: chr1 pos:6232152 chunknumber 10500 contains 253 sites
	-> Printing at chr: chr1 pos:6282401 chunknumber 10600 contains 320 sites
	-> Printing at chr: chr1 pos:6327241 chunknumber 10700 contains 252 sites
	-> Printing at chr: chr1 pos:6378008 chunknumber 10800 contains 277 sites
	-> Printing at chr: chr1 pos:6432799 chunknumber 10900 contains 299 sites
	-> Printing at chr: chr1 pos:6488626 chunknumber 11000 contains 370 sites
	-> Printing at chr: chr1 pos:6540530 chunknumber 11100 contains 251 sites
	-> Printing at chr: chr1 pos:6609716 chunknumber 11200 contains 268 sites
	-> Printing at chr: chr1 pos:6682063 chunknumber 11300 contains 1588 sites
	-> Printing at chr: chr1 pos:6781889 chunknumber 11400 contains 251 sites
	-> Printing at chr: chr1 pos:6861682 chunknumber 11500 contains 252 sites
	-> Printing at chr: chr1 pos:6949832 chunknumber 11600 contains 1316 sites
	-> Printing at chr: chr1 pos:7014229 chunknumber 11700 contains 260 sites
	-> Printing at chr: chr1 pos:7062085 chunknumber 11800 contains 313 sites
	-> Printing at chr: chr1 pos:7108982 chunknumber 11900 contains 461 sites
	-> Printing at chr: chr1 pos:7142642 chunknumber 12000 contains 252 sites
	-> Printing at chr: chr1 pos:7184578 chunknumber 12100 contains 1812 sites
	-> Printing at chr: chr1 pos:7225659 chunknumber 12200 contains 251 sites
	-> Printing at chr: chr1 pos:7278816 chunknumber 12300 contains 318 sites
	-> Printing at chr: chr1 pos:7355984 chunknumber 12400 contains 253 sites
	-> Printing at chr: chr1 pos:7427614 chunknumber 12500 contains 410 sites
	-> Printing at chr: chr1 pos:7501811 chunknumber 12600 contains 454 sites
	-> Printing at chr: chr1 pos:7558706 chunknumber 12700 contains 1534 sites
	-> Printing at chr: chr1 pos:7632818 chunknumber 12800 contains 251 sites
	-> Printing at chr: chr1 pos:7706657 chunknumber 12900 contains 257 sites
	-> Printing at chr: chr1 pos:7764193 chunknumber 13000 contains 545 sites
	-> Printing at chr: chr1 pos:7830832 chunknumber 13100 contains 255 sites
	-> Printing at chr: chr1 pos:7898203 chunknumber 13200 contains 1130 sites
	-> Printing at chr: chr1 pos:7977950 chunknumber 13300 contains 261 sites
	-> Printing at chr: chr1 pos:8038458 chunknumber 13400 contains 251 sites
	-> Printing at chr: chr1 pos:8101185 chunknumber 13500 contains 285 sites
	-> Printing at chr: chr1 pos:8144356 chunknumber 13600 contains 259 sites
	-> Printing at chr: chr1 pos:8189544 chunknumber 13700 contains 819 sites
	-> Printing at chr: chr1 pos:8246210 chunknumber 13800 contains 1502 sites
	-> Printing at chr: chr1 pos:8303650 chunknumber 13900 contains 439 sites
	-> Printing at chr: chr1 pos:8360994 chunknumber 14000 contains 298 sites
	-> Printing at chr: chr1 pos:8421669 chunknumber 14100 contains 403 sites
	-> Printing at chr: chr1 pos:8497944 chunknumber 14200 contains 251 sites
	-> Printing at chr: chr1 pos:8561399 chunknumber 14300 contains 329 sites
	-> Printing at chr: chr1 pos:8613604 chunknumber 14400 contains 2082 sites
	-> Printing at chr: chr1 pos:8660887 chunknumber 14500 contains 251 sites
	-> Printing at chr: chr1 pos:8703513 chunknumber 14600 contains 251 sites
	-> Printing at chr: chr1 pos:8755026 chunknumber 14700 contains 259 sites
	-> Printing at chr: chr1 pos:8804086 chunknumber 14800 contains 560 sites
	-> Printing at chr: chr1 pos:8849113 chunknumber 14900 contains 251 sites
	-> Printing at chr: chr1 pos:8903592 chunknumber 15000 contains 608 sites
	-> Printing at chr: chr1 pos:8945215 chunknumber 15100 contains 251 sites
	-> Printing at chr: chr1 pos:8997939 chunknumber 15200 contains 1218 sites
	-> Printing at chr: chr1 pos:9049021 chunknumber 15300 contains 251 sites
	-> Printing at chr: chr1 pos:9125442 chunknumber 15400 contains 256 sites
	-> Printing at chr: chr1 pos:9175380 chunknumber 15500 contains 251 sites
	-> Printing at chr: chr1 pos:9222090 chunknumber 15600 contains 252 sites
	-> Printing at chr: chr1 pos:9276690 chunknumber 15700 contains 260 sites
	-> Printing at chr: chr1 pos:9347237 chunknumber 15800 contains 489 sites
	-> Printing at chr: chr1 pos:9396525 chunknumber 15900 contains 513 sites
	-> Printing at chr: chr1 pos:9449060 chunknumber 16000 contains 251 sites
	-> Printing at chr: chr1 pos:9486396 chunknumber 16100 contains 251 sites
	-> Printing at chr: chr1 pos:9530215 chunknumber 16200 contains 258 sites
	-> Printing at chr: chr1 pos:9581961 chunknumber 16300 contains 254 sites
	-> Printing at chr: chr1 pos:9638363 chunknumber 16400 contains 634 sites
	-> Printing at chr: chr1 pos:9706696 chunknumber 16500 contains 757 sites
	-> Printing at chr: chr1 pos:9754749 chunknumber 16600 contains 273 sites
	-> Printing at chr: chr1 pos:9807809 chunknumber 16700 contains 277 sites
	-> Printing at chr: chr1 pos:9848533 chunknumber 16800 contains 500 sites
	-> Printing at chr: chr1 pos:9909142 chunknumber 16900 contains 1090 sites
	-> Printing at chr: chr1 pos:9996364 chunknumber 17000 contains 589 sites
	-> Printing at chr: chr1 pos:10067344 chunknumber 17100 contains 251 sites
	-> Printing at chr: chr1 pos:10110364 chunknumber 17200 contains 3274 sites
	-> Printing at chr: chr1 pos:10178010 chunknumber 17300 contains 874 sites
	-> Printing at chr: chr1 pos:10218966 chunknumber 17400 contains 382 sites
	-> Printing at chr: chr1 pos:10281727 chunknumber 17500 contains 251 sites
	-> Printing at chr: chr1 pos:10360889 chunknumber 17600 contains 255 sites
	-> Printing at chr: chr1 pos:10426673 chunknumber 17700 contains 255 sites
	-> Printing at chr: chr1 pos:10493521 chunknumber 17800 contains 371 sites
	-> Printing at chr: chr1 pos:10573353 chunknumber 17900 contains 271 sites
	-> Printing at chr: chr1 pos:10648606 chunknumber 18000 contains 454 sites
	-> Printing at chr: chr1 pos:10701299 chunknumber 18100 contains 271 sites
	-> Printing at chr: chr1 pos:10764951 chunknumber 18200 contains 256 sites
	-> Printing at chr: chr1 pos:10836708 chunknumber 18300 contains 448 sites
	-> Printing at chr: chr1 pos:10889505 chunknumber 18400 contains 253 sites
	-> Printing at chr: chr1 pos:10953267 chunknumber 18500 contains 254 sites
	-> Printing at chr: chr1 pos:11010950 chunknumber 18600 contains 255 sites
	-> Printing at chr: chr1 pos:11091315 chunknumber 18700 contains 372 sites
	-> Printing at chr: chr1 pos:11130996 chunknumber 18800 contains 251 sites
	-> Printing at chr: chr1 pos:11179182 chunknumber 18900 contains 251 sites
	-> Printing at chr: chr1 pos:11237130 chunknumber 19000 contains 251 sites

	-> Allocated ~ 30 million nodes to the nodepool, this is not an estimate of the memory usage
	-> Printing at chr: chr1 pos:11318795 chunknumber 19100 contains 390 sites
	-> Printing at chr: chr1 pos:11387483 chunknumber 19200 contains 360 sites
	-> Printing at chr: chr1 pos:11467665 chunknumber 19300 contains 662 sites
	-> Printing at chr: chr1 pos:11617691 chunknumber 19400 contains 658 sites
	-> Printing at chr: chr1 pos:11738648 chunknumber 19500 contains 251 sites
	-> Printing at chr: chr1 pos:11787891 chunknumber 19600 contains 419 sites
	-> Printing at chr: chr1 pos:11837812 chunknumber 19700 contains 669 sites
	-> Printing at chr: chr1 pos:11886825 chunknumber 19800 contains 251 sites
	-> Printing at chr: chr1 pos:11928497 chunknumber 19900 contains 252 sites
	-> Printing at chr: chr1 pos:11972711 chunknumber 20000 contains 260 sites
	-> Printing at chr: chr1 pos:12022759 chunknumber 20100 contains 270 sites
	-> Printing at chr: chr1 pos:12062044 chunknumber 20200 contains 666 sites
	-> Printing at chr: chr1 pos:12106052 chunknumber 20300 contains 253 sites
	-> Printing at chr: chr1 pos:12141948 chunknumber 20400 contains 502 sites
	-> Printing at chr: chr1 pos:12187543 chunknumber 20500 contains 251 sites
	-> Printing at chr: chr1 pos:12220287 chunknumber 20600 contains 257 sites
	-> Printing at chr: chr1 pos:12258538 chunknumber 20700 contains 255 sites
	-> Printing at chr: chr1 pos:12296091 chunknumber 20800 contains 255 sites
	-> Printing at chr: chr1 pos:12331640 chunknumber 20900 contains 260 sites
	-> Printing at chr: chr1 pos:12373423 chunknumber 21000 contains 578 sites
	-> Printing at chr: chr1 pos:12415362 chunknumber 21100 contains 253 sites
	-> Printing at chr: chr1 pos:12459172 chunknumber 21200 contains 252 sites
	-> Printing at chr: chr1 pos:12501157 chunknumber 21300 contains 804 sites
	-> Printing at chr: chr1 pos:12549945 chunknumber 21400 contains 418 sites
	-> Printing at chr: chr1 pos:12589258 chunknumber 21500 contains 254 sites
	-> Printing at chr: chr1 pos:12628660 chunknumber 21600 contains 565 sites
	-> Printing at chr: chr1 pos:12672674 chunknumber 21700 contains 282 sites
	-> Printing at chr: chr1 pos:12719047 chunknumber 21800 contains 646 sites
	-> Printing at chr: chr1 pos:12764124 chunknumber 21900 contains 467 sites
	-> Printing at chr: chr1 pos:12820558 chunknumber 22000 contains 255 sites
	-> Printing at chr: chr1 pos:12874125 chunknumber 22100 contains 267 sites
	-> Printing at chr: chr1 pos:12931793 chunknumber 22200 contains 321 sites
	-> Printing at chr: chr1 pos:12979719 chunknumber 22300 contains 715 sites
	-> Printing at chr: chr1 pos:13027303 chunknumber 22400 contains 256 sites
	-> Printing at chr: chr1 pos:13078026 chunknumber 22500 contains 264 sites
	-> Printing at chr: chr1 pos:13129623 chunknumber 22600 contains 277 sites
	-> Printing at chr: chr1 pos:13173232 chunknumber 22700 contains 252 sites
	-> Printing at chr: chr1 pos:13213290 chunknumber 22800 contains 253 sites
	-> Printing at chr: chr1 pos:13257659 chunknumber 22900 contains 483 sites
	-> Printing at chr: chr1 pos:13301400 chunknumber 23000 contains 675 sites
	-> Printing at chr: chr1 pos:13355500 chunknumber 23100 contains 251 sites
	-> Printing at chr: chr1 pos:13409942 chunknumber 23200 contains 263 sites
	-> Printing at chr: chr1 pos:13465918 chunknumber 23300 contains 843 sites
	-> Printing at chr: chr1 pos:13509145 chunknumber 23400 contains 255 sites
	-> Printing at chr: chr1 pos:13560695 chunknumber 23500 contains 251 sites
	-> Printing at chr: chr1 pos:13612785 chunknumber 23600 contains 876 sites
	-> Printing at chr: chr1 pos:13666667 chunknumber 23700 contains 327 sites
	-> Printing at chr: chr1 pos:13714224 chunknumber 23800 contains 1285 sites
	-> Printing at chr: chr1 pos:13786197 chunknumber 23900 contains 258 sites
	-> Printing at chr: chr1 pos:13867418 chunknumber 24000 contains 251 sites
	-> Printing at chr: chr1 pos:13908709 chunknumber 24100 contains 251 sites
	-> Printing at chr: chr1 pos:13956548 chunknumber 24200 contains 251 sites
	-> Printing at chr: chr1 pos:14005912 chunknumber 24300 contains 254 sites
	-> Printing at chr: chr1 pos:14047485 chunknumber 24400 contains 251 sites
	-> Printing at chr: chr1 pos:14094474 chunknumber 24500 contains 251 sites
	-> Printing at chr: chr1 pos:14145588 chunknumber 24600 contains 379 sites
	-> Printing at chr: chr1 pos:14185231 chunknumber 24700 contains 252 sites
	-> Printing at chr: chr1 pos:14230371 chunknumber 24800 contains 251 sites
	-> Printing at chr: chr1 pos:14269271 chunknumber 24900 contains 256 sites
	-> Printing at chr: chr1 pos:14317273 chunknumber 25000 contains 251 sites
	-> Printing at chr: chr1 pos:14370091 chunknumber 25100 contains 625 sites
	-> Printing at chr: chr1 pos:14421207 chunknumber 25200 contains 251 sites
	-> Printing at chr: chr1 pos:14463143 chunknumber 25300 contains 255 sites
	-> Printing at chr: chr1 pos:14508059 chunknumber 25400 contains 523 sites
	-> Printing at chr: chr1 pos:14566646 chunknumber 25500 contains 521 sites
	-> Printing at chr: chr1 pos:14612583 chunknumber 25600 contains 253 sites
	-> Printing at chr: chr1 pos:14657343 chunknumber 25700 contains 275 sites
	-> Printing at chr: chr1 pos:14702910 chunknumber 25800 contains 433 sites
	-> Printing at chr: chr1 pos:14740102 chunknumber 25900 contains 251 sites
	-> Printing at chr: chr1 pos:14781776 chunknumber 26000 contains 252 sites
	-> Printing at chr: chr1 pos:14825925 chunknumber 26100 contains 324 sites
	-> Printing at chr: chr1 pos:14865612 chunknumber 26200 contains 251 sites
	-> Printing at chr: chr1 pos:14910973 chunknumber 26300 contains 1536 sites
	-> Printing at chr: chr1 pos:14950060 chunknumber 26400 contains 1483 sites
	-> Printing at chr: chr1 pos:15002079 chunknumber 26500 contains 263 sites
	-> Printing at chr: chr1 pos:15051129 chunknumber 26600 contains 315 sites
	-> Printing at chr: chr1 pos:15094874 chunknumber 26700 contains 251 sites
	-> Printing at chr: chr1 pos:15139418 chunknumber 26800 contains 266 sites
	-> Printing at chr: chr1 pos:15184347 chunknumber 26900 contains 251 sites
	-> Printing at chr: chr1 pos:15234624 chunknumber 27000 contains 260 sites
	-> Printing at chr: chr1 pos:15282197 chunknumber 27100 contains 252 sites
	-> Printing at chr: chr1 pos:15324909 chunknumber 27200 contains 252 sites
	-> Printing at chr: chr1 pos:15376640 chunknumber 27300 contains 251 sites
	-> Printing at chr: chr1 pos:15419000 chunknumber 27400 contains 253 sites
	-> Printing at chr: chr1 pos:15461051 chunknumber 27500 contains 922 sites
	-> Printing at chr: chr1 pos:15513872 chunknumber 27600 contains 2219 sites
	-> Printing at chr: chr1 pos:15566844 chunknumber 27700 contains 704 sites
	-> Printing at chr: chr1 pos:15614514 chunknumber 27800 contains 337 sites
	-> Printing at chr: chr1 pos:15657800 chunknumber 27900 contains 255 sites
	-> Printing at chr: chr1 pos:15700337 chunknumber 28000 contains 680 sites
	-> Printing at chr: chr1 pos:15747760 chunknumber 28100 contains 251 sites
	-> Printing at chr: chr1 pos:15782818 chunknumber 28200 contains 251 sites
	-> Printing at chr: chr1 pos:15830003 chunknumber 28300 contains 411 sites
	-> Printing at chr: chr1 pos:15875524 chunknumber 28400 contains 251 sites
	-> Printing at chr: chr1 pos:15924565 chunknumber 28500 contains 302 sites
	-> Printing at chr: chr1 pos:15990989 chunknumber 28600 contains 283 sites
	-> Printing at chr: chr1 pos:16033077 chunknumber 28700 contains 257 sites
	-> Printing at chr: chr1 pos:16074513 chunknumber 28800 contains 251 sites
	-> Printing at chr: chr1 pos:16124663 chunknumber 28900 contains 258 sites
	-> Printing at chr: chr1 pos:16176543 chunknumber 29000 contains 254 sites
	-> Printing at chr: chr1 pos:16212088 chunknumber 29100 contains 261 sites
	-> Printing at chr: chr1 pos:16263773 chunknumber 29200 contains 276 sites
	-> Printing at chr: chr1 pos:16327350 chunknumber 29300 contains 253 sites
	-> Printing at chr: chr1 pos:16383599 chunknumber 29400 contains 251 sites
	-> Printing at chr: chr1 pos:16443447 chunknumber 29500 contains 267 sites
	-> Printing at chr: chr1 pos:16493768 chunknumber 29600 contains 701 sites
	-> Printing at chr: chr1 pos:16562017 chunknumber 29700 contains 251 sites
	-> Printing at chr: chr1 pos:16619868 chunknumber 29800 contains 251 sites
	-> Printing at chr: chr1 pos:16668892 chunknumber 29900 contains 1446 sites
	-> Printing at chr: chr1 pos:16744825 chunknumber 30000 contains 325 sites
	-> Printing at chr: chr1 pos:16835508 chunknumber 30100 contains 702 sites
	-> Printing at chr: chr1 pos:16910105 chunknumber 30200 contains 253 sites
	-> Printing at chr: chr1 pos:16956041 chunknumber 30300 contains 251 sites
	-> Printing at chr: chr1 pos:17003858 chunknumber 30400 contains 251 sites
	-> Printing at chr: chr1 pos:17053092 chunknumber 30500 contains 269 sites
	-> Printing at chr: chr1 pos:17099052 chunknumber 30600 contains 251 sites
	-> Printing at chr: chr1 pos:17135917 chunknumber 30700 contains 1718 sites

	-> Allocated ~ 40 million nodes to the nodepool, this is not an estimate of the memory usage
	-> Printing at chr: chr1 pos:17191920 chunknumber 30800 contains 251 sites
	-> Printing at chr: chr1 pos:17240460 chunknumber 30900 contains 251 sites
	-> Printing at chr: chr1 pos:17277726 chunknumber 31000 contains 258 sites
	-> Printing at chr: chr1 pos:17325622 chunknumber 31100 contains 255 sites
	-> Printing at chr: chr1 pos:17368615 chunknumber 31200 contains 274 sites
	-> Printing at chr: chr1 pos:17422708 chunknumber 31300 contains 1332 sites
	-> Printing at chr: chr1 pos:17471335 chunknumber 31400 contains 704 sites
	-> Printing at chr: chr1 pos:17516905 chunknumber 31500 contains 251 sites
	-> Printing at chr: chr1 pos:17562612 chunknumber 31600 contains 253 sites
	-> Printing at chr: chr1 pos:17614003 chunknumber 31700 contains 407 sites
	-> Printing at chr: chr1 pos:17662003 chunknumber 31800 contains 257 sites
	-> Printing at chr: chr1 pos:17717279 chunknumber 31900 contains 170 sites
	-> Printing at chr: chr1 pos:17763069 chunknumber 32000 contains 257 sites
	-> Printing at chr: chr1 pos:17813880 chunknumber 32100 contains 256 sites
	-> Printing at chr: chr1 pos:17869716 chunknumber 32200 contains 267 sites
	-> Printing at chr: chr1 pos:17921098 chunknumber 32300 contains 263 sites
	-> Printing at chr: chr1 pos:17969246 chunknumber 32400 contains 255 sites
	-> Printing at chr: chr1 pos:18011852 chunknumber 32500 contains 251 sites
	-> Printing at chr: chr1 pos:18065924 chunknumber 32600 contains 274 sites
	-> Printing at chr: chr1 pos:18111031 chunknumber 32700 contains 251 sites
	-> Printing at chr: chr1 pos:18158390 chunknumber 32800 contains 359 sites
	-> Printing at chr: chr1 pos:18207662 chunknumber 32900 contains 254 sites
	-> Printing at chr: chr1 pos:18266533 chunknumber 33000 contains 253 sites
	-> Printing at chr: chr1 pos:18308192 chunknumber 33100 contains 252 sites
	-> Printing at chr: chr1 pos:18355566 chunknumber 33200 contains 255 sites
	-> Printing at chr: chr1 pos:18408745 chunknumber 33300 contains 278 sites
	-> Printing at chr: chr1 pos:18465387 chunknumber 33400 contains 262 sites
	-> Printing at chr: chr1 pos:18512904 chunknumber 33500 contains 254 sites
	-> Printing at chr: chr1 pos:18558496 chunknumber 33600 contains 477 sites
	-> Printing at chr: chr1 pos:18613518 chunknumber 33700 contains 251 sites
	-> Printing at chr: chr1 pos:18665616 chunknumber 33800 contains 252 sites
	-> Printing at chr: chr1 pos:18713549 chunknumber 33900 contains 251 sites
	-> Printing at chr: chr1 pos:18767127 chunknumber 34000 contains 254 sites
	-> Printing at chr: chr1 pos:18819179 chunknumber 34100 contains 252 sites
	-> Printing at chr: chr1 pos:18871907 chunknumber 34200 contains 252 sites
	-> Printing at chr: chr1 pos:18915931 chunknumber 34300 contains 251 sites
	-> Printing at chr: chr1 pos:18957337 chunknumber 34400 contains 373 sites
	-> Printing at chr: chr1 pos:19005419 chunknumber 34500 contains 251 sites
	-> Printing at chr: chr1 pos:19056712 chunknumber 34600 contains 1533 sites
	-> Printing at chr: chr1 pos:19100983 chunknumber 34700 contains 275 sites
	-> Printing at chr: chr1 pos:19146372 chunknumber 34800 contains 256 sites
	-> Printing at chr: chr1 pos:19184767 chunknumber 34900 contains 364 sites
	-> Printing at chr: chr1 pos:19231112 chunknumber 35000 contains 1306 sites
	-> Printing at chr: chr1 pos:19277203 chunknumber 35100 contains 251 sites
	-> Printing at chr: chr1 pos:19319193 chunknumber 35200 contains 252 sites
	-> Printing at chr: chr1 pos:19361512 chunknumber 35300 contains 254 sites
	-> Printing at chr: chr1 pos:19419518 chunknumber 35400 contains 271 sites
	-> Printing at chr: chr1 pos:19472115 chunknumber 35500 contains 251 sites
	-> Printing at chr: chr1 pos:19522361 chunknumber 35600 contains 251 sites
	-> Printing at chr: chr1 pos:19567481 chunknumber 35700 contains 874 sites
	-> Printing at chr: chr1 pos:19612845 chunknumber 35800 contains 626 sites
	-> Printing at chr: chr1 pos:19658422 chunknumber 35900 contains 261 sites
	-> Printing at chr: chr1 pos:19713675 chunknumber 36000 contains 251 sites
	-> Printing at chr: chr1 pos:19760228 chunknumber 36100 contains 251 sites
	-> Printing at chr: chr1 pos:19810331 chunknumber 36200 contains 276 sites
	-> Printing at chr: chr1 pos:19853372 chunknumber 36300 contains 252 sites
	-> Printing at chr: chr1 pos:19912939 chunknumber 36400 contains 251 sites
	-> Printing at chr: chr1 pos:19975003 chunknumber 36500 contains 252 sites
	-> Printing at chr: chr1 pos:20024856 chunknumber 36600 contains 904 sites
	-> Printing at chr: chr1 pos:20070739 chunknumber 36700 contains 261 sites
	-> Printing at chr: chr1 pos:20127521 chunknumber 36800 contains 494 sites
	-> Printing at chr: chr1 pos:20198993 chunknumber 36900 contains 259 sites
	-> Printing at chr: chr1 pos:20280782 chunknumber 37000 contains 2520 sites
	-> Printing at chr: chr1 pos:20349994 chunknumber 37100 contains 757 sites
	-> Printing at chr: chr1 pos:20414096 chunknumber 37200 contains 370 sites
	-> Printing at chr: chr1 pos:20467490 chunknumber 37300 contains 253 sites
	-> Printing at chr: chr1 pos:20521683 chunknumber 37400 contains 251 sites
	-> Printing at chr: chr1 pos:20583294 chunknumber 37500 contains 505 sites
	-> Printing at chr: chr1 pos:20640973 chunknumber 37600 contains 264 sites
	-> Printing at chr: chr1 pos:20706151 chunknumber 37700 contains 252 sites
	-> Printing at chr: chr1 pos:20767972 chunknumber 37800 contains 251 sites
	-> Printing at chr: chr1 pos:20831924 chunknumber 37900 contains 453 sites
	-> Printing at chr: chr1 pos:20885901 chunknumber 38000 contains 599 sites
	-> Printing at chr: chr1 pos:20941619 chunknumber 38100 contains 251 sites
	-> Printing at chr: chr1 pos:21001041 chunknumber 38200 contains 259 sites
	-> Printing at chr: chr1 pos:21049289 chunknumber 38300 contains 254 sites
	-> Printing at chr: chr1 pos:21101141 chunknumber 38400 contains 251 sites
	-> Printing at chr: chr1 pos:21146428 chunknumber 38500 contains 251 sites
	-> Printing at chr: chr1 pos:21204491 chunknumber 38600 contains 624 sites
	-> Printing at chr: chr1 pos:21252224 chunknumber 38700 contains 662 sites
	-> Printing at chr: chr1 pos:21298958 chunknumber 38800 contains 254 sites
	-> Printing at chr: chr1 pos:21352383 chunknumber 38900 contains 252 sites
	-> Printing at chr: chr1 pos:21399136 chunknumber 39000 contains 251 sites
	-> Printing at chr: chr1 pos:21454238 chunknumber 39100 contains 251 sites
	-> Printing at chr: chr1 pos:21505745 chunknumber 39200 contains 251 sites
	-> Printing at chr: chr1 pos:21555558 chunknumber 39300 contains 251 sites
	-> Printing at chr: chr1 pos:21604021 chunknumber 39400 contains 614 sites
	-> Printing at chr: chr1 pos:21654613 chunknumber 39500 contains 374 sites
	-> Printing at chr: chr1 pos:21700262 chunknumber 39600 contains 355 sites
	-> Printing at chr: chr1 pos:21749629 chunknumber 39700 contains 252 sites
	-> Printing at chr: chr1 pos:21793853 chunknumber 39800 contains 314 sites
	-> Printing at chr: chr1 pos:21843087 chunknumber 39900 contains 255 sites
	-> Printing at chr: chr1 pos:21899692 chunknumber 40000 contains 252 sites
	-> Printing at chr: chr1 pos:21955978 chunknumber 40100 contains 251 sites
	-> Printing at chr: chr1 pos:22004423 chunknumber 40200 contains 273 sites
	-> Printing at chr: chr1 pos:22048985 chunknumber 40300 contains 251 sites
	-> Printing at chr: chr1 pos:22090104 chunknumber 40400 contains 254 sites
	-> Printing at chr: chr1 pos:22136093 chunknumber 40500 contains 253 sites
	-> Printing at chr: chr1 pos:22180518 chunknumber 40600 contains 313 sites
	-> Printing at chr: chr1 pos:22219445 chunknumber 40700 contains 254 sites
	-> Printing at chr: chr1 pos:22284261 chunknumber 40800 contains 899 sites
	-> Printing at chr: chr1 pos:22330562 chunknumber 40900 contains 253 sites
	-> Printing at chr: chr1 pos:22379605 chunknumber 41000 contains 526 sites
	-> Printing at chr: chr1 pos:22431214 chunknumber 41100 contains 251 sites
	-> Printing at chr: chr1 pos:22483127 chunknumber 41200 contains 290 sites
	-> Printing at chr: chr1 pos:22536437 chunknumber 41300 contains 251 sites
	-> Printing at chr: chr1 pos:22580866 chunknumber 41400 contains 263 sites
	-> Printing at chr: chr1 pos:22622404 chunknumber 41500 contains 591 sites
	-> Printing at chr: chr1 pos:22667399 chunknumber 41600 contains 254 sites
	-> Printing at chr: chr1 pos:22717689 chunknumber 41700 contains 251 sites
	-> Printing at chr: chr1 pos:22762099 chunknumber 41800 contains 251 sites
	-> Printing at chr: chr1 pos:22801572 chunknumber 41900 contains 252 sites
	-> Printing at chr: chr1 pos:22856436 chunknumber 42000 contains 251 sites
	-> Printing at chr: chr1 pos:22894722 chunknumber 42100 contains 256 sites
	-> Printing at chr: chr1 pos:22945235 chunknumber 42200 contains 254 sites
	-> Printing at chr: chr1 pos:22996932 chunknumber 42300 contains 1029 sites
	-> Printing at chr: chr1 pos:23039674 chunknumber 42400 contains 295 sites
	-> Printing at chr: chr1 pos:23090427 chunknumber 42500 contains 252 sites
	-> Printing at chr: chr1 pos:23140836 chunknumber 42600 contains 756 sites
	-> Printing at chr: chr1 pos:23187059 chunknumber 42700 contains 350 sites
	-> Printing at chr: chr1 pos:23239727 chunknumber 42800 contains 269 sites
	-> Printing at chr: chr1 pos:23280351 chunknumber 42900 contains 254 sites
	-> Printing at chr: chr1 pos:23341303 chunknumber 43000 contains 251 sites
	-> Printing at chr: chr1 pos:23389595 chunknumber 43100 contains 496 sites
	-> Printing at chr: chr1 pos:23436192 chunknumber 43200 contains 252 sites
	-> Printing at chr: chr1 pos:23489782 chunknumber 43300 contains 431 sites
	-> Printing at chr: chr1 pos:23557118 chunknumber 43400 contains 257 sites
	-> Printing at chr: chr1 pos:23615851 chunknumber 43500 contains 251 sites
	-> Printing at chr: chr1 pos:23699251 chunknumber 43600 contains 623 sites
	-> Printing at chr: chr1 pos:23761621 chunknumber 43700 contains 273 sites
	-> Printing at chr: chr1 pos:23851660 chunknumber 43800 contains 252 sites
	-> Printing at chr: chr1 pos:23899255 chunknumber 43900 contains 318 sites
	-> Printing at chr: chr1 pos:23962476 chunknumber 44000 contains 254 sites
	-> Printing at chr: chr1 pos:24025719 chunknumber 44100 contains 256 sites
	-> Printing at chr: chr1 pos:24100826 chunknumber 44200 contains 251 sites
	-> Printing at chr: chr1 pos:24167118 chunknumber 44300 contains 410 sites
	-> Printing at chr: chr1 pos:24254657 chunknumber 44400 contains 1569 sites
	-> Printing at chr: chr1 pos:24337598 chunknumber 44500 contains 255 sites
	-> Printing at chr: chr1 pos:24441034 chunknumber 44600 contains 251 sites
	-> Printing at chr: chr1 pos:24538970 chunknumber 44700 contains 1311 sites
	-> Printing at chr: chr1 pos:24653452 chunknumber 44800 contains 380 sites
	-> Printing at chr: chr1 pos:24770163 chunknumber 44900 contains 1531 sites
	-> Printing at chr: chr1 pos:24829256 chunknumber 45000 contains 455 sites
	-> Printing at chr: chr1 pos:24933807 chunknumber 45100 contains 269 sites
	-> Printing at chr: chr1 pos:24993540 chunknumber 45200 contains 254 sites
	-> Printing at chr: chr1 pos:25050116 chunknumber 45300 contains 252 sites
	-> Printing at chr: chr1 pos:25118442 chunknumber 45400 contains 252 sites
	-> Printing at chr: chr1 pos:25172233 chunknumber 45500 contains 255 sites
	-> Printing at chr: chr1 pos:25220927 chunknumber 45600 contains 2317 sites
	-> Printing at chr: chr1 pos:25274090 chunknumber 45700 contains 448 sites
	-> Printing at chr: chr1 pos:25313918 chunknumber 45800 contains 251 sites
	-> Printing at chr: chr1 pos:25356193 chunknumber 45900 contains 251 sites
	-> Printing at chr: chr1 pos:25401627 chunknumber 46000 contains 254 sites
	-> Printing at chr: chr1 pos:25453715 chunknumber 46100 contains 251 sites
	-> Printing at chr: chr1 pos:25505397 chunknumber 46200 contains 251 sites
	-> Printing at chr: chr1 pos:25571988 chunknumber 46300 contains 251 sites
	-> Printing at chr: chr1 pos:25618373 chunknumber 46400 contains 251 sites
	-> Printing at chr: chr1 pos:25666310 chunknumber 46500 contains 241 sites
	-> Printing at chr: chr1 pos:25704453 chunknumber 46600 contains 291 sites
	-> Printing at chr: chr1 pos:25757053 chunknumber 46700 contains 251 sites
	-> Printing at chr: chr1 pos:25825592 chunknumber 46800 contains 251 sites
	-> Printing at chr: chr1 pos:25877929 chunknumber 46900 contains 499 sites
	-> Printing at chr: chr1 pos:25932008 chunknumber 47000 contains 252 sites
	-> Printing at chr: chr1 pos:25973115 chunknumber 47100 contains 332 sites
	-> Printing at chr: chr1 pos:26029680 chunknumber 47200 contains 251 sites
	-> Printing at chr: chr1 pos:26088020 chunknumber 47300 contains 253 sites
	-> Printing at chr: chr1 pos:26150327 chunknumber 47400 contains 254 sites
	-> Printing at chr: chr1 pos:26205644 chunknumber 47500 contains 431 sites
	-> Printing at chr: chr1 pos:26253596 chunknumber 47600 contains 1216 sites
	-> Printing at chr: chr1 pos:26298442 chunknumber 47700 contains 251 sites
	-> Printing at chr: chr1 pos:26355060 chunknumber 47800 contains 301 sites
	-> Printing at chr: chr1 pos:26403782 chunknumber 47900 contains 291 sites
	-> Printing at chr: chr1 pos:26448207 chunknumber 48000 contains 462 sites
	-> Printing at chr: chr1 pos:26494622 chunknumber 48100 contains 251 sites
	-> Printing at chr: chr1 pos:26536738 chunknumber 48200 contains 251 sites
	-> Printing at chr: chr1 pos:26583775 chunknumber 48300 contains 256 sites
	-> Printing at chr: chr1 pos:26630065 chunknumber 48400 contains 253 sites
	-> Printing at chr: chr1 pos:26673163 chunknumber 48500 contains 1222 sites
	-> Printing at chr: chr1 pos:26741596 chunknumber 48600 contains 252 sites
	-> Printing at chr: chr1 pos:26797190 chunknumber 48700 contains 276 sites
	-> Printing at chr: chr1 pos:26850874 chunknumber 48800 contains 251 sites
	-> Printing at chr: chr1 pos:26896861 chunknumber 48900 contains 676 sites
	-> Printing at chr: chr1 pos:26942774 chunknumber 49000 contains 413 sites
	-> Printing at chr: chr1 pos:26996033 chunknumber 49100 contains 260 sites
	-> Printing at chr: chr1 pos:27046253 chunknumber 49200 contains 253 sites
	-> Printing at chr: chr1 pos:27096968 chunknumber 49300 contains 251 sites
	-> Printing at chr: chr1 pos:27146149 chunknumber 49400 contains 327 sites
	-> Printing at chr: chr1 pos:27187156 chunknumber 49500 contains 255 sites
	-> Printing at chr: chr1 pos:27231875 chunknumber 49600 contains 2237 sites
	-> Printing at chr: chr1 pos:27273957 chunknumber 49700 contains 1254 sites
	-> Printing at chr: chr1 pos:27319645 chunknumber 49800 contains 529 sites
	-> Printing at chr: chr1 pos:27369473 chunknumber 49900 contains 251 sites
	-> Printing at chr: chr1 pos:27422251 chunknumber 50000 contains 252 sites
	-> Printing at chr: chr1 pos:27462092 chunknumber 50100 contains 434 sites
	-> Printing at chr: chr1 pos:27523223 chunknumber 50200 contains 252 sites
	-> Printing at chr: chr1 pos:27580721 chunknumber 50300 contains 251 sites
	-> Printing at chr: chr1 pos:27638950 chunknumber 50400 contains 263 sites
	-> Printing at chr: chr1 pos:27679164 chunknumber 50500 contains 948 sites
	-> Printing at chr: chr1 pos:27787815 chunknumber 50600 contains 251 sites
	-> Printing at chr: chr1 pos:27843729 chunknumber 50700 contains 256 sites
	-> Printing at chr: chr1 pos:27955197 chunknumber 50800 contains 540 sites
	-> Printing at chr: chr1 pos:28023208 chunknumber 50900 contains 251 sites
	-> Printing at chr: chr1 pos:28101686 chunknumber 51000 contains 434 sites
	-> Printing at chr: chr1 pos:28175123 chunknumber 51100 contains 251 sites
	-> Printing at chr: chr1 pos:28264042 chunknumber 51200 contains 403 sites
	-> Printing at chr: chr1 pos:28356074 chunknumber 51300 contains 260 sites
	-> Printing at chr: chr1 pos:28415858 chunknumber 51400 contains 1879 sites
	-> Printing at chr: chr1 pos:28510310 chunknumber 51500 contains 615 sites
	-> Printing at chr: chr1 pos:28614740 chunknumber 51600 contains 368 sites
	-> Printing at chr: chr1 pos:28707248 chunknumber 51700 contains 251 sites
	-> Printing at chr: chr1 pos:28793062 chunknumber 51800 contains 2313 sites
	-> Printing at chr: chr1 pos:28861484 chunknumber 51900 contains 381 sites
	-> Printing at chr: chr1 pos:28953910 chunknumber 52000 contains 256 sites
	-> Printing at chr: chr1 pos:29065381 chunknumber 52100 contains 1924 sites
	-> Printing at chr: chr1 pos:29235988 chunknumber 52200 contains 1889 sites
	-> Printing at chr: chr1 pos:29334500 chunknumber 52300 contains 1983 sites
	-> Printing at chr: chr1 pos:29465289 chunknumber 52400 contains 254 sites
	-> Printing at chr: chr1 pos:29566581 chunknumber 52500 contains 4566 sites
	-> Printing at chr: chr1 pos:29643746 chunknumber 52600 contains 276 sites
	-> Printing at chr: chr1 pos:29720892 chunknumber 52700 contains 258 sites
	-> Printing at chr: chr1 pos:29793465 chunknumber 52800 contains 256 sites
	-> Printing at chr: chr1 pos:29881433 chunknumber 52900 contains 252 sites
	-> Printing at chr: chr1 pos:29962446 chunknumber 53000 contains 266 sites
	-> Printing at chr: chr1 pos:30036231 chunknumber 53100 contains 251 sites
	-> Printing at chr: chr1 pos:30107375 chunknumber 53200 contains 931 sites
	-> Printing at chr: chr1 pos:30225197 chunknumber 53300 contains 1068 sites
	-> Printing at chr: chr1 pos:30328681 chunknumber 53400 contains 251 sites
	-> Printing at chr: chr1 pos:30445415 chunknumber 53500 contains 256 sites
	-> Printing at chr: chr1 pos:30539978 chunknumber 53600 contains 858 sites
	-> Printing at chr: chr1 pos:30633916 chunknumber 53700 contains 251 sites
	-> Printing at chr: chr1 pos:30744936 chunknumber 53800 contains 270 sites
	-> Printing at chr: chr1 pos:30843983 chunknumber 53900 contains 252 sites
	-> Printing at chr: chr1 pos:30924948 chunknumber 54000 contains 251 sites
	-> Printing at chr: chr1 pos:31053583 chunknumber 54100 contains 257 sites
	-> Printing at chr: chr1 pos:31143197 chunknumber 54200 contains 252 sites
	-> Printing at chr: chr1 pos:31194094 chunknumber 54300 contains 253 sites
	-> Printing at chr: chr1 pos:31271450 chunknumber 54400 contains 3473 sites
	-> Printing at chr: chr1 pos:31360109 chunknumber 54500 contains 846 sites
	-> Printing at chr: chr1 pos:31419977 chunknumber 54600 contains 251 sites
	-> Printing at chr: chr1 pos:31468006 chunknumber 54700 contains 614 sites
	-> Printing at chr: chr1 pos:31518057 chunknumber 54800 contains 254 sites
	-> Printing at chr: chr1 pos:31594506 chunknumber 54900 contains 306 sites
	-> Printing at chr: chr1 pos:31666157 chunknumber 55000 contains 251 sites
	-> Printing at chr: chr1 pos:31721927 chunknumber 55100 contains 1260 sites
	-> Printing at chr: chr1 pos:31774486 chunknumber 55200 contains 395 sites
	-> Printing at chr: chr1 pos:31825456 chunknumber 55300 contains 251 sites
	-> Printing at chr: chr1 pos:31888642 chunknumber 55400 contains 251 sites
	-> Printing at chr: chr1 pos:31948469 chunknumber 55500 contains 252 sites
	-> Printing at chr: chr1 pos:32036451 chunknumber 55600 contains 251 sites
	-> Printing at chr: chr1 pos:32096382 chunknumber 55700 contains 1426 sites
	-> Printing at chr: chr1 pos:32176819 chunknumber 55800 contains 253 sites
	-> Printing at chr: chr1 pos:32243118 chunknumber 55900 contains 251 sites
	-> Printing at chr: chr1 pos:32297393 chunknumber 56000 contains 251 sites
	-> Printing at chr: chr1 pos:32357415 chunknumber 56100 contains 251 sites
	-> Printing at chr: chr1 pos:32411247 chunknumber 56200 contains 251 sites
	-> Printing at chr: chr1 pos:32468828 chunknumber 56300 contains 256 sites
	-> Printing at chr: chr1 pos:32506235 chunknumber 56400 contains 256 sites
	-> Printing at chr: chr1 pos:32570607 chunknumber 56500 contains 258 sites
	-> Printing at chr: chr1 pos:32622995 chunknumber 56600 contains 619 sites
	-> Printing at chr: chr1 pos:32697595 chunknumber 56700 contains 251 sites
	-> Printing at chr: chr1 pos:32789994 chunknumber 56800 contains 482 sites
	-> Printing at chr: chr1 pos:32850169 chunknumber 56900 contains 254 sites
	-> Printing at chr: chr1 pos:32914293 chunknumber 57000 contains 253 sites
	-> Printing at chr: chr1 pos:32993699 chunknumber 57100 contains 258 sites
	-> Printing at chr: chr1 pos:33038766 chunknumber 57200 contains 251 sites
	-> Printing at chr: chr1 pos:33097252 chunknumber 57300 contains 251 sites
	-> Printing at chr: chr1 pos:33153019 chunknumber 57400 contains 618 sites
	-> Printing at chr: chr1 pos:33241007 chunknumber 57500 contains 309 sites
	-> Printing at chr: chr1 pos:33321509 chunknumber 57600 contains 256 sites
	-> Printing at chr: chr1 pos:33422546 chunknumber 57700 contains 1659 sites
	-> Printing at chr: chr1 pos:33517684 chunknumber 57800 contains 255 sites
	-> Printing at chr: chr1 pos:33596814 chunknumber 57900 contains 895 sites
	-> Printing at chr: chr1 pos:33660753 chunknumber 58000 contains 594 sites
	-> Printing at chr: chr1 pos:33724146 chunknumber 58100 contains 330 sites
	-> Printing at chr: chr1 pos:33800489 chunknumber 58200 contains 251 sites
	-> Printing at chr: chr1 pos:33862346 chunknumber 58300 contains 1162 sites
	-> Printing at chr: chr1 pos:33951685 chunknumber 58400 contains 267 sites
	-> Printing at chr: chr1 pos:33991415 chunknumber 58500 contains 251 sites
	-> Printing at chr: chr1 pos:34054567 chunknumber 58600 contains 494 sites
	-> Printing at chr: chr1 pos:34122806 chunknumber 58700 contains 252 sites
	-> Printing at chr: chr1 pos:34249334 chunknumber 58800 contains 966 sites
	-> Printing at chr: chr1 pos:34298572 chunknumber 58900 contains 267 sites
	-> Printing at chr: chr1 pos:34350196 chunknumber 59000 contains 389 sites
	-> Printing at chr: chr1 pos:34386030 chunknumber 59100 contains 261 sites
	-> Printing at chr: chr1 pos:34425610 chunknumber 59200 contains 251 sites
	-> Printing at chr: chr1 pos:34466594 chunknumber 59300 contains 361 sites
	-> Printing at chr: chr1 pos:34505930 chunknumber 59400 contains 637 sites
	-> Printing at chr: chr1 pos:34541649 chunknumber 59500 contains 252 sites
	-> Printing at chr: chr1 pos:34582558 chunknumber 59600 contains 258 sites
	-> Printing at chr: chr1 pos:34626572 chunknumber 59700 contains 265 sites
	-> Printing at chr: chr1 pos:34666494 chunknumber 59800 contains 267 sites
	-> Printing at chr: chr1 pos:34715566 chunknumber 59900 contains 253 sites
	-> Printing at chr: chr1 pos:34767257 chunknumber 60000 contains 335 sites
	-> Printing at chr: chr1 pos:34810156 chunknumber 60100 contains 264 sites
	-> Printing at chr: chr1 pos:34846356 chunknumber 60200 contains 251 sites
	-> Printing at chr: chr1 pos:34886674 chunknumber 60300 contains 2894 sites
	-> Printing at chr: chr1 pos:34921991 chunknumber 60400 contains 253 sites
	-> Printing at chr: chr1 pos:34966367 chunknumber 60500 contains 251 sites
	-> Printing at chr: chr1 pos:35016223 chunknumber 60600 contains 251 sites
	-> Printing at chr: chr1 pos:35053753 chunknumber 60700 contains 970 sites
	-> Printing at chr: chr1 pos:35095036 chunknumber 60800 contains 253 sites
	-> Printing at chr: chr1 pos:35133267 chunknumber 60900 contains 1449 sites
	-> Printing at chr: chr1 pos:35171581 chunknumber 61000 contains 251 sites
	-> Printing at chr: chr1 pos:35214705 chunknumber 61100 contains 445 sites
	-> Printing at chr: chr1 pos:35261611 chunknumber 61200 contains 379 sites
	-> Printing at chr: chr1 pos:35306347 chunknumber 61300 contains 255 sites
	-> Printing at chr: chr1 pos:35349070 chunknumber 61400 contains 253 sites
	-> Printing at chr: chr1 pos:35397001 chunknumber 61500 contains 264 sites
	-> Printing at chr: chr1 pos:35428768 chunknumber 61600 contains 254 sites
	-> Printing at chr: chr1 pos:35466071 chunknumber 61700 contains 253 sites
	-> Printing at chr: chr1 pos:35508266 chunknumber 61800 contains 325 sites
	-> Printing at chr: chr1 pos:35553378 chunknumber 61900 contains 392 sites
	-> Printing at chr: chr1 pos:35595140 chunknumber 62000 contains 699 sites
	-> Printing at chr: chr1 pos:35640549 chunknumber 62100 contains 252 sites
	-> Printing at chr: chr1 pos:35678137 chunknumber 62200 contains 256 sites
	-> Printing at chr: chr1 pos:35718034 chunknumber 62300 contains 258 sites
	-> Printing at chr: chr1 pos:35752438 chunknumber 62400 contains 251 sites
	-> Printing at chr: chr1 pos:35793332 chunknumber 62500 contains 252 sites
	-> Printing at chr: chr1 pos:35842485 chunknumber 62600 contains 577 sites
	-> Printing at chr: chr1 pos:35895979 chunknumber 62700 contains 255 sites
	-> Printing at chr: chr1 pos:35941969 chunknumber 62800 contains 252 sites
	-> Printing at chr: chr1 pos:35980532 chunknumber 62900 contains 325 sites
	-> Printing at chr: chr1 pos:36023958 chunknumber 63000 contains 844 sites
	-> Printing at chr: chr1 pos:36068628 chunknumber 63100 contains 657 sites
	-> Printing at chr: chr1 pos:36113928 chunknumber 63200 contains 569 sites
	-> Printing at chr: chr1 pos:36149857 chunknumber 63300 contains 253 sites
	-> Printing at chr: chr1 pos:36180637 chunknumber 63400 contains 818 sites
	-> Printing at chr: chr1 pos:36220304 chunknumber 63500 contains 251 sites
	-> Printing at chr: chr1 pos:36261552 chunknumber 63600 contains 255 sites
	-> Printing at chr: chr1 pos:36305948 chunknumber 63700 contains 3139 sites
	-> Printing at chr: chr1 pos:36351346 chunknumber 63800 contains 254 sites
	-> Printing at chr: chr1 pos:36395384 chunknumber 63900 contains 254 sites
	-> Printing at chr: chr1 pos:36436210 chunknumber 64000 contains 251 sites
	-> Printing at chr: chr1 pos:36476146 chunknumber 64100 contains 263 sites
	-> Printing at chr: chr1 pos:36514399 chunknumber 64200 contains 299 sites
	-> Printing at chr: chr1 pos:36556730 chunknumber 64300 contains 255 sites
	-> Printing at chr: chr1 pos:36591413 chunknumber 64400 contains 251 sites
	-> Printing at chr: chr1 pos:36631653 chunknumber 64500 contains 494 sites
	-> Printing at chr: chr1 pos:36670740 chunknumber 64600 contains 251 sites
	-> Printing at chr: chr1 pos:36715196 chunknumber 64700 contains 870 sites
	-> Printing at chr: chr1 pos:36757116 chunknumber 64800 contains 306 sites
	-> Printing at chr: chr1 pos:36795155 chunknumber 64900 contains 257 sites
	-> Printing at chr: chr1 pos:36852816 chunknumber 65000 contains 252 sites
	-> Printing at chr: chr1 pos:36898360 chunknumber 65100 contains 251 sites
	-> Printing at chr: chr1 pos:36949213 chunknumber 65200 contains 251 sites
	-> Printing at chr: chr1 pos:36991907 chunknumber 65300 contains 508 sites
	-> Printing at chr: chr1 pos:37031415 chunknumber 65400 contains 256 sites
	-> Printing at chr: chr1 pos:37073300 chunknumber 65500 contains 278 sites
	-> Printing at chr: chr1 pos:37116252 chunknumber 65600 contains 253 sites
	-> Printing at chr: chr1 pos:37150392 chunknumber 65700 contains 256 sites
	-> Printing at chr: chr1 pos:37193451 chunknumber 65800 contains 251 sites
	-> Printing at chr: chr1 pos:37244395 chunknumber 65900 contains 252 sites
	-> Printing at chr: chr1 pos:37282060 chunknumber 66000 contains 252 sites
	-> Printing at chr: chr1 pos:37332553 chunknumber 66100 contains 1300 sites
	-> Printing at chr: chr1 pos:37372747 chunknumber 66200 contains 255 sites
	-> Printing at chr: chr1 pos:37413481 chunknumber 66300 contains 254 sites
	-> Printing at chr: chr1 pos:37445743 chunknumber 66400 contains 253 sites
	-> Printing at chr: chr1 pos:37482829 chunknumber 66500 contains 263 sites
	-> Printing at chr: chr1 pos:37520778 chunknumber 66600 contains 254 sites
	-> Printing at chr: chr1 pos:37562208 chunknumber 66700 contains 261 sites
	-> Printing at chr: chr1 pos:37602140 chunknumber 66800 contains 258 sites
	-> Printing at chr: chr1 pos:37640226 chunknumber 66900 contains 252 sites
	-> Printing at chr: chr1 pos:37675468 chunknumber 67000 contains 270 sites
	-> Printing at chr: chr1 pos:37728999 chunknumber 67100 contains 459 sites
	-> Printing at chr: chr1 pos:37770087 chunknumber 67200 contains 251 sites
	-> Printing at chr: chr1 pos:37815557 chunknumber 67300 contains 454 sites
	-> Printing at chr: chr1 pos:37860715 chunknumber 67400 contains 527 sites
	-> Printing at chr: chr1 pos:37904910 chunknumber 67500 contains 260 sites
	-> Printing at chr: chr1 pos:37964862 chunknumber 67600 contains 253 sites
	-> Printing at chr: chr1 pos:38003909 chunknumber 67700 contains 252 sites
	-> Printing at chr: chr1 pos:38049596 chunknumber 67800 contains 421 sites
	-> Printing at chr: chr1 pos:38093929 chunknumber 67900 contains 907 sites
	-> Printing at chr: chr1 pos:38136801 chunknumber 68000 contains 294 sites
	-> Printing at chr: chr1 pos:38172887 chunknumber 68100 contains 295 sites
	-> Printing at chr: chr1 pos:38217297 chunknumber 68200 contains 256 sites
	-> Printing at chr: chr1 pos:38258803 chunknumber 68300 contains 254 sites
	-> Printing at chr: chr1 pos:38305851 chunknumber 68400 contains 261 sites
	-> Printing at chr: chr1 pos:38348834 chunknumber 68500 contains 255 sites
	-> Printing at chr: chr1 pos:38387255 chunknumber 68600 contains 251 sites
	-> Printing at chr: chr1 pos:38427508 chunknumber 68700 contains 276 sites
	-> Printing at chr: chr1 pos:38472422 chunknumber 68800 contains 569 sites
	-> Printing at chr: chr1 pos:38514567 chunknumber 68900 contains 880 sites
	-> Printing at chr: chr1 pos:38558619 chunknumber 69000 contains 251 sites
	-> Printing at chr: chr1 pos:38605809 chunknumber 69100 contains 472 sites
	-> Printing at chr: chr1 pos:38641168 chunknumber 69200 contains 251 sites
	-> Printing at chr: chr1 pos:38680323 chunknumber 69300 contains 254 sites
	-> Printing at chr: chr1 pos:38713534 chunknumber 69400 contains 510 sites
	-> Printing at chr: chr1 pos:38754114 chunknumber 69500 contains 254 sites
	-> Printing at chr: chr1 pos:38790195 chunknumber 69600 contains 254 sites
	-> Printing at chr: chr1 pos:38831069 chunknumber 69700 contains 251 sites
	-> Printing at chr: chr1 pos:38872035 chunknumber 69800 contains 251 sites
	-> Printing at chr: chr1 pos:38923324 chunknumber 69900 contains 468 sites
	-> Printing at chr: chr1 pos:38975655 chunknumber 70000 contains 264 sites
	-> Printing at chr: chr1 pos:39019380 chunknumber 70100 contains 1416 sites
	-> Printing at chr: chr1 pos:39080768 chunknumber 70200 contains 307 sites
	-> Printing at chr: chr1 pos:39134265 chunknumber 70300 contains 1116 sites
	-> Printing at chr: chr1 pos:39182842 chunknumber 70400 contains 252 sites
	-> Printing at chr: chr1 pos:39225511 chunknumber 70500 contains 255 sites
	-> Printing at chr: chr1 pos:39266053 chunknumber 70600 contains 571 sites
	-> Printing at chr: chr1 pos:39314814 chunknumber 70700 contains 251 sites
	-> Printing at chr: chr1 pos:39353173 chunknumber 70800 contains 251 sites
	-> Printing at chr: chr1 pos:39391593 chunknumber 70900 contains 251 sites
	-> Printing at chr: chr1 pos:39426868 chunknumber 71000 contains 1035 sites
	-> Printing at chr: chr1 pos:39472919 chunknumber 71100 contains 259 sites
	-> Printing at chr: chr1 pos:39515824 chunknumber 71200 contains 253 sites
	-> Printing at chr: chr1 pos:39556336 chunknumber 71300 contains 255 sites
	-> Printing at chr: chr1 pos:39605097 chunknumber 71400 contains 251 sites
	-> Printing at chr: chr1 pos:39644267 chunknumber 71500 contains 461 sites
	-> Printing at chr: chr1 pos:39682484 chunknumber 71600 contains 252 sites
	-> Printing at chr: chr1 pos:39724984 chunknumber 71700 contains 1171 sites
	-> Printing at chr: chr1 pos:39775572 chunknumber 71800 contains 377 sites
	-> Printing at chr: chr1 pos:39820236 chunknumber 71900 contains 251 sites
	-> Printing at chr: chr1 pos:39862768 chunknumber 72000 contains 302 sites
	-> Printing at chr: chr1 pos:39902932 chunknumber 72100 contains 371 sites
	-> Printing at chr: chr1 pos:39944323 chunknumber 72200 contains 858 sites
	-> Printing at chr: chr1 pos:39983895 chunknumber 72300 contains 251 sites
	-> Printing at chr: chr1 pos:40025358 chunknumber 72400 contains 254 sites
	-> Printing at chr: chr1 pos:40062619 chunknumber 72500 contains 469 sites
	-> Printing at chr: chr1 pos:40109086 chunknumber 72600 contains 367 sites
	-> Printing at chr: chr1 pos:40152305 chunknumber 72700 contains 252 sites
	-> Printing at chr: chr1 pos:40201357 chunknumber 72800 contains 254 sites
	-> Printing at chr: chr1 pos:40250947 chunknumber 72900 contains 1150 sites
	-> Printing at chr: chr1 pos:40294496 chunknumber 73000 contains 254 sites
	-> Printing at chr: chr1 pos:40350877 chunknumber 73100 contains 540 sites
	-> Printing at chr: chr1 pos:40392764 chunknumber 73200 contains 251 sites
	-> Printing at chr: chr1 pos:40445397 chunknumber 73300 contains 509 sites
	-> Printing at chr: chr1 pos:40509470 chunknumber 73400 contains 259 sites
	-> Printing at chr: chr1 pos:40557157 chunknumber 73500 contains 252 sites
	-> Printing at chr: chr1 pos:40601912 chunknumber 73600 contains 251 sites
	-> Printing at chr: chr1 pos:40637120 chunknumber 73700 contains 285 sites
	-> Printing at chr: chr1 pos:40682927 chunknumber 73800 contains 257 sites
	-> Printing at chr: chr1 pos:40721909 chunknumber 73900 contains 749 sites
	-> Printing at chr: chr1 pos:40769623 chunknumber 74000 contains 252 sites
	-> Printing at chr: chr1 pos:40818160 chunknumber 74100 contains 263 sites
	-> Printing at chr: chr1 pos:40859382 chunknumber 74200 contains 260 sites
	-> Printing at chr: chr1 pos:40911180 chunknumber 74300 contains 251 sites
	-> Printing at chr: chr1 pos:40957455 chunknumber 74400 contains 801 sites
	-> Printing at chr: chr1 pos:40993492 chunknumber 74500 contains 1544 sites
	-> Printing at chr: chr1 pos:41031438 chunknumber 74600 contains 251 sites
	-> Printing at chr: chr1 pos:41071245 chunknumber 74700 contains 253 sites
	-> Printing at chr: chr1 pos:41126640 chunknumber 74800 contains 251 sites
	-> Printing at chr: chr1 pos:41175724 chunknumber 74900 contains 251 sites
	-> Printing at chr: chr1 pos:41213611 chunknumber 75000 contains 271 sites
	-> Printing at chr: chr1 pos:41264460 chunknumber 75100 contains 626 sites
	-> Printing at chr: chr1 pos:41309749 chunknumber 75200 contains 251 sites
	-> Printing at chr: chr1 pos:41349795 chunknumber 75300 contains 336 sites
	-> Printing at chr: chr1 pos:41393437 chunknumber 75400 contains 412 sites
	-> Printing at chr: chr1 pos:41434460 chunknumber 75500 contains 781 sites
	-> Printing at chr: chr1 pos:41468315 chunknumber 75600 contains 261 sites
	-> Printing at chr: chr1 pos:41515734 chunknumber 75700 contains 261 sites
	-> Printing at chr: chr1 pos:41550126 chunknumber 75800 contains 693 sites
	-> Printing at chr: chr1 pos:41596495 chunknumber 75900 contains 251 sites
	-> Printing at chr: chr1 pos:41640994 chunknumber 76000 contains 399 sites
	-> Printing at chr: chr1 pos:41683709 chunknumber 76100 contains 252 sites
	-> Printing at chr: chr1 pos:41721684 chunknumber 76200 contains 351 sites
	-> Printing at chr: chr1 pos:41774182 chunknumber 76300 contains 480 sites
	-> Printing at chr: chr1 pos:41818273 chunknumber 76400 contains 348 sites
	-> Printing at chr: chr1 pos:41863126 chunknumber 76500 contains 251 sites
	-> Printing at chr: chr1 pos:41903318 chunknumber 76600 contains 252 sites
	-> Printing at chr: chr1 pos:41946864 chunknumber 76700 contains 252 sites
	-> Printing at chr: chr1 pos:41996826 chunknumber 76800 contains 585 sites
	-> Printing at chr: chr1 pos:42039594 chunknumber 76900 contains 251 sites
	-> Printing at chr: chr1 pos:42085939 chunknumber 77000 contains 270 sites
	-> Printing at chr: chr1 pos:42126171 chunknumber 77100 contains 332 sites
	-> Printing at chr: chr1 pos:42179009 chunknumber 77200 contains 279 sites
	-> Printing at chr: chr1 pos:42226477 chunknumber 77300 contains 278 sites
	-> Printing at chr: chr1 pos:42277722 chunknumber 77400 contains 376 sites
	-> Printing at chr: chr1 pos:42338757 chunknumber 77500 contains 3674 sites
	-> Printing at chr: chr1 pos:42384576 chunknumber 77600 contains 255 sites
	-> Printing at chr: chr1 pos:42438585 chunknumber 77700 contains 266 sites
	-> Printing at chr: chr1 pos:42485918 chunknumber 77800 contains 251 sites
	-> Printing at chr: chr1 pos:42524674 chunknumber 77900 contains 379 sites
	-> Printing at chr: chr1 pos:42568981 chunknumber 78000 contains 251 sites
	-> Printing at chr: chr1 pos:42613397 chunknumber 78100 contains 253 sites
	-> Printing at chr: chr1 pos:42658589 chunknumber 78200 contains 263 sites
	-> Printing at chr: chr1 pos:42710767 chunknumber 78300 contains 251 sites
	-> Printing at chr: chr1 pos:42753470 chunknumber 78400 contains 255 sites
	-> Printing at chr: chr1 pos:42801828 chunknumber 78500 contains 1193 sites
	-> Printing at chr: chr1 pos:42855345 chunknumber 78600 contains 297 sites
	-> Printing at chr: chr1 pos:42906973 chunknumber 78700 contains 927 sites
	-> Printing at chr: chr1 pos:42948292 chunknumber 78800 contains 461 sites
	-> Printing at chr: chr1 pos:42990906 chunknumber 78900 contains 1250 sites
	-> Printing at chr: chr1 pos:43038929 chunknumber 79000 contains 268 sites
	-> Printing at chr: chr1 pos:43076246 chunknumber 79100 contains 1083 sites
	-> Printing at chr: chr1 pos:43130935 chunknumber 79200 contains 448 sites
	-> Printing at chr: chr1 pos:43183624 chunknumber 79300 contains 523 sites
	-> Printing at chr: chr1 pos:43221835 chunknumber 79400 contains 252 sites
	-> Printing at chr: chr1 pos:43268904 chunknumber 79500 contains 251 sites
	-> Printing at chr: chr1 pos:43317873 chunknumber 79600 contains 251 sites
	-> Printing at chr: chr1 pos:43362831 chunknumber 79700 contains 251 sites
	-> Printing at chr: chr1 pos:43400278 chunknumber 79800 contains 373 sites
	-> Printing at chr: chr1 pos:43446317 chunknumber 79900 contains 269 sites
	-> Printing at chr: chr1 pos:43487798 chunknumber 80000 contains 261 sites
	-> Printing at chr: chr1 pos:43536476 chunknumber 80100 contains 254 sites
	-> Printing at chr: chr1 pos:43580483 chunknumber 80200 contains 1208 sites
	-> Printing at chr: chr1 pos:43625065 chunknumber 80300 contains 253 sites
	-> Printing at chr: chr1 pos:43672720 chunknumber 80400 contains 251 sites
	-> Printing at chr: chr1 pos:43712605 chunknumber 80500 contains 251 sites
	-> Printing at chr: chr1 pos:43751012 chunknumber 80600 contains 253 sites
	-> Printing at chr: chr1 pos:43801092 chunknumber 80700 contains 256 sites
	-> Printing at chr: chr1 pos:43857590 chunknumber 80800 contains 460 sites
	-> Printing at chr: chr1 pos:43894574 chunknumber 80900 contains 252 sites
	-> Printing at chr: chr1 pos:43936772 chunknumber 81000 contains 254 sites
	-> Printing at chr: chr1 pos:43983376 chunknumber 81100 contains 454 sites
	-> Printing at chr: chr1 pos:44035792 chunknumber 81200 contains 251 sites
	-> Printing at chr: chr1 pos:44088386 chunknumber 81300 contains 280 sites
	-> Printing at chr: chr1 pos:44135019 chunknumber 81400 contains 252 sites
	-> Printing at chr: chr1 pos:44175464 chunknumber 81500 contains 369 sites
	-> Printing at chr: chr1 pos:44226889 chunknumber 81600 contains 801 sites
	-> Printing at chr: chr1 pos:44284231 chunknumber 81700 contains 254 sites
	-> Printing at chr: chr1 pos:44342670 chunknumber 81800 contains 253 sites
	-> Printing at chr: chr1 pos:44398610 chunknumber 81900 contains 256 sites
	-> Printing at chr: chr1 pos:44469955 chunknumber 82000 contains 252 sites
	-> Printing at chr: chr1 pos:44525156 chunknumber 82100 contains 251 sites
	-> Printing at chr: chr1 pos:44574336 chunknumber 82200 contains 251 sites
	-> Printing at chr: chr1 pos:44619245 chunknumber 82300 contains 251 sites
	-> Printing at chr: chr1 pos:44660738 chunknumber 82400 contains 1145 sites
	-> Printing at chr: chr1 pos:44709443 chunknumber 82500 contains 251 sites
	-> Printing at chr: chr1 pos:44753959 chunknumber 82600 contains 395 sites
	-> Printing at chr: chr1 pos:44791611 chunknumber 82700 contains 251 sites
	-> Printing at chr: chr1 pos:44846899 chunknumber 82800 contains 269 sites
	-> Printing at chr: chr1 pos:44896123 chunknumber 82900 contains 254 sites
	-> Printing at chr: chr1 pos:44946441 chunknumber 83000 contains 260 sites
	-> Printing at chr: chr1 pos:44989271 chunknumber 83100 contains 550 sites
	-> Printing at chr: chr1 pos:45033443 chunknumber 83200 contains 251 sites
	-> Printing at chr: chr1 pos:45083622 chunknumber 83300 contains 300 sites
	-> Printing at chr: chr1 pos:45132005 chunknumber 83400 contains 253 sites
	-> Printing at chr: chr1 pos:45176093 chunknumber 83500 contains 1479 sites
	-> Printing at chr: chr1 pos:45223433 chunknumber 83600 contains 251 sites
	-> Printing at chr: chr1 pos:45260083 chunknumber 83700 contains 259 sites
	-> Printing at chr: chr1 pos:45307789 chunknumber 83800 contains 810 sites
	-> Printing at chr: chr1 pos:45359255 chunknumber 83900 contains 692 sites
	-> Printing at chr: chr1 pos:45405037 chunknumber 84000 contains 724 sites
	-> Printing at chr: chr1 pos:45450658 chunknumber 84100 contains 252 sites
	-> Printing at chr: chr1 pos:45507771 chunknumber 84200 contains 252 sites
	-> Printing at chr: chr1 pos:45544229 chunknumber 84300 contains 253 sites
	-> Printing at chr: chr1 pos:45587680 chunknumber 84400 contains 251 sites
	-> Printing at chr: chr1 pos:45626396 chunknumber 84500 contains 251 sites
	-> Printing at chr: chr1 pos:45666920 chunknumber 84600 contains 251 sites
	-> Printing at chr: chr1 pos:45708015 chunknumber 84700 contains 255 sites
	-> Printing at chr: chr1 pos:45755435 chunknumber 84800 contains 252 sites
	-> Printing at chr: chr1 pos:45795994 chunknumber 84900 contains 251 sites
	-> Printing at chr: chr1 pos:45853894 chunknumber 85000 contains 393 sites
	-> Printing at chr: chr1 pos:45900444 chunknumber 85100 contains 251 sites
	-> Printing at chr: chr1 pos:45949874 chunknumber 85200 contains 269 sites
	-> Printing at chr: chr1 pos:46001266 chunknumber 85300 contains 251 sites
	-> Printing at chr: chr1 pos:46058437 chunknumber 85400 contains 251 sites
	-> Printing at chr: chr1 pos:46125529 chunknumber 85500 contains 251 sites
	-> Printing at chr: chr1 pos:46174027 chunknumber 85600 contains 251 sites
	-> Printing at chr: chr1 pos:46216706 chunknumber 85700 contains 251 sites
	-> Printing at chr: chr1 pos:46269085 chunknumber 85800 contains 505 sites
	-> Printing at chr: chr1 pos:46310863 chunknumber 85900 contains 611 sites
	-> Printing at chr: chr1 pos:46349654 chunknumber 86000 contains 252 sites
	-> Printing at chr: chr1 pos:46391670 chunknumber 86100 contains 520 sites
	-> Printing at chr: chr1 pos:46433903 chunknumber 86200 contains 1329 sites
	-> Printing at chr: chr1 pos:46478477 chunknumber 86300 contains 252 sites
	-> Printing at chr: chr1 pos:46523298 chunknumber 86400 contains 254 sites
	-> Printing at chr: chr1 pos:46571522 chunknumber 86500 contains 479 sites
	-> Printing at chr: chr1 pos:46645260 chunknumber 86600 contains 252 sites
	-> Printing at chr: chr1 pos:46707456 chunknumber 86700 contains 539 sites
	-> Printing at chr: chr1 pos:46761160 chunknumber 86800 contains 371 sites
	-> Printing at chr: chr1 pos:46822773 chunknumber 86900 contains 343 sites
	-> Printing at chr: chr1 pos:46888416 chunknumber 87000 contains 565 sites
	-> Printing at chr: chr1 pos:46934434 chunknumber 87100 contains 252 sites
	-> Printing at chr: chr1 pos:46977903 chunknumber 87200 contains 251 sites
	-> Printing at chr: chr1 pos:47020350 chunknumber 87300 contains 721 sites
	-> Printing at chr: chr1 pos:47061262 chunknumber 87400 contains 262 sites
	-> Printing at chr: chr1 pos:47104030 chunknumber 87500 contains 251 sites
	-> Printing at chr: chr1 pos:47145357 chunknumber 87600 contains 252 sites
	-> Printing at chr: chr1 pos:47199672 chunknumber 87700 contains 253 sites
	-> Printing at chr: chr1 pos:47245198 chunknumber 87800 contains 478 sites
	-> Printing at chr: chr1 pos:47289083 chunknumber 87900 contains 616 sites
	-> Printing at chr: chr1 pos:47324652 chunknumber 88000 contains 252 sites
	-> Printing at chr: chr1 pos:47366220 chunknumber 88100 contains 402 sites
	-> Printing at chr: chr1 pos:47423603 chunknumber 88200 contains 251 sites

	-> Done reading data waiting for calculations to finish
	-> Done waiting for threads
	-> Output filenames:
		->"real50.arg"
		->"real50.beagle.gz"
		->"real50.mafs.gz"
		->"real50.geno.gz"
	-> Thu Dec 17 18:33:27 2020
	-> Arguments and parameters for all analysis are located in .arg file
	-> Total number of sites analyzed: 38762598
	-> Number of sites retained after filtering: 1042544 
	[ALL done] cpu-time used =  105215.86 sec
	[ALL done] walltime used =  97125.00 sec
Job ended at Thu Dec 17 18:33:27 CET 2020. Took 26:58:45 hours:minutes:seconds to complete.
